[35m[Appium][39m Welcome to Appium v1.22.3
[35m[Appium][39m Non-default server args:
[35m[Appium][39m   port: 49285
[35m[Appium][39m   loglevel: info
[35m[Appium][39m   tmpDir: /var/folders/1v/3_56wbt90zbb48qtwvw1bry40000gn/T//Katalon/Appium/Temp1675435963044
[35m[Appium][39m   chromedriverPort: 49294
[35m[Appium][39m Deprecated server args:
[35m[Appium][39m   [31m--chromedriver-port[39m => --default-capabilities
[35m[Appium][39m Default capabilities, which will be added to each request unless overridden by desired capabilities:
[35m[Appium][39m   chromedriverPort: 49294
[35m[Appium][39m Appium REST http interface listener started on 0.0.0.0:49285
[35m[HTTP][39m [37m-->[39m [37mGET[39m [37m/wd/hub/status[39m
[35m[HTTP][39m [90m{}[39m
[35m[HTTP][39m [37m<-- GET /wd/hub/status [39m[32m200[39m [90m5 ms - 68[39m
[35m[HTTP][39m [90m[39m
[35m[HTTP][39m [37m-->[39m [37mPOST[39m [37m/wd/hub/session[39m
[35m[HTTP][39m [90m{"desiredCapabilities":{"appPackage":"com.android.settings","deviceId":"d84a7321","deviceName":"OnePlus GM1910 (Android 11)","platform":"ANDROID","appActivity":".Settings","newCommandTimeout":1800,"platformVersion":"11","automationName":"uiautomator2","autoGrantPermissions":true,"platformName":"Android","udid":"d84a7321","systemPort":8217},"capabilities":{"firstMatch":[{"appium:appActivity":".Settings","appium:appPackage":"com.android.settings","appium:autoGrantPermissions":true,"appium:automationName":"uiautomator2","deviceId":"d84a7321","appium:deviceName":"OnePlus GM1910 (Android 11)","appium:newCommandTimeout":1800,"platform":"ANDROID","platformName":"android","appium:platformVersion":"11","appium:systemPort":8217,"appium:udid":"d84a7321"}]}}[39m
[35m[BaseDriver][39m The following capabilities are not standard capabilities and should have an extension prefix:
[35m[BaseDriver][39m   deviceId
[35m[BaseDriver][39m   platform
[35m[BaseDriver][39m   chromedriverPort
[35m[Appium][39m Appium v1.22.3 creating new AndroidUiautomator2Driver (v1.70.1) session
[35m[BaseDriver][39m The following capabilities were provided, but are not recognized by Appium:
[35m[BaseDriver][39m   deviceId
[35m[BaseDriver][39m   platform
[35m[BaseDriver][39m Session created with session id: 377cf82a-0c31-4eff-83cd-affc7ee7e39d
[35m[UiAutomator2][39m Starting 'com.android.settings' directly on the device
[35m[ADB][39m Found 1 'build-tools' folders under '/Users/pc/.katalon/tools/android_sdk' (newest first):
[35m[ADB][39m     /Users/pc/.katalon/tools/android_sdk/build-tools/29.0.3
[35m[ADB][39m Using 'adb' from '/Users/pc/.katalon/tools/android_sdk/platform-tools/adb'
[35m[AndroidDriver][39m Retrieving device list
[35m[AndroidDriver][39m Using device: d84a7321
[35m[ADB][39m Using 'adb' from '/Users/pc/.katalon/tools/android_sdk/platform-tools/adb'
[35m[ADB][39m Getting device platform version
[35m[UiAutomator2][39m Relaxing hidden api policy
[35m[AndroidDriver][39m No app sent in, not parsing package/activity
[35m[UiAutomator2][39m Server package at '/usr/local/lib/node_modules/appium/node_modules/appium-uiautomator2-server/apks/appium-uiautomator2-server-v4.27.0.apk' is not writeable. Will copy it into the temporary location at '/var/folders/1v/3_56wbt90zbb48qtwvw1bry40000gn/T/Katalon/Appium/Temp1675435963044/202313-30671-r8j4s9.k63sk' as a workaround. Consider making this file writeable manually in order to improve the performance of session startup.
[35m[UiAutomator2][39m Server package at '/usr/local/lib/node_modules/appium/node_modules/appium-uiautomator2-server/apks/appium-uiautomator2-server-debug-androidTest.apk' is not writeable. Will copy it into the temporary location at '/var/folders/1v/3_56wbt90zbb48qtwvw1bry40000gn/T/Katalon/Appium/Temp1675435963044/202313-30671-r8j4s9.k63sk' as a workaround. Consider making this file writeable manually in order to improve the performance of session startup.
[35m[ADB][39m Using 'apksigner.jar' from '/Users/pc/.katalon/tools/android_sdk/build-tools/29.0.3/lib/apksigner.jar'
[35m[ADB][39m '/var/folders/1v/3_56wbt90zbb48qtwvw1bry40000gn/T/Katalon/Appium/Temp1675435963044/202313-30671-r8j4s9.k63sk/appium-uiautomator2-server-v4.27.0.apk' is signed with the default certificate
[35m[ADB][39m '/var/folders/1v/3_56wbt90zbb48qtwvw1bry40000gn/T/Katalon/Appium/Temp1675435963044/202313-30671-r8j4s9.k63sk/appium-uiautomator2-server-debug-androidTest.apk' is signed with the default certificate
[35m[UiAutomator2][39m Server packages are not going to be (re)installed
[35m[ADB][39m Adding packages ["io.appium.settings","io.appium.uiautomator2.server","io.appium.uiautomator2.server.test"] to Doze whitelist
[35m[UiAutomator2][39m Starting UIAutomator2 server 4.27.0
[35m[UiAutomator2][39m Using UIAutomator2 server from '/usr/local/lib/node_modules/appium/node_modules/appium-uiautomator2-server/apks/appium-uiautomator2-server-v4.27.0.apk' and test from '/usr/local/lib/node_modules/appium/node_modules/appium-uiautomator2-server/apks/appium-uiautomator2-server-debug-androidTest.apk'
[35m[UiAutomator2][39m Waiting up to 30000ms for UiAutomator2 to be online...
[35m[WD Proxy][39m socket hang up
[35m[WD Proxy][39m socket hang up
[35m[WD Proxy][39m Determined the downstream protocol as 'W3C'
[35m[AndroidDriver][39m Screen already unlocked, doing nothing
[35m[UiAutomator2][39m Starting 'com.android.settings/.Settings and waiting for 'com.android.settings/.Settings'
[35m[Appium][39m New AndroidUiautomator2Driver session created successfully, session 377cf82a-0c31-4eff-83cd-affc7ee7e39d added to master session list
[35m[HTTP][39m [37m<-- POST /wd/hub/session [39m[32m200[39m [90m7338 ms - 1186[39m
[35m[HTTP][39m [90m[39m
[35m[HTTP][39m [37m-->[39m [37mGET[39m [37m/wd/hub/session/377cf82a-0c31-4eff-83cd-affc7ee7e39d[39m
[35m[HTTP][39m [90m{}[39m
[35m[HTTP][39m [37m<-- GET /wd/hub/session/377cf82a-0c31-4eff-83cd-affc7ee7e39d [39m[32m200[39m [90m12 ms - 1140[39m
[35m[HTTP][39m [90m[39m
[35m[HTTP][39m [37m-->[39m [37mGET[39m [37m/wd/hub/session/377cf82a-0c31-4eff-83cd-affc7ee7e39d[39m
[35m[HTTP][39m [90m{}[39m
[35m[HTTP][39m [37m<-- GET /wd/hub/session/377cf82a-0c31-4eff-83cd-affc7ee7e39d [39m[32m200[39m [90m16 ms - 1140[39m
[35m[HTTP][39m [90m[39m
[35m[HTTP][39m [37m-->[39m [37mGET[39m [37m/wd/hub/status[39m
[35m[HTTP][39m [90m{}[39m
[35m[HTTP][39m [37m<-- GET /wd/hub/status [39m[32m200[39m [90m1 ms - 68[39m
[35m[HTTP][39m [90m[39m
[35m[HTTP][39m [37m-->[39m [37mPOST[39m [37m/wd/hub/session/377cf82a-0c31-4eff-83cd-affc7ee7e39d/timeouts[39m
[35m[HTTP][39m [90m{"implicit":30000}[39m
[35m[HTTP][39m [37m<-- POST /wd/hub/session/377cf82a-0c31-4eff-83cd-affc7ee7e39d/timeouts [39m[32m200[39m [90m3 ms - 14[39m
[35m[HTTP][39m [90m[39m
[35m[HTTP][39m [37m-->[39m [37mGET[39m [37m/wd/hub/session/377cf82a-0c31-4eff-83cd-affc7ee7e39d/screenshot[39m
[35m[HTTP][39m [90m{}[39m
[35m[HTTP][39m [37m<-- GET /wd/hub/session/377cf82a-0c31-4eff-83cd-affc7ee7e39d/screenshot [39m[32m200[39m [90m449 ms - 342658[39m
[35m[HTTP][39m [90m[39m
[35m[HTTP][39m [37m-->[39m [37mGET[39m [37m/wd/hub/session/377cf82a-0c31-4eff-83cd-affc7ee7e39d/window/rect[39m
[35m[HTTP][39m [90m{}[39m
[35m[HTTP][39m [37m<-- GET /wd/hub/session/377cf82a-0c31-4eff-83cd-affc7ee7e39d/window/rect [39m[32m200[39m [90m20 ms - 50[39m
[35m[HTTP][39m [90m[39m
[35m[HTTP][39m [37m-->[39m [37mGET[39m [37m/wd/hub/session/377cf82a-0c31-4eff-83cd-affc7ee7e39d/appium/device/system_bars[39m
[35m[HTTP][39m [90m{}[39m
[35m[HTTP][39m [37m<-- GET /wd/hub/session/377cf82a-0c31-4eff-83cd-affc7ee7e39d/appium/device/system_bars [39m[31m500[39m [90m110 ms - 583[39m
[35m[HTTP][39m [90m[39m
[35m[HTTP][39m [37m-->[39m [37mPOST[39m [37m/wd/hub/session/377cf82a-0c31-4eff-83cd-affc7ee7e39d/execute/sync[39m
[35m[HTTP][39m [90m{"script":"mobile:viewportRect","args":[]}[39m
[35m[AndroidDriver][39m Executing native command 'mobile:viewportRect'
[35m[HTTP][39m [37m<-- POST /wd/hub/session/377cf82a-0c31-4eff-83cd-affc7ee7e39d/execute/sync [39m[32m200[39m [90m21 ms - 57[39m
[35m[HTTP][39m [90m[39m
[35m[HTTP][39m [37m-->[39m [37mPOST[39m [37m/wd/hub/session/377cf82a-0c31-4eff-83cd-affc7ee7e39d/appium/device/activate_app[39m
[35m[HTTP][39m [90m{"bundleId":"com.spotlove.releaseproduction"}[39m
[35m[HTTP][39m [37m<-- POST /wd/hub/session/377cf82a-0c31-4eff-83cd-affc7ee7e39d/appium/device/activate_app [39m[32m200[39m [90m420 ms - 14[39m
[35m[HTTP][39m [90m[39m
[35m[HTTP][39m [37m-->[39m [37mPOST[39m [37m/wd/hub/session/377cf82a-0c31-4eff-83cd-affc7ee7e39d/timeouts[39m
[35m[HTTP][39m [90m{"implicit":50}[39m
[35m[HTTP][39m [37m<-- POST /wd/hub/session/377cf82a-0c31-4eff-83cd-affc7ee7e39d/timeouts [39m[32m200[39m [90m2 ms - 14[39m
[35m[HTTP][39m [90m[39m
[35m[HTTP][39m [37m-->[39m [37mGET[39m [37m/wd/hub/session/377cf82a-0c31-4eff-83cd-affc7ee7e39d/window/rect[39m
[35m[HTTP][39m [90m{}[39m
[35m[HTTP][39m [37m<-- GET /wd/hub/session/377cf82a-0c31-4eff-83cd-affc7ee7e39d/window/rect [39m[32m200[39m [90m12 ms - 50[39m
[35m[HTTP][39m [90m[39m
[35m[HTTP][39m [37m-->[39m [37mPOST[39m [37m/wd/hub/session/377cf82a-0c31-4eff-83cd-affc7ee7e39d/elements[39m
[35m[HTTP][39m [90m{"using":"xpath","value":"//*[@class = 'android.widget.TextView' and (@text = '' or . = '')]"}[39m
[35m[HTTP][39m [37m<-- POST /wd/hub/session/377cf82a-0c31-4eff-83cd-affc7ee7e39d/elements [39m[32m200[39m [90m1362 ms - 139[39m
[35m[HTTP][39m [90m[39m
[35m[HTTP][39m [37m-->[39m [37mGET[39m [37m/wd/hub/session/377cf82a-0c31-4eff-83cd-affc7ee7e39d/element/00000000-0000-0170-ffff-ffff000003b0/location[39m
[35m[HTTP][39m [90m{}[39m
[35m[W3C (377cf82a)][39m Driver proxy active, passing request on via HTTP proxy
[35m[WD Proxy][39m Replacing sessionId f86f2d29-d34c-459e-84e3-a4a88f96a932 with 377cf82a-0c31-4eff-83cd-affc7ee7e39d
[35m[HTTP][39m [37m<-- GET /wd/hub/session/377cf82a-0c31-4eff-83cd-affc7ee7e39d/element/00000000-0000-0170-ffff-ffff000003b0/location [39m[32m200[39m [90m252 ms - 77[39m
[35m[HTTP][39m [90m[39m
[35m[HTTP][39m [37m-->[39m [37mPOST[39m [37m/wd/hub/session/377cf82a-0c31-4eff-83cd-affc7ee7e39d/timeouts[39m
[35m[HTTP][39m [90m{"implicit":30000}[39m
[35m[HTTP][39m [37m<-- POST /wd/hub/session/377cf82a-0c31-4eff-83cd-affc7ee7e39d/timeouts [39m[32m200[39m [90m1 ms - 14[39m
[35m[HTTP][39m [90m[39m
[35m[HTTP][39m [37m-->[39m [37mPOST[39m [37m/wd/hub/session/377cf82a-0c31-4eff-83cd-affc7ee7e39d/timeouts[39m
[35m[HTTP][39m [90m{"implicit":50}[39m
[35m[HTTP][39m [37m<-- POST /wd/hub/session/377cf82a-0c31-4eff-83cd-affc7ee7e39d/timeouts [39m[32m200[39m [90m1 ms - 14[39m
[35m[HTTP][39m [90m[39m
[35m[HTTP][39m [37m-->[39m [37mGET[39m [37m/wd/hub/session/377cf82a-0c31-4eff-83cd-affc7ee7e39d/window/rect[39m
[35m[HTTP][39m [90m{}[39m
[35m[HTTP][39m [37m<-- GET /wd/hub/session/377cf82a-0c31-4eff-83cd-affc7ee7e39d/window/rect [39m[32m200[39m [90m17 ms - 50[39m
[35m[HTTP][39m [90m[39m
[35m[HTTP][39m [37m-->[39m [37mPOST[39m [37m/wd/hub/session/377cf82a-0c31-4eff-83cd-affc7ee7e39d/elements[39m
[35m[HTTP][39m [90m{"using":"xpath","value":"//*[@class = 'android.widget.TextView' and (@text = '' or . = '')]"}[39m
[35m[HTTP][39m [37m<-- POST /wd/hub/session/377cf82a-0c31-4eff-83cd-affc7ee7e39d/elements [39m[32m200[39m [90m234 ms - 139[39m
[35m[HTTP][39m [90m[39m
[35m[HTTP][39m [37m-->[39m [37mGET[39m [37m/wd/hub/session/377cf82a-0c31-4eff-83cd-affc7ee7e39d/element/00000000-0000-0170-ffff-ffff000003b0/location[39m
[35m[HTTP][39m [90m{}[39m
[35m[W3C (377cf82a)][39m Driver proxy active, passing request on via HTTP proxy
[35m[WD Proxy][39m Replacing sessionId f86f2d29-d34c-459e-84e3-a4a88f96a932 with 377cf82a-0c31-4eff-83cd-affc7ee7e39d
[35m[HTTP][39m [37m<-- GET /wd/hub/session/377cf82a-0c31-4eff-83cd-affc7ee7e39d/element/00000000-0000-0170-ffff-ffff000003b0/location [39m[32m200[39m [90m602 ms - 77[39m
[35m[HTTP][39m [90m[39m
[35m[HTTP][39m [37m-->[39m [37mPOST[39m [37m/wd/hub/session/377cf82a-0c31-4eff-83cd-affc7ee7e39d/timeouts[39m
[35m[HTTP][39m [90m{"implicit":30000}[39m
[35m[HTTP][39m [37m<-- POST /wd/hub/session/377cf82a-0c31-4eff-83cd-affc7ee7e39d/timeouts [39m[32m200[39m [90m1 ms - 14[39m
[35m[HTTP][39m [90m[39m
[35m[HTTP][39m [37m-->[39m [37mPOST[39m [37m/wd/hub/session/377cf82a-0c31-4eff-83cd-affc7ee7e39d/element/00000000-0000-0170-ffff-ffff000003b0/click[39m
[35m[HTTP][39m [90m{"id":"00000000-0000-0170-ffff-ffff000003b0"}[39m
[35m[HTTP][39m [37m<-- POST /wd/hub/session/377cf82a-0c31-4eff-83cd-affc7ee7e39d/element/00000000-0000-0170-ffff-ffff000003b0/click [39m[32m200[39m [90m81 ms - 14[39m
[35m[HTTP][39m [90m[39m
[35m[HTTP][39m [37m-->[39m [37mPOST[39m [37m/wd/hub/session/377cf82a-0c31-4eff-83cd-affc7ee7e39d/timeouts[39m
[35m[HTTP][39m [90m{"implicit":50}[39m
[35m[HTTP][39m [37m<-- POST /wd/hub/session/377cf82a-0c31-4eff-83cd-affc7ee7e39d/timeouts [39m[32m200[39m [90m2 ms - 14[39m
[35m[HTTP][39m [90m[39m
[35m[HTTP][39m [37m-->[39m [37mGET[39m [37m/wd/hub/session/377cf82a-0c31-4eff-83cd-affc7ee7e39d/window/rect[39m
[35m[HTTP][39m [90m{}[39m
[35m[HTTP][39m [37m<-- GET /wd/hub/session/377cf82a-0c31-4eff-83cd-affc7ee7e39d/window/rect [39m[32m200[39m [90m34 ms - 50[39m
[35m[HTTP][39m [90m[39m
[35m[HTTP][39m [37m-->[39m [37mPOST[39m [37m/wd/hub/session/377cf82a-0c31-4eff-83cd-affc7ee7e39d/elements[39m
[35m[HTTP][39m [90m{"using":"xpath","value":"//*[@class = 'android.widget.ImageView' and (@text = '' or . = '')]"}[39m
[35m[HTTP][39m [37m<-- POST /wd/hub/session/377cf82a-0c31-4eff-83cd-affc7ee7e39d/elements [39m[32m200[39m [90m256 ms - 139[39m
[35m[HTTP][39m [90m[39m
[35m[HTTP][39m [37m-->[39m [37mGET[39m [37m/wd/hub/session/377cf82a-0c31-4eff-83cd-affc7ee7e39d/element/00000000-0000-0170-ffff-ffff0000037f/location[39m
[35m[HTTP][39m [90m{}[39m
[35m[W3C (377cf82a)][39m Driver proxy active, passing request on via HTTP proxy
[35m[WD Proxy][39m Replacing sessionId f86f2d29-d34c-459e-84e3-a4a88f96a932 with 377cf82a-0c31-4eff-83cd-affc7ee7e39d
[35m[HTTP][39m [37m<-- GET /wd/hub/session/377cf82a-0c31-4eff-83cd-affc7ee7e39d/element/00000000-0000-0170-ffff-ffff0000037f/location [39m[32m200[39m [90m785 ms - 77[39m
[35m[HTTP][39m [90m[39m
[35m[HTTP][39m [37m-->[39m [37mPOST[39m [37m/wd/hub/session/377cf82a-0c31-4eff-83cd-affc7ee7e39d/timeouts[39m
[35m[HTTP][39m [90m{"implicit":30000}[39m
[35m[HTTP][39m [37m<-- POST /wd/hub/session/377cf82a-0c31-4eff-83cd-affc7ee7e39d/timeouts [39m[32m200[39m [90m1 ms - 14[39m
[35m[HTTP][39m [90m[39m
[35m[HTTP][39m [37m-->[39m [37mPOST[39m [37m/wd/hub/session/377cf82a-0c31-4eff-83cd-affc7ee7e39d/timeouts[39m
[35m[HTTP][39m [90m{"implicit":50}[39m
[35m[HTTP][39m [37m<-- POST /wd/hub/session/377cf82a-0c31-4eff-83cd-affc7ee7e39d/timeouts [39m[32m200[39m [90m1 ms - 14[39m
[35m[HTTP][39m [90m[39m
[35m[HTTP][39m [37m-->[39m [37mGET[39m [37m/wd/hub/session/377cf82a-0c31-4eff-83cd-affc7ee7e39d/window/rect[39m
[35m[HTTP][39m [90m{}[39m
[35m[HTTP][39m [37m<-- GET /wd/hub/session/377cf82a-0c31-4eff-83cd-affc7ee7e39d/window/rect [39m[32m200[39m [90m24 ms - 50[39m
[35m[HTTP][39m [90m[39m
[35m[HTTP][39m [37m-->[39m [37mPOST[39m [37m/wd/hub/session/377cf82a-0c31-4eff-83cd-affc7ee7e39d/elements[39m
[35m[HTTP][39m [90m{"using":"xpath","value":"//hierarchy/android.widget.FrameLayout[1]/android.widget.LinearLayout[1]/android.widget.FrameLayout[1]/android.widget.LinearLayout[1]/android.widget.FrameLayout[1]/android.widget.FrameLayout[1]/android.view.ViewGroup[1]/android.view.ViewGroup[1]/android.view.ViewGroup[1]/android.view.ViewGroup[10]/android.view.ViewGroup[1]/android.view.ViewGroup[1]/android.view.ViewGroup[1]/android.view.ViewGroup[2]/android.view.ViewGroup[6]"}[39m
[35m[HTTP][39m [37m<-- POST /wd/hub/session/377cf82a-0c31-4eff-83cd-affc7ee7e39d/elements [39m[32m200[39m [90m266 ms - 139[39m
[35m[HTTP][39m [90m[39m
[35m[HTTP][39m [37m-->[39m [37mGET[39m [37m/wd/hub/session/377cf82a-0c31-4eff-83cd-affc7ee7e39d/element/00000000-0000-0170-ffff-ffff0000038b/location[39m
[35m[HTTP][39m [90m{}[39m
[35m[W3C (377cf82a)][39m Driver proxy active, passing request on via HTTP proxy
[35m[WD Proxy][39m Replacing sessionId f86f2d29-d34c-459e-84e3-a4a88f96a932 with 377cf82a-0c31-4eff-83cd-affc7ee7e39d
[35m[HTTP][39m [37m<-- GET /wd/hub/session/377cf82a-0c31-4eff-83cd-affc7ee7e39d/element/00000000-0000-0170-ffff-ffff0000038b/location [39m[32m200[39m [90m466 ms - 78[39m
[35m[HTTP][39m [90m[39m
[35m[HTTP][39m [37m-->[39m [37mPOST[39m [37m/wd/hub/session/377cf82a-0c31-4eff-83cd-affc7ee7e39d/timeouts[39m
[35m[HTTP][39m [90m{"implicit":30000}[39m
[35m[HTTP][39m [37m<-- POST /wd/hub/session/377cf82a-0c31-4eff-83cd-affc7ee7e39d/timeouts [39m[32m200[39m [90m1 ms - 14[39m
[35m[HTTP][39m [90m[39m
[35m[HTTP][39m [37m-->[39m [37mPOST[39m [37m/wd/hub/session/377cf82a-0c31-4eff-83cd-affc7ee7e39d/timeouts[39m
[35m[HTTP][39m [90m{"implicit":50}[39m
[35m[HTTP][39m [37m<-- POST /wd/hub/session/377cf82a-0c31-4eff-83cd-affc7ee7e39d/timeouts [39m[32m200[39m [90m3 ms - 14[39m
[35m[HTTP][39m [90m[39m
[35m[HTTP][39m [37m-->[39m [37mGET[39m [37m/wd/hub/session/377cf82a-0c31-4eff-83cd-affc7ee7e39d/window/rect[39m
[35m[HTTP][39m [90m{}[39m
[35m[HTTP][39m [37m<-- GET /wd/hub/session/377cf82a-0c31-4eff-83cd-affc7ee7e39d/window/rect [39m[32m200[39m [90m15 ms - 50[39m
[35m[HTTP][39m [90m[39m
[35m[HTTP][39m [37m-->[39m [37mPOST[39m [37m/wd/hub/session/377cf82a-0c31-4eff-83cd-affc7ee7e39d/elements[39m
[35m[HTTP][39m [90m{"using":"xpath","value":"//hierarchy/android.widget.FrameLayout[1]/android.widget.LinearLayout[1]/android.widget.FrameLayout[1]/android.widget.LinearLayout[1]/android.widget.FrameLayout[1]/android.widget.FrameLayout[1]/android.view.ViewGroup[1]/android.view.ViewGroup[1]/android.view.ViewGroup[1]/android.view.ViewGroup[10]/android.view.ViewGroup[1]/android.view.ViewGroup[1]/android.view.ViewGroup[1]/android.view.ViewGroup[2]/android.view.ViewGroup[6]"}[39m
[35m[HTTP][39m [37m<-- POST /wd/hub/session/377cf82a-0c31-4eff-83cd-affc7ee7e39d/elements [39m[32m200[39m [90m232 ms - 139[39m
[35m[HTTP][39m [90m[39m
[35m[HTTP][39m [37m-->[39m [37mGET[39m [37m/wd/hub/session/377cf82a-0c31-4eff-83cd-affc7ee7e39d/element/00000000-0000-0170-ffff-ffff0000038b/location[39m
[35m[HTTP][39m [90m{}[39m
[35m[W3C (377cf82a)][39m Driver proxy active, passing request on via HTTP proxy
[35m[WD Proxy][39m Replacing sessionId f86f2d29-d34c-459e-84e3-a4a88f96a932 with 377cf82a-0c31-4eff-83cd-affc7ee7e39d
[35m[HTTP][39m [37m<-- GET /wd/hub/session/377cf82a-0c31-4eff-83cd-affc7ee7e39d/element/00000000-0000-0170-ffff-ffff0000038b/location [39m[32m200[39m [90m14 ms - 78[39m
[35m[HTTP][39m [90m[39m
[35m[HTTP][39m [37m-->[39m [37mPOST[39m [37m/wd/hub/session/377cf82a-0c31-4eff-83cd-affc7ee7e39d/timeouts[39m
[35m[HTTP][39m [90m{"implicit":30000}[39m
[35m[HTTP][39m [37m<-- POST /wd/hub/session/377cf82a-0c31-4eff-83cd-affc7ee7e39d/timeouts [39m[32m200[39m [90m1 ms - 14[39m
[35m[HTTP][39m [90m[39m
[35m[HTTP][39m [37m-->[39m [37mPOST[39m [37m/wd/hub/session/377cf82a-0c31-4eff-83cd-affc7ee7e39d/element/00000000-0000-0170-ffff-ffff0000038b/click[39m
[35m[HTTP][39m [90m{"id":"00000000-0000-0170-ffff-ffff0000038b"}[39m
[35m[HTTP][39m [37m<-- POST /wd/hub/session/377cf82a-0c31-4eff-83cd-affc7ee7e39d/element/00000000-0000-0170-ffff-ffff0000038b/click [39m[32m200[39m [90m89 ms - 14[39m
[35m[HTTP][39m [90m[39m
[35m[HTTP][39m [37m-->[39m [37mPOST[39m [37m/wd/hub/session/377cf82a-0c31-4eff-83cd-affc7ee7e39d/timeouts[39m
[35m[HTTP][39m [90m{"implicit":50}[39m
[35m[HTTP][39m [37m<-- POST /wd/hub/session/377cf82a-0c31-4eff-83cd-affc7ee7e39d/timeouts [39m[32m200[39m [90m1 ms - 14[39m
[35m[HTTP][39m [90m[39m
[35m[HTTP][39m [37m-->[39m [37mGET[39m [37m/wd/hub/session/377cf82a-0c31-4eff-83cd-affc7ee7e39d/window/rect[39m
[35m[HTTP][39m [90m{}[39m
[35m[HTTP][39m [37m<-- GET /wd/hub/session/377cf82a-0c31-4eff-83cd-affc7ee7e39d/window/rect [39m[32m200[39m [90m18 ms - 50[39m
[35m[HTTP][39m [90m[39m
[35m[HTTP][39m [37m-->[39m [37mPOST[39m [37m/wd/hub/session/377cf82a-0c31-4eff-83cd-affc7ee7e39d/elements[39m
[35m[HTTP][39m [90m{"using":"xpath","value":"//*[@class = 'android.widget.ImageView' and (@text = '' or . = '')]"}[39m
[35m[HTTP][39m [37m<-- POST /wd/hub/session/377cf82a-0c31-4eff-83cd-affc7ee7e39d/elements [39m[32m200[39m [90m1810 ms - 139[39m
[35m[HTTP][39m [90m[39m
[35m[HTTP][39m [37m-->[39m [37mGET[39m [37m/wd/hub/session/377cf82a-0c31-4eff-83cd-affc7ee7e39d/element/00000000-0000-0170-ffff-ffff00000423/location[39m
[35m[HTTP][39m [90m{}[39m
[35m[W3C (377cf82a)][39m Driver proxy active, passing request on via HTTP proxy
[35m[WD Proxy][39m Replacing sessionId f86f2d29-d34c-459e-84e3-a4a88f96a932 with 377cf82a-0c31-4eff-83cd-affc7ee7e39d
[35m[HTTP][39m [37m<-- GET /wd/hub/session/377cf82a-0c31-4eff-83cd-affc7ee7e39d/element/00000000-0000-0170-ffff-ffff00000423/location [39m[32m200[39m [90m14 ms - 77[39m
[35m[HTTP][39m [90m[39m
[35m[HTTP][39m [37m-->[39m [37mPOST[39m [37m/wd/hub/session/377cf82a-0c31-4eff-83cd-affc7ee7e39d/timeouts[39m
[35m[HTTP][39m [90m{"implicit":30000}[39m
[35m[HTTP][39m [37m<-- POST /wd/hub/session/377cf82a-0c31-4eff-83cd-affc7ee7e39d/timeouts [39m[32m200[39m [90m1 ms - 14[39m
[35m[HTTP][39m [90m[39m
[35m[HTTP][39m [37m-->[39m [37mPOST[39m [37m/wd/hub/session/377cf82a-0c31-4eff-83cd-affc7ee7e39d/timeouts[39m
[35m[HTTP][39m [90m{"implicit":50}[39m
[35m[HTTP][39m [37m<-- POST /wd/hub/session/377cf82a-0c31-4eff-83cd-affc7ee7e39d/timeouts [39m[32m200[39m [90m1 ms - 14[39m
[35m[HTTP][39m [90m[39m
[35m[HTTP][39m [37m-->[39m [37mGET[39m [37m/wd/hub/session/377cf82a-0c31-4eff-83cd-affc7ee7e39d/window/rect[39m
[35m[HTTP][39m [90m{}[39m
[35m[HTTP][39m [37m<-- GET /wd/hub/session/377cf82a-0c31-4eff-83cd-affc7ee7e39d/window/rect [39m[32m200[39m [90m9 ms - 50[39m
[35m[HTTP][39m [90m[39m
[35m[HTTP][39m [37m-->[39m [37mPOST[39m [37m/wd/hub/session/377cf82a-0c31-4eff-83cd-affc7ee7e39d/elements[39m
[35m[HTTP][39m [90m{"using":"xpath","value":"//*[@class = 'android.widget.TextView' and (@text = 'What are your vices?' or . = 'What are your vices?')]"}[39m
[35m[HTTP][39m [37m<-- POST /wd/hub/session/377cf82a-0c31-4eff-83cd-affc7ee7e39d/elements [39m[32m200[39m [90m165 ms - 139[39m
[35m[HTTP][39m [90m[39m
[35m[HTTP][39m [37m-->[39m [37mGET[39m [37m/wd/hub/session/377cf82a-0c31-4eff-83cd-affc7ee7e39d/element/00000000-0000-0170-ffff-ffff00000424/location[39m
[35m[HTTP][39m [90m{}[39m
[35m[W3C (377cf82a)][39m Driver proxy active, passing request on via HTTP proxy
[35m[WD Proxy][39m Replacing sessionId f86f2d29-d34c-459e-84e3-a4a88f96a932 with 377cf82a-0c31-4eff-83cd-affc7ee7e39d
[35m[HTTP][39m [37m<-- GET /wd/hub/session/377cf82a-0c31-4eff-83cd-affc7ee7e39d/element/00000000-0000-0170-ffff-ffff00000424/location [39m[32m200[39m [90m540 ms - 77[39m
[35m[HTTP][39m [90m[39m
[35m[HTTP][39m [37m-->[39m [37mPOST[39m [37m/wd/hub/session/377cf82a-0c31-4eff-83cd-affc7ee7e39d/timeouts[39m
[35m[HTTP][39m [90m{"implicit":30000}[39m
[35m[HTTP][39m [37m<-- POST /wd/hub/session/377cf82a-0c31-4eff-83cd-affc7ee7e39d/timeouts [39m[32m200[39m [90m1 ms - 14[39m
[35m[HTTP][39m [90m[39m
[35m[HTTP][39m [37m-->[39m [37mPOST[39m [37m/wd/hub/session/377cf82a-0c31-4eff-83cd-affc7ee7e39d/timeouts[39m
[35m[HTTP][39m [90m{"implicit":50}[39m
[35m[HTTP][39m [37m<-- POST /wd/hub/session/377cf82a-0c31-4eff-83cd-affc7ee7e39d/timeouts [39m[32m200[39m [90m1 ms - 14[39m
[35m[HTTP][39m [90m[39m
[35m[HTTP][39m [37m-->[39m [37mGET[39m [37m/wd/hub/session/377cf82a-0c31-4eff-83cd-affc7ee7e39d/window/rect[39m
[35m[HTTP][39m [90m{}[39m
[35m[HTTP][39m [37m<-- GET /wd/hub/session/377cf82a-0c31-4eff-83cd-affc7ee7e39d/window/rect [39m[32m200[39m [90m16 ms - 50[39m
[35m[HTTP][39m [90m[39m
[35m[HTTP][39m [37m-->[39m [37mPOST[39m [37m/wd/hub/session/377cf82a-0c31-4eff-83cd-affc7ee7e39d/elements[39m
[35m[HTTP][39m [90m{"using":"xpath","value":"//hierarchy/android.widget.FrameLayout[1]/android.widget.LinearLayout[1]/android.widget.FrameLayout[1]/android.widget.LinearLayout[1]/android.widget.FrameLayout[1]/android.widget.FrameLayout[1]/android.view.ViewGroup[1]/android.view.ViewGroup[1]/android.view.ViewGroup[1]/android.view.ViewGroup[11]/android.view.ViewGroup[1]/android.view.ViewGroup[1]/android.view.ViewGroup[1]/android.view.ViewGroup[2]/android.widget.Switch[3]"}[39m
[35m[HTTP][39m [37m<-- POST /wd/hub/session/377cf82a-0c31-4eff-83cd-affc7ee7e39d/elements [39m[32m200[39m [90m227 ms - 139[39m
[35m[HTTP][39m [90m[39m
[35m[HTTP][39m [37m-->[39m [37mGET[39m [37m/wd/hub/session/377cf82a-0c31-4eff-83cd-affc7ee7e39d/element/00000000-0000-0170-ffff-ffff0000042c/location[39m
[35m[HTTP][39m [90m{}[39m
[35m[W3C (377cf82a)][39m Driver proxy active, passing request on via HTTP proxy
[35m[WD Proxy][39m Replacing sessionId f86f2d29-d34c-459e-84e3-a4a88f96a932 with 377cf82a-0c31-4eff-83cd-affc7ee7e39d
[35m[HTTP][39m [37m<-- GET /wd/hub/session/377cf82a-0c31-4eff-83cd-affc7ee7e39d/element/00000000-0000-0170-ffff-ffff0000042c/location [39m[32m200[39m [90m25 ms - 80[39m
[35m[HTTP][39m [90m[39m
[35m[HTTP][39m [37m-->[39m [37mPOST[39m [37m/wd/hub/session/377cf82a-0c31-4eff-83cd-affc7ee7e39d/timeouts[39m
[35m[HTTP][39m [90m{"implicit":30000}[39m
[35m[HTTP][39m [37m<-- POST /wd/hub/session/377cf82a-0c31-4eff-83cd-affc7ee7e39d/timeouts [39m[32m200[39m [90m1 ms - 14[39m
[35m[HTTP][39m [90m[39m
[35m[HTTP][39m [37m-->[39m [37mPOST[39m [37m/wd/hub/session/377cf82a-0c31-4eff-83cd-affc7ee7e39d/timeouts[39m
[35m[HTTP][39m [90m{"implicit":50}[39m
[35m[HTTP][39m [37m<-- POST /wd/hub/session/377cf82a-0c31-4eff-83cd-affc7ee7e39d/timeouts [39m[32m200[39m [90m1 ms - 14[39m
[35m[HTTP][39m [90m[39m
[35m[HTTP][39m [37m-->[39m [37mGET[39m [37m/wd/hub/session/377cf82a-0c31-4eff-83cd-affc7ee7e39d/window/rect[39m
[35m[HTTP][39m [90m{}[39m
[35m[HTTP][39m [37m<-- GET /wd/hub/session/377cf82a-0c31-4eff-83cd-affc7ee7e39d/window/rect [39m[32m200[39m [90m16 ms - 50[39m
[35m[HTTP][39m [90m[39m
[35m[HTTP][39m [37m-->[39m [37mPOST[39m [37m/wd/hub/session/377cf82a-0c31-4eff-83cd-affc7ee7e39d/elements[39m
[35m[HTTP][39m [90m{"using":"xpath","value":"//hierarchy/android.widget.FrameLayout[1]/android.widget.LinearLayout[1]/android.widget.FrameLayout[1]/android.widget.LinearLayout[1]/android.widget.FrameLayout[1]/android.widget.FrameLayout[1]/android.view.ViewGroup[1]/android.view.ViewGroup[1]/android.view.ViewGroup[1]/android.view.ViewGroup[11]/android.view.ViewGroup[1]/android.view.ViewGroup[1]/android.view.ViewGroup[1]/android.view.ViewGroup[2]/android.widget.Switch[3]"}[39m
[35m[HTTP][39m [37m<-- POST /wd/hub/session/377cf82a-0c31-4eff-83cd-affc7ee7e39d/elements [39m[32m200[39m [90m204 ms - 139[39m
[35m[HTTP][39m [90m[39m
[35m[HTTP][39m [37m-->[39m [37mGET[39m [37m/wd/hub/session/377cf82a-0c31-4eff-83cd-affc7ee7e39d/element/00000000-0000-0170-ffff-ffff0000042c/location[39m
[35m[HTTP][39m [90m{}[39m
[35m[W3C (377cf82a)][39m Driver proxy active, passing request on via HTTP proxy
[35m[WD Proxy][39m Replacing sessionId f86f2d29-d34c-459e-84e3-a4a88f96a932 with 377cf82a-0c31-4eff-83cd-affc7ee7e39d
[35m[HTTP][39m [37m<-- GET /wd/hub/session/377cf82a-0c31-4eff-83cd-affc7ee7e39d/element/00000000-0000-0170-ffff-ffff0000042c/location [39m[32m200[39m [90m478 ms - 80[39m
[35m[HTTP][39m [90m[39m
[35m[HTTP][39m [37m-->[39m [37mPOST[39m [37m/wd/hub/session/377cf82a-0c31-4eff-83cd-affc7ee7e39d/timeouts[39m
[35m[HTTP][39m [90m{"implicit":30000}[39m
[35m[HTTP][39m [37m<-- POST /wd/hub/session/377cf82a-0c31-4eff-83cd-affc7ee7e39d/timeouts [39m[32m200[39m [90m1 ms - 14[39m
[35m[HTTP][39m [90m[39m
[35m[HTTP][39m [37m-->[39m [37mPOST[39m [37m/wd/hub/session/377cf82a-0c31-4eff-83cd-affc7ee7e39d/element/00000000-0000-0170-ffff-ffff0000042c/click[39m
[35m[HTTP][39m [90m{"id":"00000000-0000-0170-ffff-ffff0000042c"}[39m
[35m[HTTP][39m [37m<-- POST /wd/hub/session/377cf82a-0c31-4eff-83cd-affc7ee7e39d/element/00000000-0000-0170-ffff-ffff0000042c/click [39m[32m200[39m [90m96 ms - 14[39m
[35m[HTTP][39m [90m[39m
[35m[HTTP][39m [37m-->[39m [37mPOST[39m [37m/wd/hub/session/377cf82a-0c31-4eff-83cd-affc7ee7e39d/timeouts[39m
[35m[HTTP][39m [90m{"implicit":50}[39m
[35m[HTTP][39m [37m<-- POST /wd/hub/session/377cf82a-0c31-4eff-83cd-affc7ee7e39d/timeouts [39m[32m200[39m [90m1 ms - 14[39m
[35m[HTTP][39m [90m[39m
[35m[HTTP][39m [37m-->[39m [37mGET[39m [37m/wd/hub/session/377cf82a-0c31-4eff-83cd-affc7ee7e39d/window/rect[39m
[35m[HTTP][39m [90m{}[39m
[35m[HTTP][39m [37m<-- GET /wd/hub/session/377cf82a-0c31-4eff-83cd-affc7ee7e39d/window/rect [39m[32m200[39m [90m26 ms - 50[39m
[35m[HTTP][39m [90m[39m
[35m[HTTP][39m [37m-->[39m [37mPOST[39m [37m/wd/hub/session/377cf82a-0c31-4eff-83cd-affc7ee7e39d/elements[39m
[35m[HTTP][39m [90m{"using":"xpath","value":"//hierarchy/android.widget.FrameLayout[1]/android.widget.LinearLayout[1]/android.widget.FrameLayout[1]/android.widget.LinearLayout[1]/android.widget.FrameLayout[1]/android.widget.FrameLayout[1]/android.view.ViewGroup[1]/android.view.ViewGroup[1]/android.view.ViewGroup[1]/android.view.ViewGroup[11]/android.view.ViewGroup[1]/android.view.ViewGroup[1]/android.view.ViewGroup[1]/android.view.ViewGroup[2]/android.widget.Switch[1]"}[39m
[35m[HTTP][39m [37m<-- POST /wd/hub/session/377cf82a-0c31-4eff-83cd-affc7ee7e39d/elements [39m[32m200[39m [90m1123 ms - 139[39m
[35m[HTTP][39m [90m[39m
[35m[HTTP][39m [37m-->[39m [37mGET[39m [37m/wd/hub/session/377cf82a-0c31-4eff-83cd-affc7ee7e39d/element/00000000-0000-0170-ffff-ffff00000426/location[39m
[35m[HTTP][39m [90m{}[39m
[35m[W3C (377cf82a)][39m Driver proxy active, passing request on via HTTP proxy
[35m[WD Proxy][39m Replacing sessionId f86f2d29-d34c-459e-84e3-a4a88f96a932 with 377cf82a-0c31-4eff-83cd-affc7ee7e39d
[35m[HTTP][39m [37m<-- GET /wd/hub/session/377cf82a-0c31-4eff-83cd-affc7ee7e39d/element/00000000-0000-0170-ffff-ffff00000426/location [39m[32m200[39m [90m24 ms - 79[39m
[35m[HTTP][39m [90m[39m
[35m[HTTP][39m [37m-->[39m [37mPOST[39m [37m/wd/hub/session/377cf82a-0c31-4eff-83cd-affc7ee7e39d/timeouts[39m
[35m[HTTP][39m [90m{"implicit":30000}[39m
[35m[HTTP][39m [37m<-- POST /wd/hub/session/377cf82a-0c31-4eff-83cd-affc7ee7e39d/timeouts [39m[32m200[39m [90m1 ms - 14[39m
[35m[HTTP][39m [90m[39m
[35m[HTTP][39m [37m-->[39m [37mPOST[39m [37m/wd/hub/session/377cf82a-0c31-4eff-83cd-affc7ee7e39d/timeouts[39m
[35m[HTTP][39m [90m{"implicit":50}[39m
[35m[HTTP][39m [37m<-- POST /wd/hub/session/377cf82a-0c31-4eff-83cd-affc7ee7e39d/timeouts [39m[32m200[39m [90m1 ms - 14[39m
[35m[HTTP][39m [90m[39m
[35m[HTTP][39m [37m-->[39m [37mGET[39m [37m/wd/hub/session/377cf82a-0c31-4eff-83cd-affc7ee7e39d/window/rect[39m
[35m[HTTP][39m [90m{}[39m
[35m[HTTP][39m [37m<-- GET /wd/hub/session/377cf82a-0c31-4eff-83cd-affc7ee7e39d/window/rect [39m[32m200[39m [90m15 ms - 50[39m
[35m[HTTP][39m [90m[39m
[35m[HTTP][39m [37m-->[39m [37mPOST[39m [37m/wd/hub/session/377cf82a-0c31-4eff-83cd-affc7ee7e39d/elements[39m
[35m[HTTP][39m [90m{"using":"xpath","value":"//hierarchy/android.widget.FrameLayout[1]/android.widget.LinearLayout[1]/android.widget.FrameLayout[1]/android.widget.LinearLayout[1]/android.widget.FrameLayout[1]/android.widget.FrameLayout[1]/android.view.ViewGroup[1]/android.view.ViewGroup[1]/android.view.ViewGroup[1]/android.view.ViewGroup[11]/android.view.ViewGroup[1]/android.view.ViewGroup[1]/android.view.ViewGroup[1]/android.view.ViewGroup[2]/android.widget.Switch[1]"}[39m
[35m[HTTP][39m [37m<-- POST /wd/hub/session/377cf82a-0c31-4eff-83cd-affc7ee7e39d/elements [39m[32m200[39m [90m215 ms - 139[39m
[35m[HTTP][39m [90m[39m
[35m[HTTP][39m [37m-->[39m [37mGET[39m [37m/wd/hub/session/377cf82a-0c31-4eff-83cd-affc7ee7e39d/element/00000000-0000-0170-ffff-ffff00000426/location[39m
[35m[HTTP][39m [90m{}[39m
[35m[W3C (377cf82a)][39m Driver proxy active, passing request on via HTTP proxy
[35m[WD Proxy][39m Replacing sessionId f86f2d29-d34c-459e-84e3-a4a88f96a932 with 377cf82a-0c31-4eff-83cd-affc7ee7e39d
[35m[HTTP][39m [37m<-- GET /wd/hub/session/377cf82a-0c31-4eff-83cd-affc7ee7e39d/element/00000000-0000-0170-ffff-ffff00000426/location [39m[32m200[39m [90m607 ms - 79[39m
[35m[HTTP][39m [90m[39m
[35m[HTTP][39m [37m-->[39m [37mPOST[39m [37m/wd/hub/session/377cf82a-0c31-4eff-83cd-affc7ee7e39d/timeouts[39m
[35m[HTTP][39m [90m{"implicit":30000}[39m
[35m[HTTP][39m [37m<-- POST /wd/hub/session/377cf82a-0c31-4eff-83cd-affc7ee7e39d/timeouts [39m[32m200[39m [90m1 ms - 14[39m
[35m[HTTP][39m [90m[39m
[35m[HTTP][39m [37m-->[39m [37mPOST[39m [37m/wd/hub/session/377cf82a-0c31-4eff-83cd-affc7ee7e39d/element/00000000-0000-0170-ffff-ffff00000426/click[39m
[35m[HTTP][39m [90m{"id":"00000000-0000-0170-ffff-ffff00000426"}[39m
[35m[HTTP][39m [37m<-- POST /wd/hub/session/377cf82a-0c31-4eff-83cd-affc7ee7e39d/element/00000000-0000-0170-ffff-ffff00000426/click [39m[32m200[39m [90m84 ms - 14[39m
[35m[HTTP][39m [90m[39m
[35m[HTTP][39m [37m-->[39m [37mPOST[39m [37m/wd/hub/session/377cf82a-0c31-4eff-83cd-affc7ee7e39d/timeouts[39m
[35m[HTTP][39m [90m{"implicit":50}[39m
[35m[HTTP][39m [37m<-- POST /wd/hub/session/377cf82a-0c31-4eff-83cd-affc7ee7e39d/timeouts [39m[32m200[39m [90m1 ms - 14[39m
[35m[HTTP][39m [90m[39m
[35m[HTTP][39m [37m-->[39m [37mGET[39m [37m/wd/hub/session/377cf82a-0c31-4eff-83cd-affc7ee7e39d/window/rect[39m
[35m[HTTP][39m [90m{}[39m
[35m[HTTP][39m [37m<-- GET /wd/hub/session/377cf82a-0c31-4eff-83cd-affc7ee7e39d/window/rect [39m[32m200[39m [90m20 ms - 50[39m
[35m[HTTP][39m [90m[39m
[35m[HTTP][39m [37m-->[39m [37mPOST[39m [37m/wd/hub/session/377cf82a-0c31-4eff-83cd-affc7ee7e39d/elements[39m
[35m[HTTP][39m [90m{"using":"xpath","value":"//hierarchy/android.widget.FrameLayout[1]/android.widget.LinearLayout[1]/android.widget.FrameLayout[1]/android.widget.LinearLayout[1]/android.widget.FrameLayout[1]/android.widget.FrameLayout[1]/android.view.ViewGroup[1]/android.view.ViewGroup[1]/android.view.ViewGroup[1]/android.view.ViewGroup[11]/android.view.ViewGroup[1]/android.view.ViewGroup[1]/android.view.ViewGroup[1]/android.view.ViewGroup[2]/android.widget.Switch[2]"}[39m
[35m[HTTP][39m [37m<-- POST /wd/hub/session/377cf82a-0c31-4eff-83cd-affc7ee7e39d/elements [39m[32m200[39m [90m784 ms - 139[39m
[35m[HTTP][39m [90m[39m
[35m[HTTP][39m [37m-->[39m [37mGET[39m [37m/wd/hub/session/377cf82a-0c31-4eff-83cd-affc7ee7e39d/element/00000000-0000-0170-ffff-ffff00000429/location[39m
[35m[HTTP][39m [90m{}[39m
[35m[W3C (377cf82a)][39m Driver proxy active, passing request on via HTTP proxy
[35m[WD Proxy][39m Replacing sessionId f86f2d29-d34c-459e-84e3-a4a88f96a932 with 377cf82a-0c31-4eff-83cd-affc7ee7e39d
[35m[HTTP][39m [37m<-- GET /wd/hub/session/377cf82a-0c31-4eff-83cd-affc7ee7e39d/element/00000000-0000-0170-ffff-ffff00000429/location [39m[32m200[39m [90m21 ms - 80[39m
[35m[HTTP][39m [90m[39m
[35m[HTTP][39m [37m-->[39m [37mPOST[39m [37m/wd/hub/session/377cf82a-0c31-4eff-83cd-affc7ee7e39d/timeouts[39m
[35m[HTTP][39m [90m{"implicit":30000}[39m
[35m[HTTP][39m [37m<-- POST /wd/hub/session/377cf82a-0c31-4eff-83cd-affc7ee7e39d/timeouts [39m[32m200[39m [90m2 ms - 14[39m
[35m[HTTP][39m [90m[39m
[35m[HTTP][39m [37m-->[39m [37mPOST[39m [37m/wd/hub/session/377cf82a-0c31-4eff-83cd-affc7ee7e39d/timeouts[39m
[35m[HTTP][39m [90m{"implicit":50}[39m
[35m[HTTP][39m [37m<-- POST /wd/hub/session/377cf82a-0c31-4eff-83cd-affc7ee7e39d/timeouts [39m[32m200[39m [90m1 ms - 14[39m
[35m[HTTP][39m [90m[39m
[35m[HTTP][39m [37m-->[39m [37mGET[39m [37m/wd/hub/session/377cf82a-0c31-4eff-83cd-affc7ee7e39d/window/rect[39m
[35m[HTTP][39m [90m{}[39m
[35m[HTTP][39m [37m<-- GET /wd/hub/session/377cf82a-0c31-4eff-83cd-affc7ee7e39d/window/rect [39m[32m200[39m [90m16 ms - 50[39m
[35m[HTTP][39m [90m[39m
[35m[HTTP][39m [37m-->[39m [37mPOST[39m [37m/wd/hub/session/377cf82a-0c31-4eff-83cd-affc7ee7e39d/elements[39m
[35m[HTTP][39m [90m{"using":"xpath","value":"//hierarchy/android.widget.FrameLayout[1]/android.widget.LinearLayout[1]/android.widget.FrameLayout[1]/android.widget.LinearLayout[1]/android.widget.FrameLayout[1]/android.widget.FrameLayout[1]/android.view.ViewGroup[1]/android.view.ViewGroup[1]/android.view.ViewGroup[1]/android.view.ViewGroup[11]/android.view.ViewGroup[1]/android.view.ViewGroup[1]/android.view.ViewGroup[1]/android.view.ViewGroup[2]/android.widget.Switch[2]"}[39m
[35m[HTTP][39m [37m<-- POST /wd/hub/session/377cf82a-0c31-4eff-83cd-affc7ee7e39d/elements [39m[32m200[39m [90m209 ms - 139[39m
[35m[HTTP][39m [90m[39m
[35m[HTTP][39m [37m-->[39m [37mGET[39m [37m/wd/hub/session/377cf82a-0c31-4eff-83cd-affc7ee7e39d/element/00000000-0000-0170-ffff-ffff00000429/location[39m
[35m[HTTP][39m [90m{}[39m
[35m[W3C (377cf82a)][39m Driver proxy active, passing request on via HTTP proxy
[35m[WD Proxy][39m Replacing sessionId f86f2d29-d34c-459e-84e3-a4a88f96a932 with 377cf82a-0c31-4eff-83cd-affc7ee7e39d
[35m[HTTP][39m [37m<-- GET /wd/hub/session/377cf82a-0c31-4eff-83cd-affc7ee7e39d/element/00000000-0000-0170-ffff-ffff00000429/location [39m[32m200[39m [90m16 ms - 80[39m
[35m[HTTP][39m [90m[39m
[35m[HTTP][39m [37m-->[39m [37mPOST[39m [37m/wd/hub/session/377cf82a-0c31-4eff-83cd-affc7ee7e39d/timeouts[39m
[35m[HTTP][39m [90m{"implicit":30000}[39m
[35m[HTTP][39m [37m<-- POST /wd/hub/session/377cf82a-0c31-4eff-83cd-affc7ee7e39d/timeouts [39m[32m200[39m [90m1 ms - 14[39m
[35m[HTTP][39m [90m[39m
[35m[HTTP][39m [37m-->[39m [37mPOST[39m [37m/wd/hub/session/377cf82a-0c31-4eff-83cd-affc7ee7e39d/element/00000000-0000-0170-ffff-ffff00000429/click[39m
[35m[HTTP][39m [90m{"id":"00000000-0000-0170-ffff-ffff00000429"}[39m
[35m[HTTP][39m [37m<-- POST /wd/hub/session/377cf82a-0c31-4eff-83cd-affc7ee7e39d/element/00000000-0000-0170-ffff-ffff00000429/click [39m[32m200[39m [90m1619 ms - 14[39m
[35m[HTTP][39m [90m[39m
[35m[HTTP][39m [37m-->[39m [37mPOST[39m [37m/wd/hub/session/377cf82a-0c31-4eff-83cd-affc7ee7e39d/element[39m
[35m[HTTP][39m [90m{"using":"xpath","value":"//*[contains(@text, \"Often\" )]"}[39m
[35m[HTTP][39m [37m<-- POST /wd/hub/session/377cf82a-0c31-4eff-83cd-affc7ee7e39d/element [39m[32m200[39m [90m211 ms - 137[39m
[35m[HTTP][39m [90m[39m
[35m[HTTP][39m [37m-->[39m [37mPOST[39m [37m/wd/hub/session/377cf82a-0c31-4eff-83cd-affc7ee7e39d/element/00000000-0000-0170-ffff-ffff0000043f/click[39m
[35m[HTTP][39m [90m{"id":"00000000-0000-0170-ffff-ffff0000043f"}[39m
[35m[HTTP][39m [37m<-- POST /wd/hub/session/377cf82a-0c31-4eff-83cd-affc7ee7e39d/element/00000000-0000-0170-ffff-ffff0000043f/click [39m[32m200[39m [90m64 ms - 14[39m
[35m[HTTP][39m [90m[39m
[35m[HTTP][39m [37m-->[39m [37mPOST[39m [37m/wd/hub/session/377cf82a-0c31-4eff-83cd-affc7ee7e39d/element[39m
[35m[HTTP][39m [90m{"using":"xpath","value":"//*[contains(@text, \"Socially\" )]"}[39m
[35m[HTTP][39m [37m<-- POST /wd/hub/session/377cf82a-0c31-4eff-83cd-affc7ee7e39d/element [39m[32m200[39m [90m193 ms - 137[39m
[35m[HTTP][39m [90m[39m
[35m[HTTP][39m [37m-->[39m [37mPOST[39m [37m/wd/hub/session/377cf82a-0c31-4eff-83cd-affc7ee7e39d/element/00000000-0000-0170-ffff-ffff0000043d/click[39m
[35m[HTTP][39m [90m{"id":"00000000-0000-0170-ffff-ffff0000043d"}[39m
[35m[HTTP][39m [37m<-- POST /wd/hub/session/377cf82a-0c31-4eff-83cd-affc7ee7e39d/element/00000000-0000-0170-ffff-ffff0000043d/click [39m[32m200[39m [90m530 ms - 14[39m
[35m[HTTP][39m [90m[39m
[35m[HTTP][39m [37m-->[39m [37mPOST[39m [37m/wd/hub/session/377cf82a-0c31-4eff-83cd-affc7ee7e39d/element[39m
[35m[HTTP][39m [90m{"using":"xpath","value":"//*[contains(@text, \"Often\" )]"}[39m
[35m[HTTP][39m [37m<-- POST /wd/hub/session/377cf82a-0c31-4eff-83cd-affc7ee7e39d/element [39m[32m200[39m [90m183 ms - 137[39m
[35m[HTTP][39m [90m[39m
[35m[HTTP][39m [37m-->[39m [37mPOST[39m [37m/wd/hub/session/377cf82a-0c31-4eff-83cd-affc7ee7e39d/element/00000000-0000-0170-ffff-ffff0000043f/click[39m
[35m[HTTP][39m [90m{"id":"00000000-0000-0170-ffff-ffff0000043f"}[39m
[35m[HTTP][39m [37m<-- POST /wd/hub/session/377cf82a-0c31-4eff-83cd-affc7ee7e39d/element/00000000-0000-0170-ffff-ffff0000043f/click [39m[32m200[39m [90m935 ms - 14[39m
[35m[HTTP][39m [90m[39m
[35m[HTTP][39m [37m-->[39m [37mPOST[39m [37m/wd/hub/session/377cf82a-0c31-4eff-83cd-affc7ee7e39d/element[39m
[35m[HTTP][39m [90m{"using":"xpath","value":"//*[contains(@text, \"Socially\" )]"}[39m
[35m[HTTP][39m [37m<-- POST /wd/hub/session/377cf82a-0c31-4eff-83cd-affc7ee7e39d/element [39m[32m200[39m [90m978 ms - 137[39m
[35m[HTTP][39m [90m[39m
[35m[HTTP][39m [37m-->[39m [37mPOST[39m [37m/wd/hub/session/377cf82a-0c31-4eff-83cd-affc7ee7e39d/element/00000000-0000-0170-ffff-ffff0000043d/click[39m
[35m[HTTP][39m [90m{"id":"00000000-0000-0170-ffff-ffff0000043d"}[39m
[35m[HTTP][39m [37m<-- POST /wd/hub/session/377cf82a-0c31-4eff-83cd-affc7ee7e39d/element/00000000-0000-0170-ffff-ffff0000043d/click [39m[32m200[39m [90m54 ms - 14[39m
[35m[HTTP][39m [90m[39m
[35m[HTTP][39m [37m-->[39m [37mPOST[39m [37m/wd/hub/session/377cf82a-0c31-4eff-83cd-affc7ee7e39d/element[39m
[35m[HTTP][39m [90m{"using":"xpath","value":"//*[contains(@text, \"Often\" )]"}[39m
[35m[HTTP][39m [37m<-- POST /wd/hub/session/377cf82a-0c31-4eff-83cd-affc7ee7e39d/element [39m[32m200[39m [90m121 ms - 137[39m
[35m[HTTP][39m [90m[39m
[35m[HTTP][39m [37m-->[39m [37mPOST[39m [37m/wd/hub/session/377cf82a-0c31-4eff-83cd-affc7ee7e39d/element/00000000-0000-0170-ffff-ffff0000043f/click[39m
[35m[HTTP][39m [90m{"id":"00000000-0000-0170-ffff-ffff0000043f"}[39m
[35m[HTTP][39m [37m<-- POST /wd/hub/session/377cf82a-0c31-4eff-83cd-affc7ee7e39d/element/00000000-0000-0170-ffff-ffff0000043f/click [39m[32m200[39m [90m1834 ms - 14[39m
[35m[HTTP][39m [90m[39m
[35m[HTTP][39m [37m-->[39m [37mPOST[39m [37m/wd/hub/session/377cf82a-0c31-4eff-83cd-affc7ee7e39d/element[39m
[35m[HTTP][39m [90m{"using":"xpath","value":"//*[contains(@text, \"Socially\" )]"}[39m
[35m[HTTP][39m [37m<-- POST /wd/hub/session/377cf82a-0c31-4eff-83cd-affc7ee7e39d/element [39m[32m200[39m [90m190 ms - 137[39m
[35m[HTTP][39m [90m[39m
[35m[HTTP][39m [37m-->[39m [37mPOST[39m [37m/wd/hub/session/377cf82a-0c31-4eff-83cd-affc7ee7e39d/element/00000000-0000-0170-ffff-ffff0000043d/click[39m
[35m[HTTP][39m [90m{"id":"00000000-0000-0170-ffff-ffff0000043d"}[39m
[35m[HTTP][39m [37m<-- POST /wd/hub/session/377cf82a-0c31-4eff-83cd-affc7ee7e39d/element/00000000-0000-0170-ffff-ffff0000043d/click [39m[32m200[39m [90m697 ms - 14[39m
[35m[HTTP][39m [90m[39m
[35m[HTTP][39m [37m-->[39m [37mPOST[39m [37m/wd/hub/session/377cf82a-0c31-4eff-83cd-affc7ee7e39d/element[39m
[35m[HTTP][39m [90m{"using":"xpath","value":"//*[contains(@text, \"Often\" )]"}[39m
[35m[HTTP][39m [37m<-- POST /wd/hub/session/377cf82a-0c31-4eff-83cd-affc7ee7e39d/element [39m[32m200[39m [90m1074 ms - 137[39m
[35m[HTTP][39m [90m[39m
[35m[HTTP][39m [37m-->[39m [37mPOST[39m [37m/wd/hub/session/377cf82a-0c31-4eff-83cd-affc7ee7e39d/element/00000000-0000-0170-ffff-ffff0000043f/click[39m
[35m[HTTP][39m [90m{"id":"00000000-0000-0170-ffff-ffff0000043f"}[39m
[35m[HTTP][39m [37m<-- POST /wd/hub/session/377cf82a-0c31-4eff-83cd-affc7ee7e39d/element/00000000-0000-0170-ffff-ffff0000043f/click [39m[32m200[39m [90m79 ms - 14[39m
[35m[HTTP][39m [90m[39m
[35m[HTTP][39m [37m-->[39m [37mPOST[39m [37m/wd/hub/session/377cf82a-0c31-4eff-83cd-affc7ee7e39d/element[39m
[35m[HTTP][39m [90m{"using":"xpath","value":"//*[contains(@text, \"Socially\" )]"}[39m
[35m[HTTP][39m [37m<-- POST /wd/hub/session/377cf82a-0c31-4eff-83cd-affc7ee7e39d/element [39m[32m200[39m [90m203 ms - 137[39m
[35m[HTTP][39m [90m[39m
[35m[HTTP][39m [37m-->[39m [37mPOST[39m [37m/wd/hub/session/377cf82a-0c31-4eff-83cd-affc7ee7e39d/element/00000000-0000-0170-ffff-ffff0000043d/click[39m
[35m[HTTP][39m [90m{"id":"00000000-0000-0170-ffff-ffff0000043d"}[39m
[35m[HTTP][39m [37m<-- POST /wd/hub/session/377cf82a-0c31-4eff-83cd-affc7ee7e39d/element/00000000-0000-0170-ffff-ffff0000043d/click [39m[32m200[39m [90m729 ms - 14[39m
[35m[HTTP][39m [90m[39m
[35m[HTTP][39m [37m-->[39m [37mPOST[39m [37m/wd/hub/session/377cf82a-0c31-4eff-83cd-affc7ee7e39d/element[39m
[35m[HTTP][39m [90m{"using":"xpath","value":"//*[contains(@text, \"Often\" )]"}[39m
[35m[HTTP][39m [37m<-- POST /wd/hub/session/377cf82a-0c31-4eff-83cd-affc7ee7e39d/element [39m[32m200[39m [90m204 ms - 137[39m
[35m[HTTP][39m [90m[39m
[35m[HTTP][39m [37m-->[39m [37mPOST[39m [37m/wd/hub/session/377cf82a-0c31-4eff-83cd-affc7ee7e39d/element/00000000-0000-0170-ffff-ffff0000043f/click[39m
[35m[HTTP][39m [90m{"id":"00000000-0000-0170-ffff-ffff0000043f"}[39m
[35m[HTTP][39m [37m<-- POST /wd/hub/session/377cf82a-0c31-4eff-83cd-affc7ee7e39d/element/00000000-0000-0170-ffff-ffff0000043f/click [39m[32m200[39m [90m684 ms - 14[39m
[35m[HTTP][39m [90m[39m
[35m[HTTP][39m [37m-->[39m [37mPOST[39m [37m/wd/hub/session/377cf82a-0c31-4eff-83cd-affc7ee7e39d/timeouts[39m
[35m[HTTP][39m [90m{"implicit":50}[39m
[35m[HTTP][39m [37m<-- POST /wd/hub/session/377cf82a-0c31-4eff-83cd-affc7ee7e39d/timeouts [39m[32m200[39m [90m1 ms - 14[39m
[35m[HTTP][39m [90m[39m
[35m[HTTP][39m [37m-->[39m [37mGET[39m [37m/wd/hub/session/377cf82a-0c31-4eff-83cd-affc7ee7e39d/window/rect[39m
[35m[HTTP][39m [90m{}[39m
[35m[HTTP][39m [37m<-- GET /wd/hub/session/377cf82a-0c31-4eff-83cd-affc7ee7e39d/window/rect [39m[32m200[39m [90m14 ms - 50[39m
[35m[HTTP][39m [90m[39m
[35m[HTTP][39m [37m-->[39m [37mPOST[39m [37m/wd/hub/session/377cf82a-0c31-4eff-83cd-affc7ee7e39d/elements[39m
[35m[HTTP][39m [90m{"using":"-custom","value":"//*[@class = 'android.widget.TextView' and (@text = 'Continue' or . = 'Continue')]"}[39m
[35m[HTTP][39m [37m<-- POST /wd/hub/session/377cf82a-0c31-4eff-83cd-affc7ee7e39d/elements [39m[31m500[39m [90m44 ms - 1621[39m
[35m[HTTP][39m [90m[39m
[35m[HTTP][39m [37m-->[39m [37mPOST[39m [37m/wd/hub/session/377cf82a-0c31-4eff-83cd-affc7ee7e39d/timeouts[39m
[35m[HTTP][39m [90m{"implicit":30000}[39m
[35m[HTTP][39m [37m<-- POST /wd/hub/session/377cf82a-0c31-4eff-83cd-affc7ee7e39d/timeouts [39m[32m200[39m [90m1 ms - 14[39m
[35m[HTTP][39m [90m[39m
[35m[HTTP][39m [37m-->[39m [37mGET[39m [37m/wd/hub/session/377cf82a-0c31-4eff-83cd-affc7ee7e39d/context[39m
[35m[HTTP][39m [90m{}[39m
[35m[HTTP][39m [37m<-- GET /wd/hub/session/377cf82a-0c31-4eff-83cd-affc7ee7e39d/context [39m[32m200[39m [90m1 ms - 22[39m
[35m[HTTP][39m [90m[39m
[35m[HTTP][39m [37m-->[39m [37mGET[39m [37m/wd/hub/session/377cf82a-0c31-4eff-83cd-affc7ee7e39d/contexts[39m
[35m[HTTP][39m [90m{}[39m
[35m[HTTP][39m [37m<-- GET /wd/hub/session/377cf82a-0c31-4eff-83cd-affc7ee7e39d/contexts [39m[32m200[39m [90m85 ms - 24[39m
[35m[HTTP][39m [90m[39m
[35m[HTTP][39m [37m-->[39m [37mPOST[39m [37m/wd/hub/session/377cf82a-0c31-4eff-83cd-affc7ee7e39d/context[39m
[35m[HTTP][39m [90m{"name":"NATIVE_APP"}[39m
[35m[HTTP][39m [37m<-- POST /wd/hub/session/377cf82a-0c31-4eff-83cd-affc7ee7e39d/context [39m[32m200[39m [90m1 ms - 14[39m
[35m[HTTP][39m [90m[39m
[35m[HTTP][39m [37m-->[39m [37mGET[39m [37m/wd/hub/session/377cf82a-0c31-4eff-83cd-affc7ee7e39d/screenshot[39m
[35m[HTTP][39m [90m{}[39m
[35m[HTTP][39m [37m<-- GET /wd/hub/session/377cf82a-0c31-4eff-83cd-affc7ee7e39d/screenshot [39m[32m200[39m [90m501 ms - 226734[39m
[35m[HTTP][39m [90m[39m
[35m[HTTP][39m [37m-->[39m [37mPOST[39m [37m/wd/hub/session/377cf82a-0c31-4eff-83cd-affc7ee7e39d/context[39m
[35m[HTTP][39m [90m{"name":"NATIVE_APP"}[39m
[35m[HTTP][39m [37m<-- POST /wd/hub/session/377cf82a-0c31-4eff-83cd-affc7ee7e39d/context [39m[32m200[39m [90m1 ms - 14[39m
[35m[HTTP][39m [90m[39m
[35m[HTTP][39m [37m-->[39m [37mPOST[39m [37m/wd/hub/session/377cf82a-0c31-4eff-83cd-affc7ee7e39d/timeouts[39m
[35m[HTTP][39m [90m{"implicit":50}[39m
[35m[HTTP][39m [37m<-- POST /wd/hub/session/377cf82a-0c31-4eff-83cd-affc7ee7e39d/timeouts [39m[32m200[39m [90m1 ms - 14[39m
[35m[HTTP][39m [90m[39m
[35m[HTTP][39m [37m-->[39m [37mGET[39m [37m/wd/hub/session/377cf82a-0c31-4eff-83cd-affc7ee7e39d/window/rect[39m
[35m[HTTP][39m [90m{}[39m
[35m[HTTP][39m [37m<-- GET /wd/hub/session/377cf82a-0c31-4eff-83cd-affc7ee7e39d/window/rect [39m[32m200[39m [90m27 ms - 50[39m
[35m[HTTP][39m [90m[39m
[35m[HTTP][39m [37m-->[39m [37mPOST[39m [37m/wd/hub/session/377cf82a-0c31-4eff-83cd-affc7ee7e39d/elements[39m
[35m[HTTP][39m [90m{"using":"xpath","value":"//*[@class = 'android.widget.TextView' and (@text = '' or . = '')]"}[39m
[35m[HTTP][39m [37m<-- POST /wd/hub/session/377cf82a-0c31-4eff-83cd-affc7ee7e39d/elements [39m[32m200[39m [90m1050 ms - 139[39m
[35m[HTTP][39m [90m[39m
[35m[HTTP][39m [37m-->[39m [37mGET[39m [37m/wd/hub/session/377cf82a-0c31-4eff-83cd-affc7ee7e39d/element/00000000-0000-0170-ffff-ffff00000437/location[39m
[35m[HTTP][39m [90m{}[39m
[35m[W3C (377cf82a)][39m Driver proxy active, passing request on via HTTP proxy
[35m[WD Proxy][39m Replacing sessionId f86f2d29-d34c-459e-84e3-a4a88f96a932 with 377cf82a-0c31-4eff-83cd-affc7ee7e39d
[35m[HTTP][39m [37m<-- GET /wd/hub/session/377cf82a-0c31-4eff-83cd-affc7ee7e39d/element/00000000-0000-0170-ffff-ffff00000437/location [39m[32m200[39m [90m579 ms - 77[39m
[35m[HTTP][39m [90m[39m
[35m[HTTP][39m [37m-->[39m [37mPOST[39m [37m/wd/hub/session/377cf82a-0c31-4eff-83cd-affc7ee7e39d/timeouts[39m
[35m[HTTP][39m [90m{"implicit":30000}[39m
[35m[HTTP][39m [37m<-- POST /wd/hub/session/377cf82a-0c31-4eff-83cd-affc7ee7e39d/timeouts [39m[32m200[39m [90m1 ms - 14[39m
[35m[HTTP][39m [90m[39m
[35m[HTTP][39m [37m-->[39m [37mPOST[39m [37m/wd/hub/session/377cf82a-0c31-4eff-83cd-affc7ee7e39d/timeouts[39m
[35m[HTTP][39m [90m{"implicit":50}[39m
[35m[HTTP][39m [37m<-- POST /wd/hub/session/377cf82a-0c31-4eff-83cd-affc7ee7e39d/timeouts [39m[32m200[39m [90m1 ms - 14[39m
[35m[HTTP][39m [90m[39m
[35m[HTTP][39m [37m-->[39m [37mGET[39m [37m/wd/hub/session/377cf82a-0c31-4eff-83cd-affc7ee7e39d/window/rect[39m
[35m[HTTP][39m [90m{}[39m
[35m[HTTP][39m [37m<-- GET /wd/hub/session/377cf82a-0c31-4eff-83cd-affc7ee7e39d/window/rect [39m[32m200[39m [90m27 ms - 50[39m
[35m[HTTP][39m [90m[39m
[35m[HTTP][39m [37m-->[39m [37mPOST[39m [37m/wd/hub/session/377cf82a-0c31-4eff-83cd-affc7ee7e39d/elements[39m
[35m[HTTP][39m [90m{"using":"xpath","value":"//*[@class = 'android.widget.TextView' and (@text = '' or . = '')]"}[39m
[35m[HTTP][39m [37m<-- POST /wd/hub/session/377cf82a-0c31-4eff-83cd-affc7ee7e39d/elements [39m[32m200[39m [90m181 ms - 139[39m
[35m[HTTP][39m [90m[39m
[35m[HTTP][39m [37m-->[39m [37mGET[39m [37m/wd/hub/session/377cf82a-0c31-4eff-83cd-affc7ee7e39d/element/00000000-0000-0170-ffff-ffff00000437/location[39m
[35m[HTTP][39m [90m{}[39m
[35m[W3C (377cf82a)][39m Driver proxy active, passing request on via HTTP proxy
[35m[WD Proxy][39m Replacing sessionId f86f2d29-d34c-459e-84e3-a4a88f96a932 with 377cf82a-0c31-4eff-83cd-affc7ee7e39d
[35m[HTTP][39m [37m<-- GET /wd/hub/session/377cf82a-0c31-4eff-83cd-affc7ee7e39d/element/00000000-0000-0170-ffff-ffff00000437/location [39m[32m200[39m [90m20 ms - 77[39m
[35m[HTTP][39m [90m[39m
[35m[HTTP][39m [37m-->[39m [37mPOST[39m [37m/wd/hub/session/377cf82a-0c31-4eff-83cd-affc7ee7e39d/timeouts[39m
[35m[HTTP][39m [90m{"implicit":30000}[39m
[35m[HTTP][39m [37m<-- POST /wd/hub/session/377cf82a-0c31-4eff-83cd-affc7ee7e39d/timeouts [39m[32m200[39m [90m1 ms - 14[39m
[35m[HTTP][39m [90m[39m
[35m[HTTP][39m [37m-->[39m [37mPOST[39m [37m/wd/hub/session/377cf82a-0c31-4eff-83cd-affc7ee7e39d/element/00000000-0000-0170-ffff-ffff00000437/click[39m
[35m[HTTP][39m [90m{"id":"00000000-0000-0170-ffff-ffff00000437"}[39m
[35m[HTTP][39m [37m<-- POST /wd/hub/session/377cf82a-0c31-4eff-83cd-affc7ee7e39d/element/00000000-0000-0170-ffff-ffff00000437/click [39m[32m200[39m [90m86 ms - 14[39m
[35m[HTTP][39m [90m[39m
