[35m[Appium][39m Welcome to Appium v1.22.3
[35m[Appium][39m Non-default server args:
[35m[Appium][39m   port: 60452
[35m[Appium][39m   loglevel: info
[35m[Appium][39m   tmpDir: /var/folders/1v/3_56wbt90zbb48qtwvw1bry40000gn/T//Katalon/Appium/Temp1675860000823
[35m[Appium][39m   chromedriverPort: 60470
[35m[Appium][39m Deprecated server args:
[35m[Appium][39m   [31m--chromedriver-port[39m => --default-capabilities
[35m[Appium][39m Default capabilities, which will be added to each request unless overridden by desired capabilities:
[35m[Appium][39m   chromedriverPort: 60470
[35m[Appium][39m Appium REST http interface listener started on 0.0.0.0:60452
[35m[HTTP][39m [37m-->[39m [37mGET[39m [37m/wd/hub/status[39m
[35m[HTTP][39m [90m{}[39m
[35m[HTTP][39m [37m<-- GET /wd/hub/status [39m[32m200[39m [90m6 ms - 68[39m
[35m[HTTP][39m [90m[39m
[35m[HTTP][39m [37m-->[39m [37mPOST[39m [37m/wd/hub/session[39m
[35m[HTTP][39m [90m{"desiredCapabilities":{"appPackage":"com.android.settings","deviceId":"RF8RC109TVZ","deviceName":"samsung SM-A325F (Android 13)","platform":"ANDROID","appActivity":".Settings","newCommandTimeout":1800,"platformVersion":"13","automationName":"uiautomator2","autoGrantPermissions":true,"platformName":"Android","udid":"RF8RC109TVZ","systemPort":8279},"capabilities":{"firstMatch":[{"appium:appActivity":".Settings","appium:appPackage":"com.android.settings","appium:autoGrantPermissions":true,"appium:automationName":"uiautomator2","deviceId":"RF8RC109TVZ","appium:deviceName":"samsung SM-A325F (Android 13)","appium:newCommandTimeout":1800,"platform":"ANDROID","platformName":"android","appium:platformVersion":"13","appium:systemPort":8279,"appium:udid":"RF8RC109TVZ"}]}}[39m
[35m[BaseDriver][39m The following capabilities are not standard capabilities and should have an extension prefix:
[35m[BaseDriver][39m   deviceId
[35m[BaseDriver][39m   platform
[35m[BaseDriver][39m   chromedriverPort
[35m[Appium][39m Appium v1.22.3 creating new AndroidUiautomator2Driver (v1.70.1) session
[35m[BaseDriver][39m The following capabilities were provided, but are not recognized by Appium:
[35m[BaseDriver][39m   deviceId
[35m[BaseDriver][39m   platform
[35m[BaseDriver][39m Session created with session id: fde4cf4c-0d75-4298-9a42-f1e329d4e6d4
[35m[UiAutomator2][39m Starting 'com.android.settings' directly on the device
[35m[ADB][39m Found 1 'build-tools' folders under '/Users/pc/.katalon/tools/android_sdk' (newest first):
[35m[ADB][39m     /Users/pc/.katalon/tools/android_sdk/build-tools/29.0.3
[35m[ADB][39m Using 'adb' from '/Users/pc/.katalon/tools/android_sdk/platform-tools/adb'
[35m[AndroidDriver][39m Retrieving device list
[35m[AndroidDriver][39m Using device: RF8RC109TVZ
[35m[ADB][39m Using 'adb' from '/Users/pc/.katalon/tools/android_sdk/platform-tools/adb'
[35m[ADB][39m Getting device platform version
[35m[UiAutomator2][39m Relaxing hidden api policy
[35m[AndroidDriver][39m No app sent in, not parsing package/activity
[35m[UiAutomator2][39m Server package at '/usr/local/lib/node_modules/appium/node_modules/appium-uiautomator2-server/apks/appium-uiautomator2-server-v4.27.0.apk' is not writeable. Will copy it into the temporary location at '/var/folders/1v/3_56wbt90zbb48qtwvw1bry40000gn/T/Katalon/Appium/Temp1675860000823/202318-45244-rp09rh.22c3' as a workaround. Consider making this file writeable manually in order to improve the performance of session startup.
[35m[UiAutomator2][39m Server package at '/usr/local/lib/node_modules/appium/node_modules/appium-uiautomator2-server/apks/appium-uiautomator2-server-debug-androidTest.apk' is not writeable. Will copy it into the temporary location at '/var/folders/1v/3_56wbt90zbb48qtwvw1bry40000gn/T/Katalon/Appium/Temp1675860000823/202318-45244-rp09rh.22c3' as a workaround. Consider making this file writeable manually in order to improve the performance of session startup.
[35m[ADB][39m Using 'apksigner.jar' from '/Users/pc/.katalon/tools/android_sdk/build-tools/29.0.3/lib/apksigner.jar'
[35m[ADB][39m '/var/folders/1v/3_56wbt90zbb48qtwvw1bry40000gn/T/Katalon/Appium/Temp1675860000823/202318-45244-rp09rh.22c3/appium-uiautomator2-server-v4.27.0.apk' is signed with the default certificate
[35m[ADB][39m '/var/folders/1v/3_56wbt90zbb48qtwvw1bry40000gn/T/Katalon/Appium/Temp1675860000823/202318-45244-rp09rh.22c3/appium-uiautomator2-server-debug-androidTest.apk' is signed with the default certificate
[35m[UiAutomator2][39m Server packages are not going to be (re)installed
[35m[ADB][39m Adding packages ["io.appium.settings","io.appium.uiautomator2.server","io.appium.uiautomator2.server.test"] to Doze whitelist
[35m[UiAutomator2][39m Starting UIAutomator2 server 4.27.0
[35m[UiAutomator2][39m Using UIAutomator2 server from '/usr/local/lib/node_modules/appium/node_modules/appium-uiautomator2-server/apks/appium-uiautomator2-server-v4.27.0.apk' and test from '/usr/local/lib/node_modules/appium/node_modules/appium-uiautomator2-server/apks/appium-uiautomator2-server-debug-androidTest.apk'
[35m[UiAutomator2][39m Waiting up to 30000ms for UiAutomator2 to be online...
[35m[WD Proxy][39m socket hang up
[35m[WD Proxy][39m socket hang up
[35m[WD Proxy][39m socket hang up
[35m[WD Proxy][39m Determined the downstream protocol as 'W3C'
[35m[AndroidDriver][39m Screen already unlocked, doing nothing
[35m[UiAutomator2][39m Starting 'com.android.settings/.Settings and waiting for 'com.android.settings/.Settings'
[35m[Appium][39m New AndroidUiautomator2Driver session created successfully, session fde4cf4c-0d75-4298-9a42-f1e329d4e6d4 added to master session list
[35m[HTTP][39m [37m<-- POST /wd/hub/session [39m[32m200[39m [90m9285 ms - 1208[39m
[35m[HTTP][39m [90m[39m
[35m[HTTP][39m [37m-->[39m [37mGET[39m [37m/wd/hub/session/fde4cf4c-0d75-4298-9a42-f1e329d4e6d4[39m
[35m[HTTP][39m [90m{}[39m
[35m[HTTP][39m [37m<-- GET /wd/hub/session/fde4cf4c-0d75-4298-9a42-f1e329d4e6d4 [39m[32m200[39m [90m10 ms - 1162[39m
[35m[HTTP][39m [90m[39m
[35m[HTTP][39m [37m-->[39m [37mGET[39m [37m/wd/hub/session/fde4cf4c-0d75-4298-9a42-f1e329d4e6d4[39m
[35m[HTTP][39m [90m{}[39m
[35m[HTTP][39m [37m<-- GET /wd/hub/session/fde4cf4c-0d75-4298-9a42-f1e329d4e6d4 [39m[32m200[39m [90m12 ms - 1162[39m
[35m[HTTP][39m [90m[39m
[35m[HTTP][39m [37m-->[39m [37mGET[39m [37m/wd/hub/status[39m
[35m[HTTP][39m [90m{}[39m
[35m[HTTP][39m [37m<-- GET /wd/hub/status [39m[32m200[39m [90m1 ms - 68[39m
[35m[HTTP][39m [90m[39m
[35m[HTTP][39m [37m-->[39m [37mPOST[39m [37m/wd/hub/session/fde4cf4c-0d75-4298-9a42-f1e329d4e6d4/timeouts[39m
[35m[HTTP][39m [90m{"implicit":30000}[39m
[35m[HTTP][39m [37m<-- POST /wd/hub/session/fde4cf4c-0d75-4298-9a42-f1e329d4e6d4/timeouts [39m[32m200[39m [90m3 ms - 14[39m
[35m[HTTP][39m [90m[39m
[35m[HTTP][39m [37m-->[39m [37mGET[39m [37m/wd/hub/session/fde4cf4c-0d75-4298-9a42-f1e329d4e6d4/screenshot[39m
[35m[HTTP][39m [90m{}[39m
[35m[HTTP][39m [37m<-- GET /wd/hub/session/fde4cf4c-0d75-4298-9a42-f1e329d4e6d4/screenshot [39m[32m200[39m [90m745 ms - 206438[39m
[35m[HTTP][39m [90m[39m
[35m[HTTP][39m [37m-->[39m [37mGET[39m [37m/wd/hub/session/fde4cf4c-0d75-4298-9a42-f1e329d4e6d4/window/rect[39m
[35m[HTTP][39m [90m{}[39m
[35m[HTTP][39m [37m<-- GET /wd/hub/session/fde4cf4c-0d75-4298-9a42-f1e329d4e6d4/window/rect [39m[32m200[39m [90m25 ms - 50[39m
[35m[HTTP][39m [90m[39m
[35m[HTTP][39m [37m-->[39m [37mGET[39m [37m/wd/hub/session/fde4cf4c-0d75-4298-9a42-f1e329d4e6d4/appium/device/system_bars[39m
[35m[HTTP][39m [90m{}[39m
[35m[HTTP][39m [37m<-- GET /wd/hub/session/fde4cf4c-0d75-4298-9a42-f1e329d4e6d4/appium/device/system_bars [39m[32m200[39m [90m80 ms - 145[39m
[35m[HTTP][39m [90m[39m
[35m[HTTP][39m [37m-->[39m [37mPOST[39m [37m/wd/hub/session/fde4cf4c-0d75-4298-9a42-f1e329d4e6d4/appium/device/activate_app[39m
[35m[HTTP][39m [90m{"bundleId":"com.spotlove.releaseproduction"}[39m
[35m[HTTP][39m [37m<-- POST /wd/hub/session/fde4cf4c-0d75-4298-9a42-f1e329d4e6d4/appium/device/activate_app [39m[32m200[39m [90m584 ms - 14[39m
[35m[HTTP][39m [90m[39m
[35m[HTTP][39m [37m-->[39m [37mPOST[39m [37m/wd/hub/session/fde4cf4c-0d75-4298-9a42-f1e329d4e6d4/timeouts[39m
[35m[HTTP][39m [90m{"implicit":50}[39m
[35m[HTTP][39m [37m<-- POST /wd/hub/session/fde4cf4c-0d75-4298-9a42-f1e329d4e6d4/timeouts [39m[32m200[39m [90m2 ms - 14[39m
[35m[HTTP][39m [90m[39m
[35m[HTTP][39m [37m-->[39m [37mGET[39m [37m/wd/hub/session/fde4cf4c-0d75-4298-9a42-f1e329d4e6d4/window/rect[39m
[35m[HTTP][39m [90m{}[39m
[35m[HTTP][39m [37m<-- GET /wd/hub/session/fde4cf4c-0d75-4298-9a42-f1e329d4e6d4/window/rect [39m[32m200[39m [90m12 ms - 50[39m
[35m[HTTP][39m [90m[39m
[35m[HTTP][39m [37m-->[39m [37mPOST[39m [37m/wd/hub/session/fde4cf4c-0d75-4298-9a42-f1e329d4e6d4/elements[39m
[35m[HTTP][39m [90m{"using":"xpath","value":"//hierarchy/android.widget.FrameLayout[1]/android.widget.LinearLayout[1]/android.widget.FrameLayout[1]/android.widget.LinearLayout[1]/android.widget.FrameLayout[1]/android.widget.FrameLayout[1]/android.view.ViewGroup[1]/android.view.ViewGroup[1]/android.view.ViewGroup[1]/android.view.ViewGroup[1]/android.view.ViewGroup[1]/android.view.ViewGroup[1]/android.view.ViewGroup[1]/android.view.ViewGroup[2]/android.widget.ImageView[1]"}[39m
[35m[HTTP][39m [37m<-- POST /wd/hub/session/fde4cf4c-0d75-4298-9a42-f1e329d4e6d4/elements [39m[32m200[39m [90m2388 ms - 12[39m
[35m[HTTP][39m [90m[39m
[35m[HTTP][39m [37m-->[39m [37mPOST[39m [37m/wd/hub/session/fde4cf4c-0d75-4298-9a42-f1e329d4e6d4/elements[39m
[35m[HTTP][39m [90m{"using":"xpath","value":"//hierarchy/android.widget.FrameLayout[1]/android.widget.LinearLayout[1]/android.widget.FrameLayout[1]/android.widget.LinearLayout[1]/android.widget.FrameLayout[1]/android.widget.FrameLayout[1]/android.view.ViewGroup[1]/android.view.ViewGroup[1]/android.view.ViewGroup[1]/android.view.ViewGroup[1]/android.view.ViewGroup[1]/android.view.ViewGroup[1]/android.view.ViewGroup[1]/android.view.ViewGroup[2]/android.widget.ImageView[1]"}[39m
[35m[HTTP][39m [37m<-- POST /wd/hub/session/fde4cf4c-0d75-4298-9a42-f1e329d4e6d4/elements [39m[32m200[39m [90m79 ms - 12[39m
[35m[HTTP][39m [90m[39m
[35m[HTTP][39m [37m-->[39m [37mPOST[39m [37m/wd/hub/session/fde4cf4c-0d75-4298-9a42-f1e329d4e6d4/elements[39m
[35m[HTTP][39m [90m{"using":"xpath","value":"//hierarchy/android.widget.FrameLayout[1]/android.widget.LinearLayout[1]/android.widget.FrameLayout[1]/android.widget.LinearLayout[1]/android.widget.FrameLayout[1]/android.widget.FrameLayout[1]/android.view.ViewGroup[1]/android.view.ViewGroup[1]/android.view.ViewGroup[1]/android.view.ViewGroup[1]/android.view.ViewGroup[1]/android.view.ViewGroup[1]/android.view.ViewGroup[1]/android.view.ViewGroup[2]/android.widget.ImageView[1]"}[39m
[35m[HTTP][39m [37m<-- POST /wd/hub/session/fde4cf4c-0d75-4298-9a42-f1e329d4e6d4/elements [39m[32m200[39m [90m64 ms - 12[39m
[35m[HTTP][39m [90m[39m
[35m[HTTP][39m [37m-->[39m [37mPOST[39m [37m/wd/hub/session/fde4cf4c-0d75-4298-9a42-f1e329d4e6d4/elements[39m
[35m[HTTP][39m [90m{"using":"xpath","value":"//hierarchy/android.widget.FrameLayout[1]/android.widget.LinearLayout[1]/android.widget.FrameLayout[1]/android.widget.LinearLayout[1]/android.widget.FrameLayout[1]/android.widget.FrameLayout[1]/android.view.ViewGroup[1]/android.view.ViewGroup[1]/android.view.ViewGroup[1]/android.view.ViewGroup[1]/android.view.ViewGroup[1]/android.view.ViewGroup[1]/android.view.ViewGroup[1]/android.view.ViewGroup[2]/android.widget.ImageView[1]"}[39m
[35m[HTTP][39m [37m<-- POST /wd/hub/session/fde4cf4c-0d75-4298-9a42-f1e329d4e6d4/elements [39m[32m200[39m [90m74 ms - 12[39m
[35m[HTTP][39m [90m[39m
[35m[HTTP][39m [37m-->[39m [37mPOST[39m [37m/wd/hub/session/fde4cf4c-0d75-4298-9a42-f1e329d4e6d4/elements[39m
[35m[HTTP][39m [90m{"using":"xpath","value":"//hierarchy/android.widget.FrameLayout[1]/android.widget.LinearLayout[1]/android.widget.FrameLayout[1]/android.widget.LinearLayout[1]/android.widget.FrameLayout[1]/android.widget.FrameLayout[1]/android.view.ViewGroup[1]/android.view.ViewGroup[1]/android.view.ViewGroup[1]/android.view.ViewGroup[1]/android.view.ViewGroup[1]/android.view.ViewGroup[1]/android.view.ViewGroup[1]/android.view.ViewGroup[2]/android.widget.ImageView[1]"}[39m
[35m[HTTP][39m [37m<-- POST /wd/hub/session/fde4cf4c-0d75-4298-9a42-f1e329d4e6d4/elements [39m[32m200[39m [90m68 ms - 12[39m
[35m[HTTP][39m [90m[39m
[35m[HTTP][39m [37m-->[39m [37mPOST[39m [37m/wd/hub/session/fde4cf4c-0d75-4298-9a42-f1e329d4e6d4/elements[39m
[35m[HTTP][39m [90m{"using":"xpath","value":"//hierarchy/android.widget.FrameLayout[1]/android.widget.LinearLayout[1]/android.widget.FrameLayout[1]/android.widget.LinearLayout[1]/android.widget.FrameLayout[1]/android.widget.FrameLayout[1]/android.view.ViewGroup[1]/android.view.ViewGroup[1]/android.view.ViewGroup[1]/android.view.ViewGroup[1]/android.view.ViewGroup[1]/android.view.ViewGroup[1]/android.view.ViewGroup[1]/android.view.ViewGroup[2]/android.widget.ImageView[1]"}[39m
[35m[HTTP][39m [37m<-- POST /wd/hub/session/fde4cf4c-0d75-4298-9a42-f1e329d4e6d4/elements [39m[32m200[39m [90m57 ms - 12[39m
[35m[HTTP][39m [90m[39m
[35m[HTTP][39m [37m-->[39m [37mPOST[39m [37m/wd/hub/session/fde4cf4c-0d75-4298-9a42-f1e329d4e6d4/elements[39m
[35m[HTTP][39m [90m{"using":"xpath","value":"//hierarchy/android.widget.FrameLayout[1]/android.widget.LinearLayout[1]/android.widget.FrameLayout[1]/android.widget.LinearLayout[1]/android.widget.FrameLayout[1]/android.widget.FrameLayout[1]/android.view.ViewGroup[1]/android.view.ViewGroup[1]/android.view.ViewGroup[1]/android.view.ViewGroup[1]/android.view.ViewGroup[1]/android.view.ViewGroup[1]/android.view.ViewGroup[1]/android.view.ViewGroup[2]/android.widget.ImageView[1]"}[39m
[35m[HTTP][39m [37m<-- POST /wd/hub/session/fde4cf4c-0d75-4298-9a42-f1e329d4e6d4/elements [39m[32m200[39m [90m78 ms - 12[39m
[35m[HTTP][39m [90m[39m
[35m[HTTP][39m [37m-->[39m [37mPOST[39m [37m/wd/hub/session/fde4cf4c-0d75-4298-9a42-f1e329d4e6d4/elements[39m
[35m[HTTP][39m [90m{"using":"xpath","value":"//hierarchy/android.widget.FrameLayout[1]/android.widget.LinearLayout[1]/android.widget.FrameLayout[1]/android.widget.LinearLayout[1]/android.widget.FrameLayout[1]/android.widget.FrameLayout[1]/android.view.ViewGroup[1]/android.view.ViewGroup[1]/android.view.ViewGroup[1]/android.view.ViewGroup[1]/android.view.ViewGroup[1]/android.view.ViewGroup[1]/android.view.ViewGroup[1]/android.view.ViewGroup[2]/android.widget.ImageView[1]"}[39m
[35m[HTTP][39m [37m<-- POST /wd/hub/session/fde4cf4c-0d75-4298-9a42-f1e329d4e6d4/elements [39m[32m200[39m [90m72 ms - 12[39m
[35m[HTTP][39m [90m[39m
[35m[HTTP][39m [37m-->[39m [37mPOST[39m [37m/wd/hub/session/fde4cf4c-0d75-4298-9a42-f1e329d4e6d4/elements[39m
[35m[HTTP][39m [90m{"using":"xpath","value":"//hierarchy/android.widget.FrameLayout[1]/android.widget.LinearLayout[1]/android.widget.FrameLayout[1]/android.widget.LinearLayout[1]/android.widget.FrameLayout[1]/android.widget.FrameLayout[1]/android.view.ViewGroup[1]/android.view.ViewGroup[1]/android.view.ViewGroup[1]/android.view.ViewGroup[1]/android.view.ViewGroup[1]/android.view.ViewGroup[1]/android.view.ViewGroup[1]/android.view.ViewGroup[2]/android.widget.ImageView[1]"}[39m
[35m[HTTP][39m [37m<-- POST /wd/hub/session/fde4cf4c-0d75-4298-9a42-f1e329d4e6d4/elements [39m[32m200[39m [90m67 ms - 12[39m
[35m[HTTP][39m [90m[39m
[35m[HTTP][39m [37m-->[39m [37mPOST[39m [37m/wd/hub/session/fde4cf4c-0d75-4298-9a42-f1e329d4e6d4/elements[39m
[35m[HTTP][39m [90m{"using":"xpath","value":"//hierarchy/android.widget.FrameLayout[1]/android.widget.LinearLayout[1]/android.widget.FrameLayout[1]/android.widget.LinearLayout[1]/android.widget.FrameLayout[1]/android.widget.FrameLayout[1]/android.view.ViewGroup[1]/android.view.ViewGroup[1]/android.view.ViewGroup[1]/android.view.ViewGroup[1]/android.view.ViewGroup[1]/android.view.ViewGroup[1]/android.view.ViewGroup[1]/android.view.ViewGroup[2]/android.widget.ImageView[1]"}[39m
[35m[HTTP][39m [37m<-- POST /wd/hub/session/fde4cf4c-0d75-4298-9a42-f1e329d4e6d4/elements [39m[32m200[39m [90m71 ms - 12[39m
[35m[HTTP][39m [90m[39m
[35m[HTTP][39m [37m-->[39m [37mPOST[39m [37m/wd/hub/session/fde4cf4c-0d75-4298-9a42-f1e329d4e6d4/elements[39m
[35m[HTTP][39m [90m{"using":"xpath","value":"//hierarchy/android.widget.FrameLayout[1]/android.widget.LinearLayout[1]/android.widget.FrameLayout[1]/android.widget.LinearLayout[1]/android.widget.FrameLayout[1]/android.widget.FrameLayout[1]/android.view.ViewGroup[1]/android.view.ViewGroup[1]/android.view.ViewGroup[1]/android.view.ViewGroup[1]/android.view.ViewGroup[1]/android.view.ViewGroup[1]/android.view.ViewGroup[1]/android.view.ViewGroup[2]/android.widget.ImageView[1]"}[39m
[35m[HTTP][39m [37m<-- POST /wd/hub/session/fde4cf4c-0d75-4298-9a42-f1e329d4e6d4/elements [39m[32m200[39m [90m70 ms - 12[39m
[35m[HTTP][39m [90m[39m
[35m[HTTP][39m [37m-->[39m [37mPOST[39m [37m/wd/hub/session/fde4cf4c-0d75-4298-9a42-f1e329d4e6d4/elements[39m
[35m[HTTP][39m [90m{"using":"xpath","value":"//hierarchy/android.widget.FrameLayout[1]/android.widget.LinearLayout[1]/android.widget.FrameLayout[1]/android.widget.LinearLayout[1]/android.widget.FrameLayout[1]/android.widget.FrameLayout[1]/android.view.ViewGroup[1]/android.view.ViewGroup[1]/android.view.ViewGroup[1]/android.view.ViewGroup[1]/android.view.ViewGroup[1]/android.view.ViewGroup[1]/android.view.ViewGroup[1]/android.view.ViewGroup[2]/android.widget.ImageView[1]"}[39m
[35m[HTTP][39m [37m<-- POST /wd/hub/session/fde4cf4c-0d75-4298-9a42-f1e329d4e6d4/elements [39m[32m200[39m [90m80 ms - 12[39m
[35m[HTTP][39m [90m[39m
[35m[HTTP][39m [37m-->[39m [37mPOST[39m [37m/wd/hub/session/fde4cf4c-0d75-4298-9a42-f1e329d4e6d4/elements[39m
[35m[HTTP][39m [90m{"using":"xpath","value":"//hierarchy/android.widget.FrameLayout[1]/android.widget.LinearLayout[1]/android.widget.FrameLayout[1]/android.widget.LinearLayout[1]/android.widget.FrameLayout[1]/android.widget.FrameLayout[1]/android.view.ViewGroup[1]/android.view.ViewGroup[1]/android.view.ViewGroup[1]/android.view.ViewGroup[1]/android.view.ViewGroup[1]/android.view.ViewGroup[1]/android.view.ViewGroup[1]/android.view.ViewGroup[2]/android.widget.ImageView[1]"}[39m
[35m[HTTP][39m [37m<-- POST /wd/hub/session/fde4cf4c-0d75-4298-9a42-f1e329d4e6d4/elements [39m[32m200[39m [90m67 ms - 12[39m
[35m[HTTP][39m [90m[39m
[35m[HTTP][39m [37m-->[39m [37mPOST[39m [37m/wd/hub/session/fde4cf4c-0d75-4298-9a42-f1e329d4e6d4/elements[39m
[35m[HTTP][39m [90m{"using":"xpath","value":"//hierarchy/android.widget.FrameLayout[1]/android.widget.LinearLayout[1]/android.widget.FrameLayout[1]/android.widget.LinearLayout[1]/android.widget.FrameLayout[1]/android.widget.FrameLayout[1]/android.view.ViewGroup[1]/android.view.ViewGroup[1]/android.view.ViewGroup[1]/android.view.ViewGroup[1]/android.view.ViewGroup[1]/android.view.ViewGroup[1]/android.view.ViewGroup[1]/android.view.ViewGroup[2]/android.widget.ImageView[1]"}[39m
[35m[HTTP][39m [37m<-- POST /wd/hub/session/fde4cf4c-0d75-4298-9a42-f1e329d4e6d4/elements [39m[32m200[39m [90m58 ms - 12[39m
[35m[HTTP][39m [90m[39m
[35m[HTTP][39m [37m-->[39m [37mPOST[39m [37m/wd/hub/session/fde4cf4c-0d75-4298-9a42-f1e329d4e6d4/elements[39m
[35m[HTTP][39m [90m{"using":"xpath","value":"//hierarchy/android.widget.FrameLayout[1]/android.widget.LinearLayout[1]/android.widget.FrameLayout[1]/android.widget.LinearLayout[1]/android.widget.FrameLayout[1]/android.widget.FrameLayout[1]/android.view.ViewGroup[1]/android.view.ViewGroup[1]/android.view.ViewGroup[1]/android.view.ViewGroup[1]/android.view.ViewGroup[1]/android.view.ViewGroup[1]/android.view.ViewGroup[1]/android.view.ViewGroup[2]/android.widget.ImageView[1]"}[39m
[35m[HTTP][39m [37m<-- POST /wd/hub/session/fde4cf4c-0d75-4298-9a42-f1e329d4e6d4/elements [39m[32m200[39m [90m66 ms - 12[39m
[35m[HTTP][39m [90m[39m
[35m[HTTP][39m [37m-->[39m [37mPOST[39m [37m/wd/hub/session/fde4cf4c-0d75-4298-9a42-f1e329d4e6d4/elements[39m
[35m[HTTP][39m [90m{"using":"xpath","value":"//hierarchy/android.widget.FrameLayout[1]/android.widget.LinearLayout[1]/android.widget.FrameLayout[1]/android.widget.LinearLayout[1]/android.widget.FrameLayout[1]/android.widget.FrameLayout[1]/android.view.ViewGroup[1]/android.view.ViewGroup[1]/android.view.ViewGroup[1]/android.view.ViewGroup[1]/android.view.ViewGroup[1]/android.view.ViewGroup[1]/android.view.ViewGroup[1]/android.view.ViewGroup[2]/android.widget.ImageView[1]"}[39m
[35m[HTTP][39m [37m<-- POST /wd/hub/session/fde4cf4c-0d75-4298-9a42-f1e329d4e6d4/elements [39m[32m200[39m [90m60 ms - 12[39m
[35m[HTTP][39m [90m[39m
[35m[HTTP][39m [37m-->[39m [37mPOST[39m [37m/wd/hub/session/fde4cf4c-0d75-4298-9a42-f1e329d4e6d4/elements[39m
[35m[HTTP][39m [90m{"using":"xpath","value":"//hierarchy/android.widget.FrameLayout[1]/android.widget.LinearLayout[1]/android.widget.FrameLayout[1]/android.widget.LinearLayout[1]/android.widget.FrameLayout[1]/android.widget.FrameLayout[1]/android.view.ViewGroup[1]/android.view.ViewGroup[1]/android.view.ViewGroup[1]/android.view.ViewGroup[1]/android.view.ViewGroup[1]/android.view.ViewGroup[1]/android.view.ViewGroup[1]/android.view.ViewGroup[2]/android.widget.ImageView[1]"}[39m
[35m[HTTP][39m [37m<-- POST /wd/hub/session/fde4cf4c-0d75-4298-9a42-f1e329d4e6d4/elements [39m[32m200[39m [90m62 ms - 12[39m
[35m[HTTP][39m [90m[39m
[35m[HTTP][39m [37m-->[39m [37mPOST[39m [37m/wd/hub/session/fde4cf4c-0d75-4298-9a42-f1e329d4e6d4/elements[39m
[35m[HTTP][39m [90m{"using":"xpath","value":"//hierarchy/android.widget.FrameLayout[1]/android.widget.LinearLayout[1]/android.widget.FrameLayout[1]/android.widget.LinearLayout[1]/android.widget.FrameLayout[1]/android.widget.FrameLayout[1]/android.view.ViewGroup[1]/android.view.ViewGroup[1]/android.view.ViewGroup[1]/android.view.ViewGroup[1]/android.view.ViewGroup[1]/android.view.ViewGroup[1]/android.view.ViewGroup[1]/android.view.ViewGroup[2]/android.widget.ImageView[1]"}[39m
[35m[HTTP][39m [37m<-- POST /wd/hub/session/fde4cf4c-0d75-4298-9a42-f1e329d4e6d4/elements [39m[32m200[39m [90m81 ms - 12[39m
[35m[HTTP][39m [90m[39m
[35m[HTTP][39m [37m-->[39m [37mPOST[39m [37m/wd/hub/session/fde4cf4c-0d75-4298-9a42-f1e329d4e6d4/elements[39m
[35m[HTTP][39m [90m{"using":"xpath","value":"//hierarchy/android.widget.FrameLayout[1]/android.widget.LinearLayout[1]/android.widget.FrameLayout[1]/android.widget.LinearLayout[1]/android.widget.FrameLayout[1]/android.widget.FrameLayout[1]/android.view.ViewGroup[1]/android.view.ViewGroup[1]/android.view.ViewGroup[1]/android.view.ViewGroup[1]/android.view.ViewGroup[1]/android.view.ViewGroup[1]/android.view.ViewGroup[1]/android.view.ViewGroup[2]/android.widget.ImageView[1]"}[39m
[35m[HTTP][39m [37m<-- POST /wd/hub/session/fde4cf4c-0d75-4298-9a42-f1e329d4e6d4/elements [39m[32m200[39m [90m74 ms - 12[39m
[35m[HTTP][39m [90m[39m
[35m[HTTP][39m [37m-->[39m [37mPOST[39m [37m/wd/hub/session/fde4cf4c-0d75-4298-9a42-f1e329d4e6d4/elements[39m
[35m[HTTP][39m [90m{"using":"xpath","value":"//hierarchy/android.widget.FrameLayout[1]/android.widget.LinearLayout[1]/android.widget.FrameLayout[1]/android.widget.LinearLayout[1]/android.widget.FrameLayout[1]/android.widget.FrameLayout[1]/android.view.ViewGroup[1]/android.view.ViewGroup[1]/android.view.ViewGroup[1]/android.view.ViewGroup[1]/android.view.ViewGroup[1]/android.view.ViewGroup[1]/android.view.ViewGroup[1]/android.view.ViewGroup[2]/android.widget.ImageView[1]"}[39m
[35m[HTTP][39m [37m<-- POST /wd/hub/session/fde4cf4c-0d75-4298-9a42-f1e329d4e6d4/elements [39m[32m200[39m [90m84 ms - 12[39m
[35m[HTTP][39m [90m[39m
[35m[HTTP][39m [37m-->[39m [37mPOST[39m [37m/wd/hub/session/fde4cf4c-0d75-4298-9a42-f1e329d4e6d4/elements[39m
[35m[HTTP][39m [90m{"using":"xpath","value":"//hierarchy/android.widget.FrameLayout[1]/android.widget.LinearLayout[1]/android.widget.FrameLayout[1]/android.widget.LinearLayout[1]/android.widget.FrameLayout[1]/android.widget.FrameLayout[1]/android.view.ViewGroup[1]/android.view.ViewGroup[1]/android.view.ViewGroup[1]/android.view.ViewGroup[1]/android.view.ViewGroup[1]/android.view.ViewGroup[1]/android.view.ViewGroup[1]/android.view.ViewGroup[2]/android.widget.ImageView[1]"}[39m
[35m[HTTP][39m [37m<-- POST /wd/hub/session/fde4cf4c-0d75-4298-9a42-f1e329d4e6d4/elements [39m[32m200[39m [90m872 ms - 139[39m
[35m[HTTP][39m [90m[39m
[35m[HTTP][39m [37m-->[39m [37mGET[39m [37m/wd/hub/session/fde4cf4c-0d75-4298-9a42-f1e329d4e6d4/element/00000000-0000-0127-ffff-ffff00000014/location[39m
[35m[HTTP][39m [90m{}[39m
[35m[W3C (fde4cf4c)][39m Driver proxy active, passing request on via HTTP proxy
[35m[WD Proxy][39m Replacing sessionId 240cd9f6-d614-4c49-89e9-6a2998d2f82b with fde4cf4c-0d75-4298-9a42-f1e329d4e6d4
[35m[HTTP][39m [37m<-- GET /wd/hub/session/fde4cf4c-0d75-4298-9a42-f1e329d4e6d4/element/00000000-0000-0127-ffff-ffff00000014/location [39m[32m200[39m [90m25 ms - 78[39m
[35m[HTTP][39m [90m[39m
[35m[HTTP][39m [37m-->[39m [37mPOST[39m [37m/wd/hub/session/fde4cf4c-0d75-4298-9a42-f1e329d4e6d4/timeouts[39m
[35m[HTTP][39m [90m{"implicit":30000}[39m
[35m[HTTP][39m [37m<-- POST /wd/hub/session/fde4cf4c-0d75-4298-9a42-f1e329d4e6d4/timeouts [39m[32m200[39m [90m1 ms - 14[39m
[35m[HTTP][39m [90m[39m
[35m[HTTP][39m [37m-->[39m [37mPOST[39m [37m/wd/hub/session/fde4cf4c-0d75-4298-9a42-f1e329d4e6d4/timeouts[39m
[35m[HTTP][39m [90m{"implicit":50}[39m
[35m[HTTP][39m [37m<-- POST /wd/hub/session/fde4cf4c-0d75-4298-9a42-f1e329d4e6d4/timeouts [39m[32m200[39m [90m3 ms - 14[39m
[35m[HTTP][39m [90m[39m
[35m[HTTP][39m [37m-->[39m [37mGET[39m [37m/wd/hub/session/fde4cf4c-0d75-4298-9a42-f1e329d4e6d4/window/rect[39m
[35m[HTTP][39m [90m{}[39m
[35m[HTTP][39m [37m<-- GET /wd/hub/session/fde4cf4c-0d75-4298-9a42-f1e329d4e6d4/window/rect [39m[32m200[39m [90m23 ms - 50[39m
[35m[HTTP][39m [90m[39m
[35m[HTTP][39m [37m-->[39m [37mPOST[39m [37m/wd/hub/session/fde4cf4c-0d75-4298-9a42-f1e329d4e6d4/elements[39m
[35m[HTTP][39m [90m{"using":"xpath","value":"//*[@class = 'android.widget.TextView' and (@text = 'Spot The Perfect' or . = 'Spot The Perfect')]"}[39m
[35m[HTTP][39m [37m<-- POST /wd/hub/session/fde4cf4c-0d75-4298-9a42-f1e329d4e6d4/elements [39m[32m200[39m [90m199 ms - 139[39m
[35m[HTTP][39m [90m[39m
[35m[HTTP][39m [37m-->[39m [37mGET[39m [37m/wd/hub/session/fde4cf4c-0d75-4298-9a42-f1e329d4e6d4/element/00000000-0000-0127-ffff-ffff00000015/location[39m
[35m[HTTP][39m [90m{}[39m
[35m[W3C (fde4cf4c)][39m Driver proxy active, passing request on via HTTP proxy
[35m[WD Proxy][39m Replacing sessionId 240cd9f6-d614-4c49-89e9-6a2998d2f82b with fde4cf4c-0d75-4298-9a42-f1e329d4e6d4
[35m[HTTP][39m [37m<-- GET /wd/hub/session/fde4cf4c-0d75-4298-9a42-f1e329d4e6d4/element/00000000-0000-0127-ffff-ffff00000015/location [39m[32m200[39m [90m20 ms - 78[39m
[35m[HTTP][39m [90m[39m
[35m[HTTP][39m [37m-->[39m [37mPOST[39m [37m/wd/hub/session/fde4cf4c-0d75-4298-9a42-f1e329d4e6d4/timeouts[39m
[35m[HTTP][39m [90m{"implicit":30000}[39m
[35m[HTTP][39m [37m<-- POST /wd/hub/session/fde4cf4c-0d75-4298-9a42-f1e329d4e6d4/timeouts [39m[32m200[39m [90m1 ms - 14[39m
[35m[HTTP][39m [90m[39m
[35m[HTTP][39m [37m-->[39m [37mPOST[39m [37m/wd/hub/session/fde4cf4c-0d75-4298-9a42-f1e329d4e6d4/timeouts[39m
[35m[HTTP][39m [90m{"implicit":50}[39m
[35m[HTTP][39m [37m<-- POST /wd/hub/session/fde4cf4c-0d75-4298-9a42-f1e329d4e6d4/timeouts [39m[32m200[39m [90m1 ms - 14[39m
[35m[HTTP][39m [90m[39m
[35m[HTTP][39m [37m-->[39m [37mGET[39m [37m/wd/hub/session/fde4cf4c-0d75-4298-9a42-f1e329d4e6d4/window/rect[39m
[35m[HTTP][39m [90m{}[39m
[35m[HTTP][39m [37m<-- GET /wd/hub/session/fde4cf4c-0d75-4298-9a42-f1e329d4e6d4/window/rect [39m[32m200[39m [90m13 ms - 50[39m
[35m[HTTP][39m [90m[39m
[35m[HTTP][39m [37m-->[39m [37mPOST[39m [37m/wd/hub/session/fde4cf4c-0d75-4298-9a42-f1e329d4e6d4/elements[39m
[35m[HTTP][39m [90m{"using":"xpath","value":"//*[@class = 'android.widget.TextView' and (@text = 'Someone' or . = 'Someone')]"}[39m
[35m[HTTP][39m [37m<-- POST /wd/hub/session/fde4cf4c-0d75-4298-9a42-f1e329d4e6d4/elements [39m[32m200[39m [90m188 ms - 139[39m
[35m[HTTP][39m [90m[39m
[35m[HTTP][39m [37m-->[39m [37mGET[39m [37m/wd/hub/session/fde4cf4c-0d75-4298-9a42-f1e329d4e6d4/element/00000000-0000-0127-ffff-ffff00000016/location[39m
[35m[HTTP][39m [90m{}[39m
[35m[W3C (fde4cf4c)][39m Driver proxy active, passing request on via HTTP proxy
[35m[WD Proxy][39m Replacing sessionId 240cd9f6-d614-4c49-89e9-6a2998d2f82b with fde4cf4c-0d75-4298-9a42-f1e329d4e6d4
[35m[HTTP][39m [37m<-- GET /wd/hub/session/fde4cf4c-0d75-4298-9a42-f1e329d4e6d4/element/00000000-0000-0127-ffff-ffff00000016/location [39m[32m200[39m [90m25 ms - 78[39m
[35m[HTTP][39m [90m[39m
[35m[HTTP][39m [37m-->[39m [37mPOST[39m [37m/wd/hub/session/fde4cf4c-0d75-4298-9a42-f1e329d4e6d4/timeouts[39m
[35m[HTTP][39m [90m{"implicit":30000}[39m
[35m[HTTP][39m [37m<-- POST /wd/hub/session/fde4cf4c-0d75-4298-9a42-f1e329d4e6d4/timeouts [39m[32m200[39m [90m1 ms - 14[39m
[35m[HTTP][39m [90m[39m
[35m[HTTP][39m [37m-->[39m [37mPOST[39m [37m/wd/hub/session/fde4cf4c-0d75-4298-9a42-f1e329d4e6d4/timeouts[39m
[35m[HTTP][39m [90m{"implicit":50}[39m
[35m[HTTP][39m [37m<-- POST /wd/hub/session/fde4cf4c-0d75-4298-9a42-f1e329d4e6d4/timeouts [39m[32m200[39m [90m1 ms - 14[39m
[35m[HTTP][39m [90m[39m
[35m[HTTP][39m [37m-->[39m [37mGET[39m [37m/wd/hub/session/fde4cf4c-0d75-4298-9a42-f1e329d4e6d4/window/rect[39m
[35m[HTTP][39m [90m{}[39m
[35m[HTTP][39m [37m<-- GET /wd/hub/session/fde4cf4c-0d75-4298-9a42-f1e329d4e6d4/window/rect [39m[32m200[39m [90m14 ms - 50[39m
[35m[HTTP][39m [90m[39m
[35m[HTTP][39m [37m-->[39m [37mPOST[39m [37m/wd/hub/session/fde4cf4c-0d75-4298-9a42-f1e329d4e6d4/elements[39m
[35m[HTTP][39m [90m{"using":"xpath","value":"//*[@class = 'android.widget.TextView' and (@text = 'Find the person that checks all your\n boxes. ' or . = 'Find the person that checks all your\n boxes. ')]"}[39m
[35m[HTTP][39m [37m<-- POST /wd/hub/session/fde4cf4c-0d75-4298-9a42-f1e329d4e6d4/elements [39m[32m200[39m [90m167 ms - 139[39m
[35m[HTTP][39m [90m[39m
[35m[HTTP][39m [37m-->[39m [37mGET[39m [37m/wd/hub/session/fde4cf4c-0d75-4298-9a42-f1e329d4e6d4/element/00000000-0000-0127-ffff-ffff00000017/location[39m
[35m[HTTP][39m [90m{}[39m
[35m[W3C (fde4cf4c)][39m Driver proxy active, passing request on via HTTP proxy
[35m[WD Proxy][39m Replacing sessionId 240cd9f6-d614-4c49-89e9-6a2998d2f82b with fde4cf4c-0d75-4298-9a42-f1e329d4e6d4
[35m[HTTP][39m [37m<-- GET /wd/hub/session/fde4cf4c-0d75-4298-9a42-f1e329d4e6d4/element/00000000-0000-0127-ffff-ffff00000017/location [39m[32m200[39m [90m24 ms - 78[39m
[35m[HTTP][39m [90m[39m
[35m[HTTP][39m [37m-->[39m [37mPOST[39m [37m/wd/hub/session/fde4cf4c-0d75-4298-9a42-f1e329d4e6d4/timeouts[39m
[35m[HTTP][39m [90m{"implicit":30000}[39m
[35m[HTTP][39m [37m<-- POST /wd/hub/session/fde4cf4c-0d75-4298-9a42-f1e329d4e6d4/timeouts [39m[32m200[39m [90m1 ms - 14[39m
[35m[HTTP][39m [90m[39m
[35m[HTTP][39m [37m-->[39m [37mPOST[39m [37m/wd/hub/session/fde4cf4c-0d75-4298-9a42-f1e329d4e6d4/timeouts[39m
[35m[HTTP][39m [90m{"implicit":50}[39m
[35m[HTTP][39m [37m<-- POST /wd/hub/session/fde4cf4c-0d75-4298-9a42-f1e329d4e6d4/timeouts [39m[32m200[39m [90m1 ms - 14[39m
[35m[HTTP][39m [90m[39m
[35m[HTTP][39m [37m-->[39m [37mGET[39m [37m/wd/hub/session/fde4cf4c-0d75-4298-9a42-f1e329d4e6d4/window/rect[39m
[35m[HTTP][39m [90m{}[39m
[35m[HTTP][39m [37m<-- GET /wd/hub/session/fde4cf4c-0d75-4298-9a42-f1e329d4e6d4/window/rect [39m[32m200[39m [90m13 ms - 50[39m
[35m[HTTP][39m [90m[39m
[35m[HTTP][39m [37m-->[39m [37mPOST[39m [37m/wd/hub/session/fde4cf4c-0d75-4298-9a42-f1e329d4e6d4/elements[39m
[35m[HTTP][39m [90m{"using":"xpath","value":"//hierarchy/android.widget.FrameLayout[1]/android.widget.LinearLayout[1]/android.widget.FrameLayout[1]/android.widget.LinearLayout[1]/android.widget.FrameLayout[1]/android.widget.FrameLayout[1]/android.view.ViewGroup[1]/android.view.ViewGroup[1]/android.view.ViewGroup[1]/android.view.ViewGroup[1]/android.view.ViewGroup[1]/android.view.ViewGroup[1]/android.view.ViewGroup[1]/android.view.ViewGroup[2]/android.view.ViewGroup[1]"}[39m
[35m[HTTP][39m [37m<-- POST /wd/hub/session/fde4cf4c-0d75-4298-9a42-f1e329d4e6d4/elements [39m[32m200[39m [90m154 ms - 139[39m
[35m[HTTP][39m [90m[39m
[35m[HTTP][39m [37m-->[39m [37mGET[39m [37m/wd/hub/session/fde4cf4c-0d75-4298-9a42-f1e329d4e6d4/element/00000000-0000-0127-ffff-ffff00000018/location[39m
[35m[HTTP][39m [90m{}[39m
[35m[W3C (fde4cf4c)][39m Driver proxy active, passing request on via HTTP proxy
[35m[WD Proxy][39m Replacing sessionId 240cd9f6-d614-4c49-89e9-6a2998d2f82b with fde4cf4c-0d75-4298-9a42-f1e329d4e6d4
[35m[HTTP][39m [37m<-- GET /wd/hub/session/fde4cf4c-0d75-4298-9a42-f1e329d4e6d4/element/00000000-0000-0127-ffff-ffff00000018/location [39m[32m200[39m [90m21 ms - 77[39m
[35m[HTTP][39m [90m[39m
[35m[HTTP][39m [37m-->[39m [37mPOST[39m [37m/wd/hub/session/fde4cf4c-0d75-4298-9a42-f1e329d4e6d4/timeouts[39m
[35m[HTTP][39m [90m{"implicit":30000}[39m
[35m[HTTP][39m [37m<-- POST /wd/hub/session/fde4cf4c-0d75-4298-9a42-f1e329d4e6d4/timeouts [39m[32m200[39m [90m1 ms - 14[39m
[35m[HTTP][39m [90m[39m
[35m[HTTP][39m [37m-->[39m [37mPOST[39m [37m/wd/hub/session/fde4cf4c-0d75-4298-9a42-f1e329d4e6d4/timeouts[39m
[35m[HTTP][39m [90m{"implicit":50}[39m
[35m[HTTP][39m [37m<-- POST /wd/hub/session/fde4cf4c-0d75-4298-9a42-f1e329d4e6d4/timeouts [39m[32m200[39m [90m1 ms - 14[39m
[35m[HTTP][39m [90m[39m
[35m[HTTP][39m [37m-->[39m [37mGET[39m [37m/wd/hub/session/fde4cf4c-0d75-4298-9a42-f1e329d4e6d4/window/rect[39m
[35m[HTTP][39m [90m{}[39m
[35m[HTTP][39m [37m<-- GET /wd/hub/session/fde4cf4c-0d75-4298-9a42-f1e329d4e6d4/window/rect [39m[32m200[39m [90m12 ms - 50[39m
[35m[HTTP][39m [90m[39m
[35m[HTTP][39m [37m-->[39m [37mPOST[39m [37m/wd/hub/session/fde4cf4c-0d75-4298-9a42-f1e329d4e6d4/elements[39m
[35m[HTTP][39m [90m{"using":"xpath","value":"//*[@class = 'android.widget.TextView' and (@text = 'Continue' or . = 'Continue')]"}[39m
[35m[HTTP][39m [37m<-- POST /wd/hub/session/fde4cf4c-0d75-4298-9a42-f1e329d4e6d4/elements [39m[32m200[39m [90m118 ms - 139[39m
[35m[HTTP][39m [90m[39m
[35m[HTTP][39m [37m-->[39m [37mGET[39m [37m/wd/hub/session/fde4cf4c-0d75-4298-9a42-f1e329d4e6d4/element/00000000-0000-0127-ffff-ffff0000001c/location[39m
[35m[HTTP][39m [90m{}[39m
[35m[W3C (fde4cf4c)][39m Driver proxy active, passing request on via HTTP proxy
[35m[WD Proxy][39m Replacing sessionId 240cd9f6-d614-4c49-89e9-6a2998d2f82b with fde4cf4c-0d75-4298-9a42-f1e329d4e6d4
[35m[HTTP][39m [37m<-- GET /wd/hub/session/fde4cf4c-0d75-4298-9a42-f1e329d4e6d4/element/00000000-0000-0127-ffff-ffff0000001c/location [39m[32m200[39m [90m22 ms - 79[39m
[35m[HTTP][39m [90m[39m
[35m[HTTP][39m [37m-->[39m [37mPOST[39m [37m/wd/hub/session/fde4cf4c-0d75-4298-9a42-f1e329d4e6d4/timeouts[39m
[35m[HTTP][39m [90m{"implicit":30000}[39m
[35m[HTTP][39m [37m<-- POST /wd/hub/session/fde4cf4c-0d75-4298-9a42-f1e329d4e6d4/timeouts [39m[32m200[39m [90m1 ms - 14[39m
[35m[HTTP][39m [90m[39m
[35m[HTTP][39m [37m-->[39m [37mPOST[39m [37m/wd/hub/session/fde4cf4c-0d75-4298-9a42-f1e329d4e6d4/element[39m
[35m[HTTP][39m [90m{"using":"xpath","value":"//*[@class = 'android.widget.TextView' and (@text = 'Continue' or . = 'Continue')]"}[39m
[35m[HTTP][39m [37m<-- POST /wd/hub/session/fde4cf4c-0d75-4298-9a42-f1e329d4e6d4/element [39m[32m200[39m [90m193 ms - 137[39m
[35m[HTTP][39m [90m[39m
[35m[HTTP][39m [37m-->[39m [37mPOST[39m [37m/wd/hub/session/fde4cf4c-0d75-4298-9a42-f1e329d4e6d4/element/00000000-0000-0127-ffff-ffff0000001c/click[39m
[35m[HTTP][39m [90m{"id":"00000000-0000-0127-ffff-ffff0000001c"}[39m
[35m[HTTP][39m [37m<-- POST /wd/hub/session/fde4cf4c-0d75-4298-9a42-f1e329d4e6d4/element/00000000-0000-0127-ffff-ffff0000001c/click [39m[32m200[39m [90m72 ms - 14[39m
[35m[HTTP][39m [90m[39m
[35m[HTTP][39m [37m-->[39m [37mPOST[39m [37m/wd/hub/session/fde4cf4c-0d75-4298-9a42-f1e329d4e6d4/timeouts[39m
[35m[HTTP][39m [90m{"implicit":50}[39m
[35m[HTTP][39m [37m<-- POST /wd/hub/session/fde4cf4c-0d75-4298-9a42-f1e329d4e6d4/timeouts [39m[32m200[39m [90m1 ms - 14[39m
[35m[HTTP][39m [90m[39m
[35m[HTTP][39m [37m-->[39m [37mGET[39m [37m/wd/hub/session/fde4cf4c-0d75-4298-9a42-f1e329d4e6d4/window/rect[39m
[35m[HTTP][39m [90m{}[39m
[35m[HTTP][39m [37m<-- GET /wd/hub/session/fde4cf4c-0d75-4298-9a42-f1e329d4e6d4/window/rect [39m[32m200[39m [90m13 ms - 50[39m
[35m[HTTP][39m [90m[39m
[35m[HTTP][39m [37m-->[39m [37mPOST[39m [37m/wd/hub/session/fde4cf4c-0d75-4298-9a42-f1e329d4e6d4/elements[39m
[35m[HTTP][39m [90m{"using":"xpath","value":"//*[@class = 'android.widget.TextView' and (@text = 'Make a Match With' or . = 'Make a Match With')]"}[39m
[35m[HTTP][39m [37m<-- POST /wd/hub/session/fde4cf4c-0d75-4298-9a42-f1e329d4e6d4/elements [39m[32m200[39m [90m144 ms - 12[39m
[35m[HTTP][39m [90m[39m
[35m[HTTP][39m [37m-->[39m [37mPOST[39m [37m/wd/hub/session/fde4cf4c-0d75-4298-9a42-f1e329d4e6d4/elements[39m
[35m[HTTP][39m [90m{"using":"xpath","value":"//*[@class = 'android.widget.TextView' and (@text = 'Make a Match With' or . = 'Make a Match With')]"}[39m
[35m[HTTP][39m [37m<-- POST /wd/hub/session/fde4cf4c-0d75-4298-9a42-f1e329d4e6d4/elements [39m[32m200[39m [90m86 ms - 12[39m
[35m[HTTP][39m [90m[39m
[35m[HTTP][39m [37m-->[39m [37mPOST[39m [37m/wd/hub/session/fde4cf4c-0d75-4298-9a42-f1e329d4e6d4/elements[39m
[35m[HTTP][39m [90m{"using":"xpath","value":"//*[@class = 'android.widget.TextView' and (@text = 'Make a Match With' or . = 'Make a Match With')]"}[39m
[35m[HTTP][39m [37m<-- POST /wd/hub/session/fde4cf4c-0d75-4298-9a42-f1e329d4e6d4/elements [39m[32m200[39m [90m126 ms - 12[39m
[35m[HTTP][39m [90m[39m
[35m[HTTP][39m [37m-->[39m [37mPOST[39m [37m/wd/hub/session/fde4cf4c-0d75-4298-9a42-f1e329d4e6d4/elements[39m
[35m[HTTP][39m [90m{"using":"xpath","value":"//*[@class = 'android.widget.TextView' and (@text = 'Make a Match With' or . = 'Make a Match With')]"}[39m
[35m[HTTP][39m [37m<-- POST /wd/hub/session/fde4cf4c-0d75-4298-9a42-f1e329d4e6d4/elements [39m[32m200[39m [90m920 ms - 139[39m
[35m[HTTP][39m [90m[39m
[35m[HTTP][39m [37m-->[39m [37mGET[39m [37m/wd/hub/session/fde4cf4c-0d75-4298-9a42-f1e329d4e6d4/element/00000000-0000-0127-ffff-ffff00000029/location[39m
[35m[HTTP][39m [90m{}[39m
[35m[W3C (fde4cf4c)][39m Driver proxy active, passing request on via HTTP proxy
[35m[WD Proxy][39m Replacing sessionId 240cd9f6-d614-4c49-89e9-6a2998d2f82b with fde4cf4c-0d75-4298-9a42-f1e329d4e6d4
[35m[HTTP][39m [37m<-- GET /wd/hub/session/fde4cf4c-0d75-4298-9a42-f1e329d4e6d4/element/00000000-0000-0127-ffff-ffff00000029/location [39m[32m200[39m [90m25 ms - 78[39m
[35m[HTTP][39m [90m[39m
[35m[HTTP][39m [37m-->[39m [37mPOST[39m [37m/wd/hub/session/fde4cf4c-0d75-4298-9a42-f1e329d4e6d4/timeouts[39m
[35m[HTTP][39m [90m{"implicit":30000}[39m
[35m[HTTP][39m [37m<-- POST /wd/hub/session/fde4cf4c-0d75-4298-9a42-f1e329d4e6d4/timeouts [39m[32m200[39m [90m1 ms - 14[39m
[35m[HTTP][39m [90m[39m
[35m[HTTP][39m [37m-->[39m [37mPOST[39m [37m/wd/hub/session/fde4cf4c-0d75-4298-9a42-f1e329d4e6d4/timeouts[39m
[35m[HTTP][39m [90m{"implicit":50}[39m
[35m[HTTP][39m [37m<-- POST /wd/hub/session/fde4cf4c-0d75-4298-9a42-f1e329d4e6d4/timeouts [39m[32m200[39m [90m1 ms - 14[39m
[35m[HTTP][39m [90m[39m
[35m[HTTP][39m [37m-->[39m [37mGET[39m [37m/wd/hub/session/fde4cf4c-0d75-4298-9a42-f1e329d4e6d4/window/rect[39m
[35m[HTTP][39m [90m{}[39m
[35m[HTTP][39m [37m<-- GET /wd/hub/session/fde4cf4c-0d75-4298-9a42-f1e329d4e6d4/window/rect [39m[32m200[39m [90m13 ms - 50[39m
[35m[HTTP][39m [90m[39m
[35m[HTTP][39m [37m-->[39m [37mPOST[39m [37m/wd/hub/session/fde4cf4c-0d75-4298-9a42-f1e329d4e6d4/elements[39m
[35m[HTTP][39m [90m{"using":"xpath","value":"//*[@class = 'android.widget.TextView' and (@text = '' or . = '')]"}[39m
[35m[HTTP][39m [37m<-- POST /wd/hub/session/fde4cf4c-0d75-4298-9a42-f1e329d4e6d4/elements [39m[32m200[39m [90m215 ms - 139[39m
[35m[HTTP][39m [90m[39m
[35m[HTTP][39m [37m-->[39m [37mGET[39m [37m/wd/hub/session/fde4cf4c-0d75-4298-9a42-f1e329d4e6d4/element/00000000-0000-0127-ffff-ffff0000003a/location[39m
[35m[HTTP][39m [90m{}[39m
[35m[W3C (fde4cf4c)][39m Driver proxy active, passing request on via HTTP proxy
[35m[WD Proxy][39m Replacing sessionId 240cd9f6-d614-4c49-89e9-6a2998d2f82b with fde4cf4c-0d75-4298-9a42-f1e329d4e6d4
[35m[HTTP][39m [37m<-- GET /wd/hub/session/fde4cf4c-0d75-4298-9a42-f1e329d4e6d4/element/00000000-0000-0127-ffff-ffff0000003a/location [39m[32m200[39m [90m24 ms - 77[39m
[35m[HTTP][39m [90m[39m
[35m[HTTP][39m [37m-->[39m [37mPOST[39m [37m/wd/hub/session/fde4cf4c-0d75-4298-9a42-f1e329d4e6d4/timeouts[39m
[35m[HTTP][39m [90m{"implicit":30000}[39m
[35m[HTTP][39m [37m<-- POST /wd/hub/session/fde4cf4c-0d75-4298-9a42-f1e329d4e6d4/timeouts [39m[32m200[39m [90m1 ms - 14[39m
[35m[HTTP][39m [90m[39m
[35m[HTTP][39m [37m-->[39m [37mPOST[39m [37m/wd/hub/session/fde4cf4c-0d75-4298-9a42-f1e329d4e6d4/element[39m
[35m[HTTP][39m [90m{"using":"xpath","value":"//*[@class = 'android.widget.TextView' and (@text = '' or . = '')]"}[39m
[35m[HTTP][39m [37m<-- POST /wd/hub/session/fde4cf4c-0d75-4298-9a42-f1e329d4e6d4/element [39m[32m200[39m [90m167 ms - 137[39m
[35m[HTTP][39m [90m[39m
[35m[HTTP][39m [37m-->[39m [37mPOST[39m [37m/wd/hub/session/fde4cf4c-0d75-4298-9a42-f1e329d4e6d4/element/00000000-0000-0127-ffff-ffff0000003a/click[39m
[35m[HTTP][39m [90m{"id":"00000000-0000-0127-ffff-ffff0000003a"}[39m
[35m[HTTP][39m [37m<-- POST /wd/hub/session/fde4cf4c-0d75-4298-9a42-f1e329d4e6d4/element/00000000-0000-0127-ffff-ffff0000003a/click [39m[32m200[39m [90m74 ms - 14[39m
[35m[HTTP][39m [90m[39m
[35m[HTTP][39m [37m-->[39m [37mPOST[39m [37m/wd/hub/session/fde4cf4c-0d75-4298-9a42-f1e329d4e6d4/timeouts[39m
[35m[HTTP][39m [90m{"implicit":50}[39m
[35m[HTTP][39m [37m<-- POST /wd/hub/session/fde4cf4c-0d75-4298-9a42-f1e329d4e6d4/timeouts [39m[32m200[39m [90m1 ms - 14[39m
[35m[HTTP][39m [90m[39m
[35m[HTTP][39m [37m-->[39m [37mGET[39m [37m/wd/hub/session/fde4cf4c-0d75-4298-9a42-f1e329d4e6d4/window/rect[39m
[35m[HTTP][39m [90m{}[39m
[35m[HTTP][39m [37m<-- GET /wd/hub/session/fde4cf4c-0d75-4298-9a42-f1e329d4e6d4/window/rect [39m[32m200[39m [90m12 ms - 50[39m
[35m[HTTP][39m [90m[39m
[35m[HTTP][39m [37m-->[39m [37mPOST[39m [37m/wd/hub/session/fde4cf4c-0d75-4298-9a42-f1e329d4e6d4/elements[39m
[35m[HTTP][39m [90m{"using":"xpath","value":"//*[@class = 'android.widget.TextView' and (@text = 'Find the person that checks all your\n boxes. ' or . = 'Find the person that checks all your\n boxes. ')]"}[39m
[35m[HTTP][39m [37m<-- POST /wd/hub/session/fde4cf4c-0d75-4298-9a42-f1e329d4e6d4/elements [39m[32m200[39m [90m149 ms - 12[39m
[35m[HTTP][39m [90m[39m
[35m[HTTP][39m [37m-->[39m [37mPOST[39m [37m/wd/hub/session/fde4cf4c-0d75-4298-9a42-f1e329d4e6d4/elements[39m
[35m[HTTP][39m [90m{"using":"xpath","value":"//*[@class = 'android.widget.TextView' and (@text = 'Find the person that checks all your\n boxes. ' or . = 'Find the person that checks all your\n boxes. ')]"}[39m
[35m[HTTP][39m [37m<-- POST /wd/hub/session/fde4cf4c-0d75-4298-9a42-f1e329d4e6d4/elements [39m[32m200[39m [90m448 ms - 139[39m
[35m[HTTP][39m [90m[39m
[35m[HTTP][39m [37m-->[39m [37mGET[39m [37m/wd/hub/session/fde4cf4c-0d75-4298-9a42-f1e329d4e6d4/element/00000000-0000-0127-ffff-ffff00000017/location[39m
[35m[HTTP][39m [90m{}[39m
[35m[W3C (fde4cf4c)][39m Driver proxy active, passing request on via HTTP proxy
[35m[WD Proxy][39m Replacing sessionId 240cd9f6-d614-4c49-89e9-6a2998d2f82b with fde4cf4c-0d75-4298-9a42-f1e329d4e6d4
[35m[HTTP][39m [37m<-- GET /wd/hub/session/fde4cf4c-0d75-4298-9a42-f1e329d4e6d4/element/00000000-0000-0127-ffff-ffff00000017/location [39m[32m200[39m [90m584 ms - 78[39m
[35m[HTTP][39m [90m[39m
[35m[HTTP][39m [37m-->[39m [37mPOST[39m [37m/wd/hub/session/fde4cf4c-0d75-4298-9a42-f1e329d4e6d4/timeouts[39m
[35m[HTTP][39m [90m{"implicit":30000}[39m
[35m[HTTP][39m [37m<-- POST /wd/hub/session/fde4cf4c-0d75-4298-9a42-f1e329d4e6d4/timeouts [39m[32m200[39m [90m1 ms - 14[39m
[35m[HTTP][39m [90m[39m
[35m[HTTP][39m [37m-->[39m [37mPOST[39m [37m/wd/hub/session/fde4cf4c-0d75-4298-9a42-f1e329d4e6d4/timeouts[39m
[35m[HTTP][39m [90m{"implicit":50}[39m
[35m[HTTP][39m [37m<-- POST /wd/hub/session/fde4cf4c-0d75-4298-9a42-f1e329d4e6d4/timeouts [39m[32m200[39m [90m1 ms - 14[39m
[35m[HTTP][39m [90m[39m
[35m[HTTP][39m [37m-->[39m [37mGET[39m [37m/wd/hub/session/fde4cf4c-0d75-4298-9a42-f1e329d4e6d4/window/rect[39m
[35m[HTTP][39m [90m{}[39m
[35m[HTTP][39m [37m<-- GET /wd/hub/session/fde4cf4c-0d75-4298-9a42-f1e329d4e6d4/window/rect [39m[32m200[39m [90m17 ms - 50[39m
[35m[HTTP][39m [90m[39m
[35m[HTTP][39m [37m-->[39m [37mPOST[39m [37m/wd/hub/session/fde4cf4c-0d75-4298-9a42-f1e329d4e6d4/elements[39m
[35m[HTTP][39m [90m{"using":"xpath","value":"//*[@class = 'android.widget.TextView' and (@text = 'Continue' or . = 'Continue')]"}[39m
[35m[HTTP][39m [37m<-- POST /wd/hub/session/fde4cf4c-0d75-4298-9a42-f1e329d4e6d4/elements [39m[32m200[39m [90m128 ms - 139[39m
[35m[HTTP][39m [90m[39m
[35m[HTTP][39m [37m-->[39m [37mGET[39m [37m/wd/hub/session/fde4cf4c-0d75-4298-9a42-f1e329d4e6d4/element/00000000-0000-0127-ffff-ffff0000001c/location[39m
[35m[HTTP][39m [90m{}[39m
[35m[W3C (fde4cf4c)][39m Driver proxy active, passing request on via HTTP proxy
[35m[WD Proxy][39m Replacing sessionId 240cd9f6-d614-4c49-89e9-6a2998d2f82b with fde4cf4c-0d75-4298-9a42-f1e329d4e6d4
[35m[HTTP][39m [37m<-- GET /wd/hub/session/fde4cf4c-0d75-4298-9a42-f1e329d4e6d4/element/00000000-0000-0127-ffff-ffff0000001c/location [39m[32m200[39m [90m19 ms - 79[39m
[35m[HTTP][39m [90m[39m
[35m[HTTP][39m [37m-->[39m [37mPOST[39m [37m/wd/hub/session/fde4cf4c-0d75-4298-9a42-f1e329d4e6d4/timeouts[39m
[35m[HTTP][39m [90m{"implicit":30000}[39m
[35m[HTTP][39m [37m<-- POST /wd/hub/session/fde4cf4c-0d75-4298-9a42-f1e329d4e6d4/timeouts [39m[32m200[39m [90m1 ms - 14[39m
[35m[HTTP][39m [90m[39m
[35m[HTTP][39m [37m-->[39m [37mPOST[39m [37m/wd/hub/session/fde4cf4c-0d75-4298-9a42-f1e329d4e6d4/element[39m
[35m[HTTP][39m [90m{"using":"xpath","value":"//*[@class = 'android.widget.TextView' and (@text = 'Continue' or . = 'Continue')]"}[39m
[35m[HTTP][39m [37m<-- POST /wd/hub/session/fde4cf4c-0d75-4298-9a42-f1e329d4e6d4/element [39m[32m200[39m [90m119 ms - 137[39m
[35m[HTTP][39m [90m[39m
[35m[HTTP][39m [37m-->[39m [37mPOST[39m [37m/wd/hub/session/fde4cf4c-0d75-4298-9a42-f1e329d4e6d4/element/00000000-0000-0127-ffff-ffff0000001c/click[39m
[35m[HTTP][39m [90m{"id":"00000000-0000-0127-ffff-ffff0000001c"}[39m
[35m[HTTP][39m [37m<-- POST /wd/hub/session/fde4cf4c-0d75-4298-9a42-f1e329d4e6d4/element/00000000-0000-0127-ffff-ffff0000001c/click [39m[32m200[39m [90m57 ms - 14[39m
[35m[HTTP][39m [90m[39m
[35m[HTTP][39m [37m-->[39m [37mPOST[39m [37m/wd/hub/session/fde4cf4c-0d75-4298-9a42-f1e329d4e6d4/timeouts[39m
[35m[HTTP][39m [90m{"implicit":50}[39m
[35m[HTTP][39m [37m<-- POST /wd/hub/session/fde4cf4c-0d75-4298-9a42-f1e329d4e6d4/timeouts [39m[32m200[39m [90m1 ms - 14[39m
[35m[HTTP][39m [90m[39m
[35m[HTTP][39m [37m-->[39m [37mGET[39m [37m/wd/hub/session/fde4cf4c-0d75-4298-9a42-f1e329d4e6d4/window/rect[39m
[35m[HTTP][39m [90m{}[39m
[35m[HTTP][39m [37m<-- GET /wd/hub/session/fde4cf4c-0d75-4298-9a42-f1e329d4e6d4/window/rect [39m[32m200[39m [90m13 ms - 50[39m
[35m[HTTP][39m [90m[39m
[35m[HTTP][39m [37m-->[39m [37mPOST[39m [37m/wd/hub/session/fde4cf4c-0d75-4298-9a42-f1e329d4e6d4/elements[39m
[35m[HTTP][39m [90m{"using":"xpath","value":"//*[@class = 'android.widget.TextView' and (@text = 'Make a Match With' or . = 'Make a Match With')]"}[39m
[35m[HTTP][39m [37m<-- POST /wd/hub/session/fde4cf4c-0d75-4298-9a42-f1e329d4e6d4/elements [39m[32m200[39m [90m150 ms - 12[39m
[35m[HTTP][39m [90m[39m
[35m[HTTP][39m [37m-->[39m [37mPOST[39m [37m/wd/hub/session/fde4cf4c-0d75-4298-9a42-f1e329d4e6d4/elements[39m
[35m[HTTP][39m [90m{"using":"xpath","value":"//*[@class = 'android.widget.TextView' and (@text = 'Make a Match With' or . = 'Make a Match With')]"}[39m
[35m[HTTP][39m [37m<-- POST /wd/hub/session/fde4cf4c-0d75-4298-9a42-f1e329d4e6d4/elements [39m[32m200[39m [90m108 ms - 12[39m
[35m[HTTP][39m [90m[39m
[35m[HTTP][39m [37m-->[39m [37mPOST[39m [37m/wd/hub/session/fde4cf4c-0d75-4298-9a42-f1e329d4e6d4/elements[39m
[35m[HTTP][39m [90m{"using":"xpath","value":"//*[@class = 'android.widget.TextView' and (@text = 'Make a Match With' or . = 'Make a Match With')]"}[39m
[35m[HTTP][39m [37m<-- POST /wd/hub/session/fde4cf4c-0d75-4298-9a42-f1e329d4e6d4/elements [39m[32m200[39m [90m970 ms - 139[39m
[35m[HTTP][39m [90m[39m
[35m[HTTP][39m [37m-->[39m [37mGET[39m [37m/wd/hub/session/fde4cf4c-0d75-4298-9a42-f1e329d4e6d4/element/00000000-0000-0127-ffff-ffff00000042/location[39m
[35m[HTTP][39m [90m{}[39m
[35m[W3C (fde4cf4c)][39m Driver proxy active, passing request on via HTTP proxy
[35m[WD Proxy][39m Replacing sessionId 240cd9f6-d614-4c49-89e9-6a2998d2f82b with fde4cf4c-0d75-4298-9a42-f1e329d4e6d4
[35m[HTTP][39m [37m<-- GET /wd/hub/session/fde4cf4c-0d75-4298-9a42-f1e329d4e6d4/element/00000000-0000-0127-ffff-ffff00000042/location [39m[32m200[39m [90m24 ms - 78[39m
[35m[HTTP][39m [90m[39m
[35m[HTTP][39m [37m-->[39m [37mPOST[39m [37m/wd/hub/session/fde4cf4c-0d75-4298-9a42-f1e329d4e6d4/timeouts[39m
[35m[HTTP][39m [90m{"implicit":30000}[39m
[35m[HTTP][39m [37m<-- POST /wd/hub/session/fde4cf4c-0d75-4298-9a42-f1e329d4e6d4/timeouts [39m[32m200[39m [90m1 ms - 14[39m
[35m[HTTP][39m [90m[39m
[35m[HTTP][39m [37m-->[39m [37mPOST[39m [37m/wd/hub/session/fde4cf4c-0d75-4298-9a42-f1e329d4e6d4/timeouts[39m
[35m[HTTP][39m [90m{"implicit":50}[39m
[35m[HTTP][39m [37m<-- POST /wd/hub/session/fde4cf4c-0d75-4298-9a42-f1e329d4e6d4/timeouts [39m[32m200[39m [90m1 ms - 14[39m
[35m[HTTP][39m [90m[39m
[35m[HTTP][39m [37m-->[39m [37mGET[39m [37m/wd/hub/session/fde4cf4c-0d75-4298-9a42-f1e329d4e6d4/window/rect[39m
[35m[HTTP][39m [90m{}[39m
[35m[HTTP][39m [37m<-- GET /wd/hub/session/fde4cf4c-0d75-4298-9a42-f1e329d4e6d4/window/rect [39m[32m200[39m [90m14 ms - 50[39m
[35m[HTTP][39m [90m[39m
[35m[HTTP][39m [37m-->[39m [37mPOST[39m [37m/wd/hub/session/fde4cf4c-0d75-4298-9a42-f1e329d4e6d4/elements[39m
[35m[HTTP][39m [90m{"using":"xpath","value":"//*[@class = 'android.widget.TextView' and (@text = 'Your Soulmate' or . = 'Your Soulmate')]"}[39m
[35m[HTTP][39m [37m<-- POST /wd/hub/session/fde4cf4c-0d75-4298-9a42-f1e329d4e6d4/elements [39m[32m200[39m [90m159 ms - 139[39m
[35m[HTTP][39m [90m[39m
[35m[HTTP][39m [37m-->[39m [37mGET[39m [37m/wd/hub/session/fde4cf4c-0d75-4298-9a42-f1e329d4e6d4/element/00000000-0000-0127-ffff-ffff00000043/location[39m
[35m[HTTP][39m [90m{}[39m
[35m[W3C (fde4cf4c)][39m Driver proxy active, passing request on via HTTP proxy
[35m[WD Proxy][39m Replacing sessionId 240cd9f6-d614-4c49-89e9-6a2998d2f82b with fde4cf4c-0d75-4298-9a42-f1e329d4e6d4
[35m[HTTP][39m [37m<-- GET /wd/hub/session/fde4cf4c-0d75-4298-9a42-f1e329d4e6d4/element/00000000-0000-0127-ffff-ffff00000043/location [39m[32m200[39m [90m25 ms - 78[39m
[35m[HTTP][39m [90m[39m
[35m[HTTP][39m [37m-->[39m [37mPOST[39m [37m/wd/hub/session/fde4cf4c-0d75-4298-9a42-f1e329d4e6d4/timeouts[39m
[35m[HTTP][39m [90m{"implicit":30000}[39m
[35m[HTTP][39m [37m<-- POST /wd/hub/session/fde4cf4c-0d75-4298-9a42-f1e329d4e6d4/timeouts [39m[32m200[39m [90m1 ms - 14[39m
[35m[HTTP][39m [90m[39m
[35m[HTTP][39m [37m-->[39m [37mPOST[39m [37m/wd/hub/session/fde4cf4c-0d75-4298-9a42-f1e329d4e6d4/timeouts[39m
[35m[HTTP][39m [90m{"implicit":50}[39m
[35m[HTTP][39m [37m<-- POST /wd/hub/session/fde4cf4c-0d75-4298-9a42-f1e329d4e6d4/timeouts [39m[32m200[39m [90m1 ms - 14[39m
[35m[HTTP][39m [90m[39m
[35m[HTTP][39m [37m-->[39m [37mGET[39m [37m/wd/hub/session/fde4cf4c-0d75-4298-9a42-f1e329d4e6d4/window/rect[39m
[35m[HTTP][39m [90m{}[39m
[35m[HTTP][39m [37m<-- GET /wd/hub/session/fde4cf4c-0d75-4298-9a42-f1e329d4e6d4/window/rect [39m[32m200[39m [90m13 ms - 50[39m
[35m[HTTP][39m [90m[39m
[35m[HTTP][39m [37m-->[39m [37mPOST[39m [37m/wd/hub/session/fde4cf4c-0d75-4298-9a42-f1e329d4e6d4/elements[39m
[35m[HTTP][39m [90m{"using":"xpath","value":"//*[@class = 'android.widget.TextView' and (@text = concat(\"It\" , \"'\" , \"s a match when someone likes you\nback.\") or . = concat(\"It\" , \"'\" , \"s a match when someone likes you\nback.\"))]"}[39m
[35m[HTTP][39m [37m<-- POST /wd/hub/session/fde4cf4c-0d75-4298-9a42-f1e329d4e6d4/elements [39m[32m200[39m [90m202 ms - 139[39m
[35m[HTTP][39m [90m[39m
