[35m[Appium][39m Welcome to Appium v1.22.3
[35m[Appium][39m Non-default server args:
[35m[Appium][39m   port: 64289
[35m[Appium][39m   loglevel: info
[35m[Appium][39m   tmpDir: /var/folders/1v/3_56wbt90zbb48qtwvw1bry40000gn/T//Katalon/Appium/Temp1675435318500
[35m[Appium][39m   chromedriverPort: 64294
[35m[Appium][39m Deprecated server args:
[35m[Appium][39m   [31m--chromedriver-port[39m => --default-capabilities
[35m[Appium][39m Default capabilities, which will be added to each request unless overridden by desired capabilities:
[35m[Appium][39m   chromedriverPort: 64294
[35m[Appium][39m Appium REST http interface listener started on 0.0.0.0:64289
[35m[HTTP][39m [37m-->[39m [37mGET[39m [37m/wd/hub/status[39m
[35m[HTTP][39m [90m{}[39m
[35m[HTTP][39m [37m<-- GET /wd/hub/status [39m[32m200[39m [90m5 ms - 68[39m
[35m[HTTP][39m [90m[39m
[35m[HTTP][39m [37m-->[39m [37mPOST[39m [37m/wd/hub/session[39m
[35m[HTTP][39m [90m{"desiredCapabilities":{"appPackage":"com.android.settings","deviceId":"d84a7321","deviceName":"OnePlus GM1910 (Android 11)","platform":"ANDROID","appActivity":".Settings","newCommandTimeout":1800,"platformVersion":"11","automationName":"uiautomator2","autoGrantPermissions":true,"platformName":"Android","udid":"d84a7321","systemPort":8236},"capabilities":{"firstMatch":[{"appium:appActivity":".Settings","appium:appPackage":"com.android.settings","appium:autoGrantPermissions":true,"appium:automationName":"uiautomator2","deviceId":"d84a7321","appium:deviceName":"OnePlus GM1910 (Android 11)","appium:newCommandTimeout":1800,"platform":"ANDROID","platformName":"android","appium:platformVersion":"11","appium:systemPort":8236,"appium:udid":"d84a7321"}]}}[39m
[35m[BaseDriver][39m The following capabilities are not standard capabilities and should have an extension prefix:
[35m[BaseDriver][39m   deviceId
[35m[BaseDriver][39m   platform
[35m[BaseDriver][39m   chromedriverPort
[35m[Appium][39m Appium v1.22.3 creating new AndroidUiautomator2Driver (v1.70.1) session
[35m[BaseDriver][39m The following capabilities were provided, but are not recognized by Appium:
[35m[BaseDriver][39m   deviceId
[35m[BaseDriver][39m   platform
[35m[BaseDriver][39m Session created with session id: 934d9a92-884d-429d-bc70-2d82b3bf5c1c
[35m[UiAutomator2][39m Starting 'com.android.settings' directly on the device
[35m[ADB][39m Found 1 'build-tools' folders under '/Users/pc/.katalon/tools/android_sdk' (newest first):
[35m[ADB][39m     /Users/pc/.katalon/tools/android_sdk/build-tools/29.0.3
[35m[ADB][39m Using 'adb' from '/Users/pc/.katalon/tools/android_sdk/platform-tools/adb'
[35m[AndroidDriver][39m Retrieving device list
[35m[AndroidDriver][39m Using device: d84a7321
[35m[ADB][39m Using 'adb' from '/Users/pc/.katalon/tools/android_sdk/platform-tools/adb'
[35m[ADB][39m Getting device platform version
[35m[UiAutomator2][39m Relaxing hidden api policy
[35m[AndroidDriver][39m No app sent in, not parsing package/activity
[35m[UiAutomator2][39m Server package at '/usr/local/lib/node_modules/appium/node_modules/appium-uiautomator2-server/apks/appium-uiautomator2-server-v4.27.0.apk' is not writeable. Will copy it into the temporary location at '/var/folders/1v/3_56wbt90zbb48qtwvw1bry40000gn/T/Katalon/Appium/Temp1675435318500/202313-30464-1joc5ah.iihf' as a workaround. Consider making this file writeable manually in order to improve the performance of session startup.
[35m[UiAutomator2][39m Server package at '/usr/local/lib/node_modules/appium/node_modules/appium-uiautomator2-server/apks/appium-uiautomator2-server-debug-androidTest.apk' is not writeable. Will copy it into the temporary location at '/var/folders/1v/3_56wbt90zbb48qtwvw1bry40000gn/T/Katalon/Appium/Temp1675435318500/202313-30464-1joc5ah.iihf' as a workaround. Consider making this file writeable manually in order to improve the performance of session startup.
[35m[ADB][39m Using 'apksigner.jar' from '/Users/pc/.katalon/tools/android_sdk/build-tools/29.0.3/lib/apksigner.jar'
[35m[ADB][39m '/var/folders/1v/3_56wbt90zbb48qtwvw1bry40000gn/T/Katalon/Appium/Temp1675435318500/202313-30464-1joc5ah.iihf/appium-uiautomator2-server-v4.27.0.apk' is signed with the default certificate
[35m[ADB][39m '/var/folders/1v/3_56wbt90zbb48qtwvw1bry40000gn/T/Katalon/Appium/Temp1675435318500/202313-30464-1joc5ah.iihf/appium-uiautomator2-server-debug-androidTest.apk' is signed with the default certificate
[35m[UiAutomator2][39m Server packages are not going to be (re)installed
[35m[ADB][39m Adding packages ["io.appium.settings","io.appium.uiautomator2.server","io.appium.uiautomator2.server.test"] to Doze whitelist
[35m[UiAutomator2][39m Starting UIAutomator2 server 4.27.0
[35m[UiAutomator2][39m Using UIAutomator2 server from '/usr/local/lib/node_modules/appium/node_modules/appium-uiautomator2-server/apks/appium-uiautomator2-server-v4.27.0.apk' and test from '/usr/local/lib/node_modules/appium/node_modules/appium-uiautomator2-server/apks/appium-uiautomator2-server-debug-androidTest.apk'
[35m[UiAutomator2][39m Waiting up to 30000ms for UiAutomator2 to be online...
[35m[WD Proxy][39m socket hang up
[35m[WD Proxy][39m socket hang up
[35m[WD Proxy][39m Determined the downstream protocol as 'W3C'
[35m[AndroidDriver][39m Screen already unlocked, doing nothing
[35m[UiAutomator2][39m Starting 'com.android.settings/.Settings and waiting for 'com.android.settings/.Settings'
[35m[Appium][39m New AndroidUiautomator2Driver session created successfully, session 934d9a92-884d-429d-bc70-2d82b3bf5c1c added to master session list
[35m[HTTP][39m [37m<-- POST /wd/hub/session [39m[32m200[39m [90m8382 ms - 1186[39m
[35m[HTTP][39m [90m[39m
[35m[HTTP][39m [37m-->[39m [37mGET[39m [37m/wd/hub/session/934d9a92-884d-429d-bc70-2d82b3bf5c1c[39m
[35m[HTTP][39m [90m{}[39m
[35m[HTTP][39m [37m<-- GET /wd/hub/session/934d9a92-884d-429d-bc70-2d82b3bf5c1c [39m[32m200[39m [90m21 ms - 1140[39m
[35m[HTTP][39m [90m[39m
[35m[HTTP][39m [37m-->[39m [37mGET[39m [37m/wd/hub/session/934d9a92-884d-429d-bc70-2d82b3bf5c1c[39m
[35m[HTTP][39m [90m{}[39m
[35m[HTTP][39m [37m<-- GET /wd/hub/session/934d9a92-884d-429d-bc70-2d82b3bf5c1c [39m[32m200[39m [90m19 ms - 1140[39m
[35m[HTTP][39m [90m[39m
[35m[HTTP][39m [37m-->[39m [37mGET[39m [37m/wd/hub/status[39m
[35m[HTTP][39m [90m{}[39m
[35m[HTTP][39m [37m<-- GET /wd/hub/status [39m[32m200[39m [90m1 ms - 68[39m
[35m[HTTP][39m [90m[39m
[35m[HTTP][39m [37m-->[39m [37mPOST[39m [37m/wd/hub/session/934d9a92-884d-429d-bc70-2d82b3bf5c1c/timeouts[39m
[35m[HTTP][39m [90m{"implicit":30000}[39m
[35m[HTTP][39m [37m<-- POST /wd/hub/session/934d9a92-884d-429d-bc70-2d82b3bf5c1c/timeouts [39m[32m200[39m [90m3 ms - 14[39m
[35m[HTTP][39m [90m[39m
[35m[HTTP][39m [37m-->[39m [37mGET[39m [37m/wd/hub/session/934d9a92-884d-429d-bc70-2d82b3bf5c1c/screenshot[39m
[35m[HTTP][39m [90m{}[39m
[35m[HTTP][39m [37m<-- GET /wd/hub/session/934d9a92-884d-429d-bc70-2d82b3bf5c1c/screenshot [39m[32m200[39m [90m468 ms - 350996[39m
[35m[HTTP][39m [90m[39m
[35m[HTTP][39m [37m-->[39m [37mGET[39m [37m/wd/hub/session/934d9a92-884d-429d-bc70-2d82b3bf5c1c/window/rect[39m
[35m[HTTP][39m [90m{}[39m
[35m[HTTP][39m [37m<-- GET /wd/hub/session/934d9a92-884d-429d-bc70-2d82b3bf5c1c/window/rect [39m[32m200[39m [90m21 ms - 50[39m
[35m[HTTP][39m [90m[39m
[35m[HTTP][39m [37m-->[39m [37mGET[39m [37m/wd/hub/session/934d9a92-884d-429d-bc70-2d82b3bf5c1c/appium/device/system_bars[39m
[35m[HTTP][39m [90m{}[39m
[35m[HTTP][39m [37m<-- GET /wd/hub/session/934d9a92-884d-429d-bc70-2d82b3bf5c1c/appium/device/system_bars [39m[31m500[39m [90m113 ms - 583[39m
[35m[HTTP][39m [90m[39m
[35m[HTTP][39m [37m-->[39m [37mPOST[39m [37m/wd/hub/session/934d9a92-884d-429d-bc70-2d82b3bf5c1c/execute/sync[39m
[35m[HTTP][39m [90m{"script":"mobile:viewportRect","args":[]}[39m
[35m[AndroidDriver][39m Executing native command 'mobile:viewportRect'
[35m[HTTP][39m [37m<-- POST /wd/hub/session/934d9a92-884d-429d-bc70-2d82b3bf5c1c/execute/sync [39m[32m200[39m [90m18 ms - 57[39m
[35m[HTTP][39m [90m[39m
[35m[HTTP][39m [37m-->[39m [37mPOST[39m [37m/wd/hub/session/934d9a92-884d-429d-bc70-2d82b3bf5c1c/appium/device/activate_app[39m
[35m[HTTP][39m [90m{"bundleId":"com.spotlove.releaseproduction"}[39m
[35m[HTTP][39m [37m<-- POST /wd/hub/session/934d9a92-884d-429d-bc70-2d82b3bf5c1c/appium/device/activate_app [39m[32m200[39m [90m517 ms - 14[39m
[35m[HTTP][39m [90m[39m
[35m[HTTP][39m [37m-->[39m [37mPOST[39m [37m/wd/hub/session/934d9a92-884d-429d-bc70-2d82b3bf5c1c/timeouts[39m
[35m[HTTP][39m [90m{"implicit":50}[39m
[35m[HTTP][39m [37m<-- POST /wd/hub/session/934d9a92-884d-429d-bc70-2d82b3bf5c1c/timeouts [39m[32m200[39m [90m1 ms - 14[39m
[35m[HTTP][39m [90m[39m
[35m[HTTP][39m [37m-->[39m [37mGET[39m [37m/wd/hub/session/934d9a92-884d-429d-bc70-2d82b3bf5c1c/window/rect[39m
[35m[HTTP][39m [90m{}[39m
[35m[HTTP][39m [37m<-- GET /wd/hub/session/934d9a92-884d-429d-bc70-2d82b3bf5c1c/window/rect [39m[32m200[39m [90m11 ms - 50[39m
[35m[HTTP][39m [90m[39m
[35m[HTTP][39m [37m-->[39m [37mPOST[39m [37m/wd/hub/session/934d9a92-884d-429d-bc70-2d82b3bf5c1c/elements[39m
[35m[HTTP][39m [90m{"using":"xpath","value":"//*[@class = 'android.widget.TextView' and (@text = '' or . = '')]"}[39m
[35m[HTTP][39m [37m<-- POST /wd/hub/session/934d9a92-884d-429d-bc70-2d82b3bf5c1c/elements [39m[32m200[39m [90m1811 ms - 139[39m
[35m[HTTP][39m [90m[39m
[35m[HTTP][39m [37m-->[39m [37mGET[39m [37m/wd/hub/session/934d9a92-884d-429d-bc70-2d82b3bf5c1c/element/00000000-0000-013b-ffff-ffff000002df/location[39m
[35m[HTTP][39m [90m{}[39m
[35m[W3C (934d9a92)][39m Driver proxy active, passing request on via HTTP proxy
[35m[WD Proxy][39m Replacing sessionId 03618243-c049-4daa-8ba0-d525859458d8 with 934d9a92-884d-429d-bc70-2d82b3bf5c1c
[35m[HTTP][39m [37m<-- GET /wd/hub/session/934d9a92-884d-429d-bc70-2d82b3bf5c1c/element/00000000-0000-013b-ffff-ffff000002df/location [39m[32m200[39m [90m106 ms - 77[39m
[35m[HTTP][39m [90m[39m
[35m[HTTP][39m [37m-->[39m [37mPOST[39m [37m/wd/hub/session/934d9a92-884d-429d-bc70-2d82b3bf5c1c/timeouts[39m
[35m[HTTP][39m [90m{"implicit":30000}[39m
[35m[HTTP][39m [37m<-- POST /wd/hub/session/934d9a92-884d-429d-bc70-2d82b3bf5c1c/timeouts [39m[32m200[39m [90m1 ms - 14[39m
[35m[HTTP][39m [90m[39m
[35m[HTTP][39m [37m-->[39m [37mPOST[39m [37m/wd/hub/session/934d9a92-884d-429d-bc70-2d82b3bf5c1c/timeouts[39m
[35m[HTTP][39m [90m{"implicit":50}[39m
[35m[HTTP][39m [37m<-- POST /wd/hub/session/934d9a92-884d-429d-bc70-2d82b3bf5c1c/timeouts [39m[32m200[39m [90m1 ms - 14[39m
[35m[HTTP][39m [90m[39m
[35m[HTTP][39m [37m-->[39m [37mGET[39m [37m/wd/hub/session/934d9a92-884d-429d-bc70-2d82b3bf5c1c/window/rect[39m
[35m[HTTP][39m [90m{}[39m
[35m[HTTP][39m [37m<-- GET /wd/hub/session/934d9a92-884d-429d-bc70-2d82b3bf5c1c/window/rect [39m[32m200[39m [90m16 ms - 50[39m
[35m[HTTP][39m [90m[39m
[35m[HTTP][39m [37m-->[39m [37mPOST[39m [37m/wd/hub/session/934d9a92-884d-429d-bc70-2d82b3bf5c1c/elements[39m
[35m[HTTP][39m [90m{"using":"xpath","value":"//*[@class = 'android.widget.TextView' and (@text = '' or . = '')]"}[39m
[35m[HTTP][39m [37m<-- POST /wd/hub/session/934d9a92-884d-429d-bc70-2d82b3bf5c1c/elements [39m[32m200[39m [90m314 ms - 139[39m
[35m[HTTP][39m [90m[39m
[35m[HTTP][39m [37m-->[39m [37mGET[39m [37m/wd/hub/session/934d9a92-884d-429d-bc70-2d82b3bf5c1c/element/00000000-0000-013b-ffff-ffff000002df/location[39m
[35m[HTTP][39m [90m{}[39m
[35m[W3C (934d9a92)][39m Driver proxy active, passing request on via HTTP proxy
[35m[WD Proxy][39m Replacing sessionId 03618243-c049-4daa-8ba0-d525859458d8 with 934d9a92-884d-429d-bc70-2d82b3bf5c1c
[35m[HTTP][39m [37m<-- GET /wd/hub/session/934d9a92-884d-429d-bc70-2d82b3bf5c1c/element/00000000-0000-013b-ffff-ffff000002df/location [39m[32m200[39m [90m19 ms - 77[39m
[35m[HTTP][39m [90m[39m
[35m[HTTP][39m [37m-->[39m [37mPOST[39m [37m/wd/hub/session/934d9a92-884d-429d-bc70-2d82b3bf5c1c/timeouts[39m
[35m[HTTP][39m [90m{"implicit":30000}[39m
[35m[HTTP][39m [37m<-- POST /wd/hub/session/934d9a92-884d-429d-bc70-2d82b3bf5c1c/timeouts [39m[32m200[39m [90m1 ms - 14[39m
[35m[HTTP][39m [90m[39m
[35m[HTTP][39m [37m-->[39m [37mPOST[39m [37m/wd/hub/session/934d9a92-884d-429d-bc70-2d82b3bf5c1c/element/00000000-0000-013b-ffff-ffff000002df/click[39m
[35m[HTTP][39m [90m{"id":"00000000-0000-013b-ffff-ffff000002df"}[39m
[35m[HTTP][39m [37m<-- POST /wd/hub/session/934d9a92-884d-429d-bc70-2d82b3bf5c1c/element/00000000-0000-013b-ffff-ffff000002df/click [39m[32m200[39m [90m659 ms - 14[39m
[35m[HTTP][39m [90m[39m
[35m[HTTP][39m [37m-->[39m [37mPOST[39m [37m/wd/hub/session/934d9a92-884d-429d-bc70-2d82b3bf5c1c/timeouts[39m
[35m[HTTP][39m [90m{"implicit":50}[39m
[35m[HTTP][39m [37m<-- POST /wd/hub/session/934d9a92-884d-429d-bc70-2d82b3bf5c1c/timeouts [39m[32m200[39m [90m1 ms - 14[39m
[35m[HTTP][39m [90m[39m
[35m[HTTP][39m [37m-->[39m [37mGET[39m [37m/wd/hub/session/934d9a92-884d-429d-bc70-2d82b3bf5c1c/window/rect[39m
[35m[HTTP][39m [90m{}[39m
[35m[HTTP][39m [37m<-- GET /wd/hub/session/934d9a92-884d-429d-bc70-2d82b3bf5c1c/window/rect [39m[32m200[39m [90m38 ms - 50[39m
[35m[HTTP][39m [90m[39m
[35m[HTTP][39m [37m-->[39m [37mPOST[39m [37m/wd/hub/session/934d9a92-884d-429d-bc70-2d82b3bf5c1c/elements[39m
[35m[HTTP][39m [90m{"using":"xpath","value":"//*[@class = 'android.widget.ImageView' and (@text = '' or . = '')]"}[39m
[35m[HTTP][39m [37m<-- POST /wd/hub/session/934d9a92-884d-429d-bc70-2d82b3bf5c1c/elements [39m[32m200[39m [90m1060 ms - 139[39m
[35m[HTTP][39m [90m[39m
[35m[HTTP][39m [37m-->[39m [37mGET[39m [37m/wd/hub/session/934d9a92-884d-429d-bc70-2d82b3bf5c1c/element/00000000-0000-013b-ffff-ffff000002cb/location[39m
[35m[HTTP][39m [90m{}[39m
[35m[W3C (934d9a92)][39m Driver proxy active, passing request on via HTTP proxy
[35m[WD Proxy][39m Replacing sessionId 03618243-c049-4daa-8ba0-d525859458d8 with 934d9a92-884d-429d-bc70-2d82b3bf5c1c
[35m[HTTP][39m [37m<-- GET /wd/hub/session/934d9a92-884d-429d-bc70-2d82b3bf5c1c/element/00000000-0000-013b-ffff-ffff000002cb/location [39m[32m200[39m [90m1124 ms - 77[39m
[35m[HTTP][39m [90m[39m
[35m[HTTP][39m [37m-->[39m [37mPOST[39m [37m/wd/hub/session/934d9a92-884d-429d-bc70-2d82b3bf5c1c/timeouts[39m
[35m[HTTP][39m [90m{"implicit":30000}[39m
[35m[HTTP][39m [37m<-- POST /wd/hub/session/934d9a92-884d-429d-bc70-2d82b3bf5c1c/timeouts [39m[32m200[39m [90m1 ms - 14[39m
[35m[HTTP][39m [90m[39m
[35m[HTTP][39m [37m-->[39m [37mPOST[39m [37m/wd/hub/session/934d9a92-884d-429d-bc70-2d82b3bf5c1c/timeouts[39m
[35m[HTTP][39m [90m{"implicit":50}[39m
[35m[HTTP][39m [37m<-- POST /wd/hub/session/934d9a92-884d-429d-bc70-2d82b3bf5c1c/timeouts [39m[32m200[39m [90m1 ms - 14[39m
[35m[HTTP][39m [90m[39m
[35m[HTTP][39m [37m-->[39m [37mGET[39m [37m/wd/hub/session/934d9a92-884d-429d-bc70-2d82b3bf5c1c/window/rect[39m
[35m[HTTP][39m [90m{}[39m
[35m[HTTP][39m [37m<-- GET /wd/hub/session/934d9a92-884d-429d-bc70-2d82b3bf5c1c/window/rect [39m[32m200[39m [90m17 ms - 50[39m
[35m[HTTP][39m [90m[39m
[35m[HTTP][39m [37m-->[39m [37mPOST[39m [37m/wd/hub/session/934d9a92-884d-429d-bc70-2d82b3bf5c1c/elements[39m
[35m[HTTP][39m [90m{"using":"xpath","value":"//hierarchy/android.widget.FrameLayout[1]/android.widget.LinearLayout[1]/android.widget.FrameLayout[1]/android.widget.LinearLayout[1]/android.widget.FrameLayout[1]/android.widget.FrameLayout[1]/android.view.ViewGroup[1]/android.view.ViewGroup[1]/android.view.ViewGroup[1]/android.view.ViewGroup[10]/android.view.ViewGroup[1]/android.view.ViewGroup[1]/android.view.ViewGroup[1]/android.view.ViewGroup[2]/android.view.ViewGroup[6]"}[39m
[35m[HTTP][39m [37m<-- POST /wd/hub/session/934d9a92-884d-429d-bc70-2d82b3bf5c1c/elements [39m[32m200[39m [90m1816 ms - 12[39m
[35m[HTTP][39m [90m[39m
[35m[HTTP][39m [37m-->[39m [37mPOST[39m [37m/wd/hub/session/934d9a92-884d-429d-bc70-2d82b3bf5c1c/elements[39m
[35m[HTTP][39m [90m{"using":"xpath","value":"//hierarchy/android.widget.FrameLayout[1]/android.widget.LinearLayout[1]/android.widget.FrameLayout[1]/android.widget.LinearLayout[1]/android.widget.FrameLayout[1]/android.widget.FrameLayout[1]/android.view.ViewGroup[1]/android.view.ViewGroup[1]/android.view.ViewGroup[1]/android.view.ViewGroup[10]/android.view.ViewGroup[1]/android.view.ViewGroup[1]/android.view.ViewGroup[1]/android.view.ViewGroup[2]/android.view.ViewGroup[6]"}[39m
[35m[HTTP][39m [37m<-- POST /wd/hub/session/934d9a92-884d-429d-bc70-2d82b3bf5c1c/elements [39m[32m200[39m [90m198 ms - 12[39m
[35m[HTTP][39m [90m[39m
[35m[HTTP][39m [37m-->[39m [37mPOST[39m [37m/wd/hub/session/934d9a92-884d-429d-bc70-2d82b3bf5c1c/elements[39m
[35m[HTTP][39m [90m{"using":"xpath","value":"//hierarchy/android.widget.FrameLayout[1]/android.widget.LinearLayout[1]/android.widget.FrameLayout[1]/android.widget.LinearLayout[1]/android.widget.FrameLayout[1]/android.widget.FrameLayout[1]/android.view.ViewGroup[1]/android.view.ViewGroup[1]/android.view.ViewGroup[1]/android.view.ViewGroup[10]/android.view.ViewGroup[1]/android.view.ViewGroup[1]/android.view.ViewGroup[1]/android.view.ViewGroup[2]/android.view.ViewGroup[6]"}[39m
[35m[HTTP][39m [37m<-- POST /wd/hub/session/934d9a92-884d-429d-bc70-2d82b3bf5c1c/elements [39m[32m200[39m [90m768 ms - 12[39m
[35m[HTTP][39m [90m[39m
[35m[HTTP][39m [37m-->[39m [37mPOST[39m [37m/wd/hub/session/934d9a92-884d-429d-bc70-2d82b3bf5c1c/elements[39m
[35m[HTTP][39m [90m{"using":"xpath","value":"//hierarchy/android.widget.FrameLayout[1]/android.widget.LinearLayout[1]/android.widget.FrameLayout[1]/android.widget.LinearLayout[1]/android.widget.FrameLayout[1]/android.widget.FrameLayout[1]/android.view.ViewGroup[1]/android.view.ViewGroup[1]/android.view.ViewGroup[1]/android.view.ViewGroup[10]/android.view.ViewGroup[1]/android.view.ViewGroup[1]/android.view.ViewGroup[1]/android.view.ViewGroup[2]/android.view.ViewGroup[6]"}[39m
[35m[HTTP][39m [37m<-- POST /wd/hub/session/934d9a92-884d-429d-bc70-2d82b3bf5c1c/elements [39m[32m200[39m [90m167 ms - 12[39m
[35m[HTTP][39m [90m[39m
[35m[HTTP][39m [37m-->[39m [37mPOST[39m [37m/wd/hub/session/934d9a92-884d-429d-bc70-2d82b3bf5c1c/elements[39m
[35m[HTTP][39m [90m{"using":"xpath","value":"//hierarchy/android.widget.FrameLayout[1]/android.widget.LinearLayout[1]/android.widget.FrameLayout[1]/android.widget.LinearLayout[1]/android.widget.FrameLayout[1]/android.widget.FrameLayout[1]/android.view.ViewGroup[1]/android.view.ViewGroup[1]/android.view.ViewGroup[1]/android.view.ViewGroup[10]/android.view.ViewGroup[1]/android.view.ViewGroup[1]/android.view.ViewGroup[1]/android.view.ViewGroup[2]/android.view.ViewGroup[6]"}[39m
[35m[HTTP][39m [37m<-- POST /wd/hub/session/934d9a92-884d-429d-bc70-2d82b3bf5c1c/elements [39m[32m200[39m [90m190 ms - 12[39m
[35m[HTTP][39m [90m[39m
[35m[HTTP][39m [37m-->[39m [37mPOST[39m [37m/wd/hub/session/934d9a92-884d-429d-bc70-2d82b3bf5c1c/elements[39m
[35m[HTTP][39m [90m{"using":"xpath","value":"//hierarchy/android.widget.FrameLayout[1]/android.widget.LinearLayout[1]/android.widget.FrameLayout[1]/android.widget.LinearLayout[1]/android.widget.FrameLayout[1]/android.widget.FrameLayout[1]/android.view.ViewGroup[1]/android.view.ViewGroup[1]/android.view.ViewGroup[1]/android.view.ViewGroup[10]/android.view.ViewGroup[1]/android.view.ViewGroup[1]/android.view.ViewGroup[1]/android.view.ViewGroup[2]/android.view.ViewGroup[6]"}[39m
[35m[HTTP][39m [37m<-- POST /wd/hub/session/934d9a92-884d-429d-bc70-2d82b3bf5c1c/elements [39m[32m200[39m [90m4543 ms - 12[39m
[35m[HTTP][39m [90m[39m
[35m[HTTP][39m [37m-->[39m [37mPOST[39m [37m/wd/hub/session/934d9a92-884d-429d-bc70-2d82b3bf5c1c/elements[39m
[35m[HTTP][39m [90m{"using":"xpath","value":"//hierarchy/android.widget.FrameLayout[1]/android.widget.LinearLayout[1]/android.widget.FrameLayout[1]/android.widget.LinearLayout[1]/android.widget.FrameLayout[1]/android.widget.FrameLayout[1]/android.view.ViewGroup[1]/android.view.ViewGroup[1]/android.view.ViewGroup[1]/android.view.ViewGroup[10]/android.view.ViewGroup[1]/android.view.ViewGroup[1]/android.view.ViewGroup[1]/android.view.ViewGroup[2]/android.view.ViewGroup[6]"}[39m
[35m[HTTP][39m [37m<-- POST /wd/hub/session/934d9a92-884d-429d-bc70-2d82b3bf5c1c/elements [39m[32m200[39m [90m108 ms - 12[39m
[35m[HTTP][39m [90m[39m
[35m[HTTP][39m [37m-->[39m [37mPOST[39m [37m/wd/hub/session/934d9a92-884d-429d-bc70-2d82b3bf5c1c/elements[39m
[35m[HTTP][39m [90m{"using":"xpath","value":"//hierarchy/android.widget.FrameLayout[1]/android.widget.LinearLayout[1]/android.widget.FrameLayout[1]/android.widget.LinearLayout[1]/android.widget.FrameLayout[1]/android.widget.FrameLayout[1]/android.view.ViewGroup[1]/android.view.ViewGroup[1]/android.view.ViewGroup[1]/android.view.ViewGroup[10]/android.view.ViewGroup[1]/android.view.ViewGroup[1]/android.view.ViewGroup[1]/android.view.ViewGroup[2]/android.view.ViewGroup[6]"}[39m
[35m[HTTP][39m [37m<-- POST /wd/hub/session/934d9a92-884d-429d-bc70-2d82b3bf5c1c/elements [39m[32m200[39m [90m805 ms - 12[39m
[35m[HTTP][39m [90m[39m
[35m[HTTP][39m [37m-->[39m [37mPOST[39m [37m/wd/hub/session/934d9a92-884d-429d-bc70-2d82b3bf5c1c/elements[39m
[35m[HTTP][39m [90m{"using":"xpath","value":"//hierarchy/android.widget.FrameLayout[1]/android.widget.LinearLayout[1]/android.widget.FrameLayout[1]/android.widget.LinearLayout[1]/android.widget.FrameLayout[1]/android.widget.FrameLayout[1]/android.view.ViewGroup[1]/android.view.ViewGroup[1]/android.view.ViewGroup[1]/android.view.ViewGroup[10]/android.view.ViewGroup[1]/android.view.ViewGroup[1]/android.view.ViewGroup[1]/android.view.ViewGroup[2]/android.view.ViewGroup[6]"}[39m
[35m[HTTP][39m [37m<-- POST /wd/hub/session/934d9a92-884d-429d-bc70-2d82b3bf5c1c/elements [39m[32m200[39m [90m83 ms - 12[39m
[35m[HTTP][39m [90m[39m
[35m[HTTP][39m [37m-->[39m [37mPOST[39m [37m/wd/hub/session/934d9a92-884d-429d-bc70-2d82b3bf5c1c/elements[39m
[35m[HTTP][39m [90m{"using":"xpath","value":"//hierarchy/android.widget.FrameLayout[1]/android.widget.LinearLayout[1]/android.widget.FrameLayout[1]/android.widget.LinearLayout[1]/android.widget.FrameLayout[1]/android.widget.FrameLayout[1]/android.view.ViewGroup[1]/android.view.ViewGroup[1]/android.view.ViewGroup[1]/android.view.ViewGroup[10]/android.view.ViewGroup[1]/android.view.ViewGroup[1]/android.view.ViewGroup[1]/android.view.ViewGroup[2]/android.view.ViewGroup[6]"}[39m
[35m[HTTP][39m [37m<-- POST /wd/hub/session/934d9a92-884d-429d-bc70-2d82b3bf5c1c/elements [39m[32m200[39m [90m90 ms - 12[39m
[35m[HTTP][39m [90m[39m
[35m[HTTP][39m [37m-->[39m [37mPOST[39m [37m/wd/hub/session/934d9a92-884d-429d-bc70-2d82b3bf5c1c/elements[39m
[35m[HTTP][39m [90m{"using":"xpath","value":"//hierarchy/android.widget.FrameLayout[1]/android.widget.LinearLayout[1]/android.widget.FrameLayout[1]/android.widget.LinearLayout[1]/android.widget.FrameLayout[1]/android.widget.FrameLayout[1]/android.view.ViewGroup[1]/android.view.ViewGroup[1]/android.view.ViewGroup[1]/android.view.ViewGroup[10]/android.view.ViewGroup[1]/android.view.ViewGroup[1]/android.view.ViewGroup[1]/android.view.ViewGroup[2]/android.view.ViewGroup[6]"}[39m
[35m[HTTP][39m [37m<-- POST /wd/hub/session/934d9a92-884d-429d-bc70-2d82b3bf5c1c/elements [39m[32m200[39m [90m86 ms - 12[39m
[35m[HTTP][39m [90m[39m
[35m[HTTP][39m [37m-->[39m [37mPOST[39m [37m/wd/hub/session/934d9a92-884d-429d-bc70-2d82b3bf5c1c/elements[39m
[35m[HTTP][39m [90m{"using":"xpath","value":"//hierarchy/android.widget.FrameLayout[1]/android.widget.LinearLayout[1]/android.widget.FrameLayout[1]/android.widget.LinearLayout[1]/android.widget.FrameLayout[1]/android.widget.FrameLayout[1]/android.view.ViewGroup[1]/android.view.ViewGroup[1]/android.view.ViewGroup[1]/android.view.ViewGroup[10]/android.view.ViewGroup[1]/android.view.ViewGroup[1]/android.view.ViewGroup[1]/android.view.ViewGroup[2]/android.view.ViewGroup[6]"}[39m
[35m[HTTP][39m [37m<-- POST /wd/hub/session/934d9a92-884d-429d-bc70-2d82b3bf5c1c/elements [39m[32m200[39m [90m67 ms - 12[39m
[35m[HTTP][39m [90m[39m
[35m[HTTP][39m [37m-->[39m [37mPOST[39m [37m/wd/hub/session/934d9a92-884d-429d-bc70-2d82b3bf5c1c/elements[39m
[35m[HTTP][39m [90m{"using":"xpath","value":"//hierarchy/android.widget.FrameLayout[1]/android.widget.LinearLayout[1]/android.widget.FrameLayout[1]/android.widget.LinearLayout[1]/android.widget.FrameLayout[1]/android.widget.FrameLayout[1]/android.view.ViewGroup[1]/android.view.ViewGroup[1]/android.view.ViewGroup[1]/android.view.ViewGroup[10]/android.view.ViewGroup[1]/android.view.ViewGroup[1]/android.view.ViewGroup[1]/android.view.ViewGroup[2]/android.view.ViewGroup[6]"}[39m
[35m[HTTP][39m [37m<-- POST /wd/hub/session/934d9a92-884d-429d-bc70-2d82b3bf5c1c/elements [39m[32m200[39m [90m71 ms - 12[39m
[35m[HTTP][39m [90m[39m
[35m[HTTP][39m [37m-->[39m [37mPOST[39m [37m/wd/hub/session/934d9a92-884d-429d-bc70-2d82b3bf5c1c/elements[39m
[35m[HTTP][39m [90m{"using":"xpath","value":"//hierarchy/android.widget.FrameLayout[1]/android.widget.LinearLayout[1]/android.widget.FrameLayout[1]/android.widget.LinearLayout[1]/android.widget.FrameLayout[1]/android.widget.FrameLayout[1]/android.view.ViewGroup[1]/android.view.ViewGroup[1]/android.view.ViewGroup[1]/android.view.ViewGroup[10]/android.view.ViewGroup[1]/android.view.ViewGroup[1]/android.view.ViewGroup[1]/android.view.ViewGroup[2]/android.view.ViewGroup[6]"}[39m
[35m[HTTP][39m [37m<-- POST /wd/hub/session/934d9a92-884d-429d-bc70-2d82b3bf5c1c/elements [39m[32m200[39m [90m1799 ms - 12[39m
[35m[HTTP][39m [90m[39m
[35m[HTTP][39m [37m-->[39m [37mPOST[39m [37m/wd/hub/session/934d9a92-884d-429d-bc70-2d82b3bf5c1c/timeouts[39m
[35m[HTTP][39m [90m{"implicit":30000}[39m
[35m[HTTP][39m [37m<-- POST /wd/hub/session/934d9a92-884d-429d-bc70-2d82b3bf5c1c/timeouts [39m[32m200[39m [90m1 ms - 14[39m
[35m[HTTP][39m [90m[39m
