<?xml version="1.0" encoding="UTF-8" standalone="no"?>
<!DOCTYPE log SYSTEM "logger.dtd">
<log>
<record>
  <date>2022-05-12T13:51:22</date>
  <millis>1652345482267</millis>
  <sequence>0</sequence>
  <level>START</level>
  <class>com.kms.katalon.core.logging.XmlKeywordLogger</class>
  <method>startSuite</method>
  <thread>1</thread>
  <message>Start Test Suite : Test Suites/conditional Suit</message>
  <nestedLevel>0</nestedLevel>
  <escapedJava>false</escapedJava>
  <property name="rerunTestFailImmediately">false</property>
  <property name="retryCount">0</property>
  <property name="name">conditional Suit</property>
  <property name="description"></property>
  <property name="id">Test Suites/conditional Suit</property>
</record>
<record>
  <date>2022-05-12T13:51:22</date>
  <millis>1652345482282</millis>
  <sequence>1</sequence>
  <level>RUN_DATA</level>
  <class>com.kms.katalon.core.logging.XmlKeywordLogger</class>
  <method>logMessage</method>
  <thread>1</thread>
  <message>hostName = pc - localhost</message>
  <nestedLevel>0</nestedLevel>
  <escapedJava>false</escapedJava>
  <property name="hostName">pc - localhost</property>
</record>
<record>
  <date>2022-05-12T13:51:22</date>
  <millis>1652345482284</millis>
  <sequence>2</sequence>
  <level>RUN_DATA</level>
  <class>com.kms.katalon.core.logging.XmlKeywordLogger</class>
  <method>logMessage</method>
  <thread>1</thread>
  <message>os = Mac OS X 64bit</message>
  <nestedLevel>0</nestedLevel>
  <escapedJava>false</escapedJava>
  <property name="os">Mac OS X 64bit</property>
</record>
<record>
  <date>2022-05-12T13:51:22</date>
  <millis>1652345482285</millis>
  <sequence>3</sequence>
  <level>RUN_DATA</level>
  <class>com.kms.katalon.core.logging.XmlKeywordLogger</class>
  <method>logMessage</method>
  <thread>1</thread>
  <message>hostAddress = 127.0.0.1</message>
  <nestedLevel>0</nestedLevel>
  <escapedJava>false</escapedJava>
  <property name="hostAddress">127.0.0.1</property>
</record>
<record>
  <date>2022-05-12T13:51:22</date>
  <millis>1652345482285</millis>
  <sequence>4</sequence>
  <level>RUN_DATA</level>
  <class>com.kms.katalon.core.logging.XmlKeywordLogger</class>
  <method>logMessage</method>
  <thread>1</thread>
  <message>katalonVersion = 8.3.0.208</message>
  <nestedLevel>0</nestedLevel>
  <escapedJava>false</escapedJava>
  <property name="katalonVersion">8.3.0.208</property>
</record>
<record>
  <date>2022-05-12T13:51:22</date>
  <millis>1652345482522</millis>
  <sequence>5</sequence>
  <level>START</level>
  <class>com.kms.katalon.core.logging.XmlKeywordLogger</class>
  <method>startTest</method>
  <thread>1</thread>
  <message>Start Test Case : Test Cases/testing/Use Phone Number screen</message>
  <nestedLevel>1</nestedLevel>
  <escapedJava>false</escapedJava>
  <property name="name">Test Cases/testing/Use Phone Number screen</property>
  <property name="description"></property>
  <property name="iteration"></property>
  <property name="id">Test Cases/testing/Use Phone Number screen</property>
  <property name="source">\Users\pc\Documents\Katalon Studio\SpotLove_Stagging\Test Cases\testing\Use Phone Number screen.tc</property>
  <property name="tag"></property>
  <property name="isOptional">false</property>
</record>
<record>
  <date>2022-05-12T13:51:22</date>
  <millis>1652345482666</millis>
  <sequence>8</sequence>
  <level>INFO</level>
  <class>com.kms.katalon.core.logging.XmlKeywordLogger</class>
  <method>logMessage</method>
  <thread>1</thread>
  <message>(Default) heart = TestObject - &amp;apos;Object Repository/Use Phone Number Screen/heart icon&amp;apos;</message>
  <nestedLevel>1</nestedLevel>
  <escapedJava>false</escapedJava>
</record>
<record>
  <date>2022-05-12T13:51:22</date>
  <millis>1652345482712</millis>
  <sequence>10</sequence>
  <level>INFO</level>
  <class>com.kms.katalon.core.logging.XmlKeywordLogger</class>
  <method>logMessage</method>
  <thread>1</thread>
  <message>(Default) spot = TestObject - &amp;apos;Object Repository/Use Phone Number Screen/SPOT&amp;apos;</message>
  <nestedLevel>1</nestedLevel>
  <escapedJava>false</escapedJava>
</record>
<record>
  <date>2022-05-12T13:51:22</date>
  <millis>1652345482761</millis>
  <sequence>12</sequence>
  <level>INFO</level>
  <class>com.kms.katalon.core.logging.XmlKeywordLogger</class>
  <method>logMessage</method>
  <thread>1</thread>
  <message>(Default) Love = TestObject - &amp;apos;Object Repository/Use Phone Number Screen/LOVE label text&amp;apos;</message>
  <nestedLevel>1</nestedLevel>
  <escapedJava>false</escapedJava>
</record>
<record>
  <date>2022-05-12T13:51:22</date>
  <millis>1652345482819</millis>
  <sequence>14</sequence>
  <level>INFO</level>
  <class>com.kms.katalon.core.logging.XmlKeywordLogger</class>
  <method>logMessage</method>
  <thread>1</thread>
  <message>(Default) AtFirst = TestObject - &amp;apos;Object Repository/Use Phone Number Screen/AT FIRST SIGHT label text&amp;apos;</message>
  <nestedLevel>1</nestedLevel>
  <escapedJava>false</escapedJava>
</record>
<record>
  <date>2022-05-12T13:51:22</date>
  <millis>1652345482862</millis>
  <sequence>16</sequence>
  <level>INFO</level>
  <class>com.kms.katalon.core.logging.XmlKeywordLogger</class>
  <method>logMessage</method>
  <thread>1</thread>
  <message>(Default) Privacy = TestObject - &amp;apos;Object Repository/Use Phone Number Screen/Privacy Policy label text&amp;apos;</message>
  <nestedLevel>1</nestedLevel>
  <escapedJava>false</escapedJava>
</record>
<record>
  <date>2022-05-12T13:51:22</date>
  <millis>1652345482903</millis>
  <sequence>18</sequence>
  <level>INFO</level>
  <class>com.kms.katalon.core.logging.XmlKeywordLogger</class>
  <method>logMessage</method>
  <thread>1</thread>
  <message>(Default) MATCHMAKERS = TestObject - &amp;apos;Object Repository/Use Phone Number Screen/MATCHMAKERS label text&amp;apos;</message>
  <nestedLevel>1</nestedLevel>
  <escapedJava>false</escapedJava>
</record>
<record>
  <date>2022-05-12T13:51:22</date>
  <millis>1652345482943</millis>
  <sequence>20</sequence>
  <level>INFO</level>
  <class>com.kms.katalon.core.logging.XmlKeywordLogger</class>
  <method>logMessage</method>
  <thread>1</thread>
  <message>(Default) usePhoneNUmber = TestObject - &amp;apos;Object Repository/Use Phone Number Screen/usePhoneNUmber&amp;apos;</message>
  <nestedLevel>1</nestedLevel>
  <escapedJava>false</escapedJava>
</record>
<record>
  <date>2022-05-12T13:51:23</date>
  <millis>1652345483253</millis>
  <sequence>21</sequence>
  <level>START</level>
  <class>com.kms.katalon.core.logging.XmlKeywordLogger</class>
  <method>startKeyword</method>
  <thread>1</thread>
  <message>Start action : startExistingApplication(&amp;quot;com.spotlove.releaseproduction&amp;quot;, STOP_ON_FAILURE)</message>
  <nestedLevel>1</nestedLevel>
  <escapedJava>false</escapedJava>
  <property name="startLine">23</property>
  <property name="stepIndex">1</property>
</record>
<record>
  <date>2022-05-12T13:51:23</date>
  <millis>1652345483458</millis>
  <sequence>23</sequence>
  <level>INFO</level>
  <class>com.kms.katalon.core.logging.XmlKeywordLogger</class>
  <method>logMessage</method>
  <thread>1</thread>
  <message>User set preference: [&amp;apos;deviceId&amp;apos;, &amp;apos;&amp;apos;]</message>
  <nestedLevel>1</nestedLevel>
  <escapedJava>false</escapedJava>
</record>
<record>
  <date>2022-05-12T13:51:23</date>
  <millis>1652345483498</millis>
  <sequence>24</sequence>
  <level>INFO</level>
  <class>com.kms.katalon.core.logging.XmlKeywordLogger</class>
  <method>logMessage</method>
  <thread>1</thread>
  <message>Detected NodeJS location: &amp;quot;/usr/local/bin/node&amp;quot;</message>
  <nestedLevel>1</nestedLevel>
  <escapedJava>false</escapedJava>
</record>
<record>
  <date>2022-05-12T13:51:24</date>
  <millis>1652345484835</millis>
  <sequence>25</sequence>
  <level>INFO</level>
  <class>com.kms.katalon.core.logging.XmlKeywordLogger</class>
  <method>logMessage</method>
  <thread>1</thread>
  <message>Appium server started on port 54,489</message>
  <nestedLevel>1</nestedLevel>
  <escapedJava>false</escapedJava>
</record>
<record>
  <date>2022-05-12T13:51:35</date>
  <millis>1652345495624</millis>
  <sequence>27</sequence>
  <level>RUN_DATA</level>
  <class>com.kms.katalon.core.logging.XmlKeywordLogger</class>
  <method>logMessage</method>
  <thread>1</thread>
  <message>appiumVersion = 1.22.3</message>
  <nestedLevel>1</nestedLevel>
  <escapedJava>false</escapedJava>
  <property name="appiumVersion">1.22.3</property>
</record>
<record>
  <date>2022-05-12T13:51:35</date>
  <millis>1652345495626</millis>
  <sequence>28</sequence>
  <level>RUN_DATA</level>
  <class>com.kms.katalon.core.logging.XmlKeywordLogger</class>
  <method>logMessage</method>
  <thread>1</thread>
  <message>appiumServerStatus = {&amp;quot;value&amp;quot;:{&amp;quot;build&amp;quot;:{&amp;quot;version&amp;quot;:&amp;quot;1.22.3&amp;quot;}},&amp;quot;sessionId&amp;quot;:null,&amp;quot;status&amp;quot;:0}</message>
  <nestedLevel>1</nestedLevel>
  <escapedJava>false</escapedJava>
  <property name="appiumServerStatus">{&quot;value&quot;:{&quot;build&quot;:{&quot;version&quot;:&quot;1.22.3&quot;}},&quot;sessionId&quot;:null,&quot;status&quot;:0}</property>
</record>
<record>
  <date>2022-05-12T13:51:35</date>
  <millis>1652345495636</millis>
  <sequence>29</sequence>
  <level>RUN_DATA</level>
  <class>com.kms.katalon.core.logging.XmlKeywordLogger</class>
  <method>logMessage</method>
  <thread>1</thread>
  <message>deviceId = R9JNC0DKDXJ</message>
  <nestedLevel>1</nestedLevel>
  <escapedJava>false</escapedJava>
  <property name="deviceId">R9JNC0DKDXJ</property>
</record>
<record>
  <date>2022-05-12T13:51:35</date>
  <millis>1652345495637</millis>
  <sequence>30</sequence>
  <level>RUN_DATA</level>
  <class>com.kms.katalon.core.logging.XmlKeywordLogger</class>
  <method>logMessage</method>
  <thread>1</thread>
  <message>deviceName = samsung SM-A025F (Android 11)</message>
  <nestedLevel>1</nestedLevel>
  <escapedJava>false</escapedJava>
  <property name="deviceName">samsung SM-A025F (Android 11)</property>
</record>
<record>
  <date>2022-05-12T13:51:35</date>
  <millis>1652345495637</millis>
  <sequence>31</sequence>
  <level>RUN_DATA</level>
  <class>com.kms.katalon.core.logging.XmlKeywordLogger</class>
  <method>logMessage</method>
  <thread>1</thread>
  <message>deviceModel = SM-A025F</message>
  <nestedLevel>1</nestedLevel>
  <escapedJava>false</escapedJava>
  <property name="deviceModel">SM-A025F</property>
</record>
<record>
  <date>2022-05-12T13:51:35</date>
  <millis>1652345495638</millis>
  <sequence>32</sequence>
  <level>RUN_DATA</level>
  <class>com.kms.katalon.core.logging.XmlKeywordLogger</class>
  <method>logMessage</method>
  <thread>1</thread>
  <message>deviceManufacturer = samsung</message>
  <nestedLevel>1</nestedLevel>
  <escapedJava>false</escapedJava>
  <property name="deviceManufacturer">samsung</property>
</record>
<record>
  <date>2022-05-12T13:51:35</date>
  <millis>1652345495638</millis>
  <sequence>33</sequence>
  <level>RUN_DATA</level>
  <class>com.kms.katalon.core.logging.XmlKeywordLogger</class>
  <method>logMessage</method>
  <thread>1</thread>
  <message>deviceOS = Android</message>
  <nestedLevel>1</nestedLevel>
  <escapedJava>false</escapedJava>
  <property name="deviceOS">Android</property>
</record>
<record>
  <date>2022-05-12T13:51:35</date>
  <millis>1652345495639</millis>
  <sequence>34</sequence>
  <level>RUN_DATA</level>
  <class>com.kms.katalon.core.logging.XmlKeywordLogger</class>
  <method>logMessage</method>
  <thread>1</thread>
  <message>deviceOSVersion = 11</message>
  <nestedLevel>1</nestedLevel>
  <escapedJava>false</escapedJava>
  <property name="deviceOSVersion">11</property>
</record>
<record>
  <date>2022-05-12T13:51:37</date>
  <millis>1652345497683</millis>
  <sequence>36</sequence>
  <level>PASSED</level>
  <class>com.kms.katalon.core.logging.XmlKeywordLogger</class>
  <method>logMessage</method>
  <thread>1</thread>
  <message>Starting app with application ID: &amp;apos;com.spotlove.releaseproduction&amp;apos;</message>
  <nestedLevel>1</nestedLevel>
  <escapedJava>false</escapedJava>
  <property name="testops-method-name">com.kms.katalon.core.mobile.keyword.internal.MobileKeywordMain$runKeyword.call</property>
  <property name="testops-execution-stacktrace">com.kms.katalon.core.logging.KeywordLogger.logPassed(KeywordLogger.java:338)
com.kms.katalon.core.logging.KeywordLogger.logPassed(KeywordLogger.java:332)
com.kms.katalon.core.logging.KeywordLogger$logPassed$1.call(Unknown Source)
com.kms.katalon.core.mobile.keyword.builtin.StartExistingApplicationKeyword$_startApplication_closure1.doCall(StartExistingApplicationKeyword.groovy:42)
com.kms.katalon.core.mobile.keyword.builtin.StartExistingApplicationKeyword$_startApplication_closure1.doCall(StartExistingApplicationKeyword.groovy)
com.kms.katalon.core.mobile.keyword.internal.MobileKeywordMain.runKeyword(MobileKeywordMain.groovy:21)
com.kms.katalon.core.mobile.keyword.internal.MobileKeywordMain$runKeyword.call(Unknown Source)
com.kms.katalon.core.mobile.keyword.builtin.StartExistingApplicationKeyword.startApplication(StartExistingApplicationKeyword.groovy:43)
com.kms.katalon.core.mobile.keyword.builtin.StartExistingApplicationKeyword.execute(StartExistingApplicationKeyword.groovy:34)
com.kms.katalon.core.keyword.internal.KeywordExecutor.executeKeywordForPlatform(KeywordExecutor.groovy:74)
com.kms.katalon.core.mobile.keyword.MobileBuiltInKeywords.startExistingApplication(MobileBuiltInKeywords.groovy:113)
com.kms.katalon.core.mobile.keyword.MobileBuiltInKeywords$startExistingApplication.call(Unknown Source)
Use Phone Number screen.run(Use Phone Number screen:23)
</property>
</record>
<record>
  <date>2022-05-12T13:51:37</date>
  <millis>1652345497685</millis>
  <sequence>37</sequence>
  <level>END</level>
  <class>com.kms.katalon.core.logging.XmlKeywordLogger</class>
  <method>endKeyword</method>
  <thread>1</thread>
  <message>End action : startExistingApplication(&amp;quot;com.spotlove.releaseproduction&amp;quot;, STOP_ON_FAILURE)</message>
  <nestedLevel>1</nestedLevel>
  <escapedJava>false</escapedJava>
</record>
<record>
  <date>2022-05-12T13:51:37</date>
  <millis>1652345497685</millis>
  <sequence>38</sequence>
  <level>START</level>
  <class>com.kms.katalon.core.logging.XmlKeywordLogger</class>
  <method>startKeyword</method>
  <thread>1</thread>
  <message>Start action : if (waitForElementPresent(heart, 30))</message>
  <nestedLevel>1</nestedLevel>
  <escapedJava>false</escapedJava>
  <property name="startLine">25</property>
  <property name="stepIndex">2</property>
</record>
<record>
  <date>2022-05-12T13:51:43</date>
  <millis>1652345503414</millis>
  <sequence>41</sequence>
  <level>PASSED</level>
  <class>com.kms.katalon.core.logging.XmlKeywordLogger</class>
  <method>logMessage</method>
  <thread>1</thread>
  <message>Element &amp;apos;Object Repository/Use Phone Number Screen/heart icon&amp;apos; is present</message>
  <nestedLevel>1</nestedLevel>
  <escapedJava>false</escapedJava>
  <property name="testops-method-name">com.kms.katalon.core.mobile.keyword.builtin.WaitForElementPresentKeyword.waitForElementPresent</property>
  <property name="testops-execution-stacktrace"></property>
</record>
<record>
  <date>2022-05-12T13:51:43</date>
  <millis>1652345503415</millis>
  <sequence>42</sequence>
  <level>START</level>
  <class>com.kms.katalon.core.logging.XmlKeywordLogger</class>
  <method>startKeyword</method>
  <thread>1</thread>
  <message>Start action : markPassed(&amp;quot;PASSED: App is launched successfully&amp;quot;)</message>
  <nestedLevel>2</nestedLevel>
  <escapedJava>false</escapedJava>
  <property name="startLine">27</property>
  <property name="stepIndex">1</property>
</record>
<record>
  <date>2022-05-12T13:51:43</date>
  <millis>1652345503420</millis>
  <sequence>44</sequence>
  <level>PASSED</level>
  <class>com.kms.katalon.core.logging.XmlKeywordLogger</class>
  <method>logMessage</method>
  <thread>1</thread>
  <message>PASSED: App is launched successfully</message>
  <nestedLevel>1</nestedLevel>
  <escapedJava>false</escapedJava>
  <property name="testops-execution-stacktrace">com.kms.katalon.core.logging.KeywordLogger.logPassed(KeywordLogger.java:338)
com.kms.katalon.core.logging.KeywordLogger.logPassed(KeywordLogger.java:332)
com.kms.katalon.core.util.KeywordUtil.markPassed(KeywordUtil.java:56)
com.kms.katalon.core.util.KeywordUtil$markPassed.call(Unknown Source)
Use Phone Number screen.run(Use Phone Number screen:27)
</property>
</record>
<record>
  <date>2022-05-12T13:51:43</date>
  <millis>1652345503420</millis>
  <sequence>45</sequence>
  <level>END</level>
  <class>com.kms.katalon.core.logging.XmlKeywordLogger</class>
  <method>endKeyword</method>
  <thread>1</thread>
  <message>End action : markPassed(&amp;quot;PASSED: App is launched successfully&amp;quot;)</message>
  <nestedLevel>2</nestedLevel>
  <escapedJava>false</escapedJava>
</record>
<record>
  <date>2022-05-12T13:51:43</date>
  <millis>1652345503421</millis>
  <sequence>46</sequence>
  <level>START</level>
  <class>com.kms.katalon.core.logging.XmlKeywordLogger</class>
  <method>startKeyword</method>
  <thread>1</thread>
  <message>Start action : if (waitForElementPresent(spot, 30))</message>
  <nestedLevel>2</nestedLevel>
  <escapedJava>false</escapedJava>
  <property name="startLine">29</property>
  <property name="stepIndex">2</property>
</record>
<record>
  <date>2022-05-12T13:51:43</date>
  <millis>1652345503641</millis>
  <sequence>49</sequence>
  <level>PASSED</level>
  <class>com.kms.katalon.core.logging.XmlKeywordLogger</class>
  <method>logMessage</method>
  <thread>1</thread>
  <message>Element &amp;apos;Object Repository/Use Phone Number Screen/SPOT&amp;apos; is present</message>
  <nestedLevel>1</nestedLevel>
  <escapedJava>false</escapedJava>
  <property name="testops-method-name">com.kms.katalon.core.mobile.keyword.builtin.WaitForElementPresentKeyword.waitForElementPresent</property>
  <property name="testops-execution-stacktrace"></property>
</record>
<record>
  <date>2022-05-12T13:51:43</date>
  <millis>1652345503642</millis>
  <sequence>50</sequence>
  <level>START</level>
  <class>com.kms.katalon.core.logging.XmlKeywordLogger</class>
  <method>startKeyword</method>
  <thread>1</thread>
  <message>Start action : markPassed(&amp;quot;Passed: Spot Element is present&amp;quot;)</message>
  <nestedLevel>3</nestedLevel>
  <escapedJava>false</escapedJava>
  <property name="startLine">31</property>
  <property name="stepIndex">1</property>
</record>
<record>
  <date>2022-05-12T13:51:43</date>
  <millis>1652345503642</millis>
  <sequence>52</sequence>
  <level>PASSED</level>
  <class>com.kms.katalon.core.logging.XmlKeywordLogger</class>
  <method>logMessage</method>
  <thread>1</thread>
  <message>Passed: Spot Element is present</message>
  <nestedLevel>1</nestedLevel>
  <escapedJava>false</escapedJava>
  <property name="testops-execution-stacktrace">com.kms.katalon.core.logging.KeywordLogger.logPassed(KeywordLogger.java:338)
com.kms.katalon.core.logging.KeywordLogger.logPassed(KeywordLogger.java:332)
com.kms.katalon.core.util.KeywordUtil.markPassed(KeywordUtil.java:56)
com.kms.katalon.core.util.KeywordUtil$markPassed.call(Unknown Source)
Use Phone Number screen.run(Use Phone Number screen:31)
</property>
</record>
<record>
  <date>2022-05-12T13:51:43</date>
  <millis>1652345503643</millis>
  <sequence>53</sequence>
  <level>END</level>
  <class>com.kms.katalon.core.logging.XmlKeywordLogger</class>
  <method>endKeyword</method>
  <thread>1</thread>
  <message>End action : markPassed(&amp;quot;Passed: Spot Element is present&amp;quot;)</message>
  <nestedLevel>3</nestedLevel>
  <escapedJava>false</escapedJava>
</record>
<record>
  <date>2022-05-12T13:51:43</date>
  <millis>1652345503643</millis>
  <sequence>54</sequence>
  <level>START</level>
  <class>com.kms.katalon.core.logging.XmlKeywordLogger</class>
  <method>startKeyword</method>
  <thread>1</thread>
  <message>Start action : if (waitForElementPresent(Love, 30))</message>
  <nestedLevel>3</nestedLevel>
  <escapedJava>false</escapedJava>
  <property name="startLine">33</property>
  <property name="stepIndex">2</property>
</record>
<record>
  <date>2022-05-12T13:51:43</date>
  <millis>1652345503833</millis>
  <sequence>57</sequence>
  <level>PASSED</level>
  <class>com.kms.katalon.core.logging.XmlKeywordLogger</class>
  <method>logMessage</method>
  <thread>1</thread>
  <message>Element &amp;apos;Object Repository/Use Phone Number Screen/LOVE label text&amp;apos; is present</message>
  <nestedLevel>1</nestedLevel>
  <escapedJava>false</escapedJava>
  <property name="testops-method-name">com.kms.katalon.core.mobile.keyword.builtin.WaitForElementPresentKeyword.waitForElementPresent</property>
  <property name="testops-execution-stacktrace"></property>
</record>
<record>
  <date>2022-05-12T13:51:43</date>
  <millis>1652345503833</millis>
  <sequence>58</sequence>
  <level>START</level>
  <class>com.kms.katalon.core.logging.XmlKeywordLogger</class>
  <method>startKeyword</method>
  <thread>1</thread>
  <message>Start action : markPassed(&amp;quot;Passed: Love Element is present&amp;quot;)</message>
  <nestedLevel>4</nestedLevel>
  <escapedJava>false</escapedJava>
  <property name="startLine">35</property>
  <property name="stepIndex">1</property>
</record>
<record>
  <date>2022-05-12T13:51:43</date>
  <millis>1652345503834</millis>
  <sequence>60</sequence>
  <level>PASSED</level>
  <class>com.kms.katalon.core.logging.XmlKeywordLogger</class>
  <method>logMessage</method>
  <thread>1</thread>
  <message>Passed: Love Element is present</message>
  <nestedLevel>1</nestedLevel>
  <escapedJava>false</escapedJava>
  <property name="testops-execution-stacktrace">com.kms.katalon.core.logging.KeywordLogger.logPassed(KeywordLogger.java:338)
com.kms.katalon.core.logging.KeywordLogger.logPassed(KeywordLogger.java:332)
com.kms.katalon.core.util.KeywordUtil.markPassed(KeywordUtil.java:56)
com.kms.katalon.core.util.KeywordUtil$markPassed.call(Unknown Source)
Use Phone Number screen.run(Use Phone Number screen:35)
</property>
</record>
<record>
  <date>2022-05-12T13:51:43</date>
  <millis>1652345503835</millis>
  <sequence>61</sequence>
  <level>END</level>
  <class>com.kms.katalon.core.logging.XmlKeywordLogger</class>
  <method>endKeyword</method>
  <thread>1</thread>
  <message>End action : markPassed(&amp;quot;Passed: Love Element is present&amp;quot;)</message>
  <nestedLevel>4</nestedLevel>
  <escapedJava>false</escapedJava>
</record>
<record>
  <date>2022-05-12T13:51:43</date>
  <millis>1652345503835</millis>
  <sequence>62</sequence>
  <level>START</level>
  <class>com.kms.katalon.core.logging.XmlKeywordLogger</class>
  <method>startKeyword</method>
  <thread>1</thread>
  <message>Start action : if (waitForElementPresent(AtFirst, 30))</message>
  <nestedLevel>4</nestedLevel>
  <escapedJava>false</escapedJava>
  <property name="startLine">37</property>
  <property name="stepIndex">2</property>
</record>
<record>
  <date>2022-05-12T13:51:44</date>
  <millis>1652345504036</millis>
  <sequence>65</sequence>
  <level>PASSED</level>
  <class>com.kms.katalon.core.logging.XmlKeywordLogger</class>
  <method>logMessage</method>
  <thread>1</thread>
  <message>Element &amp;apos;Object Repository/Use Phone Number Screen/AT FIRST SIGHT label text&amp;apos; is present</message>
  <nestedLevel>1</nestedLevel>
  <escapedJava>false</escapedJava>
  <property name="testops-method-name">com.kms.katalon.core.mobile.keyword.builtin.WaitForElementPresentKeyword.waitForElementPresent</property>
  <property name="testops-execution-stacktrace"></property>
</record>
<record>
  <date>2022-05-12T13:51:44</date>
  <millis>1652345504036</millis>
  <sequence>66</sequence>
  <level>START</level>
  <class>com.kms.katalon.core.logging.XmlKeywordLogger</class>
  <method>startKeyword</method>
  <thread>1</thread>
  <message>Start action : markPassed(&amp;quot;Passed: At First Sight Element present&amp;quot;)</message>
  <nestedLevel>5</nestedLevel>
  <escapedJava>false</escapedJava>
  <property name="startLine">39</property>
  <property name="stepIndex">1</property>
</record>
<record>
  <date>2022-05-12T13:51:44</date>
  <millis>1652345504037</millis>
  <sequence>68</sequence>
  <level>PASSED</level>
  <class>com.kms.katalon.core.logging.XmlKeywordLogger</class>
  <method>logMessage</method>
  <thread>1</thread>
  <message>Passed: At First Sight Element present</message>
  <nestedLevel>1</nestedLevel>
  <escapedJava>false</escapedJava>
  <property name="testops-execution-stacktrace">com.kms.katalon.core.logging.KeywordLogger.logPassed(KeywordLogger.java:338)
com.kms.katalon.core.logging.KeywordLogger.logPassed(KeywordLogger.java:332)
com.kms.katalon.core.util.KeywordUtil.markPassed(KeywordUtil.java:56)
com.kms.katalon.core.util.KeywordUtil$markPassed.call(Unknown Source)
Use Phone Number screen.run(Use Phone Number screen:39)
</property>
</record>
<record>
  <date>2022-05-12T13:51:44</date>
  <millis>1652345504037</millis>
  <sequence>69</sequence>
  <level>END</level>
  <class>com.kms.katalon.core.logging.XmlKeywordLogger</class>
  <method>endKeyword</method>
  <thread>1</thread>
  <message>End action : markPassed(&amp;quot;Passed: At First Sight Element present&amp;quot;)</message>
  <nestedLevel>5</nestedLevel>
  <escapedJava>false</escapedJava>
</record>
<record>
  <date>2022-05-12T13:51:44</date>
  <millis>1652345504037</millis>
  <sequence>70</sequence>
  <level>START</level>
  <class>com.kms.katalon.core.logging.XmlKeywordLogger</class>
  <method>startKeyword</method>
  <thread>1</thread>
  <message>Start action : if (waitForElementPresent(Privacy, 30))</message>
  <nestedLevel>5</nestedLevel>
  <escapedJava>false</escapedJava>
  <property name="startLine">41</property>
  <property name="stepIndex">2</property>
</record>
<record>
  <date>2022-05-12T13:51:44</date>
  <millis>1652345504217</millis>
  <sequence>73</sequence>
  <level>PASSED</level>
  <class>com.kms.katalon.core.logging.XmlKeywordLogger</class>
  <method>logMessage</method>
  <thread>1</thread>
  <message>Element &amp;apos;Object Repository/Use Phone Number Screen/Privacy Policy label text&amp;apos; is present</message>
  <nestedLevel>1</nestedLevel>
  <escapedJava>false</escapedJava>
  <property name="testops-method-name">com.kms.katalon.core.mobile.keyword.builtin.WaitForElementPresentKeyword.waitForElementPresent</property>
  <property name="testops-execution-stacktrace"></property>
</record>
<record>
  <date>2022-05-12T13:51:44</date>
  <millis>1652345504217</millis>
  <sequence>74</sequence>
  <level>START</level>
  <class>com.kms.katalon.core.logging.XmlKeywordLogger</class>
  <method>startKeyword</method>
  <thread>1</thread>
  <message>Start action : markPassed(&amp;quot;Passed: privacy Element is present&amp;quot;)</message>
  <nestedLevel>6</nestedLevel>
  <escapedJava>false</escapedJava>
  <property name="startLine">43</property>
  <property name="stepIndex">1</property>
</record>
<record>
  <date>2022-05-12T13:51:44</date>
  <millis>1652345504218</millis>
  <sequence>76</sequence>
  <level>PASSED</level>
  <class>com.kms.katalon.core.logging.XmlKeywordLogger</class>
  <method>logMessage</method>
  <thread>1</thread>
  <message>Passed: privacy Element is present</message>
  <nestedLevel>1</nestedLevel>
  <escapedJava>false</escapedJava>
  <property name="testops-execution-stacktrace">com.kms.katalon.core.logging.KeywordLogger.logPassed(KeywordLogger.java:338)
com.kms.katalon.core.logging.KeywordLogger.logPassed(KeywordLogger.java:332)
com.kms.katalon.core.util.KeywordUtil.markPassed(KeywordUtil.java:56)
com.kms.katalon.core.util.KeywordUtil$markPassed.call(Unknown Source)
Use Phone Number screen.run(Use Phone Number screen:43)
</property>
</record>
<record>
  <date>2022-05-12T13:51:44</date>
  <millis>1652345504218</millis>
  <sequence>77</sequence>
  <level>END</level>
  <class>com.kms.katalon.core.logging.XmlKeywordLogger</class>
  <method>endKeyword</method>
  <thread>1</thread>
  <message>End action : markPassed(&amp;quot;Passed: privacy Element is present&amp;quot;)</message>
  <nestedLevel>6</nestedLevel>
  <escapedJava>false</escapedJava>
</record>
<record>
  <date>2022-05-12T13:51:44</date>
  <millis>1652345504218</millis>
  <sequence>78</sequence>
  <level>START</level>
  <class>com.kms.katalon.core.logging.XmlKeywordLogger</class>
  <method>startKeyword</method>
  <thread>1</thread>
  <message>Start action : if (waitForElementPresent(MATCHMAKERS, 30))</message>
  <nestedLevel>6</nestedLevel>
  <escapedJava>false</escapedJava>
  <property name="startLine">45</property>
  <property name="stepIndex">2</property>
</record>
<record>
  <date>2022-05-12T13:51:44</date>
  <millis>1652345504906</millis>
  <sequence>81</sequence>
  <level>PASSED</level>
  <class>com.kms.katalon.core.logging.XmlKeywordLogger</class>
  <method>logMessage</method>
  <thread>1</thread>
  <message>Element &amp;apos;Object Repository/Use Phone Number Screen/MATCHMAKERS label text&amp;apos; is present</message>
  <nestedLevel>1</nestedLevel>
  <escapedJava>false</escapedJava>
  <property name="testops-method-name">com.kms.katalon.core.mobile.keyword.builtin.WaitForElementPresentKeyword.waitForElementPresent</property>
  <property name="testops-execution-stacktrace"></property>
</record>
<record>
  <date>2022-05-12T13:51:44</date>
  <millis>1652345504907</millis>
  <sequence>82</sequence>
  <level>START</level>
  <class>com.kms.katalon.core.logging.XmlKeywordLogger</class>
  <method>startKeyword</method>
  <thread>1</thread>
  <message>Start action : markPassed(&amp;quot;Passed: MATCHMAKERS element is present&amp;quot;)</message>
  <nestedLevel>7</nestedLevel>
  <escapedJava>false</escapedJava>
  <property name="startLine">47</property>
  <property name="stepIndex">1</property>
</record>
<record>
  <date>2022-05-12T13:51:44</date>
  <millis>1652345504907</millis>
  <sequence>84</sequence>
  <level>PASSED</level>
  <class>com.kms.katalon.core.logging.XmlKeywordLogger</class>
  <method>logMessage</method>
  <thread>1</thread>
  <message>Passed: MATCHMAKERS element is present</message>
  <nestedLevel>1</nestedLevel>
  <escapedJava>false</escapedJava>
  <property name="testops-execution-stacktrace">com.kms.katalon.core.logging.KeywordLogger.logPassed(KeywordLogger.java:338)
com.kms.katalon.core.logging.KeywordLogger.logPassed(KeywordLogger.java:332)
com.kms.katalon.core.util.KeywordUtil.markPassed(KeywordUtil.java:56)
com.kms.katalon.core.util.KeywordUtil$markPassed.call(Unknown Source)
Use Phone Number screen.run(Use Phone Number screen:47)
</property>
</record>
<record>
  <date>2022-05-12T13:51:44</date>
  <millis>1652345504909</millis>
  <sequence>85</sequence>
  <level>END</level>
  <class>com.kms.katalon.core.logging.XmlKeywordLogger</class>
  <method>endKeyword</method>
  <thread>1</thread>
  <message>End action : markPassed(&amp;quot;Passed: MATCHMAKERS element is present&amp;quot;)</message>
  <nestedLevel>7</nestedLevel>
  <escapedJava>false</escapedJava>
</record>
<record>
  <date>2022-05-12T13:51:44</date>
  <millis>1652345504909</millis>
  <sequence>86</sequence>
  <level>START</level>
  <class>com.kms.katalon.core.logging.XmlKeywordLogger</class>
  <method>startKeyword</method>
  <thread>1</thread>
  <message>Start action : if (waitForElementPresent(usePhoneNUmber, 30))</message>
  <nestedLevel>7</nestedLevel>
  <escapedJava>false</escapedJava>
  <property name="startLine">49</property>
  <property name="stepIndex">2</property>
</record>
<record>
  <date>2022-05-12T13:51:45</date>
  <millis>1652345505054</millis>
  <sequence>89</sequence>
  <level>PASSED</level>
  <class>com.kms.katalon.core.logging.XmlKeywordLogger</class>
  <method>logMessage</method>
  <thread>1</thread>
  <message>Element &amp;apos;Object Repository/Use Phone Number Screen/usePhoneNUmber&amp;apos; is present</message>
  <nestedLevel>1</nestedLevel>
  <escapedJava>false</escapedJava>
  <property name="testops-method-name">com.kms.katalon.core.mobile.keyword.builtin.WaitForElementPresentKeyword.waitForElementPresent</property>
  <property name="testops-execution-stacktrace"></property>
</record>
<record>
  <date>2022-05-12T13:51:45</date>
  <millis>1652345505055</millis>
  <sequence>90</sequence>
  <level>START</level>
  <class>com.kms.katalon.core.logging.XmlKeywordLogger</class>
  <method>startKeyword</method>
  <thread>1</thread>
  <message>Start action : tap(usePhoneNUmber, 30)</message>
  <nestedLevel>8</nestedLevel>
  <escapedJava>false</escapedJava>
  <property name="startLine">51</property>
  <property name="stepIndex">1</property>
</record>
<record>
  <date>2022-05-12T13:51:45</date>
  <millis>1652345505283</millis>
  <sequence>93</sequence>
  <level>PASSED</level>
  <class>com.kms.katalon.core.logging.XmlKeywordLogger</class>
  <method>logMessage</method>
  <thread>1</thread>
  <message>Tapped on element &amp;apos;Object Repository/Use Phone Number Screen/usePhoneNUmber&amp;apos;</message>
  <nestedLevel>1</nestedLevel>
  <escapedJava>false</escapedJava>
  <property name="testops-method-name">com.kms.katalon.core.mobile.keyword.builtin.TapKeyword.tap</property>
  <property name="testops-execution-stacktrace"></property>
</record>
<record>
  <date>2022-05-12T13:51:45</date>
  <millis>1652345505284</millis>
  <sequence>94</sequence>
  <level>END</level>
  <class>com.kms.katalon.core.logging.XmlKeywordLogger</class>
  <method>endKeyword</method>
  <thread>1</thread>
  <message>End action : tap(usePhoneNUmber, 30)</message>
  <nestedLevel>8</nestedLevel>
  <escapedJava>false</escapedJava>
</record>
<record>
  <date>2022-05-12T13:51:45</date>
  <millis>1652345505285</millis>
  <sequence>95</sequence>
  <level>START</level>
  <class>com.kms.katalon.core.logging.XmlKeywordLogger</class>
  <method>startKeyword</method>
  <thread>1</thread>
  <message>Start action : markPassed(&amp;quot;Passed: usePhoneNUmber Element is present&amp;quot;)</message>
  <nestedLevel>8</nestedLevel>
  <escapedJava>false</escapedJava>
  <property name="startLine">52</property>
  <property name="stepIndex">2</property>
</record>
<record>
  <date>2022-05-12T13:51:45</date>
  <millis>1652345505286</millis>
  <sequence>97</sequence>
  <level>PASSED</level>
  <class>com.kms.katalon.core.logging.XmlKeywordLogger</class>
  <method>logMessage</method>
  <thread>1</thread>
  <message>Passed: usePhoneNUmber Element is present</message>
  <nestedLevel>1</nestedLevel>
  <escapedJava>false</escapedJava>
  <property name="testops-execution-stacktrace">com.kms.katalon.core.logging.KeywordLogger.logPassed(KeywordLogger.java:338)
com.kms.katalon.core.logging.KeywordLogger.logPassed(KeywordLogger.java:332)
com.kms.katalon.core.util.KeywordUtil.markPassed(KeywordUtil.java:56)
com.kms.katalon.core.util.KeywordUtil$markPassed.call(Unknown Source)
Use Phone Number screen.run(Use Phone Number screen:52)
</property>
</record>
<record>
  <date>2022-05-12T13:51:45</date>
  <millis>1652345505286</millis>
  <sequence>98</sequence>
  <level>END</level>
  <class>com.kms.katalon.core.logging.XmlKeywordLogger</class>
  <method>endKeyword</method>
  <thread>1</thread>
  <message>End action : markPassed(&amp;quot;Passed: usePhoneNUmber Element is present&amp;quot;)</message>
  <nestedLevel>8</nestedLevel>
  <escapedJava>false</escapedJava>
</record>
<record>
  <date>2022-05-12T13:51:45</date>
  <millis>1652345505287</millis>
  <sequence>99</sequence>
  <level>END</level>
  <class>com.kms.katalon.core.logging.XmlKeywordLogger</class>
  <method>endKeyword</method>
  <thread>1</thread>
  <message>End action : if (waitForElementPresent(usePhoneNUmber, 30))</message>
  <nestedLevel>7</nestedLevel>
  <escapedJava>false</escapedJava>
</record>
<record>
  <date>2022-05-12T13:51:45</date>
  <millis>1652345505287</millis>
  <sequence>100</sequence>
  <level>END</level>
  <class>com.kms.katalon.core.logging.XmlKeywordLogger</class>
  <method>endKeyword</method>
  <thread>1</thread>
  <message>End action : if (waitForElementPresent(MATCHMAKERS, 30))</message>
  <nestedLevel>6</nestedLevel>
  <escapedJava>false</escapedJava>
</record>
<record>
  <date>2022-05-12T13:51:45</date>
  <millis>1652345505287</millis>
  <sequence>101</sequence>
  <level>END</level>
  <class>com.kms.katalon.core.logging.XmlKeywordLogger</class>
  <method>endKeyword</method>
  <thread>1</thread>
  <message>End action : if (waitForElementPresent(Privacy, 30))</message>
  <nestedLevel>5</nestedLevel>
  <escapedJava>false</escapedJava>
</record>
<record>
  <date>2022-05-12T13:51:45</date>
  <millis>1652345505287</millis>
  <sequence>102</sequence>
  <level>END</level>
  <class>com.kms.katalon.core.logging.XmlKeywordLogger</class>
  <method>endKeyword</method>
  <thread>1</thread>
  <message>End action : if (waitForElementPresent(AtFirst, 30))</message>
  <nestedLevel>4</nestedLevel>
  <escapedJava>false</escapedJava>
</record>
<record>
  <date>2022-05-12T13:51:45</date>
  <millis>1652345505287</millis>
  <sequence>103</sequence>
  <level>END</level>
  <class>com.kms.katalon.core.logging.XmlKeywordLogger</class>
  <method>endKeyword</method>
  <thread>1</thread>
  <message>End action : if (waitForElementPresent(Love, 30))</message>
  <nestedLevel>3</nestedLevel>
  <escapedJava>false</escapedJava>
</record>
<record>
  <date>2022-05-12T13:51:45</date>
  <millis>1652345505287</millis>
  <sequence>104</sequence>
  <level>END</level>
  <class>com.kms.katalon.core.logging.XmlKeywordLogger</class>
  <method>endKeyword</method>
  <thread>1</thread>
  <message>End action : if (waitForElementPresent(spot, 30))</message>
  <nestedLevel>2</nestedLevel>
  <escapedJava>false</escapedJava>
</record>
<record>
  <date>2022-05-12T13:51:45</date>
  <millis>1652345505288</millis>
  <sequence>105</sequence>
  <level>END</level>
  <class>com.kms.katalon.core.logging.XmlKeywordLogger</class>
  <method>endKeyword</method>
  <thread>1</thread>
  <message>End action : if (waitForElementPresent(heart, 30))</message>
  <nestedLevel>1</nestedLevel>
  <escapedJava>false</escapedJava>
</record>
<record>
  <date>2022-05-12T13:51:45</date>
  <millis>1652345505288</millis>
  <sequence>106</sequence>
  <level>PASSED</level>
  <class>com.kms.katalon.core.logging.XmlKeywordLogger</class>
  <method>logMessage</method>
  <thread>1</thread>
  <message>Test Cases/testing/Use Phone Number screen</message>
  <nestedLevel>1</nestedLevel>
  <escapedJava>false</escapedJava>
</record>
<record>
  <date>2022-05-12T13:51:45</date>
  <millis>1652345505289</millis>
  <sequence>107</sequence>
  <level>END</level>
  <class>com.kms.katalon.core.logging.XmlKeywordLogger</class>
  <method>endTest</method>
  <thread>1</thread>
  <message>End Test Case : Test Cases/testing/Use Phone Number screen</message>
  <nestedLevel>0</nestedLevel>
  <escapedJava>false</escapedJava>
  <property name="executionBindingVariables">[
  {
    &quot;displayReportName&quot;: &quot;(Default) heart&quot;,
    &quot;value&quot;: &quot;TestObject - \u0027Object Repository/Use Phone Number Screen/heart icon\u0027&quot;,
    &quot;name&quot;: &quot;(Default) heart&quot;,
    &quot;masked&quot;: false
  },
  {
    &quot;displayReportName&quot;: &quot;(Default) spot&quot;,
    &quot;value&quot;: &quot;TestObject - \u0027Object Repository/Use Phone Number Screen/SPOT\u0027&quot;,
    &quot;name&quot;: &quot;(Default) spot&quot;,
    &quot;masked&quot;: false
  },
  {
    &quot;displayReportName&quot;: &quot;(Default) Love&quot;,
    &quot;value&quot;: &quot;TestObject - \u0027Object Repository/Use Phone Number Screen/LOVE label text\u0027&quot;,
    &quot;name&quot;: &quot;(Default) Love&quot;,
    &quot;masked&quot;: false
  },
  {
    &quot;displayReportName&quot;: &quot;(Default) AtFir...&quot;,
    &quot;value&quot;: &quot;TestObject - \u0027Object Repository/Use Phone Number Screen/AT FIRST SIGHT label text\u0027&quot;,
    &quot;name&quot;: &quot;(Default) AtFirst&quot;,
    &quot;masked&quot;: false
  },
  {
    &quot;displayReportName&quot;: &quot;(Default) Priva...&quot;,
    &quot;value&quot;: &quot;TestObject - \u0027Object Repository/Use Phone Number Screen/Privacy Policy label text\u0027&quot;,
    &quot;name&quot;: &quot;(Default) Privacy&quot;,
    &quot;masked&quot;: false
  },
  {
    &quot;displayReportName&quot;: &quot;(Default) MATCH...&quot;,
    &quot;value&quot;: &quot;TestObject - \u0027Object Repository/Use Phone Number Screen/MATCHMAKERS label text\u0027&quot;,
    &quot;name&quot;: &quot;(Default) MATCHMAKERS&quot;,
    &quot;masked&quot;: false
  },
  {
    &quot;displayReportName&quot;: &quot;(Default) usePh...&quot;,
    &quot;value&quot;: &quot;TestObject - \u0027Object Repository/Use Phone Number Screen/usePhoneNUmber\u0027&quot;,
    &quot;name&quot;: &quot;(Default) usePhoneNUmber&quot;,
    &quot;masked&quot;: false
  }
]</property>
  <property name="keywordsUsage">{
  &quot;web_ui&quot;: false,
  &quot;web_service&quot;: false,
  &quot;cucumber&quot;: false,
  &quot;builtin&quot;: false,
  &quot;mobile&quot;: true,
  &quot;windows&quot;: false,
  &quot;testng&quot;: false
}</property>
</record>
<record>
  <date>2022-05-12T13:51:45</date>
  <millis>1652345505295</millis>
  <sequence>108</sequence>
  <level>START</level>
  <class>com.kms.katalon.core.logging.XmlKeywordLogger</class>
  <method>startTest</method>
  <thread>1</thread>
  <message>Start Test Case : Test Cases/testing/Whats Your phone number</message>
  <nestedLevel>1</nestedLevel>
  <escapedJava>false</escapedJava>
  <property name="name">Test Cases/testing/Whats Your phone number</property>
  <property name="description"></property>
  <property name="iteration"></property>
  <property name="id">Test Cases/testing/Whats Your phone number</property>
  <property name="source">\Users\pc\Documents\Katalon Studio\SpotLove_Stagging\Test Cases\testing\Whats Your phone number.tc</property>
  <property name="tag"></property>
  <property name="isOptional">false</property>
</record>
<record>
  <date>2022-05-12T13:51:45</date>
  <millis>1652345505336</millis>
  <sequence>111</sequence>
  <level>INFO</level>
  <class>com.kms.katalon.core.logging.XmlKeywordLogger</class>
  <method>logMessage</method>
  <thread>1</thread>
  <message>(Default) DEETS = TestObject - &amp;apos;Object Repository/Whats Your Phone Number/YOUR DEETS label text&amp;apos;</message>
  <nestedLevel>1</nestedLevel>
  <escapedJava>false</escapedJava>
</record>
<record>
  <date>2022-05-12T13:51:45</date>
  <millis>1652345505370</millis>
  <sequence>113</sequence>
  <level>INFO</level>
  <class>com.kms.katalon.core.logging.XmlKeywordLogger</class>
  <method>logMessage</method>
  <thread>1</thread>
  <message>(Default) phone_number = TestObject - &amp;apos;Object Repository/Whats Your Phone Number/Whats your  phone number label text&amp;apos;</message>
  <nestedLevel>1</nestedLevel>
  <escapedJava>false</escapedJava>
</record>
<record>
  <date>2022-05-12T13:51:45</date>
  <millis>1652345505545</millis>
  <sequence>114</sequence>
  <level>START</level>
  <class>com.kms.katalon.core.logging.XmlKeywordLogger</class>
  <method>startKeyword</method>
  <thread>1</thread>
  <message>Start action : if (waitForElementPresent(DEETS, 30))</message>
  <nestedLevel>1</nestedLevel>
  <escapedJava>false</escapedJava>
  <property name="startLine">22</property>
  <property name="stepIndex">1</property>
</record>
<record>
  <date>2022-05-12T13:51:46</date>
  <millis>1652345506782</millis>
  <sequence>117</sequence>
  <level>PASSED</level>
  <class>com.kms.katalon.core.logging.XmlKeywordLogger</class>
  <method>logMessage</method>
  <thread>1</thread>
  <message>Element &amp;apos;Object Repository/Whats Your Phone Number/YOUR DEETS label text&amp;apos; is present</message>
  <nestedLevel>1</nestedLevel>
  <escapedJava>false</escapedJava>
  <property name="testops-method-name">com.kms.katalon.core.mobile.keyword.builtin.WaitForElementPresentKeyword.waitForElementPresent</property>
  <property name="testops-execution-stacktrace"></property>
</record>
<record>
  <date>2022-05-12T13:51:46</date>
  <millis>1652345506782</millis>
  <sequence>118</sequence>
  <level>START</level>
  <class>com.kms.katalon.core.logging.XmlKeywordLogger</class>
  <method>startKeyword</method>
  <thread>1</thread>
  <message>Start action : markPassed(&amp;quot;Passed: Deets element is present&amp;quot;)</message>
  <nestedLevel>2</nestedLevel>
  <escapedJava>false</escapedJava>
  <property name="startLine">24</property>
  <property name="stepIndex">1</property>
</record>
<record>
  <date>2022-05-12T13:51:46</date>
  <millis>1652345506783</millis>
  <sequence>120</sequence>
  <level>PASSED</level>
  <class>com.kms.katalon.core.logging.XmlKeywordLogger</class>
  <method>logMessage</method>
  <thread>1</thread>
  <message>Passed: Deets element is present</message>
  <nestedLevel>1</nestedLevel>
  <escapedJava>false</escapedJava>
  <property name="testops-execution-stacktrace">com.kms.katalon.core.logging.KeywordLogger.logPassed(KeywordLogger.java:338)
com.kms.katalon.core.logging.KeywordLogger.logPassed(KeywordLogger.java:332)
com.kms.katalon.core.util.KeywordUtil.markPassed(KeywordUtil.java:56)
com.kms.katalon.core.util.KeywordUtil$markPassed.call(Unknown Source)
Whats Your phone number.run(Whats Your phone number:24)
</property>
</record>
<record>
  <date>2022-05-12T13:51:46</date>
  <millis>1652345506783</millis>
  <sequence>121</sequence>
  <level>END</level>
  <class>com.kms.katalon.core.logging.XmlKeywordLogger</class>
  <method>endKeyword</method>
  <thread>1</thread>
  <message>End action : markPassed(&amp;quot;Passed: Deets element is present&amp;quot;)</message>
  <nestedLevel>2</nestedLevel>
  <escapedJava>false</escapedJava>
</record>
<record>
  <date>2022-05-12T13:51:46</date>
  <millis>1652345506783</millis>
  <sequence>122</sequence>
  <level>START</level>
  <class>com.kms.katalon.core.logging.XmlKeywordLogger</class>
  <method>startKeyword</method>
  <thread>1</thread>
  <message>Start action : if (waitForElementPresent(phone_number, 30))</message>
  <nestedLevel>2</nestedLevel>
  <escapedJava>false</escapedJava>
  <property name="startLine">26</property>
  <property name="stepIndex">2</property>
</record>
<record>
  <date>2022-05-12T13:51:46</date>
  <millis>1652345506982</millis>
  <sequence>125</sequence>
  <level>PASSED</level>
  <class>com.kms.katalon.core.logging.XmlKeywordLogger</class>
  <method>logMessage</method>
  <thread>1</thread>
  <message>Element &amp;apos;Object Repository/Whats Your Phone Number/Whats your  phone number label text&amp;apos; is present</message>
  <nestedLevel>1</nestedLevel>
  <escapedJava>false</escapedJava>
  <property name="testops-method-name">com.kms.katalon.core.mobile.keyword.builtin.WaitForElementPresentKeyword.waitForElementPresent</property>
  <property name="testops-execution-stacktrace"></property>
</record>
<record>
  <date>2022-05-12T13:51:46</date>
  <millis>1652345506983</millis>
  <sequence>126</sequence>
  <level>START</level>
  <class>com.kms.katalon.core.logging.XmlKeywordLogger</class>
  <method>startKeyword</method>
  <thread>1</thread>
  <message>Start action : markPassed(&amp;quot;Passed: Whats your phone number element is present&amp;quot;)</message>
  <nestedLevel>3</nestedLevel>
  <escapedJava>false</escapedJava>
  <property name="startLine">28</property>
  <property name="stepIndex">1</property>
</record>
<record>
  <date>2022-05-12T13:51:46</date>
  <millis>1652345506984</millis>
  <sequence>128</sequence>
  <level>PASSED</level>
  <class>com.kms.katalon.core.logging.XmlKeywordLogger</class>
  <method>logMessage</method>
  <thread>1</thread>
  <message>Passed: Whats your phone number element is present</message>
  <nestedLevel>1</nestedLevel>
  <escapedJava>false</escapedJava>
  <property name="testops-execution-stacktrace">com.kms.katalon.core.logging.KeywordLogger.logPassed(KeywordLogger.java:338)
com.kms.katalon.core.logging.KeywordLogger.logPassed(KeywordLogger.java:332)
com.kms.katalon.core.util.KeywordUtil.markPassed(KeywordUtil.java:56)
com.kms.katalon.core.util.KeywordUtil$markPassed.call(Unknown Source)
Whats Your phone number.run(Whats Your phone number:28)
</property>
</record>
<record>
  <date>2022-05-12T13:51:46</date>
  <millis>1652345506984</millis>
  <sequence>129</sequence>
  <level>END</level>
  <class>com.kms.katalon.core.logging.XmlKeywordLogger</class>
  <method>endKeyword</method>
  <thread>1</thread>
  <message>End action : markPassed(&amp;quot;Passed: Whats your phone number element is present&amp;quot;)</message>
  <nestedLevel>3</nestedLevel>
  <escapedJava>false</escapedJava>
</record>
<record>
  <date>2022-05-12T13:51:46</date>
  <millis>1652345506984</millis>
  <sequence>130</sequence>
  <level>END</level>
  <class>com.kms.katalon.core.logging.XmlKeywordLogger</class>
  <method>endKeyword</method>
  <thread>1</thread>
  <message>End action : if (waitForElementPresent(phone_number, 30))</message>
  <nestedLevel>2</nestedLevel>
  <escapedJava>false</escapedJava>
</record>
<record>
  <date>2022-05-12T13:51:46</date>
  <millis>1652345506984</millis>
  <sequence>131</sequence>
  <level>END</level>
  <class>com.kms.katalon.core.logging.XmlKeywordLogger</class>
  <method>endKeyword</method>
  <thread>1</thread>
  <message>End action : if (waitForElementPresent(DEETS, 30))</message>
  <nestedLevel>1</nestedLevel>
  <escapedJava>false</escapedJava>
</record>
<record>
  <date>2022-05-12T13:51:46</date>
  <millis>1652345506984</millis>
  <sequence>132</sequence>
  <level>PASSED</level>
  <class>com.kms.katalon.core.logging.XmlKeywordLogger</class>
  <method>logMessage</method>
  <thread>1</thread>
  <message>Test Cases/testing/Whats Your phone number</message>
  <nestedLevel>1</nestedLevel>
  <escapedJava>false</escapedJava>
</record>
<record>
  <date>2022-05-12T13:51:46</date>
  <millis>1652345506985</millis>
  <sequence>133</sequence>
  <level>END</level>
  <class>com.kms.katalon.core.logging.XmlKeywordLogger</class>
  <method>endTest</method>
  <thread>1</thread>
  <message>End Test Case : Test Cases/testing/Whats Your phone number</message>
  <nestedLevel>0</nestedLevel>
  <escapedJava>false</escapedJava>
  <property name="executionBindingVariables">[
  {
    &quot;displayReportName&quot;: &quot;(Default) DEETS&quot;,
    &quot;value&quot;: &quot;TestObject - \u0027Object Repository/Whats Your Phone Number/YOUR DEETS label text\u0027&quot;,
    &quot;name&quot;: &quot;(Default) DEETS&quot;,
    &quot;masked&quot;: false
  },
  {
    &quot;displayReportName&quot;: &quot;(Default) phone...&quot;,
    &quot;value&quot;: &quot;TestObject - \u0027Object Repository/Whats Your Phone Number/Whats your  phone number label text\u0027&quot;,
    &quot;name&quot;: &quot;(Default) phone_number&quot;,
    &quot;masked&quot;: false
  }
]</property>
  <property name="keywordsUsage">{
  &quot;web_ui&quot;: false,
  &quot;web_service&quot;: false,
  &quot;cucumber&quot;: false,
  &quot;builtin&quot;: false,
  &quot;mobile&quot;: true,
  &quot;windows&quot;: false,
  &quot;testng&quot;: false
}</property>
</record>
<record>
  <date>2022-05-12T13:51:46</date>
  <millis>1652345506986</millis>
  <sequence>134</sequence>
  <level>START</level>
  <class>com.kms.katalon.core.logging.XmlKeywordLogger</class>
  <method>startKeyword</method>
  <thread>1</thread>
  <message>Start listener action : exportKatalonReports</message>
  <nestedLevel>0</nestedLevel>
  <escapedJava>false</escapedJava>
</record>
<record>
  <date>2022-05-12T13:51:47</date>
  <millis>1652345507118</millis>
  <sequence>320</sequence>
  <level>INFO</level>
  <class>com.kms.katalon.core.logging.XmlKeywordLogger</class>
  <method>logMessage</method>
  <thread>1</thread>
  <message>Start generating HTML report folder at: /Users/pc/Documents/Katalon Studio/SpotLove_Stagging/Reports/20220512_135112/conditional Suit/20220512_135112...</message>
  <nestedLevel>0</nestedLevel>
  <escapedJava>false</escapedJava>
</record>
<record>
  <date>2022-05-12T13:51:47</date>
  <millis>1652345507155</millis>
  <sequence>321</sequence>
  <level>INFO</level>
  <class>com.kms.katalon.core.logging.XmlKeywordLogger</class>
  <method>logMessage</method>
  <thread>1</thread>
  <message>HTML report generated</message>
  <nestedLevel>0</nestedLevel>
  <escapedJava>false</escapedJava>
</record>
<record>
  <date>2022-05-12T13:51:47</date>
  <millis>1652345507155</millis>
  <sequence>322</sequence>
  <level>INFO</level>
  <class>com.kms.katalon.core.logging.XmlKeywordLogger</class>
  <method>logMessage</method>
  <thread>1</thread>
  <message>Start generating CSV report folder at: /Users/pc/Documents/Katalon Studio/SpotLove_Stagging/Reports/20220512_135112/conditional Suit/20220512_135112...</message>
  <nestedLevel>0</nestedLevel>
  <escapedJava>false</escapedJava>
</record>
<record>
  <date>2022-05-12T13:51:47</date>
  <millis>1652345507165</millis>
  <sequence>323</sequence>
  <level>INFO</level>
  <class>com.kms.katalon.core.logging.XmlKeywordLogger</class>
  <method>logMessage</method>
  <thread>1</thread>
  <message>CSV report generated</message>
  <nestedLevel>0</nestedLevel>
  <escapedJava>false</escapedJava>
</record>
<record>
  <date>2022-05-12T13:51:47</date>
  <millis>1652345507176</millis>
  <sequence>325</sequence>
  <level>END</level>
  <class>com.kms.katalon.core.logging.XmlKeywordLogger</class>
  <method>endKeyword</method>
  <thread>1</thread>
  <message>End listener action : exportKatalonReports</message>
  <nestedLevel>0</nestedLevel>
  <escapedJava>false</escapedJava>
</record>
<record>
  <date>2022-05-12T13:51:47</date>
  <millis>1652345507495</millis>
  <sequence>326</sequence>
  <level>END</level>
  <class>com.kms.katalon.core.logging.XmlKeywordLogger</class>
  <method>endSuite</method>
  <thread>1</thread>
  <message>End Test Suite : Test Suites/conditional Suit</message>
  <nestedLevel>0</nestedLevel>
  <escapedJava>false</escapedJava>
</record>
</log>
