[35m[Appium][39m Welcome to Appium v1.22.3
[35m[Appium][39m Non-default server args:
[35m[Appium][39m   port: 51434
[35m[Appium][39m   loglevel: info
[35m[Appium][39m   tmpDir: /var/folders/1v/3_56wbt90zbb48qtwvw1bry40000gn/T//Katalon/Appium/Temp1675766457580
[35m[Appium][39m   chromedriverPort: 51436
[35m[Appium][39m Deprecated server args:
[35m[Appium][39m   [31m--chromedriver-port[39m => --default-capabilities
[35m[Appium][39m Default capabilities, which will be added to each request unless overridden by desired capabilities:
[35m[Appium][39m   chromedriverPort: 51436
[35m[Appium][39m Appium REST http interface listener started on 0.0.0.0:51434
[35m[HTTP][39m [37m-->[39m [37mGET[39m [37m/wd/hub/status[39m
[35m[HTTP][39m [90m{}[39m
[35m[HTTP][39m [37m<-- GET /wd/hub/status [39m[32m200[39m [90m5 ms - 68[39m
[35m[HTTP][39m [90m[39m
[35m[HTTP][39m [37m-->[39m [37mPOST[39m [37m/wd/hub/session[39m
[35m[HTTP][39m [90m{"desiredCapabilities":{"appPackage":"com.android.settings","deviceId":"RF8RC109TVZ","deviceName":"samsung SM-A325F (Android 13)","platform":"ANDROID","appActivity":".Settings","newCommandTimeout":1800,"platformVersion":"13","automationName":"uiautomator2","autoGrantPermissions":true,"platformName":"Android","udid":"RF8RC109TVZ","systemPort":8238},"capabilities":{"firstMatch":[{"appium:appActivity":".Settings","appium:appPackage":"com.android.settings","appium:autoGrantPermissions":true,"appium:automationName":"uiautomator2","deviceId":"RF8RC109TVZ","appium:deviceName":"samsung SM-A325F (Android 13)","appium:newCommandTimeout":1800,"platform":"ANDROID","platformName":"android","appium:platformVersion":"13","appium:systemPort":8238,"appium:udid":"RF8RC109TVZ"}]}}[39m
[35m[BaseDriver][39m The following capabilities are not standard capabilities and should have an extension prefix:
[35m[BaseDriver][39m   deviceId
[35m[BaseDriver][39m   platform
[35m[BaseDriver][39m   chromedriverPort
[35m[Appium][39m Appium v1.22.3 creating new AndroidUiautomator2Driver (v1.70.1) session
[35m[BaseDriver][39m The following capabilities were provided, but are not recognized by Appium:
[35m[BaseDriver][39m   deviceId
[35m[BaseDriver][39m   platform
[35m[BaseDriver][39m Session created with session id: 1df8f142-2352-4956-967c-34cb056363f5
[35m[UiAutomator2][39m Starting 'com.android.settings' directly on the device
[35m[ADB][39m Found 1 'build-tools' folders under '/Users/pc/.katalon/tools/android_sdk' (newest first):
[35m[ADB][39m     /Users/pc/.katalon/tools/android_sdk/build-tools/29.0.3
[35m[ADB][39m Using 'adb' from '/Users/pc/.katalon/tools/android_sdk/platform-tools/adb'
[35m[AndroidDriver][39m Retrieving device list
[35m[AndroidDriver][39m Using device: RF8RC109TVZ
[35m[ADB][39m Using 'adb' from '/Users/pc/.katalon/tools/android_sdk/platform-tools/adb'
[35m[ADB][39m Getting device platform version
[35m[UiAutomator2][39m Relaxing hidden api policy
[35m[AndroidDriver][39m No app sent in, not parsing package/activity
[35m[UiAutomator2][39m Server package at '/usr/local/lib/node_modules/appium/node_modules/appium-uiautomator2-server/apks/appium-uiautomator2-server-v4.27.0.apk' is not writeable. Will copy it into the temporary location at '/var/folders/1v/3_56wbt90zbb48qtwvw1bry40000gn/T/Katalon/Appium/Temp1675766457580/202317-38401-1lszi6u.9n56' as a workaround. Consider making this file writeable manually in order to improve the performance of session startup.
[35m[UiAutomator2][39m Server package at '/usr/local/lib/node_modules/appium/node_modules/appium-uiautomator2-server/apks/appium-uiautomator2-server-debug-androidTest.apk' is not writeable. Will copy it into the temporary location at '/var/folders/1v/3_56wbt90zbb48qtwvw1bry40000gn/T/Katalon/Appium/Temp1675766457580/202317-38401-1lszi6u.9n56' as a workaround. Consider making this file writeable manually in order to improve the performance of session startup.
[35m[ADB][39m Using 'apksigner.jar' from '/Users/pc/.katalon/tools/android_sdk/build-tools/29.0.3/lib/apksigner.jar'
[35m[ADB][39m '/var/folders/1v/3_56wbt90zbb48qtwvw1bry40000gn/T/Katalon/Appium/Temp1675766457580/202317-38401-1lszi6u.9n56/appium-uiautomator2-server-v4.27.0.apk' is signed with the default certificate
[35m[ADB][39m '/var/folders/1v/3_56wbt90zbb48qtwvw1bry40000gn/T/Katalon/Appium/Temp1675766457580/202317-38401-1lszi6u.9n56/appium-uiautomator2-server-debug-androidTest.apk' is signed with the default certificate
[35m[UiAutomator2][39m Server packages are not going to be (re)installed
[35m[ADB][39m Adding packages ["io.appium.settings","io.appium.uiautomator2.server","io.appium.uiautomator2.server.test"] to Doze whitelist
[35m[UiAutomator2][39m Starting UIAutomator2 server 4.27.0
[35m[UiAutomator2][39m Using UIAutomator2 server from '/usr/local/lib/node_modules/appium/node_modules/appium-uiautomator2-server/apks/appium-uiautomator2-server-v4.27.0.apk' and test from '/usr/local/lib/node_modules/appium/node_modules/appium-uiautomator2-server/apks/appium-uiautomator2-server-debug-androidTest.apk'
[35m[UiAutomator2][39m Waiting up to 30000ms for UiAutomator2 to be online...
[35m[WD Proxy][39m socket hang up
[35m[WD Proxy][39m socket hang up
[35m[WD Proxy][39m socket hang up
[35m[WD Proxy][39m Determined the downstream protocol as 'W3C'
[35m[AndroidDriver][39m Screen already unlocked, doing nothing
[35m[UiAutomator2][39m Starting 'com.android.settings/.Settings and waiting for 'com.android.settings/.Settings'
[35m[Appium][39m New AndroidUiautomator2Driver session created successfully, session 1df8f142-2352-4956-967c-34cb056363f5 added to master session list
[35m[HTTP][39m [37m<-- POST /wd/hub/session [39m[32m200[39m [90m8150 ms - 1208[39m
[35m[HTTP][39m [90m[39m
[35m[HTTP][39m [37m-->[39m [37mGET[39m [37m/wd/hub/session/1df8f142-2352-4956-967c-34cb056363f5[39m
[35m[HTTP][39m [90m{}[39m
[35m[HTTP][39m [37m<-- GET /wd/hub/session/1df8f142-2352-4956-967c-34cb056363f5 [39m[32m200[39m [90m16 ms - 1162[39m
[35m[HTTP][39m [90m[39m
[35m[HTTP][39m [37m-->[39m [37mGET[39m [37m/wd/hub/session/1df8f142-2352-4956-967c-34cb056363f5[39m
[35m[HTTP][39m [90m{}[39m
[35m[HTTP][39m [37m<-- GET /wd/hub/session/1df8f142-2352-4956-967c-34cb056363f5 [39m[32m200[39m [90m11 ms - 1162[39m
[35m[HTTP][39m [90m[39m
[35m[HTTP][39m [37m-->[39m [37mGET[39m [37m/wd/hub/status[39m
[35m[HTTP][39m [90m{}[39m
[35m[HTTP][39m [37m<-- GET /wd/hub/status [39m[32m200[39m [90m1 ms - 68[39m
[35m[HTTP][39m [90m[39m
[35m[HTTP][39m [37m-->[39m [37mPOST[39m [37m/wd/hub/session/1df8f142-2352-4956-967c-34cb056363f5/timeouts[39m
[35m[HTTP][39m [90m{"implicit":30000}[39m
[35m[HTTP][39m [37m<-- POST /wd/hub/session/1df8f142-2352-4956-967c-34cb056363f5/timeouts [39m[32m200[39m [90m3 ms - 14[39m
[35m[HTTP][39m [90m[39m
[35m[HTTP][39m [37m-->[39m [37mGET[39m [37m/wd/hub/session/1df8f142-2352-4956-967c-34cb056363f5/screenshot[39m
[35m[HTTP][39m [90m{}[39m
[35m[HTTP][39m [37m<-- GET /wd/hub/session/1df8f142-2352-4956-967c-34cb056363f5/screenshot [39m[32m200[39m [90m803 ms - 203264[39m
[35m[HTTP][39m [90m[39m
[35m[HTTP][39m [37m-->[39m [37mGET[39m [37m/wd/hub/session/1df8f142-2352-4956-967c-34cb056363f5/window/rect[39m
[35m[HTTP][39m [90m{}[39m
[35m[HTTP][39m [37m<-- GET /wd/hub/session/1df8f142-2352-4956-967c-34cb056363f5/window/rect [39m[32m200[39m [90m28 ms - 50[39m
[35m[HTTP][39m [90m[39m
[35m[HTTP][39m [37m-->[39m [37mGET[39m [37m/wd/hub/session/1df8f142-2352-4956-967c-34cb056363f5/appium/device/system_bars[39m
[35m[HTTP][39m [90m{}[39m
[35m[HTTP][39m [37m<-- GET /wd/hub/session/1df8f142-2352-4956-967c-34cb056363f5/appium/device/system_bars [39m[32m200[39m [90m92 ms - 145[39m
[35m[HTTP][39m [90m[39m
[35m[HTTP][39m [37m-->[39m [37mPOST[39m [37m/wd/hub/session/1df8f142-2352-4956-967c-34cb056363f5/appium/device/activate_app[39m
[35m[HTTP][39m [90m{"bundleId":"com.spotlove.releaseproduction"}[39m
[35m[HTTP][39m [37m<-- POST /wd/hub/session/1df8f142-2352-4956-967c-34cb056363f5/appium/device/activate_app [39m[32m200[39m [90m574 ms - 14[39m
[35m[HTTP][39m [90m[39m
[35m[HTTP][39m [37m-->[39m [37mPOST[39m [37m/wd/hub/session/1df8f142-2352-4956-967c-34cb056363f5/timeouts[39m
[35m[HTTP][39m [90m{"implicit":50}[39m
[35m[HTTP][39m [37m<-- POST /wd/hub/session/1df8f142-2352-4956-967c-34cb056363f5/timeouts [39m[32m200[39m [90m2 ms - 14[39m
[35m[HTTP][39m [90m[39m
[35m[HTTP][39m [37m-->[39m [37mGET[39m [37m/wd/hub/session/1df8f142-2352-4956-967c-34cb056363f5/window/rect[39m
[35m[HTTP][39m [90m{}[39m
[35m[HTTP][39m [37m<-- GET /wd/hub/session/1df8f142-2352-4956-967c-34cb056363f5/window/rect [39m[32m200[39m [90m15 ms - 50[39m
[35m[HTTP][39m [90m[39m
[35m[HTTP][39m [37m-->[39m [37mPOST[39m [37m/wd/hub/session/1df8f142-2352-4956-967c-34cb056363f5/elements[39m
[35m[HTTP][39m [90m{"using":"xpath","value":"//*[@class = 'android.widget.TextView' and (@text = 'Spot Love at First Sight' or . = 'Spot Love at First Sight')]"}[39m
[35m[HTTP][39m [37m<-- POST /wd/hub/session/1df8f142-2352-4956-967c-34cb056363f5/elements [39m[32m200[39m [90m456 ms - 12[39m
[35m[HTTP][39m [90m[39m
[35m[HTTP][39m [37m-->[39m [37mPOST[39m [37m/wd/hub/session/1df8f142-2352-4956-967c-34cb056363f5/elements[39m
[35m[HTTP][39m [90m{"using":"xpath","value":"//*[@class = 'android.widget.TextView' and (@text = 'Spot Love at First Sight' or . = 'Spot Love at First Sight')]"}[39m
[35m[HTTP][39m [37m<-- POST /wd/hub/session/1df8f142-2352-4956-967c-34cb056363f5/elements [39m[32m200[39m [90m326 ms - 12[39m
[35m[HTTP][39m [90m[39m
[35m[HTTP][39m [37m-->[39m [37mPOST[39m [37m/wd/hub/session/1df8f142-2352-4956-967c-34cb056363f5/elements[39m
[35m[HTTP][39m [90m{"using":"xpath","value":"//*[@class = 'android.widget.TextView' and (@text = 'Spot Love at First Sight' or . = 'Spot Love at First Sight')]"}[39m
[35m[HTTP][39m [37m<-- POST /wd/hub/session/1df8f142-2352-4956-967c-34cb056363f5/elements [39m[32m200[39m [90m414 ms - 12[39m
[35m[HTTP][39m [90m[39m
[35m[HTTP][39m [37m-->[39m [37mPOST[39m [37m/wd/hub/session/1df8f142-2352-4956-967c-34cb056363f5/elements[39m
[35m[HTTP][39m [90m{"using":"xpath","value":"//*[@class = 'android.widget.TextView' and (@text = 'Spot Love at First Sight' or . = 'Spot Love at First Sight')]"}[39m
[35m[HTTP][39m [37m<-- POST /wd/hub/session/1df8f142-2352-4956-967c-34cb056363f5/elements [39m[32m200[39m [90m98 ms - 12[39m
[35m[HTTP][39m [90m[39m
[35m[HTTP][39m [37m-->[39m [37mPOST[39m [37m/wd/hub/session/1df8f142-2352-4956-967c-34cb056363f5/elements[39m
[35m[HTTP][39m [90m{"using":"xpath","value":"//*[@class = 'android.widget.TextView' and (@text = 'Spot Love at First Sight' or . = 'Spot Love at First Sight')]"}[39m
[35m[HTTP][39m [37m<-- POST /wd/hub/session/1df8f142-2352-4956-967c-34cb056363f5/elements [39m[32m200[39m [90m108 ms - 12[39m
[35m[HTTP][39m [90m[39m
[35m[HTTP][39m [37m-->[39m [37mPOST[39m [37m/wd/hub/session/1df8f142-2352-4956-967c-34cb056363f5/elements[39m
[35m[HTTP][39m [90m{"using":"xpath","value":"//*[@class = 'android.widget.TextView' and (@text = 'Spot Love at First Sight' or . = 'Spot Love at First Sight')]"}[39m
[35m[HTTP][39m [37m<-- POST /wd/hub/session/1df8f142-2352-4956-967c-34cb056363f5/elements [39m[32m200[39m [90m53 ms - 12[39m
[35m[HTTP][39m [90m[39m
[35m[HTTP][39m [37m-->[39m [37mPOST[39m [37m/wd/hub/session/1df8f142-2352-4956-967c-34cb056363f5/elements[39m
[35m[HTTP][39m [90m{"using":"xpath","value":"//*[@class = 'android.widget.TextView' and (@text = 'Spot Love at First Sight' or . = 'Spot Love at First Sight')]"}[39m
[35m[HTTP][39m [37m<-- POST /wd/hub/session/1df8f142-2352-4956-967c-34cb056363f5/elements [39m[32m200[39m [90m55 ms - 12[39m
[35m[HTTP][39m [90m[39m
[35m[HTTP][39m [37m-->[39m [37mPOST[39m [37m/wd/hub/session/1df8f142-2352-4956-967c-34cb056363f5/elements[39m
[35m[HTTP][39m [90m{"using":"xpath","value":"//*[@class = 'android.widget.TextView' and (@text = 'Spot Love at First Sight' or . = 'Spot Love at First Sight')]"}[39m
[35m[HTTP][39m [37m<-- POST /wd/hub/session/1df8f142-2352-4956-967c-34cb056363f5/elements [39m[32m200[39m [90m62 ms - 12[39m
[35m[HTTP][39m [90m[39m
[35m[HTTP][39m [37m-->[39m [37mPOST[39m [37m/wd/hub/session/1df8f142-2352-4956-967c-34cb056363f5/elements[39m
[35m[HTTP][39m [90m{"using":"xpath","value":"//*[@class = 'android.widget.TextView' and (@text = 'Spot Love at First Sight' or . = 'Spot Love at First Sight')]"}[39m
[35m[HTTP][39m [37m<-- POST /wd/hub/session/1df8f142-2352-4956-967c-34cb056363f5/elements [39m[32m200[39m [90m54 ms - 12[39m
[35m[HTTP][39m [90m[39m
[35m[HTTP][39m [37m-->[39m [37mPOST[39m [37m/wd/hub/session/1df8f142-2352-4956-967c-34cb056363f5/elements[39m
[35m[HTTP][39m [90m{"using":"xpath","value":"//*[@class = 'android.widget.TextView' and (@text = 'Spot Love at First Sight' or . = 'Spot Love at First Sight')]"}[39m
[35m[HTTP][39m [37m<-- POST /wd/hub/session/1df8f142-2352-4956-967c-34cb056363f5/elements [39m[32m200[39m [90m102 ms - 12[39m
[35m[HTTP][39m [90m[39m
[35m[HTTP][39m [37m-->[39m [37mPOST[39m [37m/wd/hub/session/1df8f142-2352-4956-967c-34cb056363f5/elements[39m
[35m[HTTP][39m [90m{"using":"xpath","value":"//*[@class = 'android.widget.TextView' and (@text = 'Spot Love at First Sight' or . = 'Spot Love at First Sight')]"}[39m
[35m[HTTP][39m [37m<-- POST /wd/hub/session/1df8f142-2352-4956-967c-34cb056363f5/elements [39m[32m200[39m [90m53 ms - 12[39m
[35m[HTTP][39m [90m[39m
[35m[HTTP][39m [37m-->[39m [37mPOST[39m [37m/wd/hub/session/1df8f142-2352-4956-967c-34cb056363f5/elements[39m
[35m[HTTP][39m [90m{"using":"xpath","value":"//*[@class = 'android.widget.TextView' and (@text = 'Spot Love at First Sight' or . = 'Spot Love at First Sight')]"}[39m
[35m[HTTP][39m [37m<-- POST /wd/hub/session/1df8f142-2352-4956-967c-34cb056363f5/elements [39m[32m200[39m [90m67 ms - 12[39m
[35m[HTTP][39m [90m[39m
[35m[HTTP][39m [37m-->[39m [37mPOST[39m [37m/wd/hub/session/1df8f142-2352-4956-967c-34cb056363f5/elements[39m
[35m[HTTP][39m [90m{"using":"xpath","value":"//*[@class = 'android.widget.TextView' and (@text = 'Spot Love at First Sight' or . = 'Spot Love at First Sight')]"}[39m
[35m[HTTP][39m [37m<-- POST /wd/hub/session/1df8f142-2352-4956-967c-34cb056363f5/elements [39m[32m200[39m [90m61 ms - 12[39m
[35m[HTTP][39m [90m[39m
[35m[HTTP][39m [37m-->[39m [37mPOST[39m [37m/wd/hub/session/1df8f142-2352-4956-967c-34cb056363f5/elements[39m
[35m[HTTP][39m [90m{"using":"xpath","value":"//*[@class = 'android.widget.TextView' and (@text = 'Spot Love at First Sight' or . = 'Spot Love at First Sight')]"}[39m
[35m[HTTP][39m [37m<-- POST /wd/hub/session/1df8f142-2352-4956-967c-34cb056363f5/elements [39m[32m200[39m [90m55 ms - 12[39m
[35m[HTTP][39m [90m[39m
[35m[HTTP][39m [37m-->[39m [37mPOST[39m [37m/wd/hub/session/1df8f142-2352-4956-967c-34cb056363f5/elements[39m
[35m[HTTP][39m [90m{"using":"xpath","value":"//*[@class = 'android.widget.TextView' and (@text = 'Spot Love at First Sight' or . = 'Spot Love at First Sight')]"}[39m
[35m[HTTP][39m [37m<-- POST /wd/hub/session/1df8f142-2352-4956-967c-34cb056363f5/elements [39m[32m200[39m [90m53 ms - 12[39m
[35m[HTTP][39m [90m[39m
[35m[HTTP][39m [37m-->[39m [37mPOST[39m [37m/wd/hub/session/1df8f142-2352-4956-967c-34cb056363f5/elements[39m
[35m[HTTP][39m [90m{"using":"xpath","value":"//*[@class = 'android.widget.TextView' and (@text = 'Spot Love at First Sight' or . = 'Spot Love at First Sight')]"}[39m
[35m[HTTP][39m [37m<-- POST /wd/hub/session/1df8f142-2352-4956-967c-34cb056363f5/elements [39m[32m200[39m [90m58 ms - 12[39m
[35m[HTTP][39m [90m[39m
[35m[HTTP][39m [37m-->[39m [37mPOST[39m [37m/wd/hub/session/1df8f142-2352-4956-967c-34cb056363f5/elements[39m
[35m[HTTP][39m [90m{"using":"xpath","value":"//*[@class = 'android.widget.TextView' and (@text = 'Spot Love at First Sight' or . = 'Spot Love at First Sight')]"}[39m
[35m[HTTP][39m [37m<-- POST /wd/hub/session/1df8f142-2352-4956-967c-34cb056363f5/elements [39m[32m200[39m [90m102 ms - 12[39m
[35m[HTTP][39m [90m[39m
[35m[HTTP][39m [37m-->[39m [37mPOST[39m [37m/wd/hub/session/1df8f142-2352-4956-967c-34cb056363f5/elements[39m
[35m[HTTP][39m [90m{"using":"xpath","value":"//*[@class = 'android.widget.TextView' and (@text = 'Spot Love at First Sight' or . = 'Spot Love at First Sight')]"}[39m
[35m[HTTP][39m [37m<-- POST /wd/hub/session/1df8f142-2352-4956-967c-34cb056363f5/elements [39m[32m200[39m [90m55 ms - 12[39m
[35m[HTTP][39m [90m[39m
[35m[HTTP][39m [37m-->[39m [37mPOST[39m [37m/wd/hub/session/1df8f142-2352-4956-967c-34cb056363f5/elements[39m
[35m[HTTP][39m [90m{"using":"xpath","value":"//*[@class = 'android.widget.TextView' and (@text = 'Spot Love at First Sight' or . = 'Spot Love at First Sight')]"}[39m
[35m[HTTP][39m [37m<-- POST /wd/hub/session/1df8f142-2352-4956-967c-34cb056363f5/elements [39m[32m200[39m [90m58 ms - 12[39m
[35m[HTTP][39m [90m[39m
[35m[HTTP][39m [37m-->[39m [37mPOST[39m [37m/wd/hub/session/1df8f142-2352-4956-967c-34cb056363f5/elements[39m
[35m[HTTP][39m [90m{"using":"xpath","value":"//*[@class = 'android.widget.TextView' and (@text = 'Spot Love at First Sight' or . = 'Spot Love at First Sight')]"}[39m
[35m[HTTP][39m [37m<-- POST /wd/hub/session/1df8f142-2352-4956-967c-34cb056363f5/elements [39m[32m200[39m [90m103 ms - 12[39m
[35m[HTTP][39m [90m[39m
[35m[HTTP][39m [37m-->[39m [37mPOST[39m [37m/wd/hub/session/1df8f142-2352-4956-967c-34cb056363f5/elements[39m
[35m[HTTP][39m [90m{"using":"xpath","value":"//*[@class = 'android.widget.TextView' and (@text = 'Spot Love at First Sight' or . = 'Spot Love at First Sight')]"}[39m
[35m[HTTP][39m [37m<-- POST /wd/hub/session/1df8f142-2352-4956-967c-34cb056363f5/elements [39m[32m200[39m [90m142 ms - 12[39m
[35m[HTTP][39m [90m[39m
[35m[HTTP][39m [37m-->[39m [37mPOST[39m [37m/wd/hub/session/1df8f142-2352-4956-967c-34cb056363f5/elements[39m
[35m[HTTP][39m [90m{"using":"xpath","value":"//*[@class = 'android.widget.TextView' and (@text = 'Spot Love at First Sight' or . = 'Spot Love at First Sight')]"}[39m
[35m[HTTP][39m [37m<-- POST /wd/hub/session/1df8f142-2352-4956-967c-34cb056363f5/elements [39m[32m200[39m [90m55 ms - 12[39m
[35m[HTTP][39m [90m[39m
[35m[HTTP][39m [37m-->[39m [37mPOST[39m [37m/wd/hub/session/1df8f142-2352-4956-967c-34cb056363f5/elements[39m
[35m[HTTP][39m [90m{"using":"xpath","value":"//*[@class = 'android.widget.TextView' and (@text = 'Spot Love at First Sight' or . = 'Spot Love at First Sight')]"}[39m
[35m[HTTP][39m [37m<-- POST /wd/hub/session/1df8f142-2352-4956-967c-34cb056363f5/elements [39m[32m200[39m [90m62 ms - 12[39m
[35m[HTTP][39m [90m[39m
[35m[HTTP][39m [37m-->[39m [37mPOST[39m [37m/wd/hub/session/1df8f142-2352-4956-967c-34cb056363f5/elements[39m
[35m[HTTP][39m [90m{"using":"xpath","value":"//*[@class = 'android.widget.TextView' and (@text = 'Spot Love at First Sight' or . = 'Spot Love at First Sight')]"}[39m
[35m[HTTP][39m [37m<-- POST /wd/hub/session/1df8f142-2352-4956-967c-34cb056363f5/elements [39m[32m200[39m [90m138 ms - 139[39m
[35m[HTTP][39m [90m[39m
[35m[HTTP][39m [37m-->[39m [37mGET[39m [37m/wd/hub/session/1df8f142-2352-4956-967c-34cb056363f5/element/00000000-0000-00f6-ffff-ffff00000016/location[39m
[35m[HTTP][39m [90m{}[39m
[35m[W3C (1df8f142)][39m Driver proxy active, passing request on via HTTP proxy
[35m[WD Proxy][39m Replacing sessionId 07b0ec32-bf83-444e-bbdd-547f77b4f954 with 1df8f142-2352-4956-967c-34cb056363f5
[35m[HTTP][39m [37m<-- GET /wd/hub/session/1df8f142-2352-4956-967c-34cb056363f5/element/00000000-0000-00f6-ffff-ffff00000016/location [39m[32m200[39m [90m509 ms - 78[39m
[35m[HTTP][39m [90m[39m
[35m[HTTP][39m [37m-->[39m [37mPOST[39m [37m/wd/hub/session/1df8f142-2352-4956-967c-34cb056363f5/timeouts[39m
[35m[HTTP][39m [90m{"implicit":30000}[39m
[35m[HTTP][39m [37m<-- POST /wd/hub/session/1df8f142-2352-4956-967c-34cb056363f5/timeouts [39m[32m200[39m [90m1 ms - 14[39m
[35m[HTTP][39m [90m[39m
[35m[HTTP][39m [37m-->[39m [37mPOST[39m [37m/wd/hub/session/1df8f142-2352-4956-967c-34cb056363f5/timeouts[39m
[35m[HTTP][39m [90m{"implicit":50}[39m
[35m[HTTP][39m [37m<-- POST /wd/hub/session/1df8f142-2352-4956-967c-34cb056363f5/timeouts [39m[32m200[39m [90m2 ms - 14[39m
[35m[HTTP][39m [90m[39m
[35m[HTTP][39m [37m-->[39m [37mGET[39m [37m/wd/hub/session/1df8f142-2352-4956-967c-34cb056363f5/window/rect[39m
[35m[HTTP][39m [90m{}[39m
[35m[HTTP][39m [37m<-- GET /wd/hub/session/1df8f142-2352-4956-967c-34cb056363f5/window/rect [39m[32m200[39m [90m15 ms - 50[39m
[35m[HTTP][39m [90m[39m
[35m[HTTP][39m [37m-->[39m [37mPOST[39m [37m/wd/hub/session/1df8f142-2352-4956-967c-34cb056363f5/elements[39m
[35m[HTTP][39m [90m{"using":"xpath","value":"//*[@class = 'android.widget.TextView' and (@text = 'Select an account to continue' or . = 'Select an account to continue')]"}[39m
[35m[HTTP][39m [37m<-- POST /wd/hub/session/1df8f142-2352-4956-967c-34cb056363f5/elements [39m[32m200[39m [90m102 ms - 139[39m
[35m[HTTP][39m [90m[39m
[35m[HTTP][39m [37m-->[39m [37mGET[39m [37m/wd/hub/session/1df8f142-2352-4956-967c-34cb056363f5/element/00000000-0000-00f6-ffff-ffff00000017/location[39m
[35m[HTTP][39m [90m{}[39m
[35m[W3C (1df8f142)][39m Driver proxy active, passing request on via HTTP proxy
[35m[WD Proxy][39m Replacing sessionId 07b0ec32-bf83-444e-bbdd-547f77b4f954 with 1df8f142-2352-4956-967c-34cb056363f5
[35m[HTTP][39m [37m<-- GET /wd/hub/session/1df8f142-2352-4956-967c-34cb056363f5/element/00000000-0000-00f6-ffff-ffff00000017/location [39m[32m200[39m [90m23 ms - 79[39m
[35m[HTTP][39m [90m[39m
[35m[HTTP][39m [37m-->[39m [37mPOST[39m [37m/wd/hub/session/1df8f142-2352-4956-967c-34cb056363f5/timeouts[39m
[35m[HTTP][39m [90m{"implicit":30000}[39m
[35m[HTTP][39m [37m<-- POST /wd/hub/session/1df8f142-2352-4956-967c-34cb056363f5/timeouts [39m[32m200[39m [90m1 ms - 14[39m
[35m[HTTP][39m [90m[39m
[35m[HTTP][39m [37m-->[39m [37mPOST[39m [37m/wd/hub/session/1df8f142-2352-4956-967c-34cb056363f5/timeouts[39m
[35m[HTTP][39m [90m{"implicit":50}[39m
[35m[HTTP][39m [37m<-- POST /wd/hub/session/1df8f142-2352-4956-967c-34cb056363f5/timeouts [39m[32m200[39m [90m1 ms - 14[39m
[35m[HTTP][39m [90m[39m
[35m[HTTP][39m [37m-->[39m [37mGET[39m [37m/wd/hub/session/1df8f142-2352-4956-967c-34cb056363f5/window/rect[39m
[35m[HTTP][39m [90m{}[39m
[35m[HTTP][39m [37m<-- GET /wd/hub/session/1df8f142-2352-4956-967c-34cb056363f5/window/rect [39m[32m200[39m [90m12 ms - 50[39m
[35m[HTTP][39m [90m[39m
[35m[HTTP][39m [37m-->[39m [37mPOST[39m [37m/wd/hub/session/1df8f142-2352-4956-967c-34cb056363f5/elements[39m
[35m[HTTP][39m [90m{"using":"xpath","value":"//*[@class = 'android.widget.TextView' and (@text = 'Continue with Phone Number' or . = 'Continue with Phone Number')]"}[39m
[35m[HTTP][39m [37m<-- POST /wd/hub/session/1df8f142-2352-4956-967c-34cb056363f5/elements [39m[32m200[39m [90m116 ms - 139[39m
[35m[HTTP][39m [90m[39m
[35m[HTTP][39m [37m-->[39m [37mGET[39m [37m/wd/hub/session/1df8f142-2352-4956-967c-34cb056363f5/element/00000000-0000-00f6-ffff-ffff0000001a/location[39m
[35m[HTTP][39m [90m{}[39m
[35m[W3C (1df8f142)][39m Driver proxy active, passing request on via HTTP proxy
[35m[WD Proxy][39m Replacing sessionId 07b0ec32-bf83-444e-bbdd-547f77b4f954 with 1df8f142-2352-4956-967c-34cb056363f5
[35m[HTTP][39m [37m<-- GET /wd/hub/session/1df8f142-2352-4956-967c-34cb056363f5/element/00000000-0000-00f6-ffff-ffff0000001a/location [39m[32m200[39m [90m17 ms - 79[39m
[35m[HTTP][39m [90m[39m
[35m[HTTP][39m [37m-->[39m [37mPOST[39m [37m/wd/hub/session/1df8f142-2352-4956-967c-34cb056363f5/timeouts[39m
[35m[HTTP][39m [90m{"implicit":30000}[39m
[35m[HTTP][39m [37m<-- POST /wd/hub/session/1df8f142-2352-4956-967c-34cb056363f5/timeouts [39m[32m200[39m [90m1 ms - 14[39m
[35m[HTTP][39m [90m[39m
[35m[HTTP][39m [37m-->[39m [37mPOST[39m [37m/wd/hub/session/1df8f142-2352-4956-967c-34cb056363f5/timeouts[39m
[35m[HTTP][39m [90m{"implicit":50}[39m
[35m[HTTP][39m [37m<-- POST /wd/hub/session/1df8f142-2352-4956-967c-34cb056363f5/timeouts [39m[32m200[39m [90m1 ms - 14[39m
[35m[HTTP][39m [90m[39m
[35m[HTTP][39m [37m-->[39m [37mGET[39m [37m/wd/hub/session/1df8f142-2352-4956-967c-34cb056363f5/window/rect[39m
[35m[HTTP][39m [90m{}[39m
[35m[HTTP][39m [37m<-- GET /wd/hub/session/1df8f142-2352-4956-967c-34cb056363f5/window/rect [39m[32m200[39m [90m13 ms - 50[39m
[35m[HTTP][39m [90m[39m
[35m[HTTP][39m [37m-->[39m [37mPOST[39m [37m/wd/hub/session/1df8f142-2352-4956-967c-34cb056363f5/elements[39m
[35m[HTTP][39m [90m{"using":"xpath","value":"//*[@class = 'android.widget.TextView' and (@text = 'Continue with Phone Number' or . = 'Continue with Phone Number')]"}[39m
[35m[HTTP][39m [37m<-- POST /wd/hub/session/1df8f142-2352-4956-967c-34cb056363f5/elements [39m[32m200[39m [90m113 ms - 139[39m
[35m[HTTP][39m [90m[39m
[35m[HTTP][39m [37m-->[39m [37mGET[39m [37m/wd/hub/session/1df8f142-2352-4956-967c-34cb056363f5/element/00000000-0000-00f6-ffff-ffff0000001a/location[39m
[35m[HTTP][39m [90m{}[39m
[35m[W3C (1df8f142)][39m Driver proxy active, passing request on via HTTP proxy
[35m[WD Proxy][39m Replacing sessionId 07b0ec32-bf83-444e-bbdd-547f77b4f954 with 1df8f142-2352-4956-967c-34cb056363f5
[35m[HTTP][39m [37m<-- GET /wd/hub/session/1df8f142-2352-4956-967c-34cb056363f5/element/00000000-0000-00f6-ffff-ffff0000001a/location [39m[32m200[39m [90m21 ms - 79[39m
[35m[HTTP][39m [90m[39m
[35m[HTTP][39m [37m-->[39m [37mPOST[39m [37m/wd/hub/session/1df8f142-2352-4956-967c-34cb056363f5/timeouts[39m
[35m[HTTP][39m [90m{"implicit":30000}[39m
[35m[HTTP][39m [37m<-- POST /wd/hub/session/1df8f142-2352-4956-967c-34cb056363f5/timeouts [39m[32m200[39m [90m1 ms - 14[39m
[35m[HTTP][39m [90m[39m
[35m[HTTP][39m [37m-->[39m [37mPOST[39m [37m/wd/hub/session/1df8f142-2352-4956-967c-34cb056363f5/element/00000000-0000-00f6-ffff-ffff0000001a/click[39m
[35m[HTTP][39m [90m{"id":"00000000-0000-00f6-ffff-ffff0000001a"}[39m
[35m[HTTP][39m [37m<-- POST /wd/hub/session/1df8f142-2352-4956-967c-34cb056363f5/element/00000000-0000-00f6-ffff-ffff0000001a/click [39m[32m200[39m [90m67 ms - 14[39m
[35m[HTTP][39m [90m[39m
[35m[HTTP][39m [37m-->[39m [37mPOST[39m [37m/wd/hub/session/1df8f142-2352-4956-967c-34cb056363f5/timeouts[39m
[35m[HTTP][39m [90m{"implicit":50}[39m
[35m[HTTP][39m [37m<-- POST /wd/hub/session/1df8f142-2352-4956-967c-34cb056363f5/timeouts [39m[32m200[39m [90m1 ms - 14[39m
[35m[HTTP][39m [90m[39m
[35m[HTTP][39m [37m-->[39m [37mGET[39m [37m/wd/hub/session/1df8f142-2352-4956-967c-34cb056363f5/window/rect[39m
[35m[HTTP][39m [90m{}[39m
[35m[HTTP][39m [37m<-- GET /wd/hub/session/1df8f142-2352-4956-967c-34cb056363f5/window/rect [39m[32m200[39m [90m14 ms - 50[39m
[35m[HTTP][39m [90m[39m
[35m[HTTP][39m [37m-->[39m [37mPOST[39m [37m/wd/hub/session/1df8f142-2352-4956-967c-34cb056363f5/elements[39m
[35m[HTTP][39m [90m{"using":"xpath","value":"//*[@class = 'android.widget.TextView' and (@text = 'Sign in to Spot.Love' or . = 'Sign in to Spot.Love')]"}[39m
[35m[HTTP][39m [37m<-- POST /wd/hub/session/1df8f142-2352-4956-967c-34cb056363f5/elements [39m[32m200[39m [90m103 ms - 12[39m
[35m[HTTP][39m [90m[39m
[35m[HTTP][39m [37m-->[39m [37mPOST[39m [37m/wd/hub/session/1df8f142-2352-4956-967c-34cb056363f5/elements[39m
[35m[HTTP][39m [90m{"using":"xpath","value":"//*[@class = 'android.widget.TextView' and (@text = 'Sign in to Spot.Love' or . = 'Sign in to Spot.Love')]"}[39m
[35m[HTTP][39m [37m<-- POST /wd/hub/session/1df8f142-2352-4956-967c-34cb056363f5/elements [39m[32m200[39m [90m107 ms - 12[39m
[35m[HTTP][39m [90m[39m
[35m[HTTP][39m [37m-->[39m [37mPOST[39m [37m/wd/hub/session/1df8f142-2352-4956-967c-34cb056363f5/elements[39m
[35m[HTTP][39m [90m{"using":"xpath","value":"//*[@class = 'android.widget.TextView' and (@text = 'Sign in to Spot.Love' or . = 'Sign in to Spot.Love')]"}[39m
[35m[HTTP][39m [37m<-- POST /wd/hub/session/1df8f142-2352-4956-967c-34cb056363f5/elements [39m[32m200[39m [90m171 ms - 12[39m
[35m[HTTP][39m [90m[39m
[35m[HTTP][39m [37m-->[39m [37mPOST[39m [37m/wd/hub/session/1df8f142-2352-4956-967c-34cb056363f5/elements[39m
[35m[HTTP][39m [90m{"using":"xpath","value":"//*[@class = 'android.widget.TextView' and (@text = 'Sign in to Spot.Love' or . = 'Sign in to Spot.Love')]"}[39m
[35m[HTTP][39m [37m<-- POST /wd/hub/session/1df8f142-2352-4956-967c-34cb056363f5/elements [39m[32m200[39m [90m1017 ms - 139[39m
[35m[HTTP][39m [90m[39m
[35m[HTTP][39m [37m-->[39m [37mGET[39m [37m/wd/hub/session/1df8f142-2352-4956-967c-34cb056363f5/element/00000000-0000-00f6-ffff-ffff00000022/location[39m
[35m[HTTP][39m [90m{}[39m
[35m[W3C (1df8f142)][39m Driver proxy active, passing request on via HTTP proxy
[35m[WD Proxy][39m Replacing sessionId 07b0ec32-bf83-444e-bbdd-547f77b4f954 with 1df8f142-2352-4956-967c-34cb056363f5
[35m[HTTP][39m [37m<-- GET /wd/hub/session/1df8f142-2352-4956-967c-34cb056363f5/element/00000000-0000-00f6-ffff-ffff00000022/location [39m[32m200[39m [90m19 ms - 77[39m
[35m[HTTP][39m [90m[39m
[35m[HTTP][39m [37m-->[39m [37mPOST[39m [37m/wd/hub/session/1df8f142-2352-4956-967c-34cb056363f5/timeouts[39m
[35m[HTTP][39m [90m{"implicit":30000}[39m
[35m[HTTP][39m [37m<-- POST /wd/hub/session/1df8f142-2352-4956-967c-34cb056363f5/timeouts [39m[32m200[39m [90m1 ms - 14[39m
[35m[HTTP][39m [90m[39m
[35m[HTTP][39m [37m-->[39m [37mPOST[39m [37m/wd/hub/session/1df8f142-2352-4956-967c-34cb056363f5/timeouts[39m
[35m[HTTP][39m [90m{"implicit":50}[39m
[35m[HTTP][39m [37m<-- POST /wd/hub/session/1df8f142-2352-4956-967c-34cb056363f5/timeouts [39m[32m200[39m [90m1 ms - 14[39m
[35m[HTTP][39m [90m[39m
[35m[HTTP][39m [37m-->[39m [37mGET[39m [37m/wd/hub/session/1df8f142-2352-4956-967c-34cb056363f5/window/rect[39m
[35m[HTTP][39m [90m{}[39m
[35m[HTTP][39m [37m<-- GET /wd/hub/session/1df8f142-2352-4956-967c-34cb056363f5/window/rect [39m[32m200[39m [90m13 ms - 50[39m
[35m[HTTP][39m [90m[39m
[35m[HTTP][39m [37m-->[39m [37mPOST[39m [37m/wd/hub/session/1df8f142-2352-4956-967c-34cb056363f5/elements[39m
[35m[HTTP][39m [90m{"using":"xpath","value":"//*[@class = 'android.widget.ImageView' and (@text = '' or . = '')]"}[39m
[35m[HTTP][39m [37m<-- POST /wd/hub/session/1df8f142-2352-4956-967c-34cb056363f5/elements [39m[32m200[39m [90m182 ms - 139[39m
[35m[HTTP][39m [90m[39m
[35m[HTTP][39m [37m-->[39m [37mGET[39m [37m/wd/hub/session/1df8f142-2352-4956-967c-34cb056363f5/element/00000000-0000-00f6-ffff-ffff00000021/location[39m
[35m[HTTP][39m [90m{}[39m
[35m[W3C (1df8f142)][39m Driver proxy active, passing request on via HTTP proxy
[35m[WD Proxy][39m Replacing sessionId 07b0ec32-bf83-444e-bbdd-547f77b4f954 with 1df8f142-2352-4956-967c-34cb056363f5
[35m[HTTP][39m [37m<-- GET /wd/hub/session/1df8f142-2352-4956-967c-34cb056363f5/element/00000000-0000-00f6-ffff-ffff00000021/location [39m[32m200[39m [90m22 ms - 78[39m
[35m[HTTP][39m [90m[39m
[35m[HTTP][39m [37m-->[39m [37mPOST[39m [37m/wd/hub/session/1df8f142-2352-4956-967c-34cb056363f5/timeouts[39m
[35m[HTTP][39m [90m{"implicit":30000}[39m
[35m[HTTP][39m [37m<-- POST /wd/hub/session/1df8f142-2352-4956-967c-34cb056363f5/timeouts [39m[32m200[39m [90m1 ms - 14[39m
[35m[HTTP][39m [90m[39m
[35m[HTTP][39m [37m-->[39m [37mPOST[39m [37m/wd/hub/session/1df8f142-2352-4956-967c-34cb056363f5/timeouts[39m
[35m[HTTP][39m [90m{"implicit":50}[39m
[35m[HTTP][39m [37m<-- POST /wd/hub/session/1df8f142-2352-4956-967c-34cb056363f5/timeouts [39m[32m200[39m [90m1 ms - 14[39m
[35m[HTTP][39m [90m[39m
[35m[HTTP][39m [37m-->[39m [37mGET[39m [37m/wd/hub/session/1df8f142-2352-4956-967c-34cb056363f5/window/rect[39m
[35m[HTTP][39m [90m{}[39m
[35m[HTTP][39m [37m<-- GET /wd/hub/session/1df8f142-2352-4956-967c-34cb056363f5/window/rect [39m[32m200[39m [90m11 ms - 50[39m
[35m[HTTP][39m [90m[39m
[35m[HTTP][39m [37m-->[39m [37mPOST[39m [37m/wd/hub/session/1df8f142-2352-4956-967c-34cb056363f5/elements[39m
[35m[HTTP][39m [90m{"using":"xpath","value":"//*[@class = 'android.widget.TextView' and (@text = '' or . = '')]"}[39m
[35m[HTTP][39m [37m<-- POST /wd/hub/session/1df8f142-2352-4956-967c-34cb056363f5/elements [39m[32m200[39m [90m143 ms - 139[39m
[35m[HTTP][39m [90m[39m
[35m[HTTP][39m [37m-->[39m [37mGET[39m [37m/wd/hub/session/1df8f142-2352-4956-967c-34cb056363f5/element/00000000-0000-00f6-ffff-ffff00000036/location[39m
[35m[HTTP][39m [90m{}[39m
[35m[W3C (1df8f142)][39m Driver proxy active, passing request on via HTTP proxy
[35m[WD Proxy][39m Replacing sessionId 07b0ec32-bf83-444e-bbdd-547f77b4f954 with 1df8f142-2352-4956-967c-34cb056363f5
[35m[HTTP][39m [37m<-- GET /wd/hub/session/1df8f142-2352-4956-967c-34cb056363f5/element/00000000-0000-00f6-ffff-ffff00000036/location [39m[32m200[39m [90m22 ms - 77[39m
[35m[HTTP][39m [90m[39m
[35m[HTTP][39m [37m-->[39m [37mPOST[39m [37m/wd/hub/session/1df8f142-2352-4956-967c-34cb056363f5/timeouts[39m
[35m[HTTP][39m [90m{"implicit":30000}[39m
[35m[HTTP][39m [37m<-- POST /wd/hub/session/1df8f142-2352-4956-967c-34cb056363f5/timeouts [39m[32m200[39m [90m1 ms - 14[39m
[35m[HTTP][39m [90m[39m
[35m[HTTP][39m [37m-->[39m [37mPOST[39m [37m/wd/hub/session/1df8f142-2352-4956-967c-34cb056363f5/element[39m
[35m[HTTP][39m [90m{"using":"xpath","value":"//*[@class = 'android.widget.TextView' and (@text = '' or . = '')]"}[39m
[35m[HTTP][39m [37m<-- POST /wd/hub/session/1df8f142-2352-4956-967c-34cb056363f5/element [39m[32m200[39m [90m209 ms - 137[39m
[35m[HTTP][39m [90m[39m
[35m[HTTP][39m [37m-->[39m [37mPOST[39m [37m/wd/hub/session/1df8f142-2352-4956-967c-34cb056363f5/element/00000000-0000-00f6-ffff-ffff00000036/click[39m
[35m[HTTP][39m [90m{"id":"00000000-0000-00f6-ffff-ffff00000036"}[39m
[35m[HTTP][39m [37m<-- POST /wd/hub/session/1df8f142-2352-4956-967c-34cb056363f5/element/00000000-0000-00f6-ffff-ffff00000036/click [39m[32m200[39m [90m64 ms - 14[39m
[35m[HTTP][39m [90m[39m
[35m[HTTP][39m [37m-->[39m [37mPOST[39m [37m/wd/hub/session/1df8f142-2352-4956-967c-34cb056363f5/timeouts[39m
[35m[HTTP][39m [90m{"implicit":50}[39m
[35m[HTTP][39m [37m<-- POST /wd/hub/session/1df8f142-2352-4956-967c-34cb056363f5/timeouts [39m[32m200[39m [90m1 ms - 14[39m
[35m[HTTP][39m [90m[39m
[35m[HTTP][39m [37m-->[39m [37mGET[39m [37m/wd/hub/session/1df8f142-2352-4956-967c-34cb056363f5/window/rect[39m
[35m[HTTP][39m [90m{}[39m
[35m[HTTP][39m [37m<-- GET /wd/hub/session/1df8f142-2352-4956-967c-34cb056363f5/window/rect [39m[32m200[39m [90m14 ms - 50[39m
[35m[HTTP][39m [90m[39m
[35m[HTTP][39m [37m-->[39m [37mPOST[39m [37m/wd/hub/session/1df8f142-2352-4956-967c-34cb056363f5/elements[39m
[35m[HTTP][39m [90m{"using":"xpath","value":"//*[@class = 'android.widget.TextView' and (@text = 'Spot Love at First Sight' or . = 'Spot Love at First Sight')]"}[39m
[35m[HTTP][39m [37m<-- POST /wd/hub/session/1df8f142-2352-4956-967c-34cb056363f5/elements [39m[32m200[39m [90m211 ms - 139[39m
[35m[HTTP][39m [90m[39m
[35m[HTTP][39m [37m-->[39m [37mGET[39m [37m/wd/hub/session/1df8f142-2352-4956-967c-34cb056363f5/element/00000000-0000-00f6-ffff-ffff00000016/location[39m
[35m[HTTP][39m [90m{}[39m
[35m[W3C (1df8f142)][39m Driver proxy active, passing request on via HTTP proxy
[35m[WD Proxy][39m Replacing sessionId 07b0ec32-bf83-444e-bbdd-547f77b4f954 with 1df8f142-2352-4956-967c-34cb056363f5
[35m[HTTP][39m [37m<-- GET /wd/hub/session/1df8f142-2352-4956-967c-34cb056363f5/element/00000000-0000-00f6-ffff-ffff00000016/location [39m[32m200[39m [90m900 ms - 78[39m
[35m[HTTP][39m [90m[39m
[35m[HTTP][39m [37m-->[39m [37mPOST[39m [37m/wd/hub/session/1df8f142-2352-4956-967c-34cb056363f5/timeouts[39m
[35m[HTTP][39m [90m{"implicit":30000}[39m
[35m[HTTP][39m [37m<-- POST /wd/hub/session/1df8f142-2352-4956-967c-34cb056363f5/timeouts [39m[32m200[39m [90m1 ms - 14[39m
[35m[HTTP][39m [90m[39m
[35m[HTTP][39m [37m-->[39m [37mPOST[39m [37m/wd/hub/session/1df8f142-2352-4956-967c-34cb056363f5/timeouts[39m
[35m[HTTP][39m [90m{"implicit":50}[39m
[35m[HTTP][39m [37m<-- POST /wd/hub/session/1df8f142-2352-4956-967c-34cb056363f5/timeouts [39m[32m200[39m [90m1 ms - 14[39m
[35m[HTTP][39m [90m[39m
[35m[HTTP][39m [37m-->[39m [37mGET[39m [37m/wd/hub/session/1df8f142-2352-4956-967c-34cb056363f5/window/rect[39m
[35m[HTTP][39m [90m{}[39m
[35m[HTTP][39m [37m<-- GET /wd/hub/session/1df8f142-2352-4956-967c-34cb056363f5/window/rect [39m[32m200[39m [90m21 ms - 50[39m
[35m[HTTP][39m [90m[39m
[35m[HTTP][39m [37m-->[39m [37mPOST[39m [37m/wd/hub/session/1df8f142-2352-4956-967c-34cb056363f5/elements[39m
[35m[HTTP][39m [90m{"using":"xpath","value":"//*[@class = 'android.widget.TextView' and (@text = 'Continue with Phone Number' or . = 'Continue with Phone Number')]"}[39m
[35m[HTTP][39m [37m<-- POST /wd/hub/session/1df8f142-2352-4956-967c-34cb056363f5/elements [39m[32m200[39m [90m169 ms - 139[39m
[35m[HTTP][39m [90m[39m
[35m[HTTP][39m [37m-->[39m [37mGET[39m [37m/wd/hub/session/1df8f142-2352-4956-967c-34cb056363f5/element/00000000-0000-00f6-ffff-ffff0000001a/location[39m
[35m[HTTP][39m [90m{}[39m
[35m[W3C (1df8f142)][39m Driver proxy active, passing request on via HTTP proxy
[35m[WD Proxy][39m Replacing sessionId 07b0ec32-bf83-444e-bbdd-547f77b4f954 with 1df8f142-2352-4956-967c-34cb056363f5
[35m[HTTP][39m [37m<-- GET /wd/hub/session/1df8f142-2352-4956-967c-34cb056363f5/element/00000000-0000-00f6-ffff-ffff0000001a/location [39m[32m200[39m [90m25 ms - 79[39m
[35m[HTTP][39m [90m[39m
[35m[HTTP][39m [37m-->[39m [37mPOST[39m [37m/wd/hub/session/1df8f142-2352-4956-967c-34cb056363f5/timeouts[39m
[35m[HTTP][39m [90m{"implicit":30000}[39m
[35m[HTTP][39m [37m<-- POST /wd/hub/session/1df8f142-2352-4956-967c-34cb056363f5/timeouts [39m[32m200[39m [90m1 ms - 14[39m
[35m[HTTP][39m [90m[39m
[35m[HTTP][39m [37m-->[39m [37mPOST[39m [37m/wd/hub/session/1df8f142-2352-4956-967c-34cb056363f5/element[39m
[35m[HTTP][39m [90m{"using":"xpath","value":"//*[@class = 'android.widget.TextView' and (@text = 'Continue with Phone Number' or . = 'Continue with Phone Number')]"}[39m
[35m[HTTP][39m [37m<-- POST /wd/hub/session/1df8f142-2352-4956-967c-34cb056363f5/element [39m[32m200[39m [90m130 ms - 137[39m
[35m[HTTP][39m [90m[39m
[35m[HTTP][39m [37m-->[39m [37mPOST[39m [37m/wd/hub/session/1df8f142-2352-4956-967c-34cb056363f5/element/00000000-0000-00f6-ffff-ffff0000001a/click[39m
[35m[HTTP][39m [90m{"id":"00000000-0000-00f6-ffff-ffff0000001a"}[39m
[35m[HTTP][39m [37m<-- POST /wd/hub/session/1df8f142-2352-4956-967c-34cb056363f5/element/00000000-0000-00f6-ffff-ffff0000001a/click [39m[32m200[39m [90m51 ms - 14[39m
[35m[HTTP][39m [90m[39m
[35m[HTTP][39m [37m-->[39m [37mPOST[39m [37m/wd/hub/session/1df8f142-2352-4956-967c-34cb056363f5/timeouts[39m
[35m[HTTP][39m [90m{"implicit":50}[39m
[35m[HTTP][39m [37m<-- POST /wd/hub/session/1df8f142-2352-4956-967c-34cb056363f5/timeouts [39m[32m200[39m [90m1 ms - 14[39m
[35m[HTTP][39m [90m[39m
[35m[HTTP][39m [37m-->[39m [37mGET[39m [37m/wd/hub/session/1df8f142-2352-4956-967c-34cb056363f5/window/rect[39m
[35m[HTTP][39m [90m{}[39m
[35m[HTTP][39m [37m<-- GET /wd/hub/session/1df8f142-2352-4956-967c-34cb056363f5/window/rect [39m[32m200[39m [90m14 ms - 50[39m
[35m[HTTP][39m [90m[39m
[35m[HTTP][39m [37m-->[39m [37mPOST[39m [37m/wd/hub/session/1df8f142-2352-4956-967c-34cb056363f5/elements[39m
[35m[HTTP][39m [90m{"using":"xpath","value":"//*[@class = 'android.widget.TextView' and (@text = 'Sign in to Spot.Love' or . = 'Sign in to Spot.Love')]"}[39m
[35m[HTTP][39m [37m<-- POST /wd/hub/session/1df8f142-2352-4956-967c-34cb056363f5/elements [39m[32m200[39m [90m104 ms - 12[39m
[35m[HTTP][39m [90m[39m
[35m[HTTP][39m [37m-->[39m [37mPOST[39m [37m/wd/hub/session/1df8f142-2352-4956-967c-34cb056363f5/elements[39m
[35m[HTTP][39m [90m{"using":"xpath","value":"//*[@class = 'android.widget.TextView' and (@text = 'Sign in to Spot.Love' or . = 'Sign in to Spot.Love')]"}[39m
[35m[HTTP][39m [37m<-- POST /wd/hub/session/1df8f142-2352-4956-967c-34cb056363f5/elements [39m[32m200[39m [90m136 ms - 12[39m
[35m[HTTP][39m [90m[39m
[35m[HTTP][39m [37m-->[39m [37mPOST[39m [37m/wd/hub/session/1df8f142-2352-4956-967c-34cb056363f5/elements[39m
[35m[HTTP][39m [90m{"using":"xpath","value":"//*[@class = 'android.widget.TextView' and (@text = 'Sign in to Spot.Love' or . = 'Sign in to Spot.Love')]"}[39m
[35m[HTTP][39m [37m<-- POST /wd/hub/session/1df8f142-2352-4956-967c-34cb056363f5/elements [39m[32m200[39m [90m1011 ms - 139[39m
[35m[HTTP][39m [90m[39m
[35m[HTTP][39m [37m-->[39m [37mGET[39m [37m/wd/hub/session/1df8f142-2352-4956-967c-34cb056363f5/element/00000000-0000-00f6-ffff-ffff0000003f/location[39m
[35m[HTTP][39m [90m{}[39m
[35m[W3C (1df8f142)][39m Driver proxy active, passing request on via HTTP proxy
[35m[WD Proxy][39m Replacing sessionId 07b0ec32-bf83-444e-bbdd-547f77b4f954 with 1df8f142-2352-4956-967c-34cb056363f5
[35m[HTTP][39m [37m<-- GET /wd/hub/session/1df8f142-2352-4956-967c-34cb056363f5/element/00000000-0000-00f6-ffff-ffff0000003f/location [39m[32m200[39m [90m22 ms - 77[39m
[35m[HTTP][39m [90m[39m
[35m[HTTP][39m [37m-->[39m [37mPOST[39m [37m/wd/hub/session/1df8f142-2352-4956-967c-34cb056363f5/timeouts[39m
[35m[HTTP][39m [90m{"implicit":30000}[39m
[35m[HTTP][39m [37m<-- POST /wd/hub/session/1df8f142-2352-4956-967c-34cb056363f5/timeouts [39m[32m200[39m [90m1 ms - 14[39m
[35m[HTTP][39m [90m[39m
[35m[HTTP][39m [37m-->[39m [37mPOST[39m [37m/wd/hub/session/1df8f142-2352-4956-967c-34cb056363f5/timeouts[39m
[35m[HTTP][39m [90m{"implicit":50}[39m
[35m[HTTP][39m [37m<-- POST /wd/hub/session/1df8f142-2352-4956-967c-34cb056363f5/timeouts [39m[32m200[39m [90m1 ms - 14[39m
[35m[HTTP][39m [90m[39m
[35m[HTTP][39m [37m-->[39m [37mGET[39m [37m/wd/hub/session/1df8f142-2352-4956-967c-34cb056363f5/window/rect[39m
[35m[HTTP][39m [90m{}[39m
[35m[HTTP][39m [37m<-- GET /wd/hub/session/1df8f142-2352-4956-967c-34cb056363f5/window/rect [39m[32m200[39m [90m13 ms - 50[39m
[35m[HTTP][39m [90m[39m
[35m[HTTP][39m [37m-->[39m [37mPOST[39m [37m/wd/hub/session/1df8f142-2352-4956-967c-34cb056363f5/elements[39m
[35m[HTTP][39m [90m{"using":"xpath","value":"//*[@class = 'android.widget.TextView' and (@text = 'Continue with your phone number' or . = 'Continue with your phone number')]"}[39m
[35m[HTTP][39m [37m<-- POST /wd/hub/session/1df8f142-2352-4956-967c-34cb056363f5/elements [39m[32m200[39m [90m161 ms - 139[39m
[35m[HTTP][39m [90m[39m
[35m[HTTP][39m [37m-->[39m [37mGET[39m [37m/wd/hub/session/1df8f142-2352-4956-967c-34cb056363f5/element/00000000-0000-00f6-ffff-ffff00000040/location[39m
[35m[HTTP][39m [90m{}[39m
[35m[W3C (1df8f142)][39m Driver proxy active, passing request on via HTTP proxy
[35m[WD Proxy][39m Replacing sessionId 07b0ec32-bf83-444e-bbdd-547f77b4f954 with 1df8f142-2352-4956-967c-34cb056363f5
[35m[HTTP][39m [37m<-- GET /wd/hub/session/1df8f142-2352-4956-967c-34cb056363f5/element/00000000-0000-00f6-ffff-ffff00000040/location [39m[32m200[39m [90m24 ms - 77[39m
[35m[HTTP][39m [90m[39m
[35m[HTTP][39m [37m-->[39m [37mPOST[39m [37m/wd/hub/session/1df8f142-2352-4956-967c-34cb056363f5/timeouts[39m
[35m[HTTP][39m [90m{"implicit":30000}[39m
[35m[HTTP][39m [37m<-- POST /wd/hub/session/1df8f142-2352-4956-967c-34cb056363f5/timeouts [39m[32m200[39m [90m1 ms - 14[39m
[35m[HTTP][39m [90m[39m
[35m[HTTP][39m [37m-->[39m [37mPOST[39m [37m/wd/hub/session/1df8f142-2352-4956-967c-34cb056363f5/timeouts[39m
[35m[HTTP][39m [90m{"implicit":50}[39m
[35m[HTTP][39m [37m<-- POST /wd/hub/session/1df8f142-2352-4956-967c-34cb056363f5/timeouts [39m[32m200[39m [90m1 ms - 14[39m
[35m[HTTP][39m [90m[39m
[35m[HTTP][39m [37m-->[39m [37mGET[39m [37m/wd/hub/session/1df8f142-2352-4956-967c-34cb056363f5/window/rect[39m
[35m[HTTP][39m [90m{}[39m
[35m[HTTP][39m [37m<-- GET /wd/hub/session/1df8f142-2352-4956-967c-34cb056363f5/window/rect [39m[32m200[39m [90m14 ms - 50[39m
[35m[HTTP][39m [90m[39m
[35m[HTTP][39m [37m-->[39m [37mPOST[39m [37m/wd/hub/session/1df8f142-2352-4956-967c-34cb056363f5/elements[39m
[35m[HTTP][39m [90m{"using":"xpath","value":"//hierarchy/android.widget.FrameLayout[1]/android.widget.LinearLayout[1]/android.widget.FrameLayout[1]/android.widget.LinearLayout[1]/android.widget.FrameLayout[1]/android.widget.FrameLayout[1]/android.view.ViewGroup[1]/android.view.ViewGroup[1]/android.view.ViewGroup[1]/android.view.ViewGroup[1]/android.view.ViewGroup[1]/android.view.ViewGroup[1]/android.view.ViewGroup[1]/android.view.ViewGroup[2]/android.view.ViewGroup[1]/android.view.ViewGroup[1]"}[39m
[35m[HTTP][39m [37m<-- POST /wd/hub/session/1df8f142-2352-4956-967c-34cb056363f5/elements [39m[32m200[39m [90m162 ms - 139[39m
[35m[HTTP][39m [90m[39m
[35m[HTTP][39m [37m-->[39m [37mGET[39m [37m/wd/hub/session/1df8f142-2352-4956-967c-34cb056363f5/element/00000000-0000-00f6-ffff-ffff00000042/location[39m
[35m[HTTP][39m [90m{}[39m
[35m[W3C (1df8f142)][39m Driver proxy active, passing request on via HTTP proxy
[35m[WD Proxy][39m Replacing sessionId 07b0ec32-bf83-444e-bbdd-547f77b4f954 with 1df8f142-2352-4956-967c-34cb056363f5
[35m[HTTP][39m [37m<-- GET /wd/hub/session/1df8f142-2352-4956-967c-34cb056363f5/element/00000000-0000-00f6-ffff-ffff00000042/location [39m[32m200[39m [90m23 ms - 77[39m
[35m[HTTP][39m [90m[39m
[35m[HTTP][39m [37m-->[39m [37mPOST[39m [37m/wd/hub/session/1df8f142-2352-4956-967c-34cb056363f5/timeouts[39m
[35m[HTTP][39m [90m{"implicit":30000}[39m
[35m[HTTP][39m [37m<-- POST /wd/hub/session/1df8f142-2352-4956-967c-34cb056363f5/timeouts [39m[32m200[39m [90m1 ms - 14[39m
[35m[HTTP][39m [90m[39m
[35m[HTTP][39m [37m-->[39m [37mPOST[39m [37m/wd/hub/session/1df8f142-2352-4956-967c-34cb056363f5/timeouts[39m
[35m[HTTP][39m [90m{"implicit":50}[39m
[35m[HTTP][39m [37m<-- POST /wd/hub/session/1df8f142-2352-4956-967c-34cb056363f5/timeouts [39m[32m200[39m [90m1 ms - 14[39m
[35m[HTTP][39m [90m[39m
[35m[HTTP][39m [37m-->[39m [37mGET[39m [37m/wd/hub/session/1df8f142-2352-4956-967c-34cb056363f5/window/rect[39m
[35m[HTTP][39m [90m{}[39m
[35m[HTTP][39m [37m<-- GET /wd/hub/session/1df8f142-2352-4956-967c-34cb056363f5/window/rect [39m[32m200[39m [90m13 ms - 50[39m
[35m[HTTP][39m [90m[39m
[35m[HTTP][39m [37m-->[39m [37mPOST[39m [37m/wd/hub/session/1df8f142-2352-4956-967c-34cb056363f5/elements[39m
[35m[HTTP][39m [90m{"using":"xpath","value":"//hierarchy/android.widget.FrameLayout[1]/android.widget.LinearLayout[1]/android.widget.FrameLayout[1]/android.widget.LinearLayout[1]/android.widget.FrameLayout[1]/android.widget.FrameLayout[1]/android.view.ViewGroup[1]/android.view.ViewGroup[1]/android.view.ViewGroup[1]/android.view.ViewGroup[1]/android.view.ViewGroup[1]/android.view.ViewGroup[1]/android.view.ViewGroup[1]/android.view.ViewGroup[2]/android.view.ViewGroup[1]/android.view.ViewGroup[1]"}[39m
[35m[HTTP][39m [37m<-- POST /wd/hub/session/1df8f142-2352-4956-967c-34cb056363f5/elements [39m[32m200[39m [90m179 ms - 139[39m
[35m[HTTP][39m [90m[39m
[35m[HTTP][39m [37m-->[39m [37mGET[39m [37m/wd/hub/session/1df8f142-2352-4956-967c-34cb056363f5/element/00000000-0000-00f6-ffff-ffff00000042/location[39m
[35m[HTTP][39m [90m{}[39m
[35m[W3C (1df8f142)][39m Driver proxy active, passing request on via HTTP proxy
[35m[WD Proxy][39m Replacing sessionId 07b0ec32-bf83-444e-bbdd-547f77b4f954 with 1df8f142-2352-4956-967c-34cb056363f5
[35m[HTTP][39m [37m<-- GET /wd/hub/session/1df8f142-2352-4956-967c-34cb056363f5/element/00000000-0000-00f6-ffff-ffff00000042/location [39m[32m200[39m [90m21 ms - 77[39m
[35m[HTTP][39m [90m[39m
[35m[HTTP][39m [37m-->[39m [37mPOST[39m [37m/wd/hub/session/1df8f142-2352-4956-967c-34cb056363f5/timeouts[39m
[35m[HTTP][39m [90m{"implicit":30000}[39m
[35m[HTTP][39m [37m<-- POST /wd/hub/session/1df8f142-2352-4956-967c-34cb056363f5/timeouts [39m[32m200[39m [90m1 ms - 14[39m
[35m[HTTP][39m [90m[39m
[35m[HTTP][39m [37m-->[39m [37mPOST[39m [37m/wd/hub/session/1df8f142-2352-4956-967c-34cb056363f5/element/00000000-0000-00f6-ffff-ffff00000042/click[39m
[35m[HTTP][39m [90m{"id":"00000000-0000-00f6-ffff-ffff00000042"}[39m
[35m[HTTP][39m [37m<-- POST /wd/hub/session/1df8f142-2352-4956-967c-34cb056363f5/element/00000000-0000-00f6-ffff-ffff00000042/click [39m[32m200[39m [90m60 ms - 14[39m
[35m[HTTP][39m [90m[39m
[35m[HTTP][39m [37m-->[39m [37mPOST[39m [37m/wd/hub/session/1df8f142-2352-4956-967c-34cb056363f5/timeouts[39m
[35m[HTTP][39m [90m{"implicit":50}[39m
[35m[HTTP][39m [37m<-- POST /wd/hub/session/1df8f142-2352-4956-967c-34cb056363f5/timeouts [39m[32m200[39m [90m1 ms - 14[39m
[35m[HTTP][39m [90m[39m
[35m[HTTP][39m [37m-->[39m [37mGET[39m [37m/wd/hub/session/1df8f142-2352-4956-967c-34cb056363f5/window/rect[39m
[35m[HTTP][39m [90m{}[39m
[35m[HTTP][39m [37m<-- GET /wd/hub/session/1df8f142-2352-4956-967c-34cb056363f5/window/rect [39m[32m200[39m [90m13 ms - 50[39m
[35m[HTTP][39m [90m[39m
[35m[HTTP][39m [37m-->[39m [37mPOST[39m [37m/wd/hub/session/1df8f142-2352-4956-967c-34cb056363f5/elements[39m
[35m[HTTP][39m [90m{"using":"xpath","value":"//*[@class = 'android.widget.EditText' and (@text = 'Enter country name' or . = 'Enter country name')]"}[39m
[35m[HTTP][39m [37m<-- POST /wd/hub/session/1df8f142-2352-4956-967c-34cb056363f5/elements [39m[32m200[39m [90m172 ms - 12[39m
[35m[HTTP][39m [90m[39m
[35m[HTTP][39m [37m-->[39m [37mPOST[39m [37m/wd/hub/session/1df8f142-2352-4956-967c-34cb056363f5/elements[39m
[35m[HTTP][39m [90m{"using":"xpath","value":"//*[@class = 'android.widget.EditText' and (@text = 'Enter country name' or . = 'Enter country name')]"}[39m
[35m[HTTP][39m [37m<-- POST /wd/hub/session/1df8f142-2352-4956-967c-34cb056363f5/elements [39m[32m200[39m [90m305 ms - 12[39m
[35m[HTTP][39m [90m[39m
[35m[HTTP][39m [37m-->[39m [37mPOST[39m [37m/wd/hub/session/1df8f142-2352-4956-967c-34cb056363f5/elements[39m
[35m[HTTP][39m [90m{"using":"xpath","value":"//*[@class = 'android.widget.EditText' and (@text = 'Enter country name' or . = 'Enter country name')]"}[39m
[35m[HTTP][39m [37m<-- POST /wd/hub/session/1df8f142-2352-4956-967c-34cb056363f5/elements [39m[32m200[39m [90m847 ms - 139[39m
[35m[HTTP][39m [90m[39m
[35m[HTTP][39m [37m-->[39m [37mGET[39m [37m/wd/hub/session/1df8f142-2352-4956-967c-34cb056363f5/element/00000000-0000-00f7-ffff-ffff0000005d/location[39m
[35m[HTTP][39m [90m{}[39m
[35m[W3C (1df8f142)][39m Driver proxy active, passing request on via HTTP proxy
[35m[WD Proxy][39m Replacing sessionId 07b0ec32-bf83-444e-bbdd-547f77b4f954 with 1df8f142-2352-4956-967c-34cb056363f5
[35m[HTTP][39m [37m<-- GET /wd/hub/session/1df8f142-2352-4956-967c-34cb056363f5/element/00000000-0000-00f7-ffff-ffff0000005d/location [39m[32m200[39m [90m23 ms - 77[39m
[35m[HTTP][39m [90m[39m
[35m[HTTP][39m [37m-->[39m [37mPOST[39m [37m/wd/hub/session/1df8f142-2352-4956-967c-34cb056363f5/timeouts[39m
[35m[HTTP][39m [90m{"implicit":30000}[39m
[35m[HTTP][39m [37m<-- POST /wd/hub/session/1df8f142-2352-4956-967c-34cb056363f5/timeouts [39m[32m200[39m [90m1 ms - 14[39m
[35m[HTTP][39m [90m[39m
[35m[HTTP][39m [37m-->[39m [37mPOST[39m [37m/wd/hub/session/1df8f142-2352-4956-967c-34cb056363f5/timeouts[39m
[35m[HTTP][39m [90m{"implicit":50}[39m
[35m[HTTP][39m [37m<-- POST /wd/hub/session/1df8f142-2352-4956-967c-34cb056363f5/timeouts [39m[32m200[39m [90m1 ms - 14[39m
[35m[HTTP][39m [90m[39m
[35m[HTTP][39m [37m-->[39m [37mGET[39m [37m/wd/hub/session/1df8f142-2352-4956-967c-34cb056363f5/window/rect[39m
[35m[HTTP][39m [90m{}[39m
[35m[HTTP][39m [37m<-- GET /wd/hub/session/1df8f142-2352-4956-967c-34cb056363f5/window/rect [39m[32m200[39m [90m8 ms - 50[39m
[35m[HTTP][39m [90m[39m
[35m[HTTP][39m [37m-->[39m [37mPOST[39m [37m/wd/hub/session/1df8f142-2352-4956-967c-34cb056363f5/elements[39m
[35m[HTTP][39m [90m{"using":"xpath","value":"//*[@class = 'android.widget.EditText' and (@text = 'Enter country name' or . = 'Enter country name')]"}[39m
[35m[HTTP][39m [37m<-- POST /wd/hub/session/1df8f142-2352-4956-967c-34cb056363f5/elements [39m[32m200[39m [90m243 ms - 139[39m
[35m[HTTP][39m [90m[39m
[35m[HTTP][39m [37m-->[39m [37mGET[39m [37m/wd/hub/session/1df8f142-2352-4956-967c-34cb056363f5/element/00000000-0000-00f7-ffff-ffff0000005d/location[39m
[35m[HTTP][39m [90m{}[39m
[35m[W3C (1df8f142)][39m Driver proxy active, passing request on via HTTP proxy
[35m[WD Proxy][39m Replacing sessionId 07b0ec32-bf83-444e-bbdd-547f77b4f954 with 1df8f142-2352-4956-967c-34cb056363f5
[35m[HTTP][39m [37m<-- GET /wd/hub/session/1df8f142-2352-4956-967c-34cb056363f5/element/00000000-0000-00f7-ffff-ffff0000005d/location [39m[32m200[39m [90m29 ms - 77[39m
[35m[HTTP][39m [90m[39m
[35m[HTTP][39m [37m-->[39m [37mPOST[39m [37m/wd/hub/session/1df8f142-2352-4956-967c-34cb056363f5/timeouts[39m
[35m[HTTP][39m [90m{"implicit":30000}[39m
[35m[HTTP][39m [37m<-- POST /wd/hub/session/1df8f142-2352-4956-967c-34cb056363f5/timeouts [39m[32m200[39m [90m1 ms - 14[39m
[35m[HTTP][39m [90m[39m
[35m[HTTP][39m [37m-->[39m [37mPOST[39m [37m/wd/hub/session/1df8f142-2352-4956-967c-34cb056363f5/element/00000000-0000-00f7-ffff-ffff0000005d/clear[39m
[35m[HTTP][39m [90m{"id":"00000000-0000-00f7-ffff-ffff0000005d"}[39m
[35m[HTTP][39m [37m<-- POST /wd/hub/session/1df8f142-2352-4956-967c-34cb056363f5/element/00000000-0000-00f7-ffff-ffff0000005d/clear [39m[32m200[39m [90m35 ms - 14[39m
[35m[HTTP][39m [90m[39m
[35m[HTTP][39m [37m-->[39m [37mPOST[39m [37m/wd/hub/session/1df8f142-2352-4956-967c-34cb056363f5/element/00000000-0000-00f7-ffff-ffff0000005d/value[39m
[35m[HTTP][39m [90m{"id":"00000000-0000-00f7-ffff-ffff0000005d","text":"US","value":["U","S"]}[39m
[35m[HTTP][39m [37m<-- POST /wd/hub/session/1df8f142-2352-4956-967c-34cb056363f5/element/00000000-0000-00f7-ffff-ffff0000005d/value [39m[32m200[39m [90m548 ms - 14[39m
[35m[HTTP][39m [90m[39m
[35m[HTTP][39m [37m-->[39m [37mPOST[39m [37m/wd/hub/session/1df8f142-2352-4956-967c-34cb056363f5/timeouts[39m
[35m[HTTP][39m [90m{"implicit":50}[39m
[35m[HTTP][39m [37m<-- POST /wd/hub/session/1df8f142-2352-4956-967c-34cb056363f5/timeouts [39m[32m200[39m [90m1 ms - 14[39m
[35m[HTTP][39m [90m[39m
[35m[HTTP][39m [37m-->[39m [37mGET[39m [37m/wd/hub/session/1df8f142-2352-4956-967c-34cb056363f5/window/rect[39m
[35m[HTTP][39m [90m{}[39m
[35m[HTTP][39m [37m<-- GET /wd/hub/session/1df8f142-2352-4956-967c-34cb056363f5/window/rect [39m[32m200[39m [90m11 ms - 50[39m
[35m[HTTP][39m [90m[39m
[35m[HTTP][39m [37m-->[39m [37mPOST[39m [37m/wd/hub/session/1df8f142-2352-4956-967c-34cb056363f5/elements[39m
[35m[HTTP][39m [90m{"using":"xpath","value":"//hierarchy/android.widget.FrameLayout[1]/android.widget.LinearLayout[1]/android.widget.FrameLayout[1]/android.widget.FrameLayout[1]/android.view.ViewGroup[1]/android.view.ViewGroup[1]/android.view.ViewGroup[1]/android.view.ViewGroup[2]/android.widget.ScrollView[1]/android.view.ViewGroup[1]/android.view.ViewGroup[1]"}[39m
[35m[HTTP][39m [37m<-- POST /wd/hub/session/1df8f142-2352-4956-967c-34cb056363f5/elements [39m[32m200[39m [90m945 ms - 139[39m
[35m[HTTP][39m [90m[39m
[35m[HTTP][39m [37m-->[39m [37mGET[39m [37m/wd/hub/session/1df8f142-2352-4956-967c-34cb056363f5/element/00000000-0000-00f7-ffff-ffff00000099/location[39m
[35m[HTTP][39m [90m{}[39m
[35m[W3C (1df8f142)][39m Driver proxy active, passing request on via HTTP proxy
[35m[WD Proxy][39m Replacing sessionId 07b0ec32-bf83-444e-bbdd-547f77b4f954 with 1df8f142-2352-4956-967c-34cb056363f5
[35m[HTTP][39m [37m<-- GET /wd/hub/session/1df8f142-2352-4956-967c-34cb056363f5/element/00000000-0000-00f7-ffff-ffff00000099/location [39m[32m200[39m [90m19 ms - 76[39m
[35m[HTTP][39m [90m[39m
[35m[HTTP][39m [37m-->[39m [37mPOST[39m [37m/wd/hub/session/1df8f142-2352-4956-967c-34cb056363f5/timeouts[39m
[35m[HTTP][39m [90m{"implicit":30000}[39m
[35m[HTTP][39m [37m<-- POST /wd/hub/session/1df8f142-2352-4956-967c-34cb056363f5/timeouts [39m[32m200[39m [90m2 ms - 14[39m
[35m[HTTP][39m [90m[39m
[35m[HTTP][39m [37m-->[39m [37mPOST[39m [37m/wd/hub/session/1df8f142-2352-4956-967c-34cb056363f5/timeouts[39m
[35m[HTTP][39m [90m{"implicit":50}[39m
[35m[HTTP][39m [37m<-- POST /wd/hub/session/1df8f142-2352-4956-967c-34cb056363f5/timeouts [39m[32m200[39m [90m1 ms - 14[39m
[35m[HTTP][39m [90m[39m
[35m[HTTP][39m [37m-->[39m [37mGET[39m [37m/wd/hub/session/1df8f142-2352-4956-967c-34cb056363f5/window/rect[39m
[35m[HTTP][39m [90m{}[39m
[35m[HTTP][39m [37m<-- GET /wd/hub/session/1df8f142-2352-4956-967c-34cb056363f5/window/rect [39m[32m200[39m [90m12 ms - 50[39m
[35m[HTTP][39m [90m[39m
[35m[HTTP][39m [37m-->[39m [37mPOST[39m [37m/wd/hub/session/1df8f142-2352-4956-967c-34cb056363f5/elements[39m
[35m[HTTP][39m [90m{"using":"xpath","value":"//hierarchy/android.widget.FrameLayout[1]/android.widget.LinearLayout[1]/android.widget.FrameLayout[1]/android.widget.FrameLayout[1]/android.view.ViewGroup[1]/android.view.ViewGroup[1]/android.view.ViewGroup[1]/android.view.ViewGroup[2]/android.widget.ScrollView[1]/android.view.ViewGroup[1]/android.view.ViewGroup[1]"}[39m
[35m[HTTP][39m [37m<-- POST /wd/hub/session/1df8f142-2352-4956-967c-34cb056363f5/elements [39m[32m200[39m [90m148 ms - 139[39m
[35m[HTTP][39m [90m[39m
[35m[HTTP][39m [37m-->[39m [37mGET[39m [37m/wd/hub/session/1df8f142-2352-4956-967c-34cb056363f5/element/00000000-0000-00f7-ffff-ffff00000099/location[39m
[35m[HTTP][39m [90m{}[39m
[35m[W3C (1df8f142)][39m Driver proxy active, passing request on via HTTP proxy
[35m[WD Proxy][39m Replacing sessionId 07b0ec32-bf83-444e-bbdd-547f77b4f954 with 1df8f142-2352-4956-967c-34cb056363f5
[35m[HTTP][39m [37m<-- GET /wd/hub/session/1df8f142-2352-4956-967c-34cb056363f5/element/00000000-0000-00f7-ffff-ffff00000099/location [39m[32m200[39m [90m21 ms - 76[39m
[35m[HTTP][39m [90m[39m
[35m[HTTP][39m [37m-->[39m [37mPOST[39m [37m/wd/hub/session/1df8f142-2352-4956-967c-34cb056363f5/timeouts[39m
[35m[HTTP][39m [90m{"implicit":30000}[39m
[35m[HTTP][39m [37m<-- POST /wd/hub/session/1df8f142-2352-4956-967c-34cb056363f5/timeouts [39m[32m200[39m [90m1 ms - 14[39m
[35m[HTTP][39m [90m[39m
[35m[HTTP][39m [37m-->[39m [37mPOST[39m [37m/wd/hub/session/1df8f142-2352-4956-967c-34cb056363f5/element/00000000-0000-00f7-ffff-ffff00000099/click[39m
[35m[HTTP][39m [90m{"id":"00000000-0000-00f7-ffff-ffff00000099"}[39m
[35m[HTTP][39m [37m<-- POST /wd/hub/session/1df8f142-2352-4956-967c-34cb056363f5/element/00000000-0000-00f7-ffff-ffff00000099/click [39m[32m200[39m [90m47 ms - 14[39m
[35m[HTTP][39m [90m[39m
[35m[HTTP][39m [37m-->[39m [37mPOST[39m [37m/wd/hub/session/1df8f142-2352-4956-967c-34cb056363f5/timeouts[39m
[35m[HTTP][39m [90m{"implicit":50}[39m
[35m[HTTP][39m [37m<-- POST /wd/hub/session/1df8f142-2352-4956-967c-34cb056363f5/timeouts [39m[32m200[39m [90m1 ms - 14[39m
[35m[HTTP][39m [90m[39m
[35m[HTTP][39m [37m-->[39m [37mGET[39m [37m/wd/hub/session/1df8f142-2352-4956-967c-34cb056363f5/window/rect[39m
[35m[HTTP][39m [90m{}[39m
[35m[HTTP][39m [37m<-- GET /wd/hub/session/1df8f142-2352-4956-967c-34cb056363f5/window/rect [39m[32m200[39m [90m11 ms - 50[39m
[35m[HTTP][39m [90m[39m
[35m[HTTP][39m [37m-->[39m [37mPOST[39m [37m/wd/hub/session/1df8f142-2352-4956-967c-34cb056363f5/elements[39m
[35m[HTTP][39m [90m{"using":"xpath","value":"//*[@class = 'android.widget.EditText' and (@text = 'Phone Number' or . = 'Phone Number')]"}[39m
[35m[HTTP][39m [37m<-- POST /wd/hub/session/1df8f142-2352-4956-967c-34cb056363f5/elements [39m[32m200[39m [90m378 ms - 139[39m
[35m[HTTP][39m [90m[39m
[35m[HTTP][39m [37m-->[39m [37mGET[39m [37m/wd/hub/session/1df8f142-2352-4956-967c-34cb056363f5/element/00000000-0000-00f6-ffff-ffff00000047/location[39m
[35m[HTTP][39m [90m{}[39m
[35m[W3C (1df8f142)][39m Driver proxy active, passing request on via HTTP proxy
[35m[WD Proxy][39m Replacing sessionId 07b0ec32-bf83-444e-bbdd-547f77b4f954 with 1df8f142-2352-4956-967c-34cb056363f5
[35m[HTTP][39m [37m<-- GET /wd/hub/session/1df8f142-2352-4956-967c-34cb056363f5/element/00000000-0000-00f6-ffff-ffff00000047/location [39m[32m200[39m [90m230 ms - 78[39m
[35m[HTTP][39m [90m[39m
[35m[HTTP][39m [37m-->[39m [37mPOST[39m [37m/wd/hub/session/1df8f142-2352-4956-967c-34cb056363f5/timeouts[39m
[35m[HTTP][39m [90m{"implicit":30000}[39m
[35m[HTTP][39m [37m<-- POST /wd/hub/session/1df8f142-2352-4956-967c-34cb056363f5/timeouts [39m[32m200[39m [90m1 ms - 14[39m
[35m[HTTP][39m [90m[39m
[35m[HTTP][39m [37m-->[39m [37mPOST[39m [37m/wd/hub/session/1df8f142-2352-4956-967c-34cb056363f5/timeouts[39m
[35m[HTTP][39m [90m{"implicit":50}[39m
[35m[HTTP][39m [37m<-- POST /wd/hub/session/1df8f142-2352-4956-967c-34cb056363f5/timeouts [39m[32m200[39m [90m1 ms - 14[39m
[35m[HTTP][39m [90m[39m
[35m[HTTP][39m [37m-->[39m [37mGET[39m [37m/wd/hub/session/1df8f142-2352-4956-967c-34cb056363f5/window/rect[39m
[35m[HTTP][39m [90m{}[39m
[35m[HTTP][39m [37m<-- GET /wd/hub/session/1df8f142-2352-4956-967c-34cb056363f5/window/rect [39m[32m200[39m [90m18 ms - 50[39m
[35m[HTTP][39m [90m[39m
[35m[HTTP][39m [37m-->[39m [37mPOST[39m [37m/wd/hub/session/1df8f142-2352-4956-967c-34cb056363f5/elements[39m
[35m[HTTP][39m [90m{"using":"xpath","value":"//*[@class = 'android.widget.EditText' and (@text = 'Phone Number' or . = 'Phone Number')]"}[39m
[35m[HTTP][39m [37m<-- POST /wd/hub/session/1df8f142-2352-4956-967c-34cb056363f5/elements [39m[32m200[39m [90m162 ms - 139[39m
[35m[HTTP][39m [90m[39m
[35m[HTTP][39m [37m-->[39m [37mGET[39m [37m/wd/hub/session/1df8f142-2352-4956-967c-34cb056363f5/element/00000000-0000-00f6-ffff-ffff00000047/location[39m
[35m[HTTP][39m [90m{}[39m
[35m[W3C (1df8f142)][39m Driver proxy active, passing request on via HTTP proxy
[35m[WD Proxy][39m Replacing sessionId 07b0ec32-bf83-444e-bbdd-547f77b4f954 with 1df8f142-2352-4956-967c-34cb056363f5
[35m[HTTP][39m [37m<-- GET /wd/hub/session/1df8f142-2352-4956-967c-34cb056363f5/element/00000000-0000-00f6-ffff-ffff00000047/location [39m[32m200[39m [90m20 ms - 78[39m
[35m[HTTP][39m [90m[39m
[35m[HTTP][39m [37m-->[39m [37mPOST[39m [37m/wd/hub/session/1df8f142-2352-4956-967c-34cb056363f5/timeouts[39m
[35m[HTTP][39m [90m{"implicit":30000}[39m
[35m[HTTP][39m [37m<-- POST /wd/hub/session/1df8f142-2352-4956-967c-34cb056363f5/timeouts [39m[32m200[39m [90m1 ms - 14[39m
[35m[HTTP][39m [90m[39m
[35m[HTTP][39m [37m-->[39m [37mPOST[39m [37m/wd/hub/session/1df8f142-2352-4956-967c-34cb056363f5/element/00000000-0000-00f6-ffff-ffff00000047/clear[39m
[35m[HTTP][39m [90m{"id":"00000000-0000-00f6-ffff-ffff00000047"}[39m
[35m[HTTP][39m [37m<-- POST /wd/hub/session/1df8f142-2352-4956-967c-34cb056363f5/element/00000000-0000-00f6-ffff-ffff00000047/clear [39m[32m200[39m [90m24 ms - 14[39m
[35m[HTTP][39m [90m[39m
[35m[HTTP][39m [37m-->[39m [37mPOST[39m [37m/wd/hub/session/1df8f142-2352-4956-967c-34cb056363f5/element/00000000-0000-00f6-ffff-ffff00000047/value[39m
[35m[HTTP][39m [90m{"id":"00000000-0000-00f6-ffff-ffff00000047","text":"6505559876","value":["6","5","0","5","5","5","9","8","7","6"]}[39m
[35m[HTTP][39m [37m<-- POST /wd/hub/session/1df8f142-2352-4956-967c-34cb056363f5/element/00000000-0000-00f6-ffff-ffff00000047/value [39m[32m200[39m [90m1028 ms - 14[39m
[35m[HTTP][39m [90m[39m
[35m[HTTP][39m [37m-->[39m [37mPOST[39m [37m/wd/hub/session/1df8f142-2352-4956-967c-34cb056363f5/element[39m
[35m[HTTP][39m [90m{"using":"xpath","value":"//*[@class = 'android.widget.TextView' and (@text = 'Continue' or . = 'Continue')]"}[39m
[35m[HTTP][39m [37m<-- POST /wd/hub/session/1df8f142-2352-4956-967c-34cb056363f5/element [39m[32m200[39m [90m697 ms - 137[39m
[35m[HTTP][39m [90m[39m
[35m[HTTP][39m [37m-->[39m [37mPOST[39m [37m/wd/hub/session/1df8f142-2352-4956-967c-34cb056363f5/element/00000000-0000-00f6-ffff-ffff00000049/click[39m
[35m[HTTP][39m [90m{"id":"00000000-0000-00f6-ffff-ffff00000049"}[39m
[35m[HTTP][39m [37m<-- POST /wd/hub/session/1df8f142-2352-4956-967c-34cb056363f5/element/00000000-0000-00f6-ffff-ffff00000049/click [39m[32m200[39m [90m52 ms - 14[39m
[35m[HTTP][39m [90m[39m
[35m[HTTP][39m [37m-->[39m [37mPOST[39m [37m/wd/hub/session/1df8f142-2352-4956-967c-34cb056363f5/timeouts[39m
[35m[HTTP][39m [90m{"implicit":50}[39m
[35m[HTTP][39m [37m<-- POST /wd/hub/session/1df8f142-2352-4956-967c-34cb056363f5/timeouts [39m[32m200[39m [90m1 ms - 14[39m
[35m[HTTP][39m [90m[39m
[35m[HTTP][39m [37m-->[39m [37mGET[39m [37m/wd/hub/session/1df8f142-2352-4956-967c-34cb056363f5/window/rect[39m
[35m[HTTP][39m [90m{}[39m
[35m[HTTP][39m [37m<-- GET /wd/hub/session/1df8f142-2352-4956-967c-34cb056363f5/window/rect [39m[32m200[39m [90m18 ms - 50[39m
[35m[HTTP][39m [90m[39m
[35m[HTTP][39m [37m-->[39m [37mPOST[39m [37m/wd/hub/session/1df8f142-2352-4956-967c-34cb056363f5/elements[39m
[35m[HTTP][39m [90m{"using":"xpath","value":"//*[@class = 'android.widget.ImageView' and (@text = '' or . = '')]"}[39m
[35m[HTTP][39m [37m<-- POST /wd/hub/session/1df8f142-2352-4956-967c-34cb056363f5/elements [39m[32m200[39m [90m244 ms - 139[39m
[35m[HTTP][39m [90m[39m
[35m[HTTP][39m [37m-->[39m [37mGET[39m [37m/wd/hub/session/1df8f142-2352-4956-967c-34cb056363f5/element/00000000-0000-00f6-ffff-ffff000000c0/location[39m
[35m[HTTP][39m [90m{}[39m
[35m[W3C (1df8f142)][39m Driver proxy active, passing request on via HTTP proxy
[35m[WD Proxy][39m Replacing sessionId 07b0ec32-bf83-444e-bbdd-547f77b4f954 with 1df8f142-2352-4956-967c-34cb056363f5
[35m[HTTP][39m [37m<-- GET /wd/hub/session/1df8f142-2352-4956-967c-34cb056363f5/element/00000000-0000-00f6-ffff-ffff000000c0/location [39m[32m200[39m [90m24 ms - 78[39m
[35m[HTTP][39m [90m[39m
[35m[HTTP][39m [37m-->[39m [37mPOST[39m [37m/wd/hub/session/1df8f142-2352-4956-967c-34cb056363f5/timeouts[39m
[35m[HTTP][39m [90m{"implicit":30000}[39m
[35m[HTTP][39m [37m<-- POST /wd/hub/session/1df8f142-2352-4956-967c-34cb056363f5/timeouts [39m[32m200[39m [90m1 ms - 14[39m
[35m[HTTP][39m [90m[39m
[35m[HTTP][39m [37m-->[39m [37mPOST[39m [37m/wd/hub/session/1df8f142-2352-4956-967c-34cb056363f5/timeouts[39m
[35m[HTTP][39m [90m{"implicit":50}[39m
[35m[HTTP][39m [37m<-- POST /wd/hub/session/1df8f142-2352-4956-967c-34cb056363f5/timeouts [39m[32m200[39m [90m1 ms - 14[39m
[35m[HTTP][39m [90m[39m
[35m[HTTP][39m [37m-->[39m [37mGET[39m [37m/wd/hub/session/1df8f142-2352-4956-967c-34cb056363f5/window/rect[39m
[35m[HTTP][39m [90m{}[39m
[35m[HTTP][39m [37m<-- GET /wd/hub/session/1df8f142-2352-4956-967c-34cb056363f5/window/rect [39m[32m200[39m [90m13 ms - 50[39m
[35m[HTTP][39m [90m[39m
[35m[HTTP][39m [37m-->[39m [37mPOST[39m [37m/wd/hub/session/1df8f142-2352-4956-967c-34cb056363f5/elements[39m
[35m[HTTP][39m [90m{"using":"xpath","value":"//*[@class = 'android.widget.TextView' and (@text = 'Enter your verification code' or . = 'Enter your verification code')]"}[39m
[35m[HTTP][39m [37m<-- POST /wd/hub/session/1df8f142-2352-4956-967c-34cb056363f5/elements [39m[32m200[39m [90m223 ms - 139[39m
[35m[HTTP][39m [90m[39m
[35m[HTTP][39m [37m-->[39m [37mGET[39m [37m/wd/hub/session/1df8f142-2352-4956-967c-34cb056363f5/element/00000000-0000-00f6-ffff-ffff000000c1/location[39m
[35m[HTTP][39m [90m{}[39m
[35m[W3C (1df8f142)][39m Driver proxy active, passing request on via HTTP proxy
[35m[WD Proxy][39m Replacing sessionId 07b0ec32-bf83-444e-bbdd-547f77b4f954 with 1df8f142-2352-4956-967c-34cb056363f5
[35m[HTTP][39m [37m<-- GET /wd/hub/session/1df8f142-2352-4956-967c-34cb056363f5/element/00000000-0000-00f6-ffff-ffff000000c1/location [39m[32m200[39m [90m20 ms - 77[39m
[35m[HTTP][39m [90m[39m
[35m[HTTP][39m [37m-->[39m [37mPOST[39m [37m/wd/hub/session/1df8f142-2352-4956-967c-34cb056363f5/timeouts[39m
[35m[HTTP][39m [90m{"implicit":30000}[39m
[35m[HTTP][39m [37m<-- POST /wd/hub/session/1df8f142-2352-4956-967c-34cb056363f5/timeouts [39m[32m200[39m [90m1 ms - 14[39m
[35m[HTTP][39m [90m[39m
[35m[HTTP][39m [37m-->[39m [37mPOST[39m [37m/wd/hub/session/1df8f142-2352-4956-967c-34cb056363f5/timeouts[39m
[35m[HTTP][39m [90m{"implicit":50}[39m
[35m[HTTP][39m [37m<-- POST /wd/hub/session/1df8f142-2352-4956-967c-34cb056363f5/timeouts [39m[32m200[39m [90m1 ms - 14[39m
[35m[HTTP][39m [90m[39m
[35m[HTTP][39m [37m-->[39m [37mGET[39m [37m/wd/hub/session/1df8f142-2352-4956-967c-34cb056363f5/window/rect[39m
[35m[HTTP][39m [90m{}[39m
[35m[HTTP][39m [37m<-- GET /wd/hub/session/1df8f142-2352-4956-967c-34cb056363f5/window/rect [39m[32m200[39m [90m13 ms - 50[39m
[35m[HTTP][39m [90m[39m
[35m[HTTP][39m [37m-->[39m [37mPOST[39m [37m/wd/hub/session/1df8f142-2352-4956-967c-34cb056363f5/elements[39m
[35m[HTTP][39m [90m{"using":"xpath","value":"//*[@class = 'android.widget.TextView' and (@text = concat(\"We\" , \"'\" , \"ve sent a pin to +16505559876.\") or . = concat(\"We\" , \"'\" , \"ve sent a pin to\"))]"}[39m
[35m[HTTP][39m [37m<-- POST /wd/hub/session/1df8f142-2352-4956-967c-34cb056363f5/elements [39m[32m200[39m [90m186 ms - 139[39m
[35m[HTTP][39m [90m[39m
[35m[HTTP][39m [37m-->[39m [37mGET[39m [37m/wd/hub/session/1df8f142-2352-4956-967c-34cb056363f5/element/00000000-0000-00f6-ffff-ffff000000c2/location[39m
[35m[HTTP][39m [90m{}[39m
[35m[W3C (1df8f142)][39m Driver proxy active, passing request on via HTTP proxy
[35m[WD Proxy][39m Replacing sessionId 07b0ec32-bf83-444e-bbdd-547f77b4f954 with 1df8f142-2352-4956-967c-34cb056363f5
[35m[HTTP][39m [37m<-- GET /wd/hub/session/1df8f142-2352-4956-967c-34cb056363f5/element/00000000-0000-00f6-ffff-ffff000000c2/location [39m[32m200[39m [90m23 ms - 77[39m
[35m[HTTP][39m [90m[39m
[35m[HTTP][39m [37m-->[39m [37mPOST[39m [37m/wd/hub/session/1df8f142-2352-4956-967c-34cb056363f5/timeouts[39m
[35m[HTTP][39m [90m{"implicit":30000}[39m
[35m[HTTP][39m [37m<-- POST /wd/hub/session/1df8f142-2352-4956-967c-34cb056363f5/timeouts [39m[32m200[39m [90m1 ms - 14[39m
[35m[HTTP][39m [90m[39m
[35m[HTTP][39m [37m-->[39m [37mPOST[39m [37m/wd/hub/session/1df8f142-2352-4956-967c-34cb056363f5/timeouts[39m
[35m[HTTP][39m [90m{"implicit":50}[39m
[35m[HTTP][39m [37m<-- POST /wd/hub/session/1df8f142-2352-4956-967c-34cb056363f5/timeouts [39m[32m200[39m [90m2 ms - 14[39m
[35m[HTTP][39m [90m[39m
[35m[HTTP][39m [37m-->[39m [37mGET[39m [37m/wd/hub/session/1df8f142-2352-4956-967c-34cb056363f5/window/rect[39m
[35m[HTTP][39m [90m{}[39m
[35m[HTTP][39m [37m<-- GET /wd/hub/session/1df8f142-2352-4956-967c-34cb056363f5/window/rect [39m[32m200[39m [90m13 ms - 50[39m
[35m[HTTP][39m [90m[39m
[35m[HTTP][39m [37m-->[39m [37mPOST[39m [37m/wd/hub/session/1df8f142-2352-4956-967c-34cb056363f5/elements[39m
[35m[HTTP][39m [90m{"using":"xpath","value":"//hierarchy/android.widget.FrameLayout[1]/android.widget.LinearLayout[1]/android.widget.FrameLayout[1]/android.widget.LinearLayout[1]/android.widget.FrameLayout[1]/android.widget.FrameLayout[1]/android.view.ViewGroup[1]/android.view.ViewGroup[1]/android.view.ViewGroup[1]/android.view.ViewGroup[2]/android.view.ViewGroup[1]/android.view.ViewGroup[1]/android.view.ViewGroup[1]/android.view.ViewGroup[2]/android.view.ViewGroup[1]/android.view.ViewGroup[1]/android.view.ViewGroup[1]/android.widget.EditText[1]"}[39m
[35m[HTTP][39m [37m<-- POST /wd/hub/session/1df8f142-2352-4956-967c-34cb056363f5/elements [39m[32m200[39m [90m198 ms - 139[39m
[35m[HTTP][39m [90m[39m
[35m[HTTP][39m [37m-->[39m [37mGET[39m [37m/wd/hub/session/1df8f142-2352-4956-967c-34cb056363f5/element/00000000-0000-00f6-ffff-ffff000000c6/location[39m
[35m[HTTP][39m [90m{}[39m
[35m[W3C (1df8f142)][39m Driver proxy active, passing request on via HTTP proxy
[35m[WD Proxy][39m Replacing sessionId 07b0ec32-bf83-444e-bbdd-547f77b4f954 with 1df8f142-2352-4956-967c-34cb056363f5
[35m[HTTP][39m [37m<-- GET /wd/hub/session/1df8f142-2352-4956-967c-34cb056363f5/element/00000000-0000-00f6-ffff-ffff000000c6/location [39m[32m200[39m [90m23 ms - 77[39m
[35m[HTTP][39m [90m[39m
[35m[HTTP][39m [37m-->[39m [37mPOST[39m [37m/wd/hub/session/1df8f142-2352-4956-967c-34cb056363f5/timeouts[39m
[35m[HTTP][39m [90m{"implicit":30000}[39m
[35m[HTTP][39m [37m<-- POST /wd/hub/session/1df8f142-2352-4956-967c-34cb056363f5/timeouts [39m[32m200[39m [90m1 ms - 14[39m
[35m[HTTP][39m [90m[39m
[35m[HTTP][39m [37m-->[39m [37mPOST[39m [37m/wd/hub/session/1df8f142-2352-4956-967c-34cb056363f5/element/00000000-0000-00f6-ffff-ffff000000c6/click[39m
[35m[HTTP][39m [90m{"id":"00000000-0000-00f6-ffff-ffff000000c6"}[39m
[35m[HTTP][39m [37m<-- POST /wd/hub/session/1df8f142-2352-4956-967c-34cb056363f5/element/00000000-0000-00f6-ffff-ffff000000c6/click [39m[32m200[39m [90m45 ms - 14[39m
[35m[HTTP][39m [90m[39m
[35m[HTTP][39m [37m-->[39m [37mPOST[39m [37m/wd/hub/session/1df8f142-2352-4956-967c-34cb056363f5/timeouts[39m
[35m[HTTP][39m [90m{"implicit":50}[39m
[35m[HTTP][39m [37m<-- POST /wd/hub/session/1df8f142-2352-4956-967c-34cb056363f5/timeouts [39m[32m200[39m [90m1 ms - 14[39m
[35m[HTTP][39m [90m[39m
[35m[HTTP][39m [37m-->[39m [37mGET[39m [37m/wd/hub/session/1df8f142-2352-4956-967c-34cb056363f5/window/rect[39m
[35m[HTTP][39m [90m{}[39m
[35m[HTTP][39m [37m<-- GET /wd/hub/session/1df8f142-2352-4956-967c-34cb056363f5/window/rect [39m[32m200[39m [90m10 ms - 50[39m
[35m[HTTP][39m [90m[39m
[35m[HTTP][39m [37m-->[39m [37mPOST[39m [37m/wd/hub/session/1df8f142-2352-4956-967c-34cb056363f5/elements[39m
[35m[HTTP][39m [90m{"using":"xpath","value":"//hierarchy/android.widget.FrameLayout[1]/android.widget.LinearLayout[1]/android.widget.FrameLayout[1]/android.widget.LinearLayout[1]/android.widget.FrameLayout[1]/android.widget.FrameLayout[1]/android.view.ViewGroup[1]/android.view.ViewGroup[1]/android.view.ViewGroup[1]/android.view.ViewGroup[2]/android.view.ViewGroup[1]/android.view.ViewGroup[1]/android.view.ViewGroup[1]/android.view.ViewGroup[2]/android.view.ViewGroup[1]/android.view.ViewGroup[1]/android.view.ViewGroup[1]/android.widget.EditText[1]"}[39m
[35m[HTTP][39m [37m<-- POST /wd/hub/session/1df8f142-2352-4956-967c-34cb056363f5/elements [39m[32m200[39m [90m1022 ms - 139[39m
[35m[HTTP][39m [90m[39m
[35m[HTTP][39m [37m-->[39m [37mGET[39m [37m/wd/hub/session/1df8f142-2352-4956-967c-34cb056363f5/element/00000000-0000-00f6-ffff-ffff000000c6/location[39m
[35m[HTTP][39m [90m{}[39m
[35m[W3C (1df8f142)][39m Driver proxy active, passing request on via HTTP proxy
[35m[WD Proxy][39m Replacing sessionId 07b0ec32-bf83-444e-bbdd-547f77b4f954 with 1df8f142-2352-4956-967c-34cb056363f5
[35m[HTTP][39m [37m<-- GET /wd/hub/session/1df8f142-2352-4956-967c-34cb056363f5/element/00000000-0000-00f6-ffff-ffff000000c6/location [39m[32m200[39m [90m26 ms - 77[39m
[35m[HTTP][39m [90m[39m
[35m[HTTP][39m [37m-->[39m [37mPOST[39m [37m/wd/hub/session/1df8f142-2352-4956-967c-34cb056363f5/timeouts[39m
[35m[HTTP][39m [90m{"implicit":30000}[39m
[35m[HTTP][39m [37m<-- POST /wd/hub/session/1df8f142-2352-4956-967c-34cb056363f5/timeouts [39m[32m200[39m [90m1 ms - 14[39m
[35m[HTTP][39m [90m[39m
[35m[HTTP][39m [37m-->[39m [37mPOST[39m [37m/wd/hub/session/1df8f142-2352-4956-967c-34cb056363f5/element/00000000-0000-00f6-ffff-ffff000000c6/clear[39m
[35m[HTTP][39m [90m{"id":"00000000-0000-00f6-ffff-ffff000000c6"}[39m
[35m[HTTP][39m [37m<-- POST /wd/hub/session/1df8f142-2352-4956-967c-34cb056363f5/element/00000000-0000-00f6-ffff-ffff000000c6/clear [39m[32m200[39m [90m41 ms - 14[39m
[35m[HTTP][39m [90m[39m
[35m[HTTP][39m [37m-->[39m [37mPOST[39m [37m/wd/hub/session/1df8f142-2352-4956-967c-34cb056363f5/element/00000000-0000-00f6-ffff-ffff000000c6/value[39m
[35m[HTTP][39m [90m{"id":"00000000-0000-00f6-ffff-ffff000000c6","text":"1","value":["1"]}[39m
[35m[HTTP][39m [37m<-- POST /wd/hub/session/1df8f142-2352-4956-967c-34cb056363f5/element/00000000-0000-00f6-ffff-ffff000000c6/value [39m[32m200[39m [90m1355 ms - 14[39m
[35m[HTTP][39m [90m[39m
[35m[HTTP][39m [37m-->[39m [37mPOST[39m [37m/wd/hub/session/1df8f142-2352-4956-967c-34cb056363f5/timeouts[39m
[35m[HTTP][39m [90m{"implicit":50}[39m
[35m[HTTP][39m [37m<-- POST /wd/hub/session/1df8f142-2352-4956-967c-34cb056363f5/timeouts [39m[32m200[39m [90m1 ms - 14[39m
[35m[HTTP][39m [90m[39m
[35m[HTTP][39m [37m-->[39m [37mGET[39m [37m/wd/hub/session/1df8f142-2352-4956-967c-34cb056363f5/window/rect[39m
[35m[HTTP][39m [90m{}[39m
[35m[HTTP][39m [37m<-- GET /wd/hub/session/1df8f142-2352-4956-967c-34cb056363f5/window/rect [39m[32m200[39m [90m13 ms - 50[39m
[35m[HTTP][39m [90m[39m
[35m[HTTP][39m [37m-->[39m [37mPOST[39m [37m/wd/hub/session/1df8f142-2352-4956-967c-34cb056363f5/elements[39m
[35m[HTTP][39m [90m{"using":"xpath","value":"//hierarchy/android.widget.FrameLayout[1]/android.widget.LinearLayout[1]/android.widget.FrameLayout[1]/android.widget.LinearLayout[1]/android.widget.FrameLayout[1]/android.widget.FrameLayout[1]/android.view.ViewGroup[1]/android.view.ViewGroup[1]/android.view.ViewGroup[1]/android.view.ViewGroup[2]/android.view.ViewGroup[1]/android.view.ViewGroup[1]/android.view.ViewGroup[1]/android.view.ViewGroup[2]/android.view.ViewGroup[1]/android.view.ViewGroup[1]/android.view.ViewGroup[2]/android.widget.EditText[1]"}[39m
[35m[HTTP][39m [37m<-- POST /wd/hub/session/1df8f142-2352-4956-967c-34cb056363f5/elements [39m[32m200[39m [90m846 ms - 139[39m
[35m[HTTP][39m [90m[39m
[35m[HTTP][39m [37m-->[39m [37mGET[39m [37m/wd/hub/session/1df8f142-2352-4956-967c-34cb056363f5/element/00000000-0000-00f6-ffff-ffff000000c8/location[39m
[35m[HTTP][39m [90m{}[39m
[35m[W3C (1df8f142)][39m Driver proxy active, passing request on via HTTP proxy
[35m[WD Proxy][39m Replacing sessionId 07b0ec32-bf83-444e-bbdd-547f77b4f954 with 1df8f142-2352-4956-967c-34cb056363f5
[35m[HTTP][39m [37m<-- GET /wd/hub/session/1df8f142-2352-4956-967c-34cb056363f5/element/00000000-0000-00f6-ffff-ffff000000c8/location [39m[32m200[39m [90m30 ms - 78[39m
[35m[HTTP][39m [90m[39m
[35m[HTTP][39m [37m-->[39m [37mPOST[39m [37m/wd/hub/session/1df8f142-2352-4956-967c-34cb056363f5/timeouts[39m
[35m[HTTP][39m [90m{"implicit":30000}[39m
[35m[HTTP][39m [37m<-- POST /wd/hub/session/1df8f142-2352-4956-967c-34cb056363f5/timeouts [39m[32m200[39m [90m1 ms - 14[39m
[35m[HTTP][39m [90m[39m
[35m[HTTP][39m [37m-->[39m [37mPOST[39m [37m/wd/hub/session/1df8f142-2352-4956-967c-34cb056363f5/element/00000000-0000-00f6-ffff-ffff000000c8/clear[39m
[35m[HTTP][39m [90m{"id":"00000000-0000-00f6-ffff-ffff000000c8"}[39m
[35m[HTTP][39m [37m<-- POST /wd/hub/session/1df8f142-2352-4956-967c-34cb056363f5/element/00000000-0000-00f6-ffff-ffff000000c8/clear [39m[32m200[39m [90m68 ms - 14[39m
[35m[HTTP][39m [90m[39m
[35m[HTTP][39m [37m-->[39m [37mPOST[39m [37m/wd/hub/session/1df8f142-2352-4956-967c-34cb056363f5/element/00000000-0000-00f6-ffff-ffff000000c8/value[39m
[35m[HTTP][39m [90m{"id":"00000000-0000-00f6-ffff-ffff000000c8","text":"2","value":["2"]}[39m
[35m[HTTP][39m [37m<-- POST /wd/hub/session/1df8f142-2352-4956-967c-34cb056363f5/element/00000000-0000-00f6-ffff-ffff000000c8/value [39m[32m200[39m [90m1355 ms - 14[39m
[35m[HTTP][39m [90m[39m
[35m[HTTP][39m [37m-->[39m [37mPOST[39m [37m/wd/hub/session/1df8f142-2352-4956-967c-34cb056363f5/timeouts[39m
[35m[HTTP][39m [90m{"implicit":50}[39m
[35m[HTTP][39m [37m<-- POST /wd/hub/session/1df8f142-2352-4956-967c-34cb056363f5/timeouts [39m[32m200[39m [90m1 ms - 14[39m
[35m[HTTP][39m [90m[39m
[35m[HTTP][39m [37m-->[39m [37mGET[39m [37m/wd/hub/session/1df8f142-2352-4956-967c-34cb056363f5/window/rect[39m
[35m[HTTP][39m [90m{}[39m
[35m[HTTP][39m [37m<-- GET /wd/hub/session/1df8f142-2352-4956-967c-34cb056363f5/window/rect [39m[32m200[39m [90m10 ms - 50[39m
[35m[HTTP][39m [90m[39m
[35m[HTTP][39m [37m-->[39m [37mPOST[39m [37m/wd/hub/session/1df8f142-2352-4956-967c-34cb056363f5/elements[39m
[35m[HTTP][39m [90m{"using":"xpath","value":"//hierarchy/android.widget.FrameLayout[1]/android.widget.LinearLayout[1]/android.widget.FrameLayout[1]/android.widget.LinearLayout[1]/android.widget.FrameLayout[1]/android.widget.FrameLayout[1]/android.view.ViewGroup[1]/android.view.ViewGroup[1]/android.view.ViewGroup[1]/android.view.ViewGroup[2]/android.view.ViewGroup[1]/android.view.ViewGroup[1]/android.view.ViewGroup[1]/android.view.ViewGroup[2]/android.view.ViewGroup[1]/android.view.ViewGroup[1]/android.view.ViewGroup[3]/android.widget.EditText[1]"}[39m
[35m[HTTP][39m [37m<-- POST /wd/hub/session/1df8f142-2352-4956-967c-34cb056363f5/elements [39m[32m200[39m [90m795 ms - 139[39m
[35m[HTTP][39m [90m[39m
[35m[HTTP][39m [37m-->[39m [37mGET[39m [37m/wd/hub/session/1df8f142-2352-4956-967c-34cb056363f5/element/00000000-0000-00f6-ffff-ffff000000ca/location[39m
[35m[HTTP][39m [90m{}[39m
[35m[W3C (1df8f142)][39m Driver proxy active, passing request on via HTTP proxy
[35m[WD Proxy][39m Replacing sessionId 07b0ec32-bf83-444e-bbdd-547f77b4f954 with 1df8f142-2352-4956-967c-34cb056363f5
[35m[HTTP][39m [37m<-- GET /wd/hub/session/1df8f142-2352-4956-967c-34cb056363f5/element/00000000-0000-00f6-ffff-ffff000000ca/location [39m[32m200[39m [90m28 ms - 78[39m
[35m[HTTP][39m [90m[39m
[35m[HTTP][39m [37m-->[39m [37mPOST[39m [37m/wd/hub/session/1df8f142-2352-4956-967c-34cb056363f5/timeouts[39m
[35m[HTTP][39m [90m{"implicit":30000}[39m
[35m[HTTP][39m [37m<-- POST /wd/hub/session/1df8f142-2352-4956-967c-34cb056363f5/timeouts [39m[32m200[39m [90m1 ms - 14[39m
[35m[HTTP][39m [90m[39m
[35m[HTTP][39m [37m-->[39m [37mPOST[39m [37m/wd/hub/session/1df8f142-2352-4956-967c-34cb056363f5/element/00000000-0000-00f6-ffff-ffff000000ca/clear[39m
[35m[HTTP][39m [90m{"id":"00000000-0000-00f6-ffff-ffff000000ca"}[39m
[35m[HTTP][39m [37m<-- POST /wd/hub/session/1df8f142-2352-4956-967c-34cb056363f5/element/00000000-0000-00f6-ffff-ffff000000ca/clear [39m[32m200[39m [90m33 ms - 14[39m
[35m[HTTP][39m [90m[39m
[35m[HTTP][39m [37m-->[39m [37mPOST[39m [37m/wd/hub/session/1df8f142-2352-4956-967c-34cb056363f5/element/00000000-0000-00f6-ffff-ffff000000ca/value[39m
[35m[HTTP][39m [90m{"id":"00000000-0000-00f6-ffff-ffff000000ca","text":"3","value":["3"]}[39m
[35m[HTTP][39m [37m<-- POST /wd/hub/session/1df8f142-2352-4956-967c-34cb056363f5/element/00000000-0000-00f6-ffff-ffff000000ca/value [39m[32m200[39m [90m1559 ms - 14[39m
[35m[HTTP][39m [90m[39m
[35m[HTTP][39m [37m-->[39m [37mPOST[39m [37m/wd/hub/session/1df8f142-2352-4956-967c-34cb056363f5/timeouts[39m
[35m[HTTP][39m [90m{"implicit":50}[39m
[35m[HTTP][39m [37m<-- POST /wd/hub/session/1df8f142-2352-4956-967c-34cb056363f5/timeouts [39m[32m200[39m [90m1 ms - 14[39m
[35m[HTTP][39m [90m[39m
[35m[HTTP][39m [37m-->[39m [37mGET[39m [37m/wd/hub/session/1df8f142-2352-4956-967c-34cb056363f5/window/rect[39m
[35m[HTTP][39m [90m{}[39m
[35m[HTTP][39m [37m<-- GET /wd/hub/session/1df8f142-2352-4956-967c-34cb056363f5/window/rect [39m[32m200[39m [90m8 ms - 50[39m
[35m[HTTP][39m [90m[39m
[35m[HTTP][39m [37m-->[39m [37mPOST[39m [37m/wd/hub/session/1df8f142-2352-4956-967c-34cb056363f5/elements[39m
[35m[HTTP][39m [90m{"using":"xpath","value":"//hierarchy/android.widget.FrameLayout[1]/android.widget.LinearLayout[1]/android.widget.FrameLayout[1]/android.widget.LinearLayout[1]/android.widget.FrameLayout[1]/android.widget.FrameLayout[1]/android.view.ViewGroup[1]/android.view.ViewGroup[1]/android.view.ViewGroup[1]/android.view.ViewGroup[2]/android.view.ViewGroup[1]/android.view.ViewGroup[1]/android.view.ViewGroup[1]/android.view.ViewGroup[2]/android.view.ViewGroup[1]/android.view.ViewGroup[1]/android.view.ViewGroup[4]/android.widget.EditText[1]"}[39m
[35m[HTTP][39m [37m<-- POST /wd/hub/session/1df8f142-2352-4956-967c-34cb056363f5/elements [39m[32m200[39m [90m834 ms - 139[39m
[35m[HTTP][39m [90m[39m
[35m[HTTP][39m [37m-->[39m [37mGET[39m [37m/wd/hub/session/1df8f142-2352-4956-967c-34cb056363f5/element/00000000-0000-00f6-ffff-ffff000000cc/location[39m
[35m[HTTP][39m [90m{}[39m
[35m[W3C (1df8f142)][39m Driver proxy active, passing request on via HTTP proxy
[35m[WD Proxy][39m Replacing sessionId 07b0ec32-bf83-444e-bbdd-547f77b4f954 with 1df8f142-2352-4956-967c-34cb056363f5
[35m[HTTP][39m [37m<-- GET /wd/hub/session/1df8f142-2352-4956-967c-34cb056363f5/element/00000000-0000-00f6-ffff-ffff000000cc/location [39m[32m200[39m [90m31 ms - 78[39m
[35m[HTTP][39m [90m[39m
[35m[HTTP][39m [37m-->[39m [37mPOST[39m [37m/wd/hub/session/1df8f142-2352-4956-967c-34cb056363f5/timeouts[39m
[35m[HTTP][39m [90m{"implicit":30000}[39m
[35m[HTTP][39m [37m<-- POST /wd/hub/session/1df8f142-2352-4956-967c-34cb056363f5/timeouts [39m[32m200[39m [90m1 ms - 14[39m
[35m[HTTP][39m [90m[39m
[35m[HTTP][39m [37m-->[39m [37mPOST[39m [37m/wd/hub/session/1df8f142-2352-4956-967c-34cb056363f5/element/00000000-0000-00f6-ffff-ffff000000cc/clear[39m
[35m[HTTP][39m [90m{"id":"00000000-0000-00f6-ffff-ffff000000cc"}[39m
[35m[HTTP][39m [37m<-- POST /wd/hub/session/1df8f142-2352-4956-967c-34cb056363f5/element/00000000-0000-00f6-ffff-ffff000000cc/clear [39m[32m200[39m [90m37 ms - 14[39m
[35m[HTTP][39m [90m[39m
[35m[HTTP][39m [37m-->[39m [37mPOST[39m [37m/wd/hub/session/1df8f142-2352-4956-967c-34cb056363f5/element/00000000-0000-00f6-ffff-ffff000000cc/value[39m
[35m[HTTP][39m [90m{"id":"00000000-0000-00f6-ffff-ffff000000cc","text":"4","value":["4"]}[39m
[35m[HTTP][39m [37m<-- POST /wd/hub/session/1df8f142-2352-4956-967c-34cb056363f5/element/00000000-0000-00f6-ffff-ffff000000cc/value [39m[32m200[39m [90m1358 ms - 14[39m
[35m[HTTP][39m [90m[39m
[35m[HTTP][39m [37m-->[39m [37mPOST[39m [37m/wd/hub/session/1df8f142-2352-4956-967c-34cb056363f5/timeouts[39m
[35m[HTTP][39m [90m{"implicit":50}[39m
[35m[HTTP][39m [37m<-- POST /wd/hub/session/1df8f142-2352-4956-967c-34cb056363f5/timeouts [39m[32m200[39m [90m2 ms - 14[39m
[35m[HTTP][39m [90m[39m
[35m[HTTP][39m [37m-->[39m [37mGET[39m [37m/wd/hub/session/1df8f142-2352-4956-967c-34cb056363f5/window/rect[39m
[35m[HTTP][39m [90m{}[39m
[35m[HTTP][39m [37m<-- GET /wd/hub/session/1df8f142-2352-4956-967c-34cb056363f5/window/rect [39m[32m200[39m [90m7 ms - 50[39m
[35m[HTTP][39m [90m[39m
[35m[HTTP][39m [37m-->[39m [37mPOST[39m [37m/wd/hub/session/1df8f142-2352-4956-967c-34cb056363f5/elements[39m
[35m[HTTP][39m [90m{"using":"xpath","value":"//hierarchy/android.widget.FrameLayout[1]/android.widget.LinearLayout[1]/android.widget.FrameLayout[1]/android.widget.LinearLayout[1]/android.widget.FrameLayout[1]/android.widget.FrameLayout[1]/android.view.ViewGroup[1]/android.view.ViewGroup[1]/android.view.ViewGroup[1]/android.view.ViewGroup[2]/android.view.ViewGroup[1]/android.view.ViewGroup[1]/android.view.ViewGroup[1]/android.view.ViewGroup[2]/android.view.ViewGroup[1]/android.view.ViewGroup[1]/android.view.ViewGroup[5]/android.widget.EditText[1]"}[39m
[35m[HTTP][39m [37m<-- POST /wd/hub/session/1df8f142-2352-4956-967c-34cb056363f5/elements [39m[32m200[39m [90m813 ms - 139[39m
[35m[HTTP][39m [90m[39m
[35m[HTTP][39m [37m-->[39m [37mGET[39m [37m/wd/hub/session/1df8f142-2352-4956-967c-34cb056363f5/element/00000000-0000-00f6-ffff-ffff000000ce/location[39m
[35m[HTTP][39m [90m{}[39m
[35m[W3C (1df8f142)][39m Driver proxy active, passing request on via HTTP proxy
[35m[WD Proxy][39m Replacing sessionId 07b0ec32-bf83-444e-bbdd-547f77b4f954 with 1df8f142-2352-4956-967c-34cb056363f5
[35m[HTTP][39m [37m<-- GET /wd/hub/session/1df8f142-2352-4956-967c-34cb056363f5/element/00000000-0000-00f6-ffff-ffff000000ce/location [39m[32m200[39m [90m28 ms - 78[39m
[35m[HTTP][39m [90m[39m
[35m[HTTP][39m [37m-->[39m [37mPOST[39m [37m/wd/hub/session/1df8f142-2352-4956-967c-34cb056363f5/timeouts[39m
[35m[HTTP][39m [90m{"implicit":30000}[39m
[35m[HTTP][39m [37m<-- POST /wd/hub/session/1df8f142-2352-4956-967c-34cb056363f5/timeouts [39m[32m200[39m [90m1 ms - 14[39m
[35m[HTTP][39m [90m[39m
[35m[HTTP][39m [37m-->[39m [37mPOST[39m [37m/wd/hub/session/1df8f142-2352-4956-967c-34cb056363f5/element/00000000-0000-00f6-ffff-ffff000000ce/clear[39m
[35m[HTTP][39m [90m{"id":"00000000-0000-00f6-ffff-ffff000000ce"}[39m
[35m[HTTP][39m [37m<-- POST /wd/hub/session/1df8f142-2352-4956-967c-34cb056363f5/element/00000000-0000-00f6-ffff-ffff000000ce/clear [39m[32m200[39m [90m36 ms - 14[39m
[35m[HTTP][39m [90m[39m
[35m[HTTP][39m [37m-->[39m [37mPOST[39m [37m/wd/hub/session/1df8f142-2352-4956-967c-34cb056363f5/element/00000000-0000-00f6-ffff-ffff000000ce/value[39m
[35m[HTTP][39m [90m{"id":"00000000-0000-00f6-ffff-ffff000000ce","text":"5","value":["5"]}[39m
[35m[HTTP][39m [37m<-- POST /wd/hub/session/1df8f142-2352-4956-967c-34cb056363f5/element/00000000-0000-00f6-ffff-ffff000000ce/value [39m[32m200[39m [90m1379 ms - 14[39m
[35m[HTTP][39m [90m[39m
[35m[HTTP][39m [37m-->[39m [37mPOST[39m [37m/wd/hub/session/1df8f142-2352-4956-967c-34cb056363f5/timeouts[39m
[35m[HTTP][39m [90m{"implicit":50}[39m
[35m[HTTP][39m [37m<-- POST /wd/hub/session/1df8f142-2352-4956-967c-34cb056363f5/timeouts [39m[32m200[39m [90m1 ms - 14[39m
[35m[HTTP][39m [90m[39m
[35m[HTTP][39m [37m-->[39m [37mGET[39m [37m/wd/hub/session/1df8f142-2352-4956-967c-34cb056363f5/window/rect[39m
[35m[HTTP][39m [90m{}[39m
[35m[HTTP][39m [37m<-- GET /wd/hub/session/1df8f142-2352-4956-967c-34cb056363f5/window/rect [39m[32m200[39m [90m13 ms - 50[39m
[35m[HTTP][39m [90m[39m
[35m[HTTP][39m [37m-->[39m [37mPOST[39m [37m/wd/hub/session/1df8f142-2352-4956-967c-34cb056363f5/elements[39m
[35m[HTTP][39m [90m{"using":"xpath","value":"//*[@class = 'android.widget.EditText' and (@text = '-' or . = '-')]"}[39m
[35m[HTTP][39m [37m<-- POST /wd/hub/session/1df8f142-2352-4956-967c-34cb056363f5/elements [39m[32m200[39m [90m857 ms - 139[39m
[35m[HTTP][39m [90m[39m
[35m[HTTP][39m [37m-->[39m [37mGET[39m [37m/wd/hub/session/1df8f142-2352-4956-967c-34cb056363f5/element/00000000-0000-00f6-ffff-ffff000000d0/location[39m
[35m[HTTP][39m [90m{}[39m
[35m[W3C (1df8f142)][39m Driver proxy active, passing request on via HTTP proxy
[35m[WD Proxy][39m Replacing sessionId 07b0ec32-bf83-444e-bbdd-547f77b4f954 with 1df8f142-2352-4956-967c-34cb056363f5
[35m[HTTP][39m [37m<-- GET /wd/hub/session/1df8f142-2352-4956-967c-34cb056363f5/element/00000000-0000-00f6-ffff-ffff000000d0/location [39m[32m200[39m [90m24 ms - 78[39m
[35m[HTTP][39m [90m[39m
[35m[HTTP][39m [37m-->[39m [37mPOST[39m [37m/wd/hub/session/1df8f142-2352-4956-967c-34cb056363f5/timeouts[39m
[35m[HTTP][39m [90m{"implicit":30000}[39m
[35m[HTTP][39m [37m<-- POST /wd/hub/session/1df8f142-2352-4956-967c-34cb056363f5/timeouts [39m[32m200[39m [90m1 ms - 14[39m
[35m[HTTP][39m [90m[39m
[35m[HTTP][39m [37m-->[39m [37mPOST[39m [37m/wd/hub/session/1df8f142-2352-4956-967c-34cb056363f5/element/00000000-0000-00f6-ffff-ffff000000d0/clear[39m
[35m[HTTP][39m [90m{"id":"00000000-0000-00f6-ffff-ffff000000d0"}[39m
[35m[HTTP][39m [37m<-- POST /wd/hub/session/1df8f142-2352-4956-967c-34cb056363f5/element/00000000-0000-00f6-ffff-ffff000000d0/clear [39m[32m200[39m [90m28 ms - 14[39m
[35m[HTTP][39m [90m[39m
[35m[HTTP][39m [37m-->[39m [37mPOST[39m [37m/wd/hub/session/1df8f142-2352-4956-967c-34cb056363f5/element/00000000-0000-00f6-ffff-ffff000000d0/value[39m
[35m[HTTP][39m [90m{"id":"00000000-0000-00f6-ffff-ffff000000d0","text":"6","value":["6"]}[39m
[35m[HTTP][39m [37m<-- POST /wd/hub/session/1df8f142-2352-4956-967c-34cb056363f5/element/00000000-0000-00f6-ffff-ffff000000d0/value [39m[32m200[39m [90m1557 ms - 14[39m
[35m[HTTP][39m [90m[39m
[35m[HTTP][39m [37m-->[39m [37mPOST[39m [37m/wd/hub/session/1df8f142-2352-4956-967c-34cb056363f5/element[39m
[35m[HTTP][39m [90m{"using":"xpath","value":"//hierarchy/android.widget.FrameLayout[1]/android.widget.LinearLayout[1]/android.widget.FrameLayout[1]/android.widget.LinearLayout[1]/android.widget.FrameLayout[1]/android.widget.FrameLayout[1]/android.view.ViewGroup[1]/android.view.ViewGroup[1]/android.view.ViewGroup[1]/android.view.ViewGroup[2]/android.view.ViewGroup[1]/android.view.ViewGroup[1]/android.view.ViewGroup[1]/android.view.ViewGroup[2]/android.view.ViewGroup[2]"}[39m
[35m[HTTP][39m [37m<-- POST /wd/hub/session/1df8f142-2352-4956-967c-34cb056363f5/element [39m[32m200[39m [90m1026 ms - 137[39m
[35m[HTTP][39m [90m[39m
[35m[HTTP][39m [37m-->[39m [37mPOST[39m [37m/wd/hub/session/1df8f142-2352-4956-967c-34cb056363f5/element/00000000-0000-00f6-ffff-ffff000000d2/click[39m
[35m[HTTP][39m [90m{"id":"00000000-0000-00f6-ffff-ffff000000d2"}[39m
[35m[HTTP][39m [37m<-- POST /wd/hub/session/1df8f142-2352-4956-967c-34cb056363f5/element/00000000-0000-00f6-ffff-ffff000000d2/click [39m[32m200[39m [90m66 ms - 14[39m
[35m[HTTP][39m [90m[39m
[35m[HTTP][39m [37m-->[39m [37mDELETE[39m [37m/wd/hub/session/1df8f142-2352-4956-967c-34cb056363f5[39m
[35m[HTTP][39m [90m{}[39m
[35m[Appium][39m Removing session 1df8f142-2352-4956-967c-34cb056363f5 from our master session list
[35m[UiAutomator2][39m Restoring hidden api policy to the device default configuration
[35m[HTTP][39m [37m<-- DELETE /wd/hub/session/1df8f142-2352-4956-967c-34cb056363f5 [39m[32m200[39m [90m302 ms - 14[39m
[35m[HTTP][39m [90m[39m
