[35m[Appium][39m Welcome to Appium v1.22.3
[35m[Appium][39m Non-default server args:
[35m[Appium][39m   port: 55981
[35m[Appium][39m   loglevel: info
[35m[Appium][39m   tmpDir: /var/folders/1v/3_56wbt90zbb48qtwvw1bry40000gn/T//Katalon/Appium/Temp1675781025540
[35m[Appium][39m   chromedriverPort: 55982
[35m[Appium][39m Deprecated server args:
[35m[Appium][39m   [31m--chromedriver-port[39m => --default-capabilities
[35m[Appium][39m Default capabilities, which will be added to each request unless overridden by desired capabilities:
[35m[Appium][39m   chromedriverPort: 55982
[35m[Appium][39m Appium REST http interface listener started on 0.0.0.0:55981
[35m[HTTP][39m [37m-->[39m [37mGET[39m [37m/wd/hub/status[39m
[35m[HTTP][39m [90m{}[39m
[35m[HTTP][39m [37m<-- GET /wd/hub/status [39m[32m200[39m [90m5 ms - 68[39m
[35m[HTTP][39m [90m[39m
[35m[HTTP][39m [37m-->[39m [37mPOST[39m [37m/wd/hub/session[39m
[35m[HTTP][39m [90m{"desiredCapabilities":{"appPackage":"com.android.settings","deviceId":"RF8RC109TVZ","deviceName":"samsung SM-A325F (Android 13)","platform":"ANDROID","appActivity":".Settings","newCommandTimeout":1800,"platformVersion":"13","automationName":"uiautomator2","autoGrantPermissions":true,"platformName":"Android","udid":"RF8RC109TVZ","systemPort":8272},"capabilities":{"firstMatch":[{"appium:appActivity":".Settings","appium:appPackage":"com.android.settings","appium:autoGrantPermissions":true,"appium:automationName":"uiautomator2","deviceId":"RF8RC109TVZ","appium:deviceName":"samsung SM-A325F (Android 13)","appium:newCommandTimeout":1800,"platform":"ANDROID","platformName":"android","appium:platformVersion":"13","appium:systemPort":8272,"appium:udid":"RF8RC109TVZ"}]}}[39m
[35m[BaseDriver][39m The following capabilities are not standard capabilities and should have an extension prefix:
[35m[BaseDriver][39m   deviceId
[35m[BaseDriver][39m   platform
[35m[BaseDriver][39m   chromedriverPort
[35m[Appium][39m Appium v1.22.3 creating new AndroidUiautomator2Driver (v1.70.1) session
[35m[BaseDriver][39m The following capabilities were provided, but are not recognized by Appium:
[35m[BaseDriver][39m   deviceId
[35m[BaseDriver][39m   platform
[35m[BaseDriver][39m Session created with session id: 70812bc1-a2bc-4a56-9eac-cddb3d7fae7c
[35m[UiAutomator2][39m Starting 'com.android.settings' directly on the device
[35m[ADB][39m Found 1 'build-tools' folders under '/Users/pc/.katalon/tools/android_sdk' (newest first):
[35m[ADB][39m     /Users/pc/.katalon/tools/android_sdk/build-tools/29.0.3
[35m[ADB][39m Using 'adb' from '/Users/pc/.katalon/tools/android_sdk/platform-tools/adb'
[35m[AndroidDriver][39m Retrieving device list
[35m[AndroidDriver][39m Using device: RF8RC109TVZ
[35m[ADB][39m Using 'adb' from '/Users/pc/.katalon/tools/android_sdk/platform-tools/adb'
[35m[ADB][39m Getting device platform version
[35m[UiAutomator2][39m Relaxing hidden api policy
[35m[AndroidDriver][39m No app sent in, not parsing package/activity
[35m[UiAutomator2][39m Server package at '/usr/local/lib/node_modules/appium/node_modules/appium-uiautomator2-server/apks/appium-uiautomator2-server-v4.27.0.apk' is not writeable. Will copy it into the temporary location at '/var/folders/1v/3_56wbt90zbb48qtwvw1bry40000gn/T/Katalon/Appium/Temp1675781025540/202317-41056-1w3x9nh.7mc9' as a workaround. Consider making this file writeable manually in order to improve the performance of session startup.
[35m[UiAutomator2][39m Server package at '/usr/local/lib/node_modules/appium/node_modules/appium-uiautomator2-server/apks/appium-uiautomator2-server-debug-androidTest.apk' is not writeable. Will copy it into the temporary location at '/var/folders/1v/3_56wbt90zbb48qtwvw1bry40000gn/T/Katalon/Appium/Temp1675781025540/202317-41056-1w3x9nh.7mc9' as a workaround. Consider making this file writeable manually in order to improve the performance of session startup.
[35m[ADB][39m Using 'apksigner.jar' from '/Users/pc/.katalon/tools/android_sdk/build-tools/29.0.3/lib/apksigner.jar'
[35m[ADB][39m '/var/folders/1v/3_56wbt90zbb48qtwvw1bry40000gn/T/Katalon/Appium/Temp1675781025540/202317-41056-1w3x9nh.7mc9/appium-uiautomator2-server-v4.27.0.apk' is signed with the default certificate
[35m[ADB][39m '/var/folders/1v/3_56wbt90zbb48qtwvw1bry40000gn/T/Katalon/Appium/Temp1675781025540/202317-41056-1w3x9nh.7mc9/appium-uiautomator2-server-debug-androidTest.apk' is signed with the default certificate
[35m[UiAutomator2][39m Server packages are not going to be (re)installed
[35m[ADB][39m Adding packages ["io.appium.settings","io.appium.uiautomator2.server","io.appium.uiautomator2.server.test"] to Doze whitelist
[35m[UiAutomator2][39m Starting UIAutomator2 server 4.27.0
[35m[UiAutomator2][39m Using UIAutomator2 server from '/usr/local/lib/node_modules/appium/node_modules/appium-uiautomator2-server/apks/appium-uiautomator2-server-v4.27.0.apk' and test from '/usr/local/lib/node_modules/appium/node_modules/appium-uiautomator2-server/apks/appium-uiautomator2-server-debug-androidTest.apk'
[35m[UiAutomator2][39m Waiting up to 30000ms for UiAutomator2 to be online...
[35m[WD Proxy][39m socket hang up
[35m[WD Proxy][39m socket hang up
[35m[WD Proxy][39m Determined the downstream protocol as 'W3C'
[35m[AndroidDriver][39m Screen already unlocked, doing nothing
[35m[UiAutomator2][39m Starting 'com.android.settings/.Settings and waiting for 'com.android.settings/.Settings'
[35m[Appium][39m New AndroidUiautomator2Driver session created successfully, session 70812bc1-a2bc-4a56-9eac-cddb3d7fae7c added to master session list
[35m[HTTP][39m [37m<-- POST /wd/hub/session [39m[32m200[39m [90m6863 ms - 1208[39m
[35m[HTTP][39m [90m[39m
[35m[HTTP][39m [37m-->[39m [37mGET[39m [37m/wd/hub/session/70812bc1-a2bc-4a56-9eac-cddb3d7fae7c[39m
[35m[HTTP][39m [90m{}[39m
[35m[HTTP][39m [37m<-- GET /wd/hub/session/70812bc1-a2bc-4a56-9eac-cddb3d7fae7c [39m[32m200[39m [90m10 ms - 1162[39m
[35m[HTTP][39m [90m[39m
[35m[HTTP][39m [37m-->[39m [37mGET[39m [37m/wd/hub/session/70812bc1-a2bc-4a56-9eac-cddb3d7fae7c[39m
[35m[HTTP][39m [90m{}[39m
[35m[HTTP][39m [37m<-- GET /wd/hub/session/70812bc1-a2bc-4a56-9eac-cddb3d7fae7c [39m[32m200[39m [90m14 ms - 1162[39m
[35m[HTTP][39m [90m[39m
[35m[HTTP][39m [37m-->[39m [37mGET[39m [37m/wd/hub/status[39m
[35m[HTTP][39m [90m{}[39m
[35m[HTTP][39m [37m<-- GET /wd/hub/status [39m[32m200[39m [90m1 ms - 68[39m
[35m[HTTP][39m [90m[39m
[35m[HTTP][39m [37m-->[39m [37mPOST[39m [37m/wd/hub/session/70812bc1-a2bc-4a56-9eac-cddb3d7fae7c/timeouts[39m
[35m[HTTP][39m [90m{"implicit":30000}[39m
[35m[HTTP][39m [37m<-- POST /wd/hub/session/70812bc1-a2bc-4a56-9eac-cddb3d7fae7c/timeouts [39m[32m200[39m [90m2 ms - 14[39m
[35m[HTTP][39m [90m[39m
[35m[HTTP][39m [37m-->[39m [37mGET[39m [37m/wd/hub/session/70812bc1-a2bc-4a56-9eac-cddb3d7fae7c/screenshot[39m
[35m[HTTP][39m [90m{}[39m
[35m[HTTP][39m [37m<-- GET /wd/hub/session/70812bc1-a2bc-4a56-9eac-cddb3d7fae7c/screenshot [39m[32m200[39m [90m716 ms - 208434[39m
[35m[HTTP][39m [90m[39m
[35m[HTTP][39m [37m-->[39m [37mGET[39m [37m/wd/hub/session/70812bc1-a2bc-4a56-9eac-cddb3d7fae7c/window/rect[39m
[35m[HTTP][39m [90m{}[39m
[35m[HTTP][39m [37m<-- GET /wd/hub/session/70812bc1-a2bc-4a56-9eac-cddb3d7fae7c/window/rect [39m[32m200[39m [90m23 ms - 50[39m
[35m[HTTP][39m [90m[39m
[35m[HTTP][39m [37m-->[39m [37mGET[39m [37m/wd/hub/session/70812bc1-a2bc-4a56-9eac-cddb3d7fae7c/appium/device/system_bars[39m
[35m[HTTP][39m [90m{}[39m
[35m[HTTP][39m [37m<-- GET /wd/hub/session/70812bc1-a2bc-4a56-9eac-cddb3d7fae7c/appium/device/system_bars [39m[32m200[39m [90m83 ms - 145[39m
[35m[HTTP][39m [90m[39m
[35m[HTTP][39m [37m-->[39m [37mPOST[39m [37m/wd/hub/session/70812bc1-a2bc-4a56-9eac-cddb3d7fae7c/appium/device/activate_app[39m
[35m[HTTP][39m [90m{"bundleId":"com.spotlove.releaseproduction"}[39m
[35m[HTTP][39m [37m<-- POST /wd/hub/session/70812bc1-a2bc-4a56-9eac-cddb3d7fae7c/appium/device/activate_app [39m[32m200[39m [90m634 ms - 14[39m
[35m[HTTP][39m [90m[39m
[35m[HTTP][39m [37m-->[39m [37mPOST[39m [37m/wd/hub/session/70812bc1-a2bc-4a56-9eac-cddb3d7fae7c/timeouts[39m
[35m[HTTP][39m [90m{"implicit":50}[39m
[35m[HTTP][39m [37m<-- POST /wd/hub/session/70812bc1-a2bc-4a56-9eac-cddb3d7fae7c/timeouts [39m[32m200[39m [90m2 ms - 14[39m
[35m[HTTP][39m [90m[39m
[35m[HTTP][39m [37m-->[39m [37mGET[39m [37m/wd/hub/session/70812bc1-a2bc-4a56-9eac-cddb3d7fae7c/window/rect[39m
[35m[HTTP][39m [90m{}[39m
[35m[HTTP][39m [37m<-- GET /wd/hub/session/70812bc1-a2bc-4a56-9eac-cddb3d7fae7c/window/rect [39m[32m200[39m [90m17 ms - 50[39m
[35m[HTTP][39m [90m[39m
[35m[HTTP][39m [37m-->[39m [37mPOST[39m [37m/wd/hub/session/70812bc1-a2bc-4a56-9eac-cddb3d7fae7c/elements[39m
[35m[HTTP][39m [90m{"using":"xpath","value":"//*[@class = 'android.widget.TextView' and (@text = '' or . = '')]"}[39m
[35m[HTTP][39m [37m<-- POST /wd/hub/session/70812bc1-a2bc-4a56-9eac-cddb3d7fae7c/elements [39m[32m200[39m [90m2171 ms - 139[39m
[35m[HTTP][39m [90m[39m
[35m[HTTP][39m [37m-->[39m [37mGET[39m [37m/wd/hub/session/70812bc1-a2bc-4a56-9eac-cddb3d7fae7c/element/00000000-0000-0318-ffff-ffff0000043f/location[39m
[35m[HTTP][39m [90m{}[39m
[35m[W3C (70812bc1)][39m Driver proxy active, passing request on via HTTP proxy
[35m[WD Proxy][39m Replacing sessionId 8452df78-b864-4457-b180-c782d24b7c81 with 70812bc1-a2bc-4a56-9eac-cddb3d7fae7c
[35m[HTTP][39m [37m<-- GET /wd/hub/session/70812bc1-a2bc-4a56-9eac-cddb3d7fae7c/element/00000000-0000-0318-ffff-ffff0000043f/location [39m[32m200[39m [90m23 ms - 77[39m
[35m[HTTP][39m [90m[39m
[35m[HTTP][39m [37m-->[39m [37mPOST[39m [37m/wd/hub/session/70812bc1-a2bc-4a56-9eac-cddb3d7fae7c/timeouts[39m
[35m[HTTP][39m [90m{"implicit":30000}[39m
[35m[HTTP][39m [37m<-- POST /wd/hub/session/70812bc1-a2bc-4a56-9eac-cddb3d7fae7c/timeouts [39m[32m200[39m [90m1 ms - 14[39m
[35m[HTTP][39m [90m[39m
[35m[HTTP][39m [37m-->[39m [37mPOST[39m [37m/wd/hub/session/70812bc1-a2bc-4a56-9eac-cddb3d7fae7c/element[39m
[35m[HTTP][39m [90m{"using":"xpath","value":"//*[@class = 'android.widget.TextView' and (@text = '' or . = '')]"}[39m
[35m[HTTP][39m [37m<-- POST /wd/hub/session/70812bc1-a2bc-4a56-9eac-cddb3d7fae7c/element [39m[32m200[39m [90m854 ms - 137[39m
[35m[HTTP][39m [90m[39m
[35m[HTTP][39m [37m-->[39m [37mPOST[39m [37m/wd/hub/session/70812bc1-a2bc-4a56-9eac-cddb3d7fae7c/element/00000000-0000-0318-ffff-ffff0000043f/click[39m
[35m[HTTP][39m [90m{"id":"00000000-0000-0318-ffff-ffff0000043f"}[39m
[35m[HTTP][39m [37m<-- POST /wd/hub/session/70812bc1-a2bc-4a56-9eac-cddb3d7fae7c/element/00000000-0000-0318-ffff-ffff0000043f/click [39m[32m200[39m [90m70 ms - 14[39m
[35m[HTTP][39m [90m[39m
[35m[HTTP][39m [37m-->[39m [37mPOST[39m [37m/wd/hub/session/70812bc1-a2bc-4a56-9eac-cddb3d7fae7c/timeouts[39m
[35m[HTTP][39m [90m{"implicit":50}[39m
[35m[HTTP][39m [37m<-- POST /wd/hub/session/70812bc1-a2bc-4a56-9eac-cddb3d7fae7c/timeouts [39m[32m200[39m [90m1 ms - 14[39m
[35m[HTTP][39m [90m[39m
[35m[HTTP][39m [37m-->[39m [37mGET[39m [37m/wd/hub/session/70812bc1-a2bc-4a56-9eac-cddb3d7fae7c/window/rect[39m
[35m[HTTP][39m [90m{}[39m
[35m[HTTP][39m [37m<-- GET /wd/hub/session/70812bc1-a2bc-4a56-9eac-cddb3d7fae7c/window/rect [39m[32m200[39m [90m12 ms - 50[39m
[35m[HTTP][39m [90m[39m
[35m[HTTP][39m [37m-->[39m [37mPOST[39m [37m/wd/hub/session/70812bc1-a2bc-4a56-9eac-cddb3d7fae7c/elements[39m
[35m[HTTP][39m [90m{"using":"xpath","value":"//*[@class = 'android.widget.TextView' and (@text = 'What should we call you?' or . = 'What should we call you?')]"}[39m
[35m[HTTP][39m [37m<-- POST /wd/hub/session/70812bc1-a2bc-4a56-9eac-cddb3d7fae7c/elements [39m[32m200[39m [90m275 ms - 12[39m
[35m[HTTP][39m [90m[39m
[35m[HTTP][39m [37m-->[39m [37mPOST[39m [37m/wd/hub/session/70812bc1-a2bc-4a56-9eac-cddb3d7fae7c/elements[39m
[35m[HTTP][39m [90m{"using":"xpath","value":"//*[@class = 'android.widget.TextView' and (@text = 'What should we call you?' or . = 'What should we call you?')]"}[39m
[35m[HTTP][39m [37m<-- POST /wd/hub/session/70812bc1-a2bc-4a56-9eac-cddb3d7fae7c/elements [39m[32m200[39m [90m1132 ms - 139[39m
[35m[HTTP][39m [90m[39m
[35m[HTTP][39m [37m-->[39m [37mGET[39m [37m/wd/hub/session/70812bc1-a2bc-4a56-9eac-cddb3d7fae7c/element/00000000-0000-0318-ffff-ffff0000019e/location[39m
[35m[HTTP][39m [90m{}[39m
[35m[W3C (70812bc1)][39m Driver proxy active, passing request on via HTTP proxy
[35m[WD Proxy][39m Replacing sessionId 8452df78-b864-4457-b180-c782d24b7c81 with 70812bc1-a2bc-4a56-9eac-cddb3d7fae7c
[35m[HTTP][39m [37m<-- GET /wd/hub/session/70812bc1-a2bc-4a56-9eac-cddb3d7fae7c/element/00000000-0000-0318-ffff-ffff0000019e/location [39m[32m200[39m [90m334 ms - 77[39m
[35m[HTTP][39m [90m[39m
[35m[HTTP][39m [37m-->[39m [37mPOST[39m [37m/wd/hub/session/70812bc1-a2bc-4a56-9eac-cddb3d7fae7c/timeouts[39m
[35m[HTTP][39m [90m{"implicit":30000}[39m
[35m[HTTP][39m [37m<-- POST /wd/hub/session/70812bc1-a2bc-4a56-9eac-cddb3d7fae7c/timeouts [39m[32m200[39m [90m2 ms - 14[39m
[35m[HTTP][39m [90m[39m
[35m[HTTP][39m [37m-->[39m [37mPOST[39m [37m/wd/hub/session/70812bc1-a2bc-4a56-9eac-cddb3d7fae7c/timeouts[39m
[35m[HTTP][39m [90m{"implicit":50}[39m
[35m[HTTP][39m [37m<-- POST /wd/hub/session/70812bc1-a2bc-4a56-9eac-cddb3d7fae7c/timeouts [39m[32m200[39m [90m1 ms - 14[39m
[35m[HTTP][39m [90m[39m
[35m[HTTP][39m [37m-->[39m [37mGET[39m [37m/wd/hub/session/70812bc1-a2bc-4a56-9eac-cddb3d7fae7c/window/rect[39m
[35m[HTTP][39m [90m{}[39m
[35m[HTTP][39m [37m<-- GET /wd/hub/session/70812bc1-a2bc-4a56-9eac-cddb3d7fae7c/window/rect [39m[32m200[39m [90m21 ms - 50[39m
[35m[HTTP][39m [90m[39m
[35m[HTTP][39m [37m-->[39m [37mPOST[39m [37m/wd/hub/session/70812bc1-a2bc-4a56-9eac-cddb3d7fae7c/elements[39m
[35m[HTTP][39m [90m{"using":"xpath","value":"//*[@class = 'android.widget.TextView' and (@text = 'Continue' or . = 'Continue')]"}[39m
[35m[HTTP][39m [37m<-- POST /wd/hub/session/70812bc1-a2bc-4a56-9eac-cddb3d7fae7c/elements [39m[32m200[39m [90m254 ms - 139[39m
[35m[HTTP][39m [90m[39m
[35m[HTTP][39m [37m-->[39m [37mGET[39m [37m/wd/hub/session/70812bc1-a2bc-4a56-9eac-cddb3d7fae7c/element/00000000-0000-0318-ffff-ffff000001a2/location[39m
[35m[HTTP][39m [90m{}[39m
[35m[W3C (70812bc1)][39m Driver proxy active, passing request on via HTTP proxy
[35m[WD Proxy][39m Replacing sessionId 8452df78-b864-4457-b180-c782d24b7c81 with 70812bc1-a2bc-4a56-9eac-cddb3d7fae7c
[35m[HTTP][39m [37m<-- GET /wd/hub/session/70812bc1-a2bc-4a56-9eac-cddb3d7fae7c/element/00000000-0000-0318-ffff-ffff000001a2/location [39m[32m200[39m [90m27 ms - 79[39m
[35m[HTTP][39m [90m[39m
[35m[HTTP][39m [37m-->[39m [37mPOST[39m [37m/wd/hub/session/70812bc1-a2bc-4a56-9eac-cddb3d7fae7c/timeouts[39m
[35m[HTTP][39m [90m{"implicit":30000}[39m
[35m[HTTP][39m [37m<-- POST /wd/hub/session/70812bc1-a2bc-4a56-9eac-cddb3d7fae7c/timeouts [39m[32m200[39m [90m1 ms - 14[39m
[35m[HTTP][39m [90m[39m
[35m[HTTP][39m [37m-->[39m [37mPOST[39m [37m/wd/hub/session/70812bc1-a2bc-4a56-9eac-cddb3d7fae7c/element[39m
[35m[HTTP][39m [90m{"using":"xpath","value":"//*[@class = 'android.widget.TextView' and (@text = 'Continue' or . = 'Continue')]"}[39m
[35m[HTTP][39m [37m<-- POST /wd/hub/session/70812bc1-a2bc-4a56-9eac-cddb3d7fae7c/element [39m[32m200[39m [90m194 ms - 137[39m
[35m[HTTP][39m [90m[39m
[35m[HTTP][39m [37m-->[39m [37mPOST[39m [37m/wd/hub/session/70812bc1-a2bc-4a56-9eac-cddb3d7fae7c/element/00000000-0000-0318-ffff-ffff000001a2/click[39m
[35m[HTTP][39m [90m{"id":"00000000-0000-0318-ffff-ffff000001a2"}[39m
[35m[HTTP][39m [37m<-- POST /wd/hub/session/70812bc1-a2bc-4a56-9eac-cddb3d7fae7c/element/00000000-0000-0318-ffff-ffff000001a2/click [39m[32m200[39m [90m57 ms - 14[39m
[35m[HTTP][39m [90m[39m
[35m[HTTP][39m [37m-->[39m [37mPOST[39m [37m/wd/hub/session/70812bc1-a2bc-4a56-9eac-cddb3d7fae7c/timeouts[39m
[35m[HTTP][39m [90m{"implicit":50}[39m
[35m[HTTP][39m [37m<-- POST /wd/hub/session/70812bc1-a2bc-4a56-9eac-cddb3d7fae7c/timeouts [39m[32m200[39m [90m1 ms - 14[39m
[35m[HTTP][39m [90m[39m
[35m[HTTP][39m [37m-->[39m [37mGET[39m [37m/wd/hub/session/70812bc1-a2bc-4a56-9eac-cddb3d7fae7c/window/rect[39m
[35m[HTTP][39m [90m{}[39m
[35m[HTTP][39m [37m<-- GET /wd/hub/session/70812bc1-a2bc-4a56-9eac-cddb3d7fae7c/window/rect [39m[32m200[39m [90m16 ms - 50[39m
[35m[HTTP][39m [90m[39m
[35m[HTTP][39m [37m-->[39m [37mPOST[39m [37m/wd/hub/session/70812bc1-a2bc-4a56-9eac-cddb3d7fae7c/elements[39m
[35m[HTTP][39m [90m{"using":"xpath","value":"//*[@class = 'android.widget.ImageView' and (@text = '' or . = '')]"}[39m
[35m[HTTP][39m [37m<-- POST /wd/hub/session/70812bc1-a2bc-4a56-9eac-cddb3d7fae7c/elements [39m[32m200[39m [90m178 ms - 139[39m
[35m[HTTP][39m [90m[39m
[35m[HTTP][39m [37m-->[39m [37mGET[39m [37m/wd/hub/session/70812bc1-a2bc-4a56-9eac-cddb3d7fae7c/element/00000000-0000-0318-ffff-ffff0000019d/location[39m
[35m[HTTP][39m [90m{}[39m
[35m[W3C (70812bc1)][39m Driver proxy active, passing request on via HTTP proxy
[35m[WD Proxy][39m Replacing sessionId 8452df78-b864-4457-b180-c782d24b7c81 with 70812bc1-a2bc-4a56-9eac-cddb3d7fae7c
[35m[HTTP][39m [37m<-- GET /wd/hub/session/70812bc1-a2bc-4a56-9eac-cddb3d7fae7c/element/00000000-0000-0318-ffff-ffff0000019d/location [39m[32m200[39m [90m26 ms - 77[39m
[35m[HTTP][39m [90m[39m
[35m[HTTP][39m [37m-->[39m [37mPOST[39m [37m/wd/hub/session/70812bc1-a2bc-4a56-9eac-cddb3d7fae7c/timeouts[39m
[35m[HTTP][39m [90m{"implicit":30000}[39m
[35m[HTTP][39m [37m<-- POST /wd/hub/session/70812bc1-a2bc-4a56-9eac-cddb3d7fae7c/timeouts [39m[32m200[39m [90m1 ms - 14[39m
[35m[HTTP][39m [90m[39m
[35m[HTTP][39m [37m-->[39m [37mPOST[39m [37m/wd/hub/session/70812bc1-a2bc-4a56-9eac-cddb3d7fae7c/timeouts[39m
[35m[HTTP][39m [90m{"implicit":50}[39m
[35m[HTTP][39m [37m<-- POST /wd/hub/session/70812bc1-a2bc-4a56-9eac-cddb3d7fae7c/timeouts [39m[32m200[39m [90m1 ms - 14[39m
[35m[HTTP][39m [90m[39m
[35m[HTTP][39m [37m-->[39m [37mGET[39m [37m/wd/hub/session/70812bc1-a2bc-4a56-9eac-cddb3d7fae7c/window/rect[39m
[35m[HTTP][39m [90m{}[39m
[35m[HTTP][39m [37m<-- GET /wd/hub/session/70812bc1-a2bc-4a56-9eac-cddb3d7fae7c/window/rect [39m[32m200[39m [90m12 ms - 50[39m
[35m[HTTP][39m [90m[39m
[35m[HTTP][39m [37m-->[39m [37mPOST[39m [37m/wd/hub/session/70812bc1-a2bc-4a56-9eac-cddb3d7fae7c/elements[39m
[35m[HTTP][39m [90m{"using":"xpath","value":"//*[@class = 'android.widget.TextView' and (@text = 'What’s your date of birth?' or . = 'What’s your date of birth?')]"}[39m
[35m[HTTP][39m [37m<-- POST /wd/hub/session/70812bc1-a2bc-4a56-9eac-cddb3d7fae7c/elements [39m[32m200[39m [90m144 ms - 12[39m
[35m[HTTP][39m [90m[39m
[35m[HTTP][39m [37m-->[39m [37mPOST[39m [37m/wd/hub/session/70812bc1-a2bc-4a56-9eac-cddb3d7fae7c/elements[39m
[35m[HTTP][39m [90m{"using":"xpath","value":"//*[@class = 'android.widget.TextView' and (@text = 'What’s your date of birth?' or . = 'What’s your date of birth?')]"}[39m
[35m[HTTP][39m [37m<-- POST /wd/hub/session/70812bc1-a2bc-4a56-9eac-cddb3d7fae7c/elements [39m[32m200[39m [90m140 ms - 12[39m
[35m[HTTP][39m [90m[39m
[35m[HTTP][39m [37m-->[39m [37mPOST[39m [37m/wd/hub/session/70812bc1-a2bc-4a56-9eac-cddb3d7fae7c/elements[39m
[35m[HTTP][39m [90m{"using":"xpath","value":"//*[@class = 'android.widget.TextView' and (@text = 'What’s your date of birth?' or . = 'What’s your date of birth?')]"}[39m
[35m[HTTP][39m [37m<-- POST /wd/hub/session/70812bc1-a2bc-4a56-9eac-cddb3d7fae7c/elements [39m[32m200[39m [90m144 ms - 12[39m
[35m[HTTP][39m [90m[39m
[35m[HTTP][39m [37m-->[39m [37mPOST[39m [37m/wd/hub/session/70812bc1-a2bc-4a56-9eac-cddb3d7fae7c/elements[39m
[35m[HTTP][39m [90m{"using":"xpath","value":"//*[@class = 'android.widget.TextView' and (@text = 'What’s your date of birth?' or . = 'What’s your date of birth?')]"}[39m
[35m[HTTP][39m [37m<-- POST /wd/hub/session/70812bc1-a2bc-4a56-9eac-cddb3d7fae7c/elements [39m[32m200[39m [90m202 ms - 12[39m
[35m[HTTP][39m [90m[39m
[35m[HTTP][39m [37m-->[39m [37mPOST[39m [37m/wd/hub/session/70812bc1-a2bc-4a56-9eac-cddb3d7fae7c/elements[39m
[35m[HTTP][39m [90m{"using":"xpath","value":"//*[@class = 'android.widget.TextView' and (@text = 'What’s your date of birth?' or . = 'What’s your date of birth?')]"}[39m
[35m[HTTP][39m [37m<-- POST /wd/hub/session/70812bc1-a2bc-4a56-9eac-cddb3d7fae7c/elements [39m[32m200[39m [90m136 ms - 12[39m
[35m[HTTP][39m [90m[39m
[35m[HTTP][39m [37m-->[39m [37mPOST[39m [37m/wd/hub/session/70812bc1-a2bc-4a56-9eac-cddb3d7fae7c/elements[39m
[35m[HTTP][39m [90m{"using":"xpath","value":"//*[@class = 'android.widget.TextView' and (@text = 'What’s your date of birth?' or . = 'What’s your date of birth?')]"}[39m
[35m[HTTP][39m [37m<-- POST /wd/hub/session/70812bc1-a2bc-4a56-9eac-cddb3d7fae7c/elements [39m[32m200[39m [90m69 ms - 12[39m
[35m[HTTP][39m [90m[39m
[35m[HTTP][39m [37m-->[39m [37mPOST[39m [37m/wd/hub/session/70812bc1-a2bc-4a56-9eac-cddb3d7fae7c/elements[39m
[35m[HTTP][39m [90m{"using":"xpath","value":"//*[@class = 'android.widget.TextView' and (@text = 'What’s your date of birth?' or . = 'What’s your date of birth?')]"}[39m
[35m[HTTP][39m [37m<-- POST /wd/hub/session/70812bc1-a2bc-4a56-9eac-cddb3d7fae7c/elements [39m[32m200[39m [90m257 ms - 12[39m
[35m[HTTP][39m [90m[39m
[35m[HTTP][39m [37m-->[39m [37mPOST[39m [37m/wd/hub/session/70812bc1-a2bc-4a56-9eac-cddb3d7fae7c/elements[39m
[35m[HTTP][39m [90m{"using":"xpath","value":"//*[@class = 'android.widget.TextView' and (@text = 'What’s your date of birth?' or . = 'What’s your date of birth?')]"}[39m
[35m[HTTP][39m [37m<-- POST /wd/hub/session/70812bc1-a2bc-4a56-9eac-cddb3d7fae7c/elements [39m[32m200[39m [90m1552 ms - 139[39m
[35m[HTTP][39m [90m[39m
[35m[HTTP][39m [37m-->[39m [37mGET[39m [37m/wd/hub/session/70812bc1-a2bc-4a56-9eac-cddb3d7fae7c/element/00000000-0000-0318-ffff-ffff0000045a/location[39m
[35m[HTTP][39m [90m{}[39m
[35m[W3C (70812bc1)][39m Driver proxy active, passing request on via HTTP proxy
[35m[WD Proxy][39m Replacing sessionId 8452df78-b864-4457-b180-c782d24b7c81 with 70812bc1-a2bc-4a56-9eac-cddb3d7fae7c
[35m[HTTP][39m [37m<-- GET /wd/hub/session/70812bc1-a2bc-4a56-9eac-cddb3d7fae7c/element/00000000-0000-0318-ffff-ffff0000045a/location [39m[32m200[39m [90m23 ms - 77[39m
[35m[HTTP][39m [90m[39m
[35m[HTTP][39m [37m-->[39m [37mPOST[39m [37m/wd/hub/session/70812bc1-a2bc-4a56-9eac-cddb3d7fae7c/timeouts[39m
[35m[HTTP][39m [90m{"implicit":30000}[39m
[35m[HTTP][39m [37m<-- POST /wd/hub/session/70812bc1-a2bc-4a56-9eac-cddb3d7fae7c/timeouts [39m[32m200[39m [90m1 ms - 14[39m
[35m[HTTP][39m [90m[39m
[35m[HTTP][39m [37m-->[39m [37mPOST[39m [37m/wd/hub/session/70812bc1-a2bc-4a56-9eac-cddb3d7fae7c/timeouts[39m
[35m[HTTP][39m [90m{"implicit":50}[39m
[35m[HTTP][39m [37m<-- POST /wd/hub/session/70812bc1-a2bc-4a56-9eac-cddb3d7fae7c/timeouts [39m[32m200[39m [90m1 ms - 14[39m
[35m[HTTP][39m [90m[39m
[35m[HTTP][39m [37m-->[39m [37mGET[39m [37m/wd/hub/session/70812bc1-a2bc-4a56-9eac-cddb3d7fae7c/window/rect[39m
[35m[HTTP][39m [90m{}[39m
[35m[HTTP][39m [37m<-- GET /wd/hub/session/70812bc1-a2bc-4a56-9eac-cddb3d7fae7c/window/rect [39m[32m200[39m [90m11 ms - 50[39m
[35m[HTTP][39m [90m[39m
[35m[HTTP][39m [37m-->[39m [37mPOST[39m [37m/wd/hub/session/70812bc1-a2bc-4a56-9eac-cddb3d7fae7c/elements[39m
[35m[HTTP][39m [90m{"using":"xpath","value":"//*[@class = 'android.widget.TextView' and (@text = 'Age 28' or . = 'Age 28')]"}[39m
[35m[HTTP][39m [37m<-- POST /wd/hub/session/70812bc1-a2bc-4a56-9eac-cddb3d7fae7c/elements [39m[32m200[39m [90m782 ms - 139[39m
[35m[HTTP][39m [90m[39m
[35m[HTTP][39m [37m-->[39m [37mGET[39m [37m/wd/hub/session/70812bc1-a2bc-4a56-9eac-cddb3d7fae7c/element/00000000-0000-0318-ffff-ffff00000470/location[39m
[35m[HTTP][39m [90m{}[39m
[35m[W3C (70812bc1)][39m Driver proxy active, passing request on via HTTP proxy
[35m[WD Proxy][39m Replacing sessionId 8452df78-b864-4457-b180-c782d24b7c81 with 70812bc1-a2bc-4a56-9eac-cddb3d7fae7c
[35m[HTTP][39m [37m<-- GET /wd/hub/session/70812bc1-a2bc-4a56-9eac-cddb3d7fae7c/element/00000000-0000-0318-ffff-ffff00000470/location [39m[32m200[39m [90m23 ms - 78[39m
[35m[HTTP][39m [90m[39m
[35m[HTTP][39m [37m-->[39m [37mPOST[39m [37m/wd/hub/session/70812bc1-a2bc-4a56-9eac-cddb3d7fae7c/timeouts[39m
[35m[HTTP][39m [90m{"implicit":30000}[39m
[35m[HTTP][39m [37m<-- POST /wd/hub/session/70812bc1-a2bc-4a56-9eac-cddb3d7fae7c/timeouts [39m[32m200[39m [90m1 ms - 14[39m
[35m[HTTP][39m [90m[39m
[35m[HTTP][39m [37m-->[39m [37mPOST[39m [37m/wd/hub/session/70812bc1-a2bc-4a56-9eac-cddb3d7fae7c/timeouts[39m
[35m[HTTP][39m [90m{"implicit":50}[39m
[35m[HTTP][39m [37m<-- POST /wd/hub/session/70812bc1-a2bc-4a56-9eac-cddb3d7fae7c/timeouts [39m[32m200[39m [90m1 ms - 14[39m
[35m[HTTP][39m [90m[39m
[35m[HTTP][39m [37m-->[39m [37mGET[39m [37m/wd/hub/session/70812bc1-a2bc-4a56-9eac-cddb3d7fae7c/window/rect[39m
[35m[HTTP][39m [90m{}[39m
[35m[HTTP][39m [37m<-- GET /wd/hub/session/70812bc1-a2bc-4a56-9eac-cddb3d7fae7c/window/rect [39m[32m200[39m [90m13 ms - 50[39m
[35m[HTTP][39m [90m[39m
[35m[HTTP][39m [37m-->[39m [37mPOST[39m [37m/wd/hub/session/70812bc1-a2bc-4a56-9eac-cddb3d7fae7c/elements[39m
[35m[HTTP][39m [90m{"using":"xpath","value":"//*[@class = 'android.widget.TextView' and (@text = concat(\"This can\" , \"'\" , \"t be changed later\") or . = concat(\"This can\" , \"'\" , \"t be changed later\"))]"}[39m
[35m[HTTP][39m [37m<-- POST /wd/hub/session/70812bc1-a2bc-4a56-9eac-cddb3d7fae7c/elements [39m[32m200[39m [90m714 ms - 139[39m
[35m[HTTP][39m [90m[39m
[35m[HTTP][39m [37m-->[39m [37mGET[39m [37m/wd/hub/session/70812bc1-a2bc-4a56-9eac-cddb3d7fae7c/element/00000000-0000-0318-ffff-ffff00000471/location[39m
[35m[HTTP][39m [90m{}[39m
[35m[W3C (70812bc1)][39m Driver proxy active, passing request on via HTTP proxy
[35m[WD Proxy][39m Replacing sessionId 8452df78-b864-4457-b180-c782d24b7c81 with 70812bc1-a2bc-4a56-9eac-cddb3d7fae7c
[35m[HTTP][39m [37m<-- GET /wd/hub/session/70812bc1-a2bc-4a56-9eac-cddb3d7fae7c/element/00000000-0000-0318-ffff-ffff00000471/location [39m[32m200[39m [90m22 ms - 78[39m
[35m[HTTP][39m [90m[39m
[35m[HTTP][39m [37m-->[39m [37mPOST[39m [37m/wd/hub/session/70812bc1-a2bc-4a56-9eac-cddb3d7fae7c/timeouts[39m
[35m[HTTP][39m [90m{"implicit":30000}[39m
[35m[HTTP][39m [37m<-- POST /wd/hub/session/70812bc1-a2bc-4a56-9eac-cddb3d7fae7c/timeouts [39m[32m200[39m [90m1 ms - 14[39m
[35m[HTTP][39m [90m[39m
[35m[HTTP][39m [37m-->[39m [37mPOST[39m [37m/wd/hub/session/70812bc1-a2bc-4a56-9eac-cddb3d7fae7c/timeouts[39m
[35m[HTTP][39m [90m{"implicit":50}[39m
[35m[HTTP][39m [37m<-- POST /wd/hub/session/70812bc1-a2bc-4a56-9eac-cddb3d7fae7c/timeouts [39m[32m200[39m [90m1 ms - 14[39m
[35m[HTTP][39m [90m[39m
[35m[HTTP][39m [37m-->[39m [37mGET[39m [37m/wd/hub/session/70812bc1-a2bc-4a56-9eac-cddb3d7fae7c/window/rect[39m
[35m[HTTP][39m [90m{}[39m
[35m[HTTP][39m [37m<-- GET /wd/hub/session/70812bc1-a2bc-4a56-9eac-cddb3d7fae7c/window/rect [39m[32m200[39m [90m12 ms - 50[39m
[35m[HTTP][39m [90m[39m
[35m[HTTP][39m [37m-->[39m [37mPOST[39m [37m/wd/hub/session/70812bc1-a2bc-4a56-9eac-cddb3d7fae7c/elements[39m
[35m[HTTP][39m [90m{"using":"xpath","value":"//*[@class = 'android.widget.TextView' and (@text = 'Continue' or . = 'Continue')]"}[39m
[35m[HTTP][39m [37m<-- POST /wd/hub/session/70812bc1-a2bc-4a56-9eac-cddb3d7fae7c/elements [39m[32m200[39m [90m696 ms - 139[39m
[35m[HTTP][39m [90m[39m
[35m[HTTP][39m [37m-->[39m [37mGET[39m [37m/wd/hub/session/70812bc1-a2bc-4a56-9eac-cddb3d7fae7c/element/00000000-0000-0318-ffff-ffff00000473/location[39m
[35m[HTTP][39m [90m{}[39m
[35m[W3C (70812bc1)][39m Driver proxy active, passing request on via HTTP proxy
[35m[WD Proxy][39m Replacing sessionId 8452df78-b864-4457-b180-c782d24b7c81 with 70812bc1-a2bc-4a56-9eac-cddb3d7fae7c
[35m[HTTP][39m [37m<-- GET /wd/hub/session/70812bc1-a2bc-4a56-9eac-cddb3d7fae7c/element/00000000-0000-0318-ffff-ffff00000473/location [39m[32m200[39m [90m21 ms - 79[39m
[35m[HTTP][39m [90m[39m
[35m[HTTP][39m [37m-->[39m [37mPOST[39m [37m/wd/hub/session/70812bc1-a2bc-4a56-9eac-cddb3d7fae7c/timeouts[39m
[35m[HTTP][39m [90m{"implicit":30000}[39m
[35m[HTTP][39m [37m<-- POST /wd/hub/session/70812bc1-a2bc-4a56-9eac-cddb3d7fae7c/timeouts [39m[32m200[39m [90m1 ms - 14[39m
[35m[HTTP][39m [90m[39m
[35m[HTTP][39m [37m-->[39m [37mPOST[39m [37m/wd/hub/session/70812bc1-a2bc-4a56-9eac-cddb3d7fae7c/element[39m
[35m[HTTP][39m [90m{"using":"xpath","value":"//*[@class = 'android.widget.TextView' and (@text = 'Continue' or . = 'Continue')]"}[39m
[35m[HTTP][39m [37m<-- POST /wd/hub/session/70812bc1-a2bc-4a56-9eac-cddb3d7fae7c/element [39m[32m200[39m [90m760 ms - 137[39m
[35m[HTTP][39m [90m[39m
[35m[HTTP][39m [37m-->[39m [37mPOST[39m [37m/wd/hub/session/70812bc1-a2bc-4a56-9eac-cddb3d7fae7c/element/00000000-0000-0318-ffff-ffff00000473/click[39m
[35m[HTTP][39m [90m{"id":"00000000-0000-0318-ffff-ffff00000473"}[39m
[35m[HTTP][39m [37m<-- POST /wd/hub/session/70812bc1-a2bc-4a56-9eac-cddb3d7fae7c/element/00000000-0000-0318-ffff-ffff00000473/click [39m[32m200[39m [90m64 ms - 14[39m
[35m[HTTP][39m [90m[39m
[35m[HTTP][39m [37m-->[39m [37mPOST[39m [37m/wd/hub/session/70812bc1-a2bc-4a56-9eac-cddb3d7fae7c/timeouts[39m
[35m[HTTP][39m [90m{"implicit":50}[39m
[35m[HTTP][39m [37m<-- POST /wd/hub/session/70812bc1-a2bc-4a56-9eac-cddb3d7fae7c/timeouts [39m[32m200[39m [90m1 ms - 14[39m
[35m[HTTP][39m [90m[39m
[35m[HTTP][39m [37m-->[39m [37mGET[39m [37m/wd/hub/session/70812bc1-a2bc-4a56-9eac-cddb3d7fae7c/window/rect[39m
[35m[HTTP][39m [90m{}[39m
[35m[HTTP][39m [37m<-- GET /wd/hub/session/70812bc1-a2bc-4a56-9eac-cddb3d7fae7c/window/rect [39m[32m200[39m [90m18 ms - 50[39m
[35m[HTTP][39m [90m[39m
[35m[HTTP][39m [37m-->[39m [37mPOST[39m [37m/wd/hub/session/70812bc1-a2bc-4a56-9eac-cddb3d7fae7c/elements[39m
[35m[HTTP][39m [90m{"using":"xpath","value":"//*[@class = 'android.widget.TextView' and (@text = 'Please confirm your birthdate' or . = 'Please confirm your birthdate')]"}[39m
[35m[HTTP][39m [37m<-- POST /wd/hub/session/70812bc1-a2bc-4a56-9eac-cddb3d7fae7c/elements [39m[32m200[39m [90m338 ms - 12[39m
[35m[HTTP][39m [90m[39m
[35m[HTTP][39m [37m-->[39m [37mPOST[39m [37m/wd/hub/session/70812bc1-a2bc-4a56-9eac-cddb3d7fae7c/elements[39m
[35m[HTTP][39m [90m{"using":"xpath","value":"//*[@class = 'android.widget.TextView' and (@text = 'Please confirm your birthdate' or . = 'Please confirm your birthdate')]"}[39m
[35m[HTTP][39m [37m<-- POST /wd/hub/session/70812bc1-a2bc-4a56-9eac-cddb3d7fae7c/elements [39m[32m200[39m [90m775 ms - 139[39m
[35m[HTTP][39m [90m[39m
[35m[HTTP][39m [37m-->[39m [37mGET[39m [37m/wd/hub/session/70812bc1-a2bc-4a56-9eac-cddb3d7fae7c/element/00000000-0000-0324-ffff-ffff000005a7/location[39m
[35m[HTTP][39m [90m{}[39m
[35m[W3C (70812bc1)][39m Driver proxy active, passing request on via HTTP proxy
[35m[WD Proxy][39m Replacing sessionId 8452df78-b864-4457-b180-c782d24b7c81 with 70812bc1-a2bc-4a56-9eac-cddb3d7fae7c
[35m[HTTP][39m [37m<-- GET /wd/hub/session/70812bc1-a2bc-4a56-9eac-cddb3d7fae7c/element/00000000-0000-0324-ffff-ffff000005a7/location [39m[32m200[39m [90m24 ms - 78[39m
[35m[HTTP][39m [90m[39m
[35m[HTTP][39m [37m-->[39m [37mPOST[39m [37m/wd/hub/session/70812bc1-a2bc-4a56-9eac-cddb3d7fae7c/timeouts[39m
[35m[HTTP][39m [90m{"implicit":30000}[39m
[35m[HTTP][39m [37m<-- POST /wd/hub/session/70812bc1-a2bc-4a56-9eac-cddb3d7fae7c/timeouts [39m[32m200[39m [90m1 ms - 14[39m
[35m[HTTP][39m [90m[39m
[35m[HTTP][39m [37m-->[39m [37mPOST[39m [37m/wd/hub/session/70812bc1-a2bc-4a56-9eac-cddb3d7fae7c/timeouts[39m
[35m[HTTP][39m [90m{"implicit":50}[39m
[35m[HTTP][39m [37m<-- POST /wd/hub/session/70812bc1-a2bc-4a56-9eac-cddb3d7fae7c/timeouts [39m[32m200[39m [90m1 ms - 14[39m
[35m[HTTP][39m [90m[39m
[35m[HTTP][39m [37m-->[39m [37mGET[39m [37m/wd/hub/session/70812bc1-a2bc-4a56-9eac-cddb3d7fae7c/window/rect[39m
[35m[HTTP][39m [90m{}[39m
[35m[HTTP][39m [37m<-- GET /wd/hub/session/70812bc1-a2bc-4a56-9eac-cddb3d7fae7c/window/rect [39m[32m200[39m [90m13 ms - 50[39m
[35m[HTTP][39m [90m[39m
[35m[HTTP][39m [37m-->[39m [37mPOST[39m [37m/wd/hub/session/70812bc1-a2bc-4a56-9eac-cddb3d7fae7c/elements[39m
[35m[HTTP][39m [90m{"using":"xpath","value":"//*[@class = 'android.widget.TextView' and (@text = 'This can’t be changed later' or . = 'This can’t be changed later')]"}[39m
[35m[HTTP][39m [37m<-- POST /wd/hub/session/70812bc1-a2bc-4a56-9eac-cddb3d7fae7c/elements [39m[32m200[39m [90m94 ms - 139[39m
[35m[HTTP][39m [90m[39m
[35m[HTTP][39m [37m-->[39m [37mGET[39m [37m/wd/hub/session/70812bc1-a2bc-4a56-9eac-cddb3d7fae7c/element/00000000-0000-0324-ffff-ffff000005a8/location[39m
[35m[HTTP][39m [90m{}[39m
[35m[W3C (70812bc1)][39m Driver proxy active, passing request on via HTTP proxy
[35m[WD Proxy][39m Replacing sessionId 8452df78-b864-4457-b180-c782d24b7c81 with 70812bc1-a2bc-4a56-9eac-cddb3d7fae7c
[35m[HTTP][39m [37m<-- GET /wd/hub/session/70812bc1-a2bc-4a56-9eac-cddb3d7fae7c/element/00000000-0000-0324-ffff-ffff000005a8/location [39m[32m200[39m [90m21 ms - 79[39m
[35m[HTTP][39m [90m[39m
[35m[HTTP][39m [37m-->[39m [37mPOST[39m [37m/wd/hub/session/70812bc1-a2bc-4a56-9eac-cddb3d7fae7c/timeouts[39m
[35m[HTTP][39m [90m{"implicit":30000}[39m
[35m[HTTP][39m [37m<-- POST /wd/hub/session/70812bc1-a2bc-4a56-9eac-cddb3d7fae7c/timeouts [39m[32m200[39m [90m1 ms - 14[39m
[35m[HTTP][39m [90m[39m
[35m[HTTP][39m [37m-->[39m [37mPOST[39m [37m/wd/hub/session/70812bc1-a2bc-4a56-9eac-cddb3d7fae7c/timeouts[39m
[35m[HTTP][39m [90m{"implicit":50}[39m
[35m[HTTP][39m [37m<-- POST /wd/hub/session/70812bc1-a2bc-4a56-9eac-cddb3d7fae7c/timeouts [39m[32m200[39m [90m1 ms - 14[39m
[35m[HTTP][39m [90m[39m
[35m[HTTP][39m [37m-->[39m [37mGET[39m [37m/wd/hub/session/70812bc1-a2bc-4a56-9eac-cddb3d7fae7c/window/rect[39m
[35m[HTTP][39m [90m{}[39m
[35m[HTTP][39m [37m<-- GET /wd/hub/session/70812bc1-a2bc-4a56-9eac-cddb3d7fae7c/window/rect [39m[32m200[39m [90m12 ms - 50[39m
[35m[HTTP][39m [90m[39m
[35m[HTTP][39m [37m-->[39m [37mPOST[39m [37m/wd/hub/session/70812bc1-a2bc-4a56-9eac-cddb3d7fae7c/elements[39m
[35m[HTTP][39m [90m{"using":"xpath","value":"//*[@class = 'android.widget.TextView' and (@text = 'Born May 14, 1994' or . = 'Born May 14, 1994')]"}[39m
[35m[HTTP][39m [37m<-- POST /wd/hub/session/70812bc1-a2bc-4a56-9eac-cddb3d7fae7c/elements [39m[32m200[39m [90m89 ms - 139[39m
[35m[HTTP][39m [90m[39m
[35m[HTTP][39m [37m-->[39m [37mGET[39m [37m/wd/hub/session/70812bc1-a2bc-4a56-9eac-cddb3d7fae7c/element/00000000-0000-0324-ffff-ffff000005aa/location[39m
[35m[HTTP][39m [90m{}[39m
[35m[W3C (70812bc1)][39m Driver proxy active, passing request on via HTTP proxy
[35m[WD Proxy][39m Replacing sessionId 8452df78-b864-4457-b180-c782d24b7c81 with 70812bc1-a2bc-4a56-9eac-cddb3d7fae7c
[35m[HTTP][39m [37m<-- GET /wd/hub/session/70812bc1-a2bc-4a56-9eac-cddb3d7fae7c/element/00000000-0000-0324-ffff-ffff000005aa/location [39m[32m200[39m [90m18 ms - 79[39m
[35m[HTTP][39m [90m[39m
[35m[HTTP][39m [37m-->[39m [37mPOST[39m [37m/wd/hub/session/70812bc1-a2bc-4a56-9eac-cddb3d7fae7c/timeouts[39m
[35m[HTTP][39m [90m{"implicit":30000}[39m
[35m[HTTP][39m [37m<-- POST /wd/hub/session/70812bc1-a2bc-4a56-9eac-cddb3d7fae7c/timeouts [39m[32m200[39m [90m1 ms - 14[39m
[35m[HTTP][39m [90m[39m
[35m[HTTP][39m [37m-->[39m [37mPOST[39m [37m/wd/hub/session/70812bc1-a2bc-4a56-9eac-cddb3d7fae7c/timeouts[39m
[35m[HTTP][39m [90m{"implicit":50}[39m
[35m[HTTP][39m [37m<-- POST /wd/hub/session/70812bc1-a2bc-4a56-9eac-cddb3d7fae7c/timeouts [39m[32m200[39m [90m1 ms - 14[39m
[35m[HTTP][39m [90m[39m
[35m[HTTP][39m [37m-->[39m [37mGET[39m [37m/wd/hub/session/70812bc1-a2bc-4a56-9eac-cddb3d7fae7c/window/rect[39m
[35m[HTTP][39m [90m{}[39m
[35m[HTTP][39m [37m<-- GET /wd/hub/session/70812bc1-a2bc-4a56-9eac-cddb3d7fae7c/window/rect [39m[32m200[39m [90m14 ms - 50[39m
[35m[HTTP][39m [90m[39m
[35m[HTTP][39m [37m-->[39m [37mPOST[39m [37m/wd/hub/session/70812bc1-a2bc-4a56-9eac-cddb3d7fae7c/elements[39m
[35m[HTTP][39m [90m{"using":"xpath","value":"//*[@class = 'android.widget.TextView' and (@text = 'Born May 14, 1994' or . = 'Born May 14, 1994')]"}[39m
[35m[HTTP][39m [37m<-- POST /wd/hub/session/70812bc1-a2bc-4a56-9eac-cddb3d7fae7c/elements [39m[32m200[39m [90m79 ms - 139[39m
[35m[HTTP][39m [90m[39m
[35m[HTTP][39m [37m-->[39m [37mGET[39m [37m/wd/hub/session/70812bc1-a2bc-4a56-9eac-cddb3d7fae7c/element/00000000-0000-0324-ffff-ffff000005aa/location[39m
[35m[HTTP][39m [90m{}[39m
[35m[W3C (70812bc1)][39m Driver proxy active, passing request on via HTTP proxy
[35m[WD Proxy][39m Replacing sessionId 8452df78-b864-4457-b180-c782d24b7c81 with 70812bc1-a2bc-4a56-9eac-cddb3d7fae7c
[35m[HTTP][39m [37m<-- GET /wd/hub/session/70812bc1-a2bc-4a56-9eac-cddb3d7fae7c/element/00000000-0000-0324-ffff-ffff000005aa/location [39m[32m200[39m [90m22 ms - 79[39m
[35m[HTTP][39m [90m[39m
[35m[HTTP][39m [37m-->[39m [37mPOST[39m [37m/wd/hub/session/70812bc1-a2bc-4a56-9eac-cddb3d7fae7c/timeouts[39m
[35m[HTTP][39m [90m{"implicit":30000}[39m
[35m[HTTP][39m [37m<-- POST /wd/hub/session/70812bc1-a2bc-4a56-9eac-cddb3d7fae7c/timeouts [39m[32m200[39m [90m1 ms - 14[39m
[35m[HTTP][39m [90m[39m
[35m[HTTP][39m [37m-->[39m [37mPOST[39m [37m/wd/hub/session/70812bc1-a2bc-4a56-9eac-cddb3d7fae7c/timeouts[39m
[35m[HTTP][39m [90m{"implicit":50}[39m
[35m[HTTP][39m [37m<-- POST /wd/hub/session/70812bc1-a2bc-4a56-9eac-cddb3d7fae7c/timeouts [39m[32m200[39m [90m1 ms - 14[39m
[35m[HTTP][39m [90m[39m
[35m[HTTP][39m [37m-->[39m [37mGET[39m [37m/wd/hub/session/70812bc1-a2bc-4a56-9eac-cddb3d7fae7c/window/rect[39m
[35m[HTTP][39m [90m{}[39m
[35m[HTTP][39m [37m<-- GET /wd/hub/session/70812bc1-a2bc-4a56-9eac-cddb3d7fae7c/window/rect [39m[32m200[39m [90m11 ms - 50[39m
[35m[HTTP][39m [90m[39m
[35m[HTTP][39m [37m-->[39m [37mPOST[39m [37m/wd/hub/session/70812bc1-a2bc-4a56-9eac-cddb3d7fae7c/elements[39m
[35m[HTTP][39m [90m{"using":"xpath","value":"//hierarchy/android.widget.FrameLayout[1]/android.widget.LinearLayout[1]/android.widget.FrameLayout[1]/android.widget.FrameLayout[1]/android.view.ViewGroup[1]/android.view.ViewGroup[1]/android.view.ViewGroup[2]/android.view.ViewGroup[1]/android.view.ViewGroup[1]"}[39m
[35m[HTTP][39m [37m<-- POST /wd/hub/session/70812bc1-a2bc-4a56-9eac-cddb3d7fae7c/elements [39m[32m200[39m [90m76 ms - 139[39m
[35m[HTTP][39m [90m[39m
[35m[HTTP][39m [37m-->[39m [37mGET[39m [37m/wd/hub/session/70812bc1-a2bc-4a56-9eac-cddb3d7fae7c/element/00000000-0000-0324-ffff-ffff000005ab/location[39m
[35m[HTTP][39m [90m{}[39m
[35m[W3C (70812bc1)][39m Driver proxy active, passing request on via HTTP proxy
[35m[WD Proxy][39m Replacing sessionId 8452df78-b864-4457-b180-c782d24b7c81 with 70812bc1-a2bc-4a56-9eac-cddb3d7fae7c
[35m[HTTP][39m [37m<-- GET /wd/hub/session/70812bc1-a2bc-4a56-9eac-cddb3d7fae7c/element/00000000-0000-0324-ffff-ffff000005ab/location [39m[32m200[39m [90m17 ms - 79[39m
[35m[HTTP][39m [90m[39m
[35m[HTTP][39m [37m-->[39m [37mPOST[39m [37m/wd/hub/session/70812bc1-a2bc-4a56-9eac-cddb3d7fae7c/timeouts[39m
[35m[HTTP][39m [90m{"implicit":30000}[39m
[35m[HTTP][39m [37m<-- POST /wd/hub/session/70812bc1-a2bc-4a56-9eac-cddb3d7fae7c/timeouts [39m[32m200[39m [90m1 ms - 14[39m
[35m[HTTP][39m [90m[39m
[35m[HTTP][39m [37m-->[39m [37mPOST[39m [37m/wd/hub/session/70812bc1-a2bc-4a56-9eac-cddb3d7fae7c/timeouts[39m
[35m[HTTP][39m [90m{"implicit":50}[39m
[35m[HTTP][39m [37m<-- POST /wd/hub/session/70812bc1-a2bc-4a56-9eac-cddb3d7fae7c/timeouts [39m[32m200[39m [90m1 ms - 14[39m
[35m[HTTP][39m [90m[39m
[35m[HTTP][39m [37m-->[39m [37mGET[39m [37m/wd/hub/session/70812bc1-a2bc-4a56-9eac-cddb3d7fae7c/window/rect[39m
[35m[HTTP][39m [90m{}[39m
[35m[HTTP][39m [37m<-- GET /wd/hub/session/70812bc1-a2bc-4a56-9eac-cddb3d7fae7c/window/rect [39m[32m200[39m [90m12 ms - 50[39m
[35m[HTTP][39m [90m[39m
[35m[HTTP][39m [37m-->[39m [37mPOST[39m [37m/wd/hub/session/70812bc1-a2bc-4a56-9eac-cddb3d7fae7c/elements[39m
[35m[HTTP][39m [90m{"using":"xpath","value":"//hierarchy/android.widget.FrameLayout[1]/android.widget.LinearLayout[1]/android.widget.FrameLayout[1]/android.widget.FrameLayout[1]/android.view.ViewGroup[1]/android.view.ViewGroup[1]/android.view.ViewGroup[2]/android.view.ViewGroup[1]/android.view.ViewGroup[1]"}[39m
[35m[HTTP][39m [37m<-- POST /wd/hub/session/70812bc1-a2bc-4a56-9eac-cddb3d7fae7c/elements [39m[32m200[39m [90m83 ms - 139[39m
[35m[HTTP][39m [90m[39m
[35m[HTTP][39m [37m-->[39m [37mGET[39m [37m/wd/hub/session/70812bc1-a2bc-4a56-9eac-cddb3d7fae7c/element/00000000-0000-0324-ffff-ffff000005ab/location[39m
[35m[HTTP][39m [90m{}[39m
[35m[W3C (70812bc1)][39m Driver proxy active, passing request on via HTTP proxy
[35m[WD Proxy][39m Replacing sessionId 8452df78-b864-4457-b180-c782d24b7c81 with 70812bc1-a2bc-4a56-9eac-cddb3d7fae7c
[35m[HTTP][39m [37m<-- GET /wd/hub/session/70812bc1-a2bc-4a56-9eac-cddb3d7fae7c/element/00000000-0000-0324-ffff-ffff000005ab/location [39m[32m200[39m [90m20 ms - 79[39m
[35m[HTTP][39m [90m[39m
[35m[HTTP][39m [37m-->[39m [37mPOST[39m [37m/wd/hub/session/70812bc1-a2bc-4a56-9eac-cddb3d7fae7c/timeouts[39m
[35m[HTTP][39m [90m{"implicit":30000}[39m
[35m[HTTP][39m [37m<-- POST /wd/hub/session/70812bc1-a2bc-4a56-9eac-cddb3d7fae7c/timeouts [39m[32m200[39m [90m1 ms - 14[39m
[35m[HTTP][39m [90m[39m
[35m[HTTP][39m [37m-->[39m [37mPOST[39m [37m/wd/hub/session/70812bc1-a2bc-4a56-9eac-cddb3d7fae7c/element/00000000-0000-0324-ffff-ffff000005ab/click[39m
[35m[HTTP][39m [90m{"id":"00000000-0000-0324-ffff-ffff000005ab"}[39m
[35m[HTTP][39m [37m<-- POST /wd/hub/session/70812bc1-a2bc-4a56-9eac-cddb3d7fae7c/element/00000000-0000-0324-ffff-ffff000005ab/click [39m[32m200[39m [90m54 ms - 14[39m
[35m[HTTP][39m [90m[39m
[35m[HTTP][39m [37m-->[39m [37mPOST[39m [37m/wd/hub/session/70812bc1-a2bc-4a56-9eac-cddb3d7fae7c/timeouts[39m
[35m[HTTP][39m [90m{"implicit":50}[39m
[35m[HTTP][39m [37m<-- POST /wd/hub/session/70812bc1-a2bc-4a56-9eac-cddb3d7fae7c/timeouts [39m[32m200[39m [90m1 ms - 14[39m
[35m[HTTP][39m [90m[39m
[35m[HTTP][39m [37m-->[39m [37mGET[39m [37m/wd/hub/session/70812bc1-a2bc-4a56-9eac-cddb3d7fae7c/window/rect[39m
[35m[HTTP][39m [90m{}[39m
[35m[HTTP][39m [37m<-- GET /wd/hub/session/70812bc1-a2bc-4a56-9eac-cddb3d7fae7c/window/rect [39m[32m200[39m [90m13 ms - 50[39m
[35m[HTTP][39m [90m[39m
[35m[HTTP][39m [37m-->[39m [37mPOST[39m [37m/wd/hub/session/70812bc1-a2bc-4a56-9eac-cddb3d7fae7c/elements[39m
[35m[HTTP][39m [90m{"using":"xpath","value":"//*[@class = 'android.widget.TextView' and (@text = 'Continue' or . = 'Continue')]"}[39m
[35m[HTTP][39m [37m<-- POST /wd/hub/session/70812bc1-a2bc-4a56-9eac-cddb3d7fae7c/elements [39m[32m200[39m [90m83 ms - 139[39m
[35m[HTTP][39m [90m[39m
[35m[HTTP][39m [37m-->[39m [37mGET[39m [37m/wd/hub/session/70812bc1-a2bc-4a56-9eac-cddb3d7fae7c/element/00000000-0000-0324-ffff-ffff000005ae/location[39m
[35m[HTTP][39m [90m{}[39m
[35m[W3C (70812bc1)][39m Driver proxy active, passing request on via HTTP proxy
[35m[WD Proxy][39m Replacing sessionId 8452df78-b864-4457-b180-c782d24b7c81 with 70812bc1-a2bc-4a56-9eac-cddb3d7fae7c
[35m[HTTP][39m [37m<-- GET /wd/hub/session/70812bc1-a2bc-4a56-9eac-cddb3d7fae7c/element/00000000-0000-0324-ffff-ffff000005ae/location [39m[32m200[39m [90m21 ms - 79[39m
[35m[HTTP][39m [90m[39m
[35m[HTTP][39m [37m-->[39m [37mPOST[39m [37m/wd/hub/session/70812bc1-a2bc-4a56-9eac-cddb3d7fae7c/timeouts[39m
[35m[HTTP][39m [90m{"implicit":30000}[39m
[35m[HTTP][39m [37m<-- POST /wd/hub/session/70812bc1-a2bc-4a56-9eac-cddb3d7fae7c/timeouts [39m[32m200[39m [90m1 ms - 14[39m
[35m[HTTP][39m [90m[39m
[35m[HTTP][39m [37m-->[39m [37mPOST[39m [37m/wd/hub/session/70812bc1-a2bc-4a56-9eac-cddb3d7fae7c/element[39m
[35m[HTTP][39m [90m{"using":"xpath","value":"//*[@class = 'android.widget.TextView' and (@text = 'Continue' or . = 'Continue')]"}[39m
[35m[HTTP][39m [37m<-- POST /wd/hub/session/70812bc1-a2bc-4a56-9eac-cddb3d7fae7c/element [39m[32m200[39m [90m746 ms - 137[39m
[35m[HTTP][39m [90m[39m
[35m[HTTP][39m [37m-->[39m [37mPOST[39m [37m/wd/hub/session/70812bc1-a2bc-4a56-9eac-cddb3d7fae7c/element/00000000-0000-0318-ffff-ffff00000473/click[39m
[35m[HTTP][39m [90m{"id":"00000000-0000-0318-ffff-ffff00000473"}[39m
[35m[HTTP][39m [37m<-- POST /wd/hub/session/70812bc1-a2bc-4a56-9eac-cddb3d7fae7c/element/00000000-0000-0318-ffff-ffff00000473/click [39m[32m200[39m [90m454 ms - 14[39m
[35m[HTTP][39m [90m[39m
[35m[HTTP][39m [37m-->[39m [37mPOST[39m [37m/wd/hub/session/70812bc1-a2bc-4a56-9eac-cddb3d7fae7c/timeouts[39m
[35m[HTTP][39m [90m{"implicit":50}[39m
[35m[HTTP][39m [37m<-- POST /wd/hub/session/70812bc1-a2bc-4a56-9eac-cddb3d7fae7c/timeouts [39m[32m200[39m [90m1 ms - 14[39m
[35m[HTTP][39m [90m[39m
[35m[HTTP][39m [37m-->[39m [37mGET[39m [37m/wd/hub/session/70812bc1-a2bc-4a56-9eac-cddb3d7fae7c/window/rect[39m
[35m[HTTP][39m [90m{}[39m
[35m[HTTP][39m [37m<-- GET /wd/hub/session/70812bc1-a2bc-4a56-9eac-cddb3d7fae7c/window/rect [39m[32m200[39m [90m19 ms - 50[39m
[35m[HTTP][39m [90m[39m
[35m[HTTP][39m [37m-->[39m [37mPOST[39m [37m/wd/hub/session/70812bc1-a2bc-4a56-9eac-cddb3d7fae7c/elements[39m
[35m[HTTP][39m [90m{"using":"xpath","value":"//hierarchy/android.widget.FrameLayout[1]/android.widget.LinearLayout[1]/android.widget.FrameLayout[1]/android.widget.FrameLayout[1]/android.view.ViewGroup[1]/android.view.ViewGroup[1]/android.view.ViewGroup[2]/android.view.ViewGroup[1]/android.view.ViewGroup[2]"}[39m
[35m[HTTP][39m [37m<-- POST /wd/hub/session/70812bc1-a2bc-4a56-9eac-cddb3d7fae7c/elements [39m[32m200[39m [90m134 ms - 139[39m
[35m[HTTP][39m [90m[39m
[35m[HTTP][39m [37m-->[39m [37mGET[39m [37m/wd/hub/session/70812bc1-a2bc-4a56-9eac-cddb3d7fae7c/element/00000000-0000-0325-ffff-ffff000005c0/location[39m
[35m[HTTP][39m [90m{}[39m
[35m[W3C (70812bc1)][39m Driver proxy active, passing request on via HTTP proxy
[35m[WD Proxy][39m Replacing sessionId 8452df78-b864-4457-b180-c782d24b7c81 with 70812bc1-a2bc-4a56-9eac-cddb3d7fae7c
[35m[HTTP][39m [37m<-- GET /wd/hub/session/70812bc1-a2bc-4a56-9eac-cddb3d7fae7c/element/00000000-0000-0325-ffff-ffff000005c0/location [39m[32m200[39m [90m21 ms - 79[39m
[35m[HTTP][39m [90m[39m
[35m[HTTP][39m [37m-->[39m [37mPOST[39m [37m/wd/hub/session/70812bc1-a2bc-4a56-9eac-cddb3d7fae7c/timeouts[39m
[35m[HTTP][39m [90m{"implicit":30000}[39m
[35m[HTTP][39m [37m<-- POST /wd/hub/session/70812bc1-a2bc-4a56-9eac-cddb3d7fae7c/timeouts [39m[32m200[39m [90m1 ms - 14[39m
[35m[HTTP][39m [90m[39m
[35m[HTTP][39m [37m-->[39m [37mPOST[39m [37m/wd/hub/session/70812bc1-a2bc-4a56-9eac-cddb3d7fae7c/timeouts[39m
[35m[HTTP][39m [90m{"implicit":50}[39m
[35m[HTTP][39m [37m<-- POST /wd/hub/session/70812bc1-a2bc-4a56-9eac-cddb3d7fae7c/timeouts [39m[32m200[39m [90m1 ms - 14[39m
[35m[HTTP][39m [90m[39m
[35m[HTTP][39m [37m-->[39m [37mGET[39m [37m/wd/hub/session/70812bc1-a2bc-4a56-9eac-cddb3d7fae7c/window/rect[39m
[35m[HTTP][39m [90m{}[39m
[35m[HTTP][39m [37m<-- GET /wd/hub/session/70812bc1-a2bc-4a56-9eac-cddb3d7fae7c/window/rect [39m[32m200[39m [90m14 ms - 50[39m
[35m[HTTP][39m [90m[39m
[35m[HTTP][39m [37m-->[39m [37mPOST[39m [37m/wd/hub/session/70812bc1-a2bc-4a56-9eac-cddb3d7fae7c/elements[39m
[35m[HTTP][39m [90m{"using":"xpath","value":"//hierarchy/android.widget.FrameLayout[1]/android.widget.LinearLayout[1]/android.widget.FrameLayout[1]/android.widget.FrameLayout[1]/android.view.ViewGroup[1]/android.view.ViewGroup[1]/android.view.ViewGroup[2]/android.view.ViewGroup[1]/android.view.ViewGroup[2]"}[39m
[35m[HTTP][39m [37m<-- POST /wd/hub/session/70812bc1-a2bc-4a56-9eac-cddb3d7fae7c/elements [39m[32m200[39m [90m117 ms - 139[39m
[35m[HTTP][39m [90m[39m
[35m[HTTP][39m [37m-->[39m [37mGET[39m [37m/wd/hub/session/70812bc1-a2bc-4a56-9eac-cddb3d7fae7c/element/00000000-0000-0325-ffff-ffff000005c0/location[39m
[35m[HTTP][39m [90m{}[39m
[35m[W3C (70812bc1)][39m Driver proxy active, passing request on via HTTP proxy
[35m[WD Proxy][39m Replacing sessionId 8452df78-b864-4457-b180-c782d24b7c81 with 70812bc1-a2bc-4a56-9eac-cddb3d7fae7c
[35m[HTTP][39m [37m<-- GET /wd/hub/session/70812bc1-a2bc-4a56-9eac-cddb3d7fae7c/element/00000000-0000-0325-ffff-ffff000005c0/location [39m[32m200[39m [90m21 ms - 79[39m
[35m[HTTP][39m [90m[39m
[35m[HTTP][39m [37m-->[39m [37mPOST[39m [37m/wd/hub/session/70812bc1-a2bc-4a56-9eac-cddb3d7fae7c/timeouts[39m
[35m[HTTP][39m [90m{"implicit":30000}[39m
[35m[HTTP][39m [37m<-- POST /wd/hub/session/70812bc1-a2bc-4a56-9eac-cddb3d7fae7c/timeouts [39m[32m200[39m [90m1 ms - 14[39m
[35m[HTTP][39m [90m[39m
[35m[HTTP][39m [37m-->[39m [37mPOST[39m [37m/wd/hub/session/70812bc1-a2bc-4a56-9eac-cddb3d7fae7c/element/00000000-0000-0325-ffff-ffff000005c0/click[39m
[35m[HTTP][39m [90m{"id":"00000000-0000-0325-ffff-ffff000005c0"}[39m
[35m[HTTP][39m [37m<-- POST /wd/hub/session/70812bc1-a2bc-4a56-9eac-cddb3d7fae7c/element/00000000-0000-0325-ffff-ffff000005c0/click [39m[32m200[39m [90m51 ms - 14[39m
[35m[HTTP][39m [90m[39m
[35m[HTTP][39m [37m-->[39m [37mPOST[39m [37m/wd/hub/session/70812bc1-a2bc-4a56-9eac-cddb3d7fae7c/timeouts[39m
[35m[HTTP][39m [90m{"implicit":50}[39m
[35m[HTTP][39m [37m<-- POST /wd/hub/session/70812bc1-a2bc-4a56-9eac-cddb3d7fae7c/timeouts [39m[32m200[39m [90m1 ms - 14[39m
[35m[HTTP][39m [90m[39m
[35m[HTTP][39m [37m-->[39m [37mGET[39m [37m/wd/hub/session/70812bc1-a2bc-4a56-9eac-cddb3d7fae7c/window/rect[39m
[35m[HTTP][39m [90m{}[39m
[35m[HTTP][39m [37m<-- GET /wd/hub/session/70812bc1-a2bc-4a56-9eac-cddb3d7fae7c/window/rect [39m[32m200[39m [90m16 ms - 50[39m
[35m[HTTP][39m [90m[39m
[35m[HTTP][39m [37m-->[39m [37mPOST[39m [37m/wd/hub/session/70812bc1-a2bc-4a56-9eac-cddb3d7fae7c/elements[39m
[35m[HTTP][39m [90m{"using":"xpath","value":"//*[@class = 'android.widget.ImageView' and (@text = '' or . = '')]"}[39m
[35m[HTTP][39m [37m<-- POST /wd/hub/session/70812bc1-a2bc-4a56-9eac-cddb3d7fae7c/elements [39m[32m200[39m [90m279 ms - 139[39m
[35m[HTTP][39m [90m[39m
[35m[HTTP][39m [37m-->[39m [37mGET[39m [37m/wd/hub/session/70812bc1-a2bc-4a56-9eac-cddb3d7fae7c/element/00000000-0000-0318-ffff-ffff000005c9/location[39m
[35m[HTTP][39m [90m{}[39m
[35m[W3C (70812bc1)][39m Driver proxy active, passing request on via HTTP proxy
[35m[WD Proxy][39m Replacing sessionId 8452df78-b864-4457-b180-c782d24b7c81 with 70812bc1-a2bc-4a56-9eac-cddb3d7fae7c
[35m[HTTP][39m [37m<-- GET /wd/hub/session/70812bc1-a2bc-4a56-9eac-cddb3d7fae7c/element/00000000-0000-0318-ffff-ffff000005c9/location [39m[32m200[39m [90m23 ms - 77[39m
[35m[HTTP][39m [90m[39m
[35m[HTTP][39m [37m-->[39m [37mPOST[39m [37m/wd/hub/session/70812bc1-a2bc-4a56-9eac-cddb3d7fae7c/timeouts[39m
[35m[HTTP][39m [90m{"implicit":30000}[39m
[35m[HTTP][39m [37m<-- POST /wd/hub/session/70812bc1-a2bc-4a56-9eac-cddb3d7fae7c/timeouts [39m[32m200[39m [90m1 ms - 14[39m
[35m[HTTP][39m [90m[39m
[35m[HTTP][39m [37m-->[39m [37mDELETE[39m [37m/wd/hub/session/70812bc1-a2bc-4a56-9eac-cddb3d7fae7c[39m
[35m[HTTP][39m [90m{}[39m
[35m[Appium][39m Removing session 70812bc1-a2bc-4a56-9eac-cddb3d7fae7c from our master session list
[35m[UiAutomator2][39m Restoring hidden api policy to the device default configuration
[35m[HTTP][39m [37m<-- DELETE /wd/hub/session/70812bc1-a2bc-4a56-9eac-cddb3d7fae7c [39m[32m200[39m [90m298 ms - 14[39m
[35m[HTTP][39m [90m[39m
