[35m[Appium][39m Welcome to Appium v1.22.3
[35m[Appium][39m Non-default server args:
[35m[Appium][39m   port: 60091
[35m[Appium][39m   loglevel: info
[35m[Appium][39m   tmpDir: /var/folders/1v/3_56wbt90zbb48qtwvw1bry40000gn/T//Katalon/Appium/Temp1675757740873
[35m[Appium][39m   chromedriverPort: 60094
[35m[Appium][39m Deprecated server args:
[35m[Appium][39m   [31m--chromedriver-port[39m => --default-capabilities
[35m[Appium][39m Default capabilities, which will be added to each request unless overridden by desired capabilities:
[35m[Appium][39m   chromedriverPort: 60094
[35m[Appium][39m Appium REST http interface listener started on 0.0.0.0:60091
[35m[HTTP][39m [37m-->[39m [37mGET[39m [37m/wd/hub/status[39m
[35m[HTTP][39m [90m{}[39m
[35m[HTTP][39m [37m<-- GET /wd/hub/status [39m[32m200[39m [90m5 ms - 68[39m
[35m[HTTP][39m [90m[39m
[35m[HTTP][39m [37m-->[39m [37mPOST[39m [37m/wd/hub/session[39m
[35m[HTTP][39m [90m{"desiredCapabilities":{"appPackage":"com.android.settings","deviceId":"RF8RC109TVZ","deviceName":"samsung SM-A325F (Android 13)","platform":"ANDROID","appActivity":".Settings","newCommandTimeout":1800,"platformVersion":"13","automationName":"uiautomator2","autoGrantPermissions":true,"platformName":"Android","udid":"RF8RC109TVZ","systemPort":8252},"capabilities":{"firstMatch":[{"appium:appActivity":".Settings","appium:appPackage":"com.android.settings","appium:autoGrantPermissions":true,"appium:automationName":"uiautomator2","deviceId":"RF8RC109TVZ","appium:deviceName":"samsung SM-A325F (Android 13)","appium:newCommandTimeout":1800,"platform":"ANDROID","platformName":"android","appium:platformVersion":"13","appium:systemPort":8252,"appium:udid":"RF8RC109TVZ"}]}}[39m
[35m[BaseDriver][39m The following capabilities are not standard capabilities and should have an extension prefix:
[35m[BaseDriver][39m   deviceId
[35m[BaseDriver][39m   platform
[35m[BaseDriver][39m   chromedriverPort
[35m[Appium][39m Appium v1.22.3 creating new AndroidUiautomator2Driver (v1.70.1) session
[35m[BaseDriver][39m The following capabilities were provided, but are not recognized by Appium:
[35m[BaseDriver][39m   deviceId
[35m[BaseDriver][39m   platform
[35m[BaseDriver][39m Session created with session id: 1c44ff05-d42c-4269-98b7-8a933a07e4c3
[35m[UiAutomator2][39m Starting 'com.android.settings' directly on the device
[35m[ADB][39m Found 1 'build-tools' folders under '/Users/pc/.katalon/tools/android_sdk' (newest first):
[35m[ADB][39m     /Users/pc/.katalon/tools/android_sdk/build-tools/29.0.3
[35m[ADB][39m Using 'adb' from '/Users/pc/.katalon/tools/android_sdk/platform-tools/adb'
[35m[AndroidDriver][39m Retrieving device list
[35m[AndroidDriver][39m Using device: RF8RC109TVZ
[35m[ADB][39m Using 'adb' from '/Users/pc/.katalon/tools/android_sdk/platform-tools/adb'
[35m[ADB][39m Getting device platform version
[35m[UiAutomator2][39m Relaxing hidden api policy
[35m[AndroidDriver][39m No app sent in, not parsing package/activity
[35m[UiAutomator2][39m Server package at '/usr/local/lib/node_modules/appium/node_modules/appium-uiautomator2-server/apks/appium-uiautomator2-server-v4.27.0.apk' is not writeable. Will copy it into the temporary location at '/var/folders/1v/3_56wbt90zbb48qtwvw1bry40000gn/T/Katalon/Appium/Temp1675757740873/202317-37473-g17dxc.46idm' as a workaround. Consider making this file writeable manually in order to improve the performance of session startup.
[35m[UiAutomator2][39m Server package at '/usr/local/lib/node_modules/appium/node_modules/appium-uiautomator2-server/apks/appium-uiautomator2-server-debug-androidTest.apk' is not writeable. Will copy it into the temporary location at '/var/folders/1v/3_56wbt90zbb48qtwvw1bry40000gn/T/Katalon/Appium/Temp1675757740873/202317-37473-g17dxc.46idm' as a workaround. Consider making this file writeable manually in order to improve the performance of session startup.
[35m[ADB][39m Using 'apksigner.jar' from '/Users/pc/.katalon/tools/android_sdk/build-tools/29.0.3/lib/apksigner.jar'
[35m[ADB][39m '/var/folders/1v/3_56wbt90zbb48qtwvw1bry40000gn/T/Katalon/Appium/Temp1675757740873/202317-37473-g17dxc.46idm/appium-uiautomator2-server-v4.27.0.apk' is signed with the default certificate
[35m[ADB][39m '/var/folders/1v/3_56wbt90zbb48qtwvw1bry40000gn/T/Katalon/Appium/Temp1675757740873/202317-37473-g17dxc.46idm/appium-uiautomator2-server-debug-androidTest.apk' is signed with the default certificate
[35m[UiAutomator2][39m Server packages are not going to be (re)installed
[35m[ADB][39m Adding packages ["io.appium.settings","io.appium.uiautomator2.server","io.appium.uiautomator2.server.test"] to Doze whitelist
[35m[UiAutomator2][39m Starting UIAutomator2 server 4.27.0
[35m[UiAutomator2][39m Using UIAutomator2 server from '/usr/local/lib/node_modules/appium/node_modules/appium-uiautomator2-server/apks/appium-uiautomator2-server-v4.27.0.apk' and test from '/usr/local/lib/node_modules/appium/node_modules/appium-uiautomator2-server/apks/appium-uiautomator2-server-debug-androidTest.apk'
[35m[UiAutomator2][39m Waiting up to 30000ms for UiAutomator2 to be online...
[35m[WD Proxy][39m socket hang up
[35m[WD Proxy][39m socket hang up
[35m[WD Proxy][39m Determined the downstream protocol as 'W3C'
[35m[AndroidDriver][39m Screen already unlocked, doing nothing
[35m[UiAutomator2][39m Starting 'com.android.settings/.Settings and waiting for 'com.android.settings/.Settings'
[35m[Appium][39m New AndroidUiautomator2Driver session created successfully, session 1c44ff05-d42c-4269-98b7-8a933a07e4c3 added to master session list
[35m[HTTP][39m [37m<-- POST /wd/hub/session [39m[32m200[39m [90m6984 ms - 1208[39m
[35m[HTTP][39m [90m[39m
[35m[HTTP][39m [37m-->[39m [37mGET[39m [37m/wd/hub/session/1c44ff05-d42c-4269-98b7-8a933a07e4c3[39m
[35m[HTTP][39m [90m{}[39m
[35m[HTTP][39m [37m<-- GET /wd/hub/session/1c44ff05-d42c-4269-98b7-8a933a07e4c3 [39m[32m200[39m [90m13 ms - 1162[39m
[35m[HTTP][39m [90m[39m
[35m[HTTP][39m [37m-->[39m [37mGET[39m [37m/wd/hub/session/1c44ff05-d42c-4269-98b7-8a933a07e4c3[39m
[35m[HTTP][39m [90m{}[39m
[35m[HTTP][39m [37m<-- GET /wd/hub/session/1c44ff05-d42c-4269-98b7-8a933a07e4c3 [39m[32m200[39m [90m10 ms - 1162[39m
[35m[HTTP][39m [90m[39m
[35m[HTTP][39m [37m-->[39m [37mGET[39m [37m/wd/hub/status[39m
[35m[HTTP][39m [90m{}[39m
[35m[HTTP][39m [37m<-- GET /wd/hub/status [39m[32m200[39m [90m1 ms - 68[39m
[35m[HTTP][39m [90m[39m
[35m[HTTP][39m [37m-->[39m [37mPOST[39m [37m/wd/hub/session/1c44ff05-d42c-4269-98b7-8a933a07e4c3/timeouts[39m
[35m[HTTP][39m [90m{"implicit":30000}[39m
[35m[HTTP][39m [37m<-- POST /wd/hub/session/1c44ff05-d42c-4269-98b7-8a933a07e4c3/timeouts [39m[32m200[39m [90m3 ms - 14[39m
[35m[HTTP][39m [90m[39m
[35m[HTTP][39m [37m-->[39m [37mGET[39m [37m/wd/hub/session/1c44ff05-d42c-4269-98b7-8a933a07e4c3/screenshot[39m
[35m[HTTP][39m [90m{}[39m
[35m[HTTP][39m [37m<-- GET /wd/hub/session/1c44ff05-d42c-4269-98b7-8a933a07e4c3/screenshot [39m[32m200[39m [90m777 ms - 202956[39m
[35m[HTTP][39m [90m[39m
[35m[HTTP][39m [37m-->[39m [37mGET[39m [37m/wd/hub/session/1c44ff05-d42c-4269-98b7-8a933a07e4c3/window/rect[39m
[35m[HTTP][39m [90m{}[39m
[35m[HTTP][39m [37m<-- GET /wd/hub/session/1c44ff05-d42c-4269-98b7-8a933a07e4c3/window/rect [39m[32m200[39m [90m22 ms - 50[39m
[35m[HTTP][39m [90m[39m
[35m[HTTP][39m [37m-->[39m [37mGET[39m [37m/wd/hub/session/1c44ff05-d42c-4269-98b7-8a933a07e4c3/appium/device/system_bars[39m
[35m[HTTP][39m [90m{}[39m
[35m[HTTP][39m [37m<-- GET /wd/hub/session/1c44ff05-d42c-4269-98b7-8a933a07e4c3/appium/device/system_bars [39m[32m200[39m [90m88 ms - 145[39m
[35m[HTTP][39m [90m[39m
[35m[HTTP][39m [37m-->[39m [37mPOST[39m [37m/wd/hub/session/1c44ff05-d42c-4269-98b7-8a933a07e4c3/appium/device/activate_app[39m
[35m[HTTP][39m [90m{"bundleId":"com.spotlove.releaseproduction"}[39m
[35m[HTTP][39m [37m<-- POST /wd/hub/session/1c44ff05-d42c-4269-98b7-8a933a07e4c3/appium/device/activate_app [39m[32m200[39m [90m552 ms - 14[39m
[35m[HTTP][39m [90m[39m
[35m[HTTP][39m [37m-->[39m [37mPOST[39m [37m/wd/hub/session/1c44ff05-d42c-4269-98b7-8a933a07e4c3/timeouts[39m
[35m[HTTP][39m [90m{"implicit":50}[39m
[35m[HTTP][39m [37m<-- POST /wd/hub/session/1c44ff05-d42c-4269-98b7-8a933a07e4c3/timeouts [39m[32m200[39m [90m2 ms - 14[39m
[35m[HTTP][39m [90m[39m
[35m[HTTP][39m [37m-->[39m [37mGET[39m [37m/wd/hub/session/1c44ff05-d42c-4269-98b7-8a933a07e4c3/window/rect[39m
[35m[HTTP][39m [90m{}[39m
[35m[HTTP][39m [37m<-- GET /wd/hub/session/1c44ff05-d42c-4269-98b7-8a933a07e4c3/window/rect [39m[32m200[39m [90m15 ms - 50[39m
[35m[HTTP][39m [90m[39m
[35m[HTTP][39m [37m-->[39m [37mPOST[39m [37m/wd/hub/session/1c44ff05-d42c-4269-98b7-8a933a07e4c3/elements[39m
[35m[HTTP][39m [90m{"using":"xpath","value":"//*[@class = 'android.widget.TextView' and (@text = 'Spot Love at First Sight' or . = 'Spot Love at First Sight')]"}[39m
[35m[HTTP][39m [37m<-- POST /wd/hub/session/1c44ff05-d42c-4269-98b7-8a933a07e4c3/elements [39m[32m200[39m [90m488 ms - 12[39m
[35m[HTTP][39m [90m[39m
[35m[HTTP][39m [37m-->[39m [37mPOST[39m [37m/wd/hub/session/1c44ff05-d42c-4269-98b7-8a933a07e4c3/elements[39m
[35m[HTTP][39m [90m{"using":"xpath","value":"//*[@class = 'android.widget.TextView' and (@text = 'Spot Love at First Sight' or . = 'Spot Love at First Sight')]"}[39m
[35m[HTTP][39m [37m<-- POST /wd/hub/session/1c44ff05-d42c-4269-98b7-8a933a07e4c3/elements [39m[32m200[39m [90m595 ms - 12[39m
[35m[HTTP][39m [90m[39m
[35m[HTTP][39m [37m-->[39m [37mPOST[39m [37m/wd/hub/session/1c44ff05-d42c-4269-98b7-8a933a07e4c3/elements[39m
[35m[HTTP][39m [90m{"using":"xpath","value":"//*[@class = 'android.widget.TextView' and (@text = 'Spot Love at First Sight' or . = 'Spot Love at First Sight')]"}[39m
[35m[HTTP][39m [37m<-- POST /wd/hub/session/1c44ff05-d42c-4269-98b7-8a933a07e4c3/elements [39m[32m200[39m [90m76 ms - 12[39m
[35m[HTTP][39m [90m[39m
[35m[HTTP][39m [37m-->[39m [37mPOST[39m [37m/wd/hub/session/1c44ff05-d42c-4269-98b7-8a933a07e4c3/elements[39m
[35m[HTTP][39m [90m{"using":"xpath","value":"//*[@class = 'android.widget.TextView' and (@text = 'Spot Love at First Sight' or . = 'Spot Love at First Sight')]"}[39m
[35m[HTTP][39m [37m<-- POST /wd/hub/session/1c44ff05-d42c-4269-98b7-8a933a07e4c3/elements [39m[32m200[39m [90m97 ms - 12[39m
[35m[HTTP][39m [90m[39m
[35m[HTTP][39m [37m-->[39m [37mPOST[39m [37m/wd/hub/session/1c44ff05-d42c-4269-98b7-8a933a07e4c3/elements[39m
[35m[HTTP][39m [90m{"using":"xpath","value":"//*[@class = 'android.widget.TextView' and (@text = 'Spot Love at First Sight' or . = 'Spot Love at First Sight')]"}[39m
[35m[HTTP][39m [37m<-- POST /wd/hub/session/1c44ff05-d42c-4269-98b7-8a933a07e4c3/elements [39m[32m200[39m [90m112 ms - 12[39m
[35m[HTTP][39m [90m[39m
[35m[HTTP][39m [37m-->[39m [37mPOST[39m [37m/wd/hub/session/1c44ff05-d42c-4269-98b7-8a933a07e4c3/elements[39m
[35m[HTTP][39m [90m{"using":"xpath","value":"//*[@class = 'android.widget.TextView' and (@text = 'Spot Love at First Sight' or . = 'Spot Love at First Sight')]"}[39m
[35m[HTTP][39m [37m<-- POST /wd/hub/session/1c44ff05-d42c-4269-98b7-8a933a07e4c3/elements [39m[32m200[39m [90m60 ms - 12[39m
[35m[HTTP][39m [90m[39m
[35m[HTTP][39m [37m-->[39m [37mPOST[39m [37m/wd/hub/session/1c44ff05-d42c-4269-98b7-8a933a07e4c3/elements[39m
[35m[HTTP][39m [90m{"using":"xpath","value":"//*[@class = 'android.widget.TextView' and (@text = 'Spot Love at First Sight' or . = 'Spot Love at First Sight')]"}[39m
[35m[HTTP][39m [37m<-- POST /wd/hub/session/1c44ff05-d42c-4269-98b7-8a933a07e4c3/elements [39m[32m200[39m [90m103 ms - 12[39m
[35m[HTTP][39m [90m[39m
[35m[HTTP][39m [37m-->[39m [37mPOST[39m [37m/wd/hub/session/1c44ff05-d42c-4269-98b7-8a933a07e4c3/elements[39m
[35m[HTTP][39m [90m{"using":"xpath","value":"//*[@class = 'android.widget.TextView' and (@text = 'Spot Love at First Sight' or . = 'Spot Love at First Sight')]"}[39m
[35m[HTTP][39m [37m<-- POST /wd/hub/session/1c44ff05-d42c-4269-98b7-8a933a07e4c3/elements [39m[32m200[39m [90m61 ms - 12[39m
[35m[HTTP][39m [90m[39m
[35m[HTTP][39m [37m-->[39m [37mPOST[39m [37m/wd/hub/session/1c44ff05-d42c-4269-98b7-8a933a07e4c3/elements[39m
[35m[HTTP][39m [90m{"using":"xpath","value":"//*[@class = 'android.widget.TextView' and (@text = 'Spot Love at First Sight' or . = 'Spot Love at First Sight')]"}[39m
[35m[HTTP][39m [37m<-- POST /wd/hub/session/1c44ff05-d42c-4269-98b7-8a933a07e4c3/elements [39m[32m200[39m [90m60 ms - 12[39m
[35m[HTTP][39m [90m[39m
[35m[HTTP][39m [37m-->[39m [37mPOST[39m [37m/wd/hub/session/1c44ff05-d42c-4269-98b7-8a933a07e4c3/elements[39m
[35m[HTTP][39m [90m{"using":"xpath","value":"//*[@class = 'android.widget.TextView' and (@text = 'Spot Love at First Sight' or . = 'Spot Love at First Sight')]"}[39m
[35m[HTTP][39m [37m<-- POST /wd/hub/session/1c44ff05-d42c-4269-98b7-8a933a07e4c3/elements [39m[32m200[39m [90m61 ms - 12[39m
[35m[HTTP][39m [90m[39m
[35m[HTTP][39m [37m-->[39m [37mPOST[39m [37m/wd/hub/session/1c44ff05-d42c-4269-98b7-8a933a07e4c3/elements[39m
[35m[HTTP][39m [90m{"using":"xpath","value":"//*[@class = 'android.widget.TextView' and (@text = 'Spot Love at First Sight' or . = 'Spot Love at First Sight')]"}[39m
[35m[HTTP][39m [37m<-- POST /wd/hub/session/1c44ff05-d42c-4269-98b7-8a933a07e4c3/elements [39m[32m200[39m [90m61 ms - 12[39m
[35m[HTTP][39m [90m[39m
[35m[HTTP][39m [37m-->[39m [37mPOST[39m [37m/wd/hub/session/1c44ff05-d42c-4269-98b7-8a933a07e4c3/elements[39m
[35m[HTTP][39m [90m{"using":"xpath","value":"//*[@class = 'android.widget.TextView' and (@text = 'Spot Love at First Sight' or . = 'Spot Love at First Sight')]"}[39m
[35m[HTTP][39m [37m<-- POST /wd/hub/session/1c44ff05-d42c-4269-98b7-8a933a07e4c3/elements [39m[32m200[39m [90m100 ms - 12[39m
[35m[HTTP][39m [90m[39m
[35m[HTTP][39m [37m-->[39m [37mPOST[39m [37m/wd/hub/session/1c44ff05-d42c-4269-98b7-8a933a07e4c3/elements[39m
[35m[HTTP][39m [90m{"using":"xpath","value":"//*[@class = 'android.widget.TextView' and (@text = 'Spot Love at First Sight' or . = 'Spot Love at First Sight')]"}[39m
[35m[HTTP][39m [37m<-- POST /wd/hub/session/1c44ff05-d42c-4269-98b7-8a933a07e4c3/elements [39m[32m200[39m [90m56 ms - 12[39m
[35m[HTTP][39m [90m[39m
[35m[HTTP][39m [37m-->[39m [37mPOST[39m [37m/wd/hub/session/1c44ff05-d42c-4269-98b7-8a933a07e4c3/elements[39m
[35m[HTTP][39m [90m{"using":"xpath","value":"//*[@class = 'android.widget.TextView' and (@text = 'Spot Love at First Sight' or . = 'Spot Love at First Sight')]"}[39m
[35m[HTTP][39m [37m<-- POST /wd/hub/session/1c44ff05-d42c-4269-98b7-8a933a07e4c3/elements [39m[32m200[39m [90m51 ms - 12[39m
[35m[HTTP][39m [90m[39m
[35m[HTTP][39m [37m-->[39m [37mPOST[39m [37m/wd/hub/session/1c44ff05-d42c-4269-98b7-8a933a07e4c3/elements[39m
[35m[HTTP][39m [90m{"using":"xpath","value":"//*[@class = 'android.widget.TextView' and (@text = 'Spot Love at First Sight' or . = 'Spot Love at First Sight')]"}[39m
[35m[HTTP][39m [37m<-- POST /wd/hub/session/1c44ff05-d42c-4269-98b7-8a933a07e4c3/elements [39m[32m200[39m [90m99 ms - 12[39m
[35m[HTTP][39m [90m[39m
[35m[HTTP][39m [37m-->[39m [37mPOST[39m [37m/wd/hub/session/1c44ff05-d42c-4269-98b7-8a933a07e4c3/elements[39m
[35m[HTTP][39m [90m{"using":"xpath","value":"//*[@class = 'android.widget.TextView' and (@text = 'Spot Love at First Sight' or . = 'Spot Love at First Sight')]"}[39m
[35m[HTTP][39m [37m<-- POST /wd/hub/session/1c44ff05-d42c-4269-98b7-8a933a07e4c3/elements [39m[32m200[39m [90m52 ms - 12[39m
[35m[HTTP][39m [90m[39m
[35m[HTTP][39m [37m-->[39m [37mPOST[39m [37m/wd/hub/session/1c44ff05-d42c-4269-98b7-8a933a07e4c3/elements[39m
[35m[HTTP][39m [90m{"using":"xpath","value":"//*[@class = 'android.widget.TextView' and (@text = 'Spot Love at First Sight' or . = 'Spot Love at First Sight')]"}[39m
[35m[HTTP][39m [37m<-- POST /wd/hub/session/1c44ff05-d42c-4269-98b7-8a933a07e4c3/elements [39m[32m200[39m [90m97 ms - 12[39m
[35m[HTTP][39m [90m[39m
[35m[HTTP][39m [37m-->[39m [37mPOST[39m [37m/wd/hub/session/1c44ff05-d42c-4269-98b7-8a933a07e4c3/elements[39m
[35m[HTTP][39m [90m{"using":"xpath","value":"//*[@class = 'android.widget.TextView' and (@text = 'Spot Love at First Sight' or . = 'Spot Love at First Sight')]"}[39m
[35m[HTTP][39m [37m<-- POST /wd/hub/session/1c44ff05-d42c-4269-98b7-8a933a07e4c3/elements [39m[32m200[39m [90m98 ms - 12[39m
[35m[HTTP][39m [90m[39m
[35m[HTTP][39m [37m-->[39m [37mPOST[39m [37m/wd/hub/session/1c44ff05-d42c-4269-98b7-8a933a07e4c3/elements[39m
[35m[HTTP][39m [90m{"using":"xpath","value":"//*[@class = 'android.widget.TextView' and (@text = 'Spot Love at First Sight' or . = 'Spot Love at First Sight')]"}[39m
[35m[HTTP][39m [37m<-- POST /wd/hub/session/1c44ff05-d42c-4269-98b7-8a933a07e4c3/elements [39m[32m200[39m [90m94 ms - 12[39m
[35m[HTTP][39m [90m[39m
[35m[HTTP][39m [37m-->[39m [37mPOST[39m [37m/wd/hub/session/1c44ff05-d42c-4269-98b7-8a933a07e4c3/elements[39m
[35m[HTTP][39m [90m{"using":"xpath","value":"//*[@class = 'android.widget.TextView' and (@text = 'Spot Love at First Sight' or . = 'Spot Love at First Sight')]"}[39m
[35m[HTTP][39m [37m<-- POST /wd/hub/session/1c44ff05-d42c-4269-98b7-8a933a07e4c3/elements [39m[32m200[39m [90m99 ms - 12[39m
[35m[HTTP][39m [90m[39m
[35m[HTTP][39m [37m-->[39m [37mPOST[39m [37m/wd/hub/session/1c44ff05-d42c-4269-98b7-8a933a07e4c3/elements[39m
[35m[HTTP][39m [90m{"using":"xpath","value":"//*[@class = 'android.widget.TextView' and (@text = 'Spot Love at First Sight' or . = 'Spot Love at First Sight')]"}[39m
[35m[HTTP][39m [37m<-- POST /wd/hub/session/1c44ff05-d42c-4269-98b7-8a933a07e4c3/elements [39m[32m200[39m [90m60 ms - 12[39m
[35m[HTTP][39m [90m[39m
[35m[HTTP][39m [37m-->[39m [37mPOST[39m [37m/wd/hub/session/1c44ff05-d42c-4269-98b7-8a933a07e4c3/elements[39m
[35m[HTTP][39m [90m{"using":"xpath","value":"//*[@class = 'android.widget.TextView' and (@text = 'Spot Love at First Sight' or . = 'Spot Love at First Sight')]"}[39m
[35m[HTTP][39m [37m<-- POST /wd/hub/session/1c44ff05-d42c-4269-98b7-8a933a07e4c3/elements [39m[32m200[39m [90m99 ms - 12[39m
[35m[HTTP][39m [90m[39m
[35m[HTTP][39m [37m-->[39m [37mPOST[39m [37m/wd/hub/session/1c44ff05-d42c-4269-98b7-8a933a07e4c3/elements[39m
[35m[HTTP][39m [90m{"using":"xpath","value":"//*[@class = 'android.widget.TextView' and (@text = 'Spot Love at First Sight' or . = 'Spot Love at First Sight')]"}[39m
[35m[HTTP][39m [37m<-- POST /wd/hub/session/1c44ff05-d42c-4269-98b7-8a933a07e4c3/elements [39m[32m200[39m [90m806 ms - 139[39m
[35m[HTTP][39m [90m[39m
[35m[HTTP][39m [37m-->[39m [37mGET[39m [37m/wd/hub/session/1c44ff05-d42c-4269-98b7-8a933a07e4c3/element/00000000-0000-0043-ffff-ffff00000016/location[39m
[35m[HTTP][39m [90m{}[39m
[35m[W3C (1c44ff05)][39m Driver proxy active, passing request on via HTTP proxy
[35m[WD Proxy][39m Replacing sessionId 8f9ade91-aed4-492b-8cf7-06444eda8f64 with 1c44ff05-d42c-4269-98b7-8a933a07e4c3
[35m[HTTP][39m [37m<-- GET /wd/hub/session/1c44ff05-d42c-4269-98b7-8a933a07e4c3/element/00000000-0000-0043-ffff-ffff00000016/location [39m[32m200[39m [90m37 ms - 78[39m
[35m[HTTP][39m [90m[39m
[35m[HTTP][39m [37m-->[39m [37mPOST[39m [37m/wd/hub/session/1c44ff05-d42c-4269-98b7-8a933a07e4c3/timeouts[39m
[35m[HTTP][39m [90m{"implicit":30000}[39m
[35m[HTTP][39m [37m<-- POST /wd/hub/session/1c44ff05-d42c-4269-98b7-8a933a07e4c3/timeouts [39m[32m200[39m [90m1 ms - 14[39m
[35m[HTTP][39m [90m[39m
[35m[HTTP][39m [37m-->[39m [37mPOST[39m [37m/wd/hub/session/1c44ff05-d42c-4269-98b7-8a933a07e4c3/timeouts[39m
[35m[HTTP][39m [90m{"implicit":50}[39m
[35m[HTTP][39m [37m<-- POST /wd/hub/session/1c44ff05-d42c-4269-98b7-8a933a07e4c3/timeouts [39m[32m200[39m [90m1 ms - 14[39m
[35m[HTTP][39m [90m[39m
[35m[HTTP][39m [37m-->[39m [37mGET[39m [37m/wd/hub/session/1c44ff05-d42c-4269-98b7-8a933a07e4c3/window/rect[39m
[35m[HTTP][39m [90m{}[39m
[35m[HTTP][39m [37m<-- GET /wd/hub/session/1c44ff05-d42c-4269-98b7-8a933a07e4c3/window/rect [39m[32m200[39m [90m18 ms - 50[39m
[35m[HTTP][39m [90m[39m
[35m[HTTP][39m [37m-->[39m [37mPOST[39m [37m/wd/hub/session/1c44ff05-d42c-4269-98b7-8a933a07e4c3/elements[39m
[35m[HTTP][39m [90m{"using":"xpath","value":"//*[@class = 'android.widget.TextView' and (@text = 'Select an account to continue' or . = 'Select an account to continue')]"}[39m
[35m[HTTP][39m [37m<-- POST /wd/hub/session/1c44ff05-d42c-4269-98b7-8a933a07e4c3/elements [39m[32m200[39m [90m129 ms - 139[39m
[35m[HTTP][39m [90m[39m
[35m[HTTP][39m [37m-->[39m [37mGET[39m [37m/wd/hub/session/1c44ff05-d42c-4269-98b7-8a933a07e4c3/element/00000000-0000-0043-ffff-ffff00000017/location[39m
[35m[HTTP][39m [90m{}[39m
[35m[W3C (1c44ff05)][39m Driver proxy active, passing request on via HTTP proxy
[35m[WD Proxy][39m Replacing sessionId 8f9ade91-aed4-492b-8cf7-06444eda8f64 with 1c44ff05-d42c-4269-98b7-8a933a07e4c3
[35m[HTTP][39m [37m<-- GET /wd/hub/session/1c44ff05-d42c-4269-98b7-8a933a07e4c3/element/00000000-0000-0043-ffff-ffff00000017/location [39m[32m200[39m [90m24 ms - 79[39m
[35m[HTTP][39m [90m[39m
[35m[HTTP][39m [37m-->[39m [37mPOST[39m [37m/wd/hub/session/1c44ff05-d42c-4269-98b7-8a933a07e4c3/timeouts[39m
[35m[HTTP][39m [90m{"implicit":30000}[39m
[35m[HTTP][39m [37m<-- POST /wd/hub/session/1c44ff05-d42c-4269-98b7-8a933a07e4c3/timeouts [39m[32m200[39m [90m1 ms - 14[39m
[35m[HTTP][39m [90m[39m
[35m[HTTP][39m [37m-->[39m [37mPOST[39m [37m/wd/hub/session/1c44ff05-d42c-4269-98b7-8a933a07e4c3/timeouts[39m
[35m[HTTP][39m [90m{"implicit":50}[39m
[35m[HTTP][39m [37m<-- POST /wd/hub/session/1c44ff05-d42c-4269-98b7-8a933a07e4c3/timeouts [39m[32m200[39m [90m1 ms - 14[39m
[35m[HTTP][39m [90m[39m
[35m[HTTP][39m [37m-->[39m [37mGET[39m [37m/wd/hub/session/1c44ff05-d42c-4269-98b7-8a933a07e4c3/window/rect[39m
[35m[HTTP][39m [90m{}[39m
[35m[HTTP][39m [37m<-- GET /wd/hub/session/1c44ff05-d42c-4269-98b7-8a933a07e4c3/window/rect [39m[32m200[39m [90m15 ms - 50[39m
[35m[HTTP][39m [90m[39m
[35m[HTTP][39m [37m-->[39m [37mPOST[39m [37m/wd/hub/session/1c44ff05-d42c-4269-98b7-8a933a07e4c3/elements[39m
[35m[HTTP][39m [90m{"using":"xpath","value":"//*[contains(@text, \"Continue with Phone Number\" )]"}[39m
[35m[HTTP][39m [37m<-- POST /wd/hub/session/1c44ff05-d42c-4269-98b7-8a933a07e4c3/elements [39m[32m200[39m [90m113 ms - 139[39m
[35m[HTTP][39m [90m[39m
[35m[HTTP][39m [37m-->[39m [37mGET[39m [37m/wd/hub/session/1c44ff05-d42c-4269-98b7-8a933a07e4c3/element/00000000-0000-0043-ffff-ffff0000001a/location[39m
[35m[HTTP][39m [90m{}[39m
[35m[W3C (1c44ff05)][39m Driver proxy active, passing request on via HTTP proxy
[35m[WD Proxy][39m Replacing sessionId 8f9ade91-aed4-492b-8cf7-06444eda8f64 with 1c44ff05-d42c-4269-98b7-8a933a07e4c3
[35m[HTTP][39m [37m<-- GET /wd/hub/session/1c44ff05-d42c-4269-98b7-8a933a07e4c3/element/00000000-0000-0043-ffff-ffff0000001a/location [39m[32m200[39m [90m21 ms - 79[39m
[35m[HTTP][39m [90m[39m
[35m[HTTP][39m [37m-->[39m [37mPOST[39m [37m/wd/hub/session/1c44ff05-d42c-4269-98b7-8a933a07e4c3/timeouts[39m
[35m[HTTP][39m [90m{"implicit":30000}[39m
[35m[HTTP][39m [37m<-- POST /wd/hub/session/1c44ff05-d42c-4269-98b7-8a933a07e4c3/timeouts [39m[32m200[39m [90m1 ms - 14[39m
[35m[HTTP][39m [90m[39m
[35m[HTTP][39m [37m-->[39m [37mPOST[39m [37m/wd/hub/session/1c44ff05-d42c-4269-98b7-8a933a07e4c3/timeouts[39m
[35m[HTTP][39m [90m{"implicit":50}[39m
[35m[HTTP][39m [37m<-- POST /wd/hub/session/1c44ff05-d42c-4269-98b7-8a933a07e4c3/timeouts [39m[32m200[39m [90m2 ms - 14[39m
[35m[HTTP][39m [90m[39m
[35m[HTTP][39m [37m-->[39m [37mGET[39m [37m/wd/hub/session/1c44ff05-d42c-4269-98b7-8a933a07e4c3/window/rect[39m
[35m[HTTP][39m [90m{}[39m
[35m[HTTP][39m [37m<-- GET /wd/hub/session/1c44ff05-d42c-4269-98b7-8a933a07e4c3/window/rect [39m[32m200[39m [90m11 ms - 50[39m
[35m[HTTP][39m [90m[39m
[35m[HTTP][39m [37m-->[39m [37mPOST[39m [37m/wd/hub/session/1c44ff05-d42c-4269-98b7-8a933a07e4c3/elements[39m
[35m[HTTP][39m [90m{"using":"xpath","value":"//*[contains(@text, \"Continue with Phone Number\" )]"}[39m
[35m[HTTP][39m [37m<-- POST /wd/hub/session/1c44ff05-d42c-4269-98b7-8a933a07e4c3/elements [39m[32m200[39m [90m82 ms - 139[39m
[35m[HTTP][39m [90m[39m
[35m[HTTP][39m [37m-->[39m [37mGET[39m [37m/wd/hub/session/1c44ff05-d42c-4269-98b7-8a933a07e4c3/element/00000000-0000-0043-ffff-ffff0000001a/location[39m
[35m[HTTP][39m [90m{}[39m
[35m[W3C (1c44ff05)][39m Driver proxy active, passing request on via HTTP proxy
[35m[WD Proxy][39m Replacing sessionId 8f9ade91-aed4-492b-8cf7-06444eda8f64 with 1c44ff05-d42c-4269-98b7-8a933a07e4c3
[35m[HTTP][39m [37m<-- GET /wd/hub/session/1c44ff05-d42c-4269-98b7-8a933a07e4c3/element/00000000-0000-0043-ffff-ffff0000001a/location [39m[32m200[39m [90m587 ms - 79[39m
[35m[HTTP][39m [90m[39m
[35m[HTTP][39m [37m-->[39m [37mPOST[39m [37m/wd/hub/session/1c44ff05-d42c-4269-98b7-8a933a07e4c3/timeouts[39m
[35m[HTTP][39m [90m{"implicit":30000}[39m
[35m[HTTP][39m [37m<-- POST /wd/hub/session/1c44ff05-d42c-4269-98b7-8a933a07e4c3/timeouts [39m[32m200[39m [90m2 ms - 14[39m
[35m[HTTP][39m [90m[39m
[35m[HTTP][39m [37m-->[39m [37mPOST[39m [37m/wd/hub/session/1c44ff05-d42c-4269-98b7-8a933a07e4c3/element/00000000-0000-0043-ffff-ffff0000001a/click[39m
[35m[HTTP][39m [90m{"id":"00000000-0000-0043-ffff-ffff0000001a"}[39m
[35m[HTTP][39m [37m<-- POST /wd/hub/session/1c44ff05-d42c-4269-98b7-8a933a07e4c3/element/00000000-0000-0043-ffff-ffff0000001a/click [39m[32m200[39m [90m80 ms - 14[39m
[35m[HTTP][39m [90m[39m
[35m[HTTP][39m [37m-->[39m [37mPOST[39m [37m/wd/hub/session/1c44ff05-d42c-4269-98b7-8a933a07e4c3/timeouts[39m
[35m[HTTP][39m [90m{"implicit":50}[39m
[35m[HTTP][39m [37m<-- POST /wd/hub/session/1c44ff05-d42c-4269-98b7-8a933a07e4c3/timeouts [39m[32m200[39m [90m1 ms - 14[39m
[35m[HTTP][39m [90m[39m
[35m[HTTP][39m [37m-->[39m [37mGET[39m [37m/wd/hub/session/1c44ff05-d42c-4269-98b7-8a933a07e4c3/window/rect[39m
[35m[HTTP][39m [90m{}[39m
[35m[HTTP][39m [37m<-- GET /wd/hub/session/1c44ff05-d42c-4269-98b7-8a933a07e4c3/window/rect [39m[32m200[39m [90m14 ms - 50[39m
[35m[HTTP][39m [90m[39m
[35m[HTTP][39m [37m-->[39m [37mPOST[39m [37m/wd/hub/session/1c44ff05-d42c-4269-98b7-8a933a07e4c3/elements[39m
[35m[HTTP][39m [90m{"using":"xpath","value":"//*[@class = 'android.widget.TextView' and (@text = 'Sign in to Spot.Love' or . = 'Sign in to Spot.Love')]"}[39m
[35m[HTTP][39m [37m<-- POST /wd/hub/session/1c44ff05-d42c-4269-98b7-8a933a07e4c3/elements [39m[32m200[39m [90m115 ms - 12[39m
[35m[HTTP][39m [90m[39m
[35m[HTTP][39m [37m-->[39m [37mPOST[39m [37m/wd/hub/session/1c44ff05-d42c-4269-98b7-8a933a07e4c3/elements[39m
[35m[HTTP][39m [90m{"using":"xpath","value":"//*[@class = 'android.widget.TextView' and (@text = 'Sign in to Spot.Love' or . = 'Sign in to Spot.Love')]"}[39m
[35m[HTTP][39m [37m<-- POST /wd/hub/session/1c44ff05-d42c-4269-98b7-8a933a07e4c3/elements [39m[32m200[39m [90m69 ms - 12[39m
[35m[HTTP][39m [90m[39m
[35m[HTTP][39m [37m-->[39m [37mPOST[39m [37m/wd/hub/session/1c44ff05-d42c-4269-98b7-8a933a07e4c3/elements[39m
[35m[HTTP][39m [90m{"using":"xpath","value":"//*[@class = 'android.widget.TextView' and (@text = 'Sign in to Spot.Love' or . = 'Sign in to Spot.Love')]"}[39m
[35m[HTTP][39m [37m<-- POST /wd/hub/session/1c44ff05-d42c-4269-98b7-8a933a07e4c3/elements [39m[32m200[39m [90m117 ms - 12[39m
[35m[HTTP][39m [90m[39m
[35m[HTTP][39m [37m-->[39m [37mPOST[39m [37m/wd/hub/session/1c44ff05-d42c-4269-98b7-8a933a07e4c3/elements[39m
[35m[HTTP][39m [90m{"using":"xpath","value":"//*[@class = 'android.widget.TextView' and (@text = 'Sign in to Spot.Love' or . = 'Sign in to Spot.Love')]"}[39m
[35m[HTTP][39m [37m<-- POST /wd/hub/session/1c44ff05-d42c-4269-98b7-8a933a07e4c3/elements [39m[32m200[39m [90m1054 ms - 139[39m
[35m[HTTP][39m [90m[39m
[35m[HTTP][39m [37m-->[39m [37mGET[39m [37m/wd/hub/session/1c44ff05-d42c-4269-98b7-8a933a07e4c3/element/00000000-0000-0043-ffff-ffff00000022/location[39m
[35m[HTTP][39m [90m{}[39m
[35m[W3C (1c44ff05)][39m Driver proxy active, passing request on via HTTP proxy
[35m[WD Proxy][39m Replacing sessionId 8f9ade91-aed4-492b-8cf7-06444eda8f64 with 1c44ff05-d42c-4269-98b7-8a933a07e4c3
[35m[HTTP][39m [37m<-- GET /wd/hub/session/1c44ff05-d42c-4269-98b7-8a933a07e4c3/element/00000000-0000-0043-ffff-ffff00000022/location [39m[32m200[39m [90m23 ms - 77[39m
[35m[HTTP][39m [90m[39m
[35m[HTTP][39m [37m-->[39m [37mPOST[39m [37m/wd/hub/session/1c44ff05-d42c-4269-98b7-8a933a07e4c3/timeouts[39m
[35m[HTTP][39m [90m{"implicit":30000}[39m
[35m[HTTP][39m [37m<-- POST /wd/hub/session/1c44ff05-d42c-4269-98b7-8a933a07e4c3/timeouts [39m[32m200[39m [90m1 ms - 14[39m
[35m[HTTP][39m [90m[39m
[35m[HTTP][39m [37m-->[39m [37mPOST[39m [37m/wd/hub/session/1c44ff05-d42c-4269-98b7-8a933a07e4c3/timeouts[39m
[35m[HTTP][39m [90m{"implicit":50}[39m
[35m[HTTP][39m [37m<-- POST /wd/hub/session/1c44ff05-d42c-4269-98b7-8a933a07e4c3/timeouts [39m[32m200[39m [90m1 ms - 14[39m
[35m[HTTP][39m [90m[39m
[35m[HTTP][39m [37m-->[39m [37mGET[39m [37m/wd/hub/session/1c44ff05-d42c-4269-98b7-8a933a07e4c3/window/rect[39m
[35m[HTTP][39m [90m{}[39m
[35m[HTTP][39m [37m<-- GET /wd/hub/session/1c44ff05-d42c-4269-98b7-8a933a07e4c3/window/rect [39m[32m200[39m [90m13 ms - 50[39m
[35m[HTTP][39m [90m[39m
[35m[HTTP][39m [37m-->[39m [37mPOST[39m [37m/wd/hub/session/1c44ff05-d42c-4269-98b7-8a933a07e4c3/elements[39m
[35m[HTTP][39m [90m{"using":"xpath","value":"//*[@class = 'android.widget.ImageView' and (@text = '' or . = '')]"}[39m
[35m[HTTP][39m [37m<-- POST /wd/hub/session/1c44ff05-d42c-4269-98b7-8a933a07e4c3/elements [39m[32m200[39m [90m217 ms - 139[39m
[35m[HTTP][39m [90m[39m
[35m[HTTP][39m [37m-->[39m [37mGET[39m [37m/wd/hub/session/1c44ff05-d42c-4269-98b7-8a933a07e4c3/element/00000000-0000-0043-ffff-ffff00000021/location[39m
[35m[HTTP][39m [90m{}[39m
[35m[W3C (1c44ff05)][39m Driver proxy active, passing request on via HTTP proxy
[35m[WD Proxy][39m Replacing sessionId 8f9ade91-aed4-492b-8cf7-06444eda8f64 with 1c44ff05-d42c-4269-98b7-8a933a07e4c3
[35m[HTTP][39m [37m<-- GET /wd/hub/session/1c44ff05-d42c-4269-98b7-8a933a07e4c3/element/00000000-0000-0043-ffff-ffff00000021/location [39m[32m200[39m [90m20 ms - 78[39m
[35m[HTTP][39m [90m[39m
[35m[HTTP][39m [37m-->[39m [37mPOST[39m [37m/wd/hub/session/1c44ff05-d42c-4269-98b7-8a933a07e4c3/timeouts[39m
[35m[HTTP][39m [90m{"implicit":30000}[39m
[35m[HTTP][39m [37m<-- POST /wd/hub/session/1c44ff05-d42c-4269-98b7-8a933a07e4c3/timeouts [39m[32m200[39m [90m1 ms - 14[39m
[35m[HTTP][39m [90m[39m
[35m[HTTP][39m [37m-->[39m [37mPOST[39m [37m/wd/hub/session/1c44ff05-d42c-4269-98b7-8a933a07e4c3/timeouts[39m
[35m[HTTP][39m [90m{"implicit":50}[39m
[35m[HTTP][39m [37m<-- POST /wd/hub/session/1c44ff05-d42c-4269-98b7-8a933a07e4c3/timeouts [39m[32m200[39m [90m1 ms - 14[39m
[35m[HTTP][39m [90m[39m
[35m[HTTP][39m [37m-->[39m [37mGET[39m [37m/wd/hub/session/1c44ff05-d42c-4269-98b7-8a933a07e4c3/window/rect[39m
[35m[HTTP][39m [90m{}[39m
[35m[HTTP][39m [37m<-- GET /wd/hub/session/1c44ff05-d42c-4269-98b7-8a933a07e4c3/window/rect [39m[32m200[39m [90m14 ms - 50[39m
[35m[HTTP][39m [90m[39m
[35m[HTTP][39m [37m-->[39m [37mPOST[39m [37m/wd/hub/session/1c44ff05-d42c-4269-98b7-8a933a07e4c3/elements[39m
[35m[HTTP][39m [90m{"using":"xpath","value":"//*[@class = 'android.widget.TextView' and (@text = '' or . = '')]"}[39m
[35m[HTTP][39m [37m<-- POST /wd/hub/session/1c44ff05-d42c-4269-98b7-8a933a07e4c3/elements [39m[32m200[39m [90m204 ms - 139[39m
[35m[HTTP][39m [90m[39m
[35m[HTTP][39m [37m-->[39m [37mGET[39m [37m/wd/hub/session/1c44ff05-d42c-4269-98b7-8a933a07e4c3/element/00000000-0000-0043-ffff-ffff00000036/location[39m
[35m[HTTP][39m [90m{}[39m
[35m[W3C (1c44ff05)][39m Driver proxy active, passing request on via HTTP proxy
[35m[WD Proxy][39m Replacing sessionId 8f9ade91-aed4-492b-8cf7-06444eda8f64 with 1c44ff05-d42c-4269-98b7-8a933a07e4c3
[35m[HTTP][39m [37m<-- GET /wd/hub/session/1c44ff05-d42c-4269-98b7-8a933a07e4c3/element/00000000-0000-0043-ffff-ffff00000036/location [39m[32m200[39m [90m22 ms - 77[39m
[35m[HTTP][39m [90m[39m
[35m[HTTP][39m [37m-->[39m [37mPOST[39m [37m/wd/hub/session/1c44ff05-d42c-4269-98b7-8a933a07e4c3/timeouts[39m
[35m[HTTP][39m [90m{"implicit":30000}[39m
[35m[HTTP][39m [37m<-- POST /wd/hub/session/1c44ff05-d42c-4269-98b7-8a933a07e4c3/timeouts [39m[32m200[39m [90m3 ms - 14[39m
[35m[HTTP][39m [90m[39m
[35m[HTTP][39m [37m-->[39m [37mPOST[39m [37m/wd/hub/session/1c44ff05-d42c-4269-98b7-8a933a07e4c3/element[39m
[35m[HTTP][39m [90m{"using":"xpath","value":"//*[@class = 'android.widget.TextView' and (@text = '' or . = '')]"}[39m
[35m[HTTP][39m [37m<-- POST /wd/hub/session/1c44ff05-d42c-4269-98b7-8a933a07e4c3/element [39m[32m200[39m [90m161 ms - 137[39m
[35m[HTTP][39m [90m[39m
[35m[HTTP][39m [37m-->[39m [37mPOST[39m [37m/wd/hub/session/1c44ff05-d42c-4269-98b7-8a933a07e4c3/element/00000000-0000-0043-ffff-ffff00000036/click[39m
[35m[HTTP][39m [90m{"id":"00000000-0000-0043-ffff-ffff00000036"}[39m
[35m[HTTP][39m [37m<-- POST /wd/hub/session/1c44ff05-d42c-4269-98b7-8a933a07e4c3/element/00000000-0000-0043-ffff-ffff00000036/click [39m[32m200[39m [90m62 ms - 14[39m
[35m[HTTP][39m [90m[39m
[35m[HTTP][39m [37m-->[39m [37mPOST[39m [37m/wd/hub/session/1c44ff05-d42c-4269-98b7-8a933a07e4c3/timeouts[39m
[35m[HTTP][39m [90m{"implicit":50}[39m
[35m[HTTP][39m [37m<-- POST /wd/hub/session/1c44ff05-d42c-4269-98b7-8a933a07e4c3/timeouts [39m[32m200[39m [90m1 ms - 14[39m
[35m[HTTP][39m [90m[39m
[35m[HTTP][39m [37m-->[39m [37mGET[39m [37m/wd/hub/session/1c44ff05-d42c-4269-98b7-8a933a07e4c3/window/rect[39m
[35m[HTTP][39m [90m{}[39m
[35m[HTTP][39m [37m<-- GET /wd/hub/session/1c44ff05-d42c-4269-98b7-8a933a07e4c3/window/rect [39m[32m200[39m [90m14 ms - 50[39m
[35m[HTTP][39m [90m[39m
[35m[HTTP][39m [37m-->[39m [37mPOST[39m [37m/wd/hub/session/1c44ff05-d42c-4269-98b7-8a933a07e4c3/elements[39m
[35m[HTTP][39m [90m{"using":"xpath","value":"//*[@class = 'android.widget.TextView' and (@text = 'Spot Love at First Sight' or . = 'Spot Love at First Sight')]"}[39m
[35m[HTTP][39m [37m<-- POST /wd/hub/session/1c44ff05-d42c-4269-98b7-8a933a07e4c3/elements [39m[32m200[39m [90m197 ms - 139[39m
[35m[HTTP][39m [90m[39m
[35m[HTTP][39m [37m-->[39m [37mGET[39m [37m/wd/hub/session/1c44ff05-d42c-4269-98b7-8a933a07e4c3/element/00000000-0000-0043-ffff-ffff00000016/location[39m
[35m[HTTP][39m [90m{}[39m
[35m[W3C (1c44ff05)][39m Driver proxy active, passing request on via HTTP proxy
[35m[WD Proxy][39m Replacing sessionId 8f9ade91-aed4-492b-8cf7-06444eda8f64 with 1c44ff05-d42c-4269-98b7-8a933a07e4c3
[35m[HTTP][39m [37m<-- GET /wd/hub/session/1c44ff05-d42c-4269-98b7-8a933a07e4c3/element/00000000-0000-0043-ffff-ffff00000016/location [39m[32m200[39m [90m917 ms - 78[39m
[35m[HTTP][39m [90m[39m
[35m[HTTP][39m [37m-->[39m [37mPOST[39m [37m/wd/hub/session/1c44ff05-d42c-4269-98b7-8a933a07e4c3/timeouts[39m
[35m[HTTP][39m [90m{"implicit":30000}[39m
[35m[HTTP][39m [37m<-- POST /wd/hub/session/1c44ff05-d42c-4269-98b7-8a933a07e4c3/timeouts [39m[32m200[39m [90m1 ms - 14[39m
[35m[HTTP][39m [90m[39m
[35m[HTTP][39m [37m-->[39m [37mDELETE[39m [37m/wd/hub/session/1c44ff05-d42c-4269-98b7-8a933a07e4c3[39m
[35m[HTTP][39m [90m{}[39m
[35m[Appium][39m Removing session 1c44ff05-d42c-4269-98b7-8a933a07e4c3 from our master session list
[35m[UiAutomator2][39m Restoring hidden api policy to the device default configuration
[35m[HTTP][39m [37m<-- DELETE /wd/hub/session/1c44ff05-d42c-4269-98b7-8a933a07e4c3 [39m[32m200[39m [90m301 ms - 14[39m
[35m[HTTP][39m [90m[39m
