[35m[Appium][39m Welcome to Appium v1.22.3
[35m[Appium][39m Non-default server args:
[35m[Appium][39m   port: 50163
[35m[Appium][39m   loglevel: info
[35m[Appium][39m   tmpDir: /var/folders/1v/3_56wbt90zbb48qtwvw1bry40000gn/T//Katalon/Appium/Temp1675436357447
[35m[Appium][39m   chromedriverPort: 50166
[35m[Appium][39m Deprecated server args:
[35m[Appium][39m   [31m--chromedriver-port[39m => --default-capabilities
[35m[Appium][39m Default capabilities, which will be added to each request unless overridden by desired capabilities:
[35m[Appium][39m   chromedriverPort: 50166
[35m[Appium][39m Appium REST http interface listener started on 0.0.0.0:50163
[35m[HTTP][39m [37m-->[39m [37mGET[39m [37m/wd/hub/status[39m
[35m[HTTP][39m [90m{}[39m
[35m[HTTP][39m [37m<-- GET /wd/hub/status [39m[32m200[39m [90m5 ms - 68[39m
[35m[HTTP][39m [90m[39m
[35m[HTTP][39m [37m-->[39m [37mPOST[39m [37m/wd/hub/session[39m
[35m[HTTP][39m [90m{"desiredCapabilities":{"appPackage":"com.android.settings","deviceId":"d84a7321","deviceName":"OnePlus GM1910 (Android 11)","platform":"ANDROID","appActivity":".Settings","newCommandTimeout":1800,"platformVersion":"11","automationName":"uiautomator2","autoGrantPermissions":true,"platformName":"Android","udid":"d84a7321","systemPort":8244},"capabilities":{"firstMatch":[{"appium:appActivity":".Settings","appium:appPackage":"com.android.settings","appium:autoGrantPermissions":true,"appium:automationName":"uiautomator2","deviceId":"d84a7321","appium:deviceName":"OnePlus GM1910 (Android 11)","appium:newCommandTimeout":1800,"platform":"ANDROID","platformName":"android","appium:platformVersion":"11","appium:systemPort":8244,"appium:udid":"d84a7321"}]}}[39m
[35m[BaseDriver][39m The following capabilities are not standard capabilities and should have an extension prefix:
[35m[BaseDriver][39m   deviceId
[35m[BaseDriver][39m   platform
[35m[BaseDriver][39m   chromedriverPort
[35m[Appium][39m Appium v1.22.3 creating new AndroidUiautomator2Driver (v1.70.1) session
[35m[BaseDriver][39m The following capabilities were provided, but are not recognized by Appium:
[35m[BaseDriver][39m   deviceId
[35m[BaseDriver][39m   platform
[35m[BaseDriver][39m Session created with session id: 5698f557-2010-4217-98e9-6c21ce37afbe
[35m[UiAutomator2][39m Starting 'com.android.settings' directly on the device
[35m[ADB][39m Found 1 'build-tools' folders under '/Users/pc/.katalon/tools/android_sdk' (newest first):
[35m[ADB][39m     /Users/pc/.katalon/tools/android_sdk/build-tools/29.0.3
[35m[ADB][39m Using 'adb' from '/Users/pc/.katalon/tools/android_sdk/platform-tools/adb'
[35m[AndroidDriver][39m Retrieving device list
[35m[AndroidDriver][39m Using device: d84a7321
[35m[ADB][39m Using 'adb' from '/Users/pc/.katalon/tools/android_sdk/platform-tools/adb'
[35m[ADB][39m Getting device platform version
[35m[UiAutomator2][39m Relaxing hidden api policy
[35m[AndroidDriver][39m No app sent in, not parsing package/activity
[35m[UiAutomator2][39m Server package at '/usr/local/lib/node_modules/appium/node_modules/appium-uiautomator2-server/apks/appium-uiautomator2-server-v4.27.0.apk' is not writeable. Will copy it into the temporary location at '/var/folders/1v/3_56wbt90zbb48qtwvw1bry40000gn/T/Katalon/Appium/Temp1675436357447/202313-30805-1tgpr25.dxrg' as a workaround. Consider making this file writeable manually in order to improve the performance of session startup.
[35m[UiAutomator2][39m Server package at '/usr/local/lib/node_modules/appium/node_modules/appium-uiautomator2-server/apks/appium-uiautomator2-server-debug-androidTest.apk' is not writeable. Will copy it into the temporary location at '/var/folders/1v/3_56wbt90zbb48qtwvw1bry40000gn/T/Katalon/Appium/Temp1675436357447/202313-30805-1tgpr25.dxrg' as a workaround. Consider making this file writeable manually in order to improve the performance of session startup.
[35m[ADB][39m Using 'apksigner.jar' from '/Users/pc/.katalon/tools/android_sdk/build-tools/29.0.3/lib/apksigner.jar'
[35m[ADB][39m '/var/folders/1v/3_56wbt90zbb48qtwvw1bry40000gn/T/Katalon/Appium/Temp1675436357447/202313-30805-1tgpr25.dxrg/appium-uiautomator2-server-v4.27.0.apk' is signed with the default certificate
[35m[ADB][39m '/var/folders/1v/3_56wbt90zbb48qtwvw1bry40000gn/T/Katalon/Appium/Temp1675436357447/202313-30805-1tgpr25.dxrg/appium-uiautomator2-server-debug-androidTest.apk' is signed with the default certificate
[35m[UiAutomator2][39m Server packages are not going to be (re)installed
[35m[ADB][39m Adding packages ["io.appium.settings","io.appium.uiautomator2.server","io.appium.uiautomator2.server.test"] to Doze whitelist
[35m[UiAutomator2][39m Starting UIAutomator2 server 4.27.0
[35m[UiAutomator2][39m Using UIAutomator2 server from '/usr/local/lib/node_modules/appium/node_modules/appium-uiautomator2-server/apks/appium-uiautomator2-server-v4.27.0.apk' and test from '/usr/local/lib/node_modules/appium/node_modules/appium-uiautomator2-server/apks/appium-uiautomator2-server-debug-androidTest.apk'
[35m[UiAutomator2][39m Waiting up to 30000ms for UiAutomator2 to be online...
[35m[WD Proxy][39m socket hang up
[35m[WD Proxy][39m socket hang up
[35m[WD Proxy][39m socket hang up
[35m[WD Proxy][39m Determined the downstream protocol as 'W3C'
[35m[AndroidDriver][39m Screen already unlocked, doing nothing
[35m[UiAutomator2][39m Starting 'com.android.settings/.Settings and waiting for 'com.android.settings/.Settings'
[35m[Appium][39m New AndroidUiautomator2Driver session created successfully, session 5698f557-2010-4217-98e9-6c21ce37afbe added to master session list
[35m[HTTP][39m [37m<-- POST /wd/hub/session [39m[32m200[39m [90m8745 ms - 1186[39m
[35m[HTTP][39m [90m[39m
[35m[HTTP][39m [37m-->[39m [37mGET[39m [37m/wd/hub/session/5698f557-2010-4217-98e9-6c21ce37afbe[39m
[35m[HTTP][39m [90m{}[39m
[35m[HTTP][39m [37m<-- GET /wd/hub/session/5698f557-2010-4217-98e9-6c21ce37afbe [39m[32m200[39m [90m15 ms - 1140[39m
[35m[HTTP][39m [90m[39m
[35m[HTTP][39m [37m-->[39m [37mGET[39m [37m/wd/hub/session/5698f557-2010-4217-98e9-6c21ce37afbe[39m
[35m[HTTP][39m [90m{}[39m
[35m[HTTP][39m [37m<-- GET /wd/hub/session/5698f557-2010-4217-98e9-6c21ce37afbe [39m[32m200[39m [90m13 ms - 1140[39m
[35m[HTTP][39m [90m[39m
[35m[HTTP][39m [37m-->[39m [37mGET[39m [37m/wd/hub/status[39m
[35m[HTTP][39m [90m{}[39m
[35m[HTTP][39m [37m<-- GET /wd/hub/status [39m[32m200[39m [90m1 ms - 68[39m
[35m[HTTP][39m [90m[39m
[35m[HTTP][39m [37m-->[39m [37mPOST[39m [37m/wd/hub/session/5698f557-2010-4217-98e9-6c21ce37afbe/timeouts[39m
[35m[HTTP][39m [90m{"implicit":30000}[39m
[35m[HTTP][39m [37m<-- POST /wd/hub/session/5698f557-2010-4217-98e9-6c21ce37afbe/timeouts [39m[32m200[39m [90m3 ms - 14[39m
[35m[HTTP][39m [90m[39m
[35m[HTTP][39m [37m-->[39m [37mGET[39m [37m/wd/hub/session/5698f557-2010-4217-98e9-6c21ce37afbe/screenshot[39m
[35m[HTTP][39m [90m{}[39m
[35m[HTTP][39m [37m<-- GET /wd/hub/session/5698f557-2010-4217-98e9-6c21ce37afbe/screenshot [39m[32m200[39m [90m453 ms - 343948[39m
[35m[HTTP][39m [90m[39m
[35m[HTTP][39m [37m-->[39m [37mGET[39m [37m/wd/hub/session/5698f557-2010-4217-98e9-6c21ce37afbe/window/rect[39m
[35m[HTTP][39m [90m{}[39m
[35m[HTTP][39m [37m<-- GET /wd/hub/session/5698f557-2010-4217-98e9-6c21ce37afbe/window/rect [39m[32m200[39m [90m21 ms - 50[39m
[35m[HTTP][39m [90m[39m
[35m[HTTP][39m [37m-->[39m [37mGET[39m [37m/wd/hub/session/5698f557-2010-4217-98e9-6c21ce37afbe/appium/device/system_bars[39m
[35m[HTTP][39m [90m{}[39m
[35m[HTTP][39m [37m<-- GET /wd/hub/session/5698f557-2010-4217-98e9-6c21ce37afbe/appium/device/system_bars [39m[31m500[39m [90m146 ms - 583[39m
[35m[HTTP][39m [90m[39m
[35m[HTTP][39m [37m-->[39m [37mPOST[39m [37m/wd/hub/session/5698f557-2010-4217-98e9-6c21ce37afbe/execute/sync[39m
[35m[HTTP][39m [90m{"script":"mobile:viewportRect","args":[]}[39m
[35m[AndroidDriver][39m Executing native command 'mobile:viewportRect'
[35m[HTTP][39m [37m<-- POST /wd/hub/session/5698f557-2010-4217-98e9-6c21ce37afbe/execute/sync [39m[32m200[39m [90m15 ms - 57[39m
[35m[HTTP][39m [90m[39m
[35m[HTTP][39m [37m-->[39m [37mPOST[39m [37m/wd/hub/session/5698f557-2010-4217-98e9-6c21ce37afbe/appium/device/activate_app[39m
[35m[HTTP][39m [90m{"bundleId":"com.spotlove.releaseproduction"}[39m
[35m[HTTP][39m [37m<-- POST /wd/hub/session/5698f557-2010-4217-98e9-6c21ce37afbe/appium/device/activate_app [39m[32m200[39m [90m462 ms - 14[39m
[35m[HTTP][39m [90m[39m
[35m[HTTP][39m [37m-->[39m [37mPOST[39m [37m/wd/hub/session/5698f557-2010-4217-98e9-6c21ce37afbe/timeouts[39m
[35m[HTTP][39m [90m{"implicit":50}[39m
[35m[HTTP][39m [37m<-- POST /wd/hub/session/5698f557-2010-4217-98e9-6c21ce37afbe/timeouts [39m[32m200[39m [90m2 ms - 14[39m
[35m[HTTP][39m [90m[39m
[35m[HTTP][39m [37m-->[39m [37mGET[39m [37m/wd/hub/session/5698f557-2010-4217-98e9-6c21ce37afbe/window/rect[39m
[35m[HTTP][39m [90m{}[39m
[35m[HTTP][39m [37m<-- GET /wd/hub/session/5698f557-2010-4217-98e9-6c21ce37afbe/window/rect [39m[32m200[39m [90m11 ms - 50[39m
[35m[HTTP][39m [90m[39m
[35m[HTTP][39m [37m-->[39m [37mPOST[39m [37m/wd/hub/session/5698f557-2010-4217-98e9-6c21ce37afbe/elements[39m
[35m[HTTP][39m [90m{"using":"xpath","value":"//*[@class = 'android.widget.TextView' and (@text = '' or . = '')]"}[39m
[35m[HTTP][39m [37m<-- POST /wd/hub/session/5698f557-2010-4217-98e9-6c21ce37afbe/elements [39m[32m200[39m [90m1115 ms - 139[39m
[35m[HTTP][39m [90m[39m
[35m[HTTP][39m [37m-->[39m [37mGET[39m [37m/wd/hub/session/5698f557-2010-4217-98e9-6c21ce37afbe/element/00000000-0000-018e-ffff-ffff0000045e/location[39m
[35m[HTTP][39m [90m{}[39m
[35m[W3C (5698f557)][39m Driver proxy active, passing request on via HTTP proxy
[35m[WD Proxy][39m Replacing sessionId e214dc6b-3b37-4f7a-95fb-d57161ece4ed with 5698f557-2010-4217-98e9-6c21ce37afbe
[35m[HTTP][39m [37m<-- GET /wd/hub/session/5698f557-2010-4217-98e9-6c21ce37afbe/element/00000000-0000-018e-ffff-ffff0000045e/location [39m[32m200[39m [90m712 ms - 77[39m
[35m[HTTP][39m [90m[39m
[35m[HTTP][39m [37m-->[39m [37mPOST[39m [37m/wd/hub/session/5698f557-2010-4217-98e9-6c21ce37afbe/timeouts[39m
[35m[HTTP][39m [90m{"implicit":30000}[39m
[35m[HTTP][39m [37m<-- POST /wd/hub/session/5698f557-2010-4217-98e9-6c21ce37afbe/timeouts [39m[32m200[39m [90m1 ms - 14[39m
[35m[HTTP][39m [90m[39m
[35m[HTTP][39m [37m-->[39m [37mPOST[39m [37m/wd/hub/session/5698f557-2010-4217-98e9-6c21ce37afbe/timeouts[39m
[35m[HTTP][39m [90m{"implicit":50}[39m
[35m[HTTP][39m [37m<-- POST /wd/hub/session/5698f557-2010-4217-98e9-6c21ce37afbe/timeouts [39m[32m200[39m [90m1 ms - 14[39m
[35m[HTTP][39m [90m[39m
[35m[HTTP][39m [37m-->[39m [37mGET[39m [37m/wd/hub/session/5698f557-2010-4217-98e9-6c21ce37afbe/window/rect[39m
[35m[HTTP][39m [90m{}[39m
[35m[HTTP][39m [37m<-- GET /wd/hub/session/5698f557-2010-4217-98e9-6c21ce37afbe/window/rect [39m[32m200[39m [90m30 ms - 50[39m
[35m[HTTP][39m [90m[39m
[35m[HTTP][39m [37m-->[39m [37mPOST[39m [37m/wd/hub/session/5698f557-2010-4217-98e9-6c21ce37afbe/elements[39m
[35m[HTTP][39m [90m{"using":"xpath","value":"//*[@class = 'android.widget.TextView' and (@text = '' or . = '')]"}[39m
[35m[HTTP][39m [37m<-- POST /wd/hub/session/5698f557-2010-4217-98e9-6c21ce37afbe/elements [39m[32m200[39m [90m263 ms - 139[39m
[35m[HTTP][39m [90m[39m
[35m[HTTP][39m [37m-->[39m [37mGET[39m [37m/wd/hub/session/5698f557-2010-4217-98e9-6c21ce37afbe/element/00000000-0000-018e-ffff-ffff0000045e/location[39m
[35m[HTTP][39m [90m{}[39m
[35m[W3C (5698f557)][39m Driver proxy active, passing request on via HTTP proxy
[35m[WD Proxy][39m Replacing sessionId e214dc6b-3b37-4f7a-95fb-d57161ece4ed with 5698f557-2010-4217-98e9-6c21ce37afbe
[35m[HTTP][39m [37m<-- GET /wd/hub/session/5698f557-2010-4217-98e9-6c21ce37afbe/element/00000000-0000-018e-ffff-ffff0000045e/location [39m[32m200[39m [90m693 ms - 77[39m
[35m[HTTP][39m [90m[39m
[35m[HTTP][39m [37m-->[39m [37mPOST[39m [37m/wd/hub/session/5698f557-2010-4217-98e9-6c21ce37afbe/timeouts[39m
[35m[HTTP][39m [90m{"implicit":30000}[39m
[35m[HTTP][39m [37m<-- POST /wd/hub/session/5698f557-2010-4217-98e9-6c21ce37afbe/timeouts [39m[32m200[39m [90m1 ms - 14[39m
[35m[HTTP][39m [90m[39m
[35m[HTTP][39m [37m-->[39m [37mPOST[39m [37m/wd/hub/session/5698f557-2010-4217-98e9-6c21ce37afbe/element/00000000-0000-018e-ffff-ffff0000045e/click[39m
[35m[HTTP][39m [90m{"id":"00000000-0000-018e-ffff-ffff0000045e"}[39m
[35m[HTTP][39m [37m<-- POST /wd/hub/session/5698f557-2010-4217-98e9-6c21ce37afbe/element/00000000-0000-018e-ffff-ffff0000045e/click [39m[32m200[39m [90m85 ms - 14[39m
[35m[HTTP][39m [90m[39m
[35m[HTTP][39m [37m-->[39m [37mPOST[39m [37m/wd/hub/session/5698f557-2010-4217-98e9-6c21ce37afbe/timeouts[39m
[35m[HTTP][39m [90m{"implicit":50}[39m
[35m[HTTP][39m [37m<-- POST /wd/hub/session/5698f557-2010-4217-98e9-6c21ce37afbe/timeouts [39m[32m200[39m [90m1 ms - 14[39m
[35m[HTTP][39m [90m[39m
[35m[HTTP][39m [37m-->[39m [37mGET[39m [37m/wd/hub/session/5698f557-2010-4217-98e9-6c21ce37afbe/window/rect[39m
[35m[HTTP][39m [90m{}[39m
[35m[HTTP][39m [37m<-- GET /wd/hub/session/5698f557-2010-4217-98e9-6c21ce37afbe/window/rect [39m[32m200[39m [90m29 ms - 50[39m
[35m[HTTP][39m [90m[39m
[35m[HTTP][39m [37m-->[39m [37mPOST[39m [37m/wd/hub/session/5698f557-2010-4217-98e9-6c21ce37afbe/elements[39m
[35m[HTTP][39m [90m{"using":"xpath","value":"//*[@class = 'android.widget.ImageView' and (@text = '' or . = '')]"}[39m
[35m[HTTP][39m [37m<-- POST /wd/hub/session/5698f557-2010-4217-98e9-6c21ce37afbe/elements [39m[32m200[39m [90m826 ms - 139[39m
[35m[HTTP][39m [90m[39m
[35m[HTTP][39m [37m-->[39m [37mGET[39m [37m/wd/hub/session/5698f557-2010-4217-98e9-6c21ce37afbe/element/00000000-0000-018e-ffff-ffff0000037f/location[39m
[35m[HTTP][39m [90m{}[39m
[35m[W3C (5698f557)][39m Driver proxy active, passing request on via HTTP proxy
[35m[WD Proxy][39m Replacing sessionId e214dc6b-3b37-4f7a-95fb-d57161ece4ed with 5698f557-2010-4217-98e9-6c21ce37afbe
[35m[HTTP][39m [37m<-- GET /wd/hub/session/5698f557-2010-4217-98e9-6c21ce37afbe/element/00000000-0000-018e-ffff-ffff0000037f/location [39m[32m200[39m [90m18 ms - 77[39m
[35m[HTTP][39m [90m[39m
[35m[HTTP][39m [37m-->[39m [37mPOST[39m [37m/wd/hub/session/5698f557-2010-4217-98e9-6c21ce37afbe/timeouts[39m
[35m[HTTP][39m [90m{"implicit":30000}[39m
[35m[HTTP][39m [37m<-- POST /wd/hub/session/5698f557-2010-4217-98e9-6c21ce37afbe/timeouts [39m[32m200[39m [90m1 ms - 14[39m
[35m[HTTP][39m [90m[39m
[35m[HTTP][39m [37m-->[39m [37mPOST[39m [37m/wd/hub/session/5698f557-2010-4217-98e9-6c21ce37afbe/timeouts[39m
[35m[HTTP][39m [90m{"implicit":50}[39m
[35m[HTTP][39m [37m<-- POST /wd/hub/session/5698f557-2010-4217-98e9-6c21ce37afbe/timeouts [39m[32m200[39m [90m1 ms - 14[39m
[35m[HTTP][39m [90m[39m
[35m[HTTP][39m [37m-->[39m [37mGET[39m [37m/wd/hub/session/5698f557-2010-4217-98e9-6c21ce37afbe/window/rect[39m
[35m[HTTP][39m [90m{}[39m
[35m[HTTP][39m [37m<-- GET /wd/hub/session/5698f557-2010-4217-98e9-6c21ce37afbe/window/rect [39m[32m200[39m [90m18 ms - 50[39m
[35m[HTTP][39m [90m[39m
[35m[HTTP][39m [37m-->[39m [37mPOST[39m [37m/wd/hub/session/5698f557-2010-4217-98e9-6c21ce37afbe/elements[39m
[35m[HTTP][39m [90m{"using":"xpath","value":"//hierarchy/android.widget.FrameLayout[1]/android.widget.LinearLayout[1]/android.widget.FrameLayout[1]/android.widget.LinearLayout[1]/android.widget.FrameLayout[1]/android.widget.FrameLayout[1]/android.view.ViewGroup[1]/android.view.ViewGroup[1]/android.view.ViewGroup[1]/android.view.ViewGroup[10]/android.view.ViewGroup[1]/android.view.ViewGroup[1]/android.view.ViewGroup[1]/android.view.ViewGroup[2]/android.view.ViewGroup[6]"}[39m
[35m[HTTP][39m [37m<-- POST /wd/hub/session/5698f557-2010-4217-98e9-6c21ce37afbe/elements [39m[32m200[39m [90m264 ms - 139[39m
[35m[HTTP][39m [90m[39m
[35m[HTTP][39m [37m-->[39m [37mGET[39m [37m/wd/hub/session/5698f557-2010-4217-98e9-6c21ce37afbe/element/00000000-0000-018e-ffff-ffff0000038b/location[39m
[35m[HTTP][39m [90m{}[39m
[35m[W3C (5698f557)][39m Driver proxy active, passing request on via HTTP proxy
[35m[WD Proxy][39m Replacing sessionId e214dc6b-3b37-4f7a-95fb-d57161ece4ed with 5698f557-2010-4217-98e9-6c21ce37afbe
[35m[HTTP][39m [37m<-- GET /wd/hub/session/5698f557-2010-4217-98e9-6c21ce37afbe/element/00000000-0000-018e-ffff-ffff0000038b/location [39m[32m200[39m [90m737 ms - 78[39m
[35m[HTTP][39m [90m[39m
[35m[HTTP][39m [37m-->[39m [37mPOST[39m [37m/wd/hub/session/5698f557-2010-4217-98e9-6c21ce37afbe/timeouts[39m
[35m[HTTP][39m [90m{"implicit":30000}[39m
[35m[HTTP][39m [37m<-- POST /wd/hub/session/5698f557-2010-4217-98e9-6c21ce37afbe/timeouts [39m[32m200[39m [90m1 ms - 14[39m
[35m[HTTP][39m [90m[39m
[35m[HTTP][39m [37m-->[39m [37mPOST[39m [37m/wd/hub/session/5698f557-2010-4217-98e9-6c21ce37afbe/timeouts[39m
[35m[HTTP][39m [90m{"implicit":50}[39m
[35m[HTTP][39m [37m<-- POST /wd/hub/session/5698f557-2010-4217-98e9-6c21ce37afbe/timeouts [39m[32m200[39m [90m3 ms - 14[39m
[35m[HTTP][39m [90m[39m
[35m[HTTP][39m [37m-->[39m [37mGET[39m [37m/wd/hub/session/5698f557-2010-4217-98e9-6c21ce37afbe/window/rect[39m
[35m[HTTP][39m [90m{}[39m
[35m[HTTP][39m [37m<-- GET /wd/hub/session/5698f557-2010-4217-98e9-6c21ce37afbe/window/rect [39m[32m200[39m [90m33 ms - 50[39m
[35m[HTTP][39m [90m[39m
[35m[HTTP][39m [37m-->[39m [37mPOST[39m [37m/wd/hub/session/5698f557-2010-4217-98e9-6c21ce37afbe/elements[39m
[35m[HTTP][39m [90m{"using":"xpath","value":"//hierarchy/android.widget.FrameLayout[1]/android.widget.LinearLayout[1]/android.widget.FrameLayout[1]/android.widget.LinearLayout[1]/android.widget.FrameLayout[1]/android.widget.FrameLayout[1]/android.view.ViewGroup[1]/android.view.ViewGroup[1]/android.view.ViewGroup[1]/android.view.ViewGroup[10]/android.view.ViewGroup[1]/android.view.ViewGroup[1]/android.view.ViewGroup[1]/android.view.ViewGroup[2]/android.view.ViewGroup[6]"}[39m
[35m[HTTP][39m [37m<-- POST /wd/hub/session/5698f557-2010-4217-98e9-6c21ce37afbe/elements [39m[32m200[39m [90m232 ms - 139[39m
[35m[HTTP][39m [90m[39m
[35m[HTTP][39m [37m-->[39m [37mGET[39m [37m/wd/hub/session/5698f557-2010-4217-98e9-6c21ce37afbe/element/00000000-0000-018e-ffff-ffff0000038b/location[39m
[35m[HTTP][39m [90m{}[39m
[35m[W3C (5698f557)][39m Driver proxy active, passing request on via HTTP proxy
[35m[WD Proxy][39m Replacing sessionId e214dc6b-3b37-4f7a-95fb-d57161ece4ed with 5698f557-2010-4217-98e9-6c21ce37afbe
[35m[HTTP][39m [37m<-- GET /wd/hub/session/5698f557-2010-4217-98e9-6c21ce37afbe/element/00000000-0000-018e-ffff-ffff0000038b/location [39m[32m200[39m [90m632 ms - 78[39m
[35m[HTTP][39m [90m[39m
[35m[HTTP][39m [37m-->[39m [37mPOST[39m [37m/wd/hub/session/5698f557-2010-4217-98e9-6c21ce37afbe/timeouts[39m
[35m[HTTP][39m [90m{"implicit":30000}[39m
[35m[HTTP][39m [37m<-- POST /wd/hub/session/5698f557-2010-4217-98e9-6c21ce37afbe/timeouts [39m[32m200[39m [90m1 ms - 14[39m
[35m[HTTP][39m [90m[39m
[35m[HTTP][39m [37m-->[39m [37mPOST[39m [37m/wd/hub/session/5698f557-2010-4217-98e9-6c21ce37afbe/element/00000000-0000-018e-ffff-ffff0000038b/click[39m
[35m[HTTP][39m [90m{"id":"00000000-0000-018e-ffff-ffff0000038b"}[39m
[35m[HTTP][39m [37m<-- POST /wd/hub/session/5698f557-2010-4217-98e9-6c21ce37afbe/element/00000000-0000-018e-ffff-ffff0000038b/click [39m[32m200[39m [90m86 ms - 14[39m
[35m[HTTP][39m [90m[39m
[35m[HTTP][39m [37m-->[39m [37mPOST[39m [37m/wd/hub/session/5698f557-2010-4217-98e9-6c21ce37afbe/timeouts[39m
[35m[HTTP][39m [90m{"implicit":50}[39m
[35m[HTTP][39m [37m<-- POST /wd/hub/session/5698f557-2010-4217-98e9-6c21ce37afbe/timeouts [39m[32m200[39m [90m1 ms - 14[39m
[35m[HTTP][39m [90m[39m
[35m[HTTP][39m [37m-->[39m [37mGET[39m [37m/wd/hub/session/5698f557-2010-4217-98e9-6c21ce37afbe/window/rect[39m
[35m[HTTP][39m [90m{}[39m
[35m[HTTP][39m [37m<-- GET /wd/hub/session/5698f557-2010-4217-98e9-6c21ce37afbe/window/rect [39m[32m200[39m [90m17 ms - 50[39m
[35m[HTTP][39m [90m[39m
[35m[HTTP][39m [37m-->[39m [37mPOST[39m [37m/wd/hub/session/5698f557-2010-4217-98e9-6c21ce37afbe/elements[39m
[35m[HTTP][39m [90m{"using":"xpath","value":"//*[@class = 'android.widget.ImageView' and (@text = '' or . = '')]"}[39m
[35m[HTTP][39m [37m<-- POST /wd/hub/session/5698f557-2010-4217-98e9-6c21ce37afbe/elements [39m[32m200[39m [90m188 ms - 139[39m
[35m[HTTP][39m [90m[39m
[35m[HTTP][39m [37m-->[39m [37mGET[39m [37m/wd/hub/session/5698f557-2010-4217-98e9-6c21ce37afbe/element/00000000-0000-018e-ffff-ffff0000037f/location[39m
[35m[HTTP][39m [90m{}[39m
[35m[W3C (5698f557)][39m Driver proxy active, passing request on via HTTP proxy
[35m[WD Proxy][39m Replacing sessionId e214dc6b-3b37-4f7a-95fb-d57161ece4ed with 5698f557-2010-4217-98e9-6c21ce37afbe
[35m[HTTP][39m [37m<-- GET /wd/hub/session/5698f557-2010-4217-98e9-6c21ce37afbe/element/00000000-0000-018e-ffff-ffff0000037f/location [39m[32m200[39m [90m1778 ms - 77[39m
[35m[HTTP][39m [90m[39m
[35m[HTTP][39m [37m-->[39m [37mPOST[39m [37m/wd/hub/session/5698f557-2010-4217-98e9-6c21ce37afbe/timeouts[39m
[35m[HTTP][39m [90m{"implicit":30000}[39m
[35m[HTTP][39m [37m<-- POST /wd/hub/session/5698f557-2010-4217-98e9-6c21ce37afbe/timeouts [39m[32m200[39m [90m1 ms - 14[39m
[35m[HTTP][39m [90m[39m
[35m[HTTP][39m [37m-->[39m [37mPOST[39m [37m/wd/hub/session/5698f557-2010-4217-98e9-6c21ce37afbe/timeouts[39m
[35m[HTTP][39m [90m{"implicit":50}[39m
[35m[HTTP][39m [37m<-- POST /wd/hub/session/5698f557-2010-4217-98e9-6c21ce37afbe/timeouts [39m[32m200[39m [90m1 ms - 14[39m
[35m[HTTP][39m [90m[39m
[35m[HTTP][39m [37m-->[39m [37mGET[39m [37m/wd/hub/session/5698f557-2010-4217-98e9-6c21ce37afbe/window/rect[39m
[35m[HTTP][39m [90m{}[39m
[35m[HTTP][39m [37m<-- GET /wd/hub/session/5698f557-2010-4217-98e9-6c21ce37afbe/window/rect [39m[32m200[39m [90m28 ms - 50[39m
[35m[HTTP][39m [90m[39m
[35m[HTTP][39m [37m-->[39m [37mPOST[39m [37m/wd/hub/session/5698f557-2010-4217-98e9-6c21ce37afbe/elements[39m
[35m[HTTP][39m [90m{"using":"xpath","value":"//*[@class = 'android.widget.TextView' and (@text = 'What are your vices?' or . = 'What are your vices?')]"}[39m
[35m[HTTP][39m [37m<-- POST /wd/hub/session/5698f557-2010-4217-98e9-6c21ce37afbe/elements [39m[32m200[39m [90m847 ms - 139[39m
[35m[HTTP][39m [90m[39m
[35m[HTTP][39m [37m-->[39m [37mGET[39m [37m/wd/hub/session/5698f557-2010-4217-98e9-6c21ce37afbe/element/00000000-0000-018e-ffff-ffff00000481/location[39m
[35m[HTTP][39m [90m{}[39m
[35m[W3C (5698f557)][39m Driver proxy active, passing request on via HTTP proxy
[35m[WD Proxy][39m Replacing sessionId e214dc6b-3b37-4f7a-95fb-d57161ece4ed with 5698f557-2010-4217-98e9-6c21ce37afbe
[35m[HTTP][39m [37m<-- GET /wd/hub/session/5698f557-2010-4217-98e9-6c21ce37afbe/element/00000000-0000-018e-ffff-ffff00000481/location [39m[32m200[39m [90m24 ms - 77[39m
[35m[HTTP][39m [90m[39m
[35m[HTTP][39m [37m-->[39m [37mPOST[39m [37m/wd/hub/session/5698f557-2010-4217-98e9-6c21ce37afbe/timeouts[39m
[35m[HTTP][39m [90m{"implicit":30000}[39m
[35m[HTTP][39m [37m<-- POST /wd/hub/session/5698f557-2010-4217-98e9-6c21ce37afbe/timeouts [39m[32m200[39m [90m1 ms - 14[39m
[35m[HTTP][39m [90m[39m
[35m[HTTP][39m [37m-->[39m [37mPOST[39m [37m/wd/hub/session/5698f557-2010-4217-98e9-6c21ce37afbe/timeouts[39m
[35m[HTTP][39m [90m{"implicit":50}[39m
[35m[HTTP][39m [37m<-- POST /wd/hub/session/5698f557-2010-4217-98e9-6c21ce37afbe/timeouts [39m[32m200[39m [90m1 ms - 14[39m
[35m[HTTP][39m [90m[39m
[35m[HTTP][39m [37m-->[39m [37mGET[39m [37m/wd/hub/session/5698f557-2010-4217-98e9-6c21ce37afbe/window/rect[39m
[35m[HTTP][39m [90m{}[39m
[35m[HTTP][39m [37m<-- GET /wd/hub/session/5698f557-2010-4217-98e9-6c21ce37afbe/window/rect [39m[32m200[39m [90m20 ms - 50[39m
[35m[HTTP][39m [90m[39m
[35m[HTTP][39m [37m-->[39m [37mPOST[39m [37m/wd/hub/session/5698f557-2010-4217-98e9-6c21ce37afbe/elements[39m
[35m[HTTP][39m [90m{"using":"xpath","value":"//hierarchy/android.widget.FrameLayout[1]/android.widget.LinearLayout[1]/android.widget.FrameLayout[1]/android.widget.LinearLayout[1]/android.widget.FrameLayout[1]/android.widget.FrameLayout[1]/android.view.ViewGroup[1]/android.view.ViewGroup[1]/android.view.ViewGroup[1]/android.view.ViewGroup[11]/android.view.ViewGroup[1]/android.view.ViewGroup[1]/android.view.ViewGroup[1]/android.view.ViewGroup[2]/android.widget.Switch[3]"}[39m
[35m[HTTP][39m [37m<-- POST /wd/hub/session/5698f557-2010-4217-98e9-6c21ce37afbe/elements [39m[32m200[39m [90m226 ms - 139[39m
[35m[HTTP][39m [90m[39m
[35m[HTTP][39m [37m-->[39m [37mGET[39m [37m/wd/hub/session/5698f557-2010-4217-98e9-6c21ce37afbe/element/00000000-0000-018e-ffff-ffff00000489/location[39m
[35m[HTTP][39m [90m{}[39m
[35m[W3C (5698f557)][39m Driver proxy active, passing request on via HTTP proxy
[35m[WD Proxy][39m Replacing sessionId e214dc6b-3b37-4f7a-95fb-d57161ece4ed with 5698f557-2010-4217-98e9-6c21ce37afbe
[35m[HTTP][39m [37m<-- GET /wd/hub/session/5698f557-2010-4217-98e9-6c21ce37afbe/element/00000000-0000-018e-ffff-ffff00000489/location [39m[32m200[39m [90m504 ms - 80[39m
[35m[HTTP][39m [90m[39m
[35m[HTTP][39m [37m-->[39m [37mPOST[39m [37m/wd/hub/session/5698f557-2010-4217-98e9-6c21ce37afbe/timeouts[39m
[35m[HTTP][39m [90m{"implicit":30000}[39m
[35m[HTTP][39m [37m<-- POST /wd/hub/session/5698f557-2010-4217-98e9-6c21ce37afbe/timeouts [39m[32m200[39m [90m1 ms - 14[39m
[35m[HTTP][39m [90m[39m
[35m[HTTP][39m [37m-->[39m [37mPOST[39m [37m/wd/hub/session/5698f557-2010-4217-98e9-6c21ce37afbe/timeouts[39m
[35m[HTTP][39m [90m{"implicit":50}[39m
[35m[HTTP][39m [37m<-- POST /wd/hub/session/5698f557-2010-4217-98e9-6c21ce37afbe/timeouts [39m[32m200[39m [90m1 ms - 14[39m
[35m[HTTP][39m [90m[39m
[35m[HTTP][39m [37m-->[39m [37mGET[39m [37m/wd/hub/session/5698f557-2010-4217-98e9-6c21ce37afbe/window/rect[39m
[35m[HTTP][39m [90m{}[39m
[35m[HTTP][39m [37m<-- GET /wd/hub/session/5698f557-2010-4217-98e9-6c21ce37afbe/window/rect [39m[32m200[39m [90m28 ms - 50[39m
[35m[HTTP][39m [90m[39m
[35m[HTTP][39m [37m-->[39m [37mPOST[39m [37m/wd/hub/session/5698f557-2010-4217-98e9-6c21ce37afbe/elements[39m
[35m[HTTP][39m [90m{"using":"xpath","value":"//hierarchy/android.widget.FrameLayout[1]/android.widget.LinearLayout[1]/android.widget.FrameLayout[1]/android.widget.LinearLayout[1]/android.widget.FrameLayout[1]/android.widget.FrameLayout[1]/android.view.ViewGroup[1]/android.view.ViewGroup[1]/android.view.ViewGroup[1]/android.view.ViewGroup[11]/android.view.ViewGroup[1]/android.view.ViewGroup[1]/android.view.ViewGroup[1]/android.view.ViewGroup[2]/android.widget.Switch[3]"}[39m
[35m[HTTP][39m [37m<-- POST /wd/hub/session/5698f557-2010-4217-98e9-6c21ce37afbe/elements [39m[32m200[39m [90m238 ms - 139[39m
[35m[HTTP][39m [90m[39m
[35m[HTTP][39m [37m-->[39m [37mGET[39m [37m/wd/hub/session/5698f557-2010-4217-98e9-6c21ce37afbe/element/00000000-0000-018e-ffff-ffff00000489/location[39m
[35m[HTTP][39m [90m{}[39m
[35m[W3C (5698f557)][39m Driver proxy active, passing request on via HTTP proxy
[35m[WD Proxy][39m Replacing sessionId e214dc6b-3b37-4f7a-95fb-d57161ece4ed with 5698f557-2010-4217-98e9-6c21ce37afbe
[35m[HTTP][39m [37m<-- GET /wd/hub/session/5698f557-2010-4217-98e9-6c21ce37afbe/element/00000000-0000-018e-ffff-ffff00000489/location [39m[32m200[39m [90m32 ms - 80[39m
[35m[HTTP][39m [90m[39m
[35m[HTTP][39m [37m-->[39m [37mPOST[39m [37m/wd/hub/session/5698f557-2010-4217-98e9-6c21ce37afbe/timeouts[39m
[35m[HTTP][39m [90m{"implicit":30000}[39m
[35m[HTTP][39m [37m<-- POST /wd/hub/session/5698f557-2010-4217-98e9-6c21ce37afbe/timeouts [39m[32m200[39m [90m1 ms - 14[39m
[35m[HTTP][39m [90m[39m
[35m[HTTP][39m [37m-->[39m [37mPOST[39m [37m/wd/hub/session/5698f557-2010-4217-98e9-6c21ce37afbe/element/00000000-0000-018e-ffff-ffff00000489/click[39m
[35m[HTTP][39m [90m{"id":"00000000-0000-018e-ffff-ffff00000489"}[39m
[35m[HTTP][39m [37m<-- POST /wd/hub/session/5698f557-2010-4217-98e9-6c21ce37afbe/element/00000000-0000-018e-ffff-ffff00000489/click [39m[32m200[39m [90m926 ms - 14[39m
[35m[HTTP][39m [90m[39m
[35m[HTTP][39m [37m-->[39m [37mPOST[39m [37m/wd/hub/session/5698f557-2010-4217-98e9-6c21ce37afbe/timeouts[39m
[35m[HTTP][39m [90m{"implicit":50}[39m
[35m[HTTP][39m [37m<-- POST /wd/hub/session/5698f557-2010-4217-98e9-6c21ce37afbe/timeouts [39m[32m200[39m [90m1 ms - 14[39m
[35m[HTTP][39m [90m[39m
[35m[HTTP][39m [37m-->[39m [37mGET[39m [37m/wd/hub/session/5698f557-2010-4217-98e9-6c21ce37afbe/window/rect[39m
[35m[HTTP][39m [90m{}[39m
[35m[HTTP][39m [37m<-- GET /wd/hub/session/5698f557-2010-4217-98e9-6c21ce37afbe/window/rect [39m[32m200[39m [90m29 ms - 50[39m
[35m[HTTP][39m [90m[39m
[35m[HTTP][39m [37m-->[39m [37mPOST[39m [37m/wd/hub/session/5698f557-2010-4217-98e9-6c21ce37afbe/elements[39m
[35m[HTTP][39m [90m{"using":"xpath","value":"//hierarchy/android.widget.FrameLayout[1]/android.widget.LinearLayout[1]/android.widget.FrameLayout[1]/android.widget.LinearLayout[1]/android.widget.FrameLayout[1]/android.widget.FrameLayout[1]/android.view.ViewGroup[1]/android.view.ViewGroup[1]/android.view.ViewGroup[1]/android.view.ViewGroup[11]/android.view.ViewGroup[1]/android.view.ViewGroup[1]/android.view.ViewGroup[1]/android.view.ViewGroup[2]/android.widget.Switch[1]"}[39m
[35m[HTTP][39m [37m<-- POST /wd/hub/session/5698f557-2010-4217-98e9-6c21ce37afbe/elements [39m[32m200[39m [90m216 ms - 139[39m
[35m[HTTP][39m [90m[39m
[35m[HTTP][39m [37m-->[39m [37mGET[39m [37m/wd/hub/session/5698f557-2010-4217-98e9-6c21ce37afbe/element/00000000-0000-018e-ffff-ffff00000483/location[39m
[35m[HTTP][39m [90m{}[39m
[35m[W3C (5698f557)][39m Driver proxy active, passing request on via HTTP proxy
[35m[WD Proxy][39m Replacing sessionId e214dc6b-3b37-4f7a-95fb-d57161ece4ed with 5698f557-2010-4217-98e9-6c21ce37afbe
[35m[HTTP][39m [37m<-- GET /wd/hub/session/5698f557-2010-4217-98e9-6c21ce37afbe/element/00000000-0000-018e-ffff-ffff00000483/location [39m[32m200[39m [90m453 ms - 79[39m
[35m[HTTP][39m [90m[39m
[35m[HTTP][39m [37m-->[39m [37mPOST[39m [37m/wd/hub/session/5698f557-2010-4217-98e9-6c21ce37afbe/timeouts[39m
[35m[HTTP][39m [90m{"implicit":30000}[39m
[35m[HTTP][39m [37m<-- POST /wd/hub/session/5698f557-2010-4217-98e9-6c21ce37afbe/timeouts [39m[32m200[39m [90m1 ms - 14[39m
[35m[HTTP][39m [90m[39m
[35m[HTTP][39m [37m-->[39m [37mPOST[39m [37m/wd/hub/session/5698f557-2010-4217-98e9-6c21ce37afbe/timeouts[39m
[35m[HTTP][39m [90m{"implicit":50}[39m
[35m[HTTP][39m [37m<-- POST /wd/hub/session/5698f557-2010-4217-98e9-6c21ce37afbe/timeouts [39m[32m200[39m [90m1 ms - 14[39m
[35m[HTTP][39m [90m[39m
[35m[HTTP][39m [37m-->[39m [37mGET[39m [37m/wd/hub/session/5698f557-2010-4217-98e9-6c21ce37afbe/window/rect[39m
[35m[HTTP][39m [90m{}[39m
[35m[HTTP][39m [37m<-- GET /wd/hub/session/5698f557-2010-4217-98e9-6c21ce37afbe/window/rect [39m[32m200[39m [90m24 ms - 50[39m
[35m[HTTP][39m [90m[39m
[35m[HTTP][39m [37m-->[39m [37mPOST[39m [37m/wd/hub/session/5698f557-2010-4217-98e9-6c21ce37afbe/elements[39m
[35m[HTTP][39m [90m{"using":"xpath","value":"//hierarchy/android.widget.FrameLayout[1]/android.widget.LinearLayout[1]/android.widget.FrameLayout[1]/android.widget.LinearLayout[1]/android.widget.FrameLayout[1]/android.widget.FrameLayout[1]/android.view.ViewGroup[1]/android.view.ViewGroup[1]/android.view.ViewGroup[1]/android.view.ViewGroup[11]/android.view.ViewGroup[1]/android.view.ViewGroup[1]/android.view.ViewGroup[1]/android.view.ViewGroup[2]/android.widget.Switch[1]"}[39m
[35m[HTTP][39m [37m<-- POST /wd/hub/session/5698f557-2010-4217-98e9-6c21ce37afbe/elements [39m[32m200[39m [90m204 ms - 139[39m
[35m[HTTP][39m [90m[39m
[35m[HTTP][39m [37m-->[39m [37mGET[39m [37m/wd/hub/session/5698f557-2010-4217-98e9-6c21ce37afbe/element/00000000-0000-018e-ffff-ffff00000483/location[39m
[35m[HTTP][39m [90m{}[39m
[35m[W3C (5698f557)][39m Driver proxy active, passing request on via HTTP proxy
[35m[WD Proxy][39m Replacing sessionId e214dc6b-3b37-4f7a-95fb-d57161ece4ed with 5698f557-2010-4217-98e9-6c21ce37afbe
[35m[HTTP][39m [37m<-- GET /wd/hub/session/5698f557-2010-4217-98e9-6c21ce37afbe/element/00000000-0000-018e-ffff-ffff00000483/location [39m[32m200[39m [90m31 ms - 79[39m
[35m[HTTP][39m [90m[39m
[35m[HTTP][39m [37m-->[39m [37mPOST[39m [37m/wd/hub/session/5698f557-2010-4217-98e9-6c21ce37afbe/timeouts[39m
[35m[HTTP][39m [90m{"implicit":30000}[39m
[35m[HTTP][39m [37m<-- POST /wd/hub/session/5698f557-2010-4217-98e9-6c21ce37afbe/timeouts [39m[32m200[39m [90m1 ms - 14[39m
[35m[HTTP][39m [90m[39m
[35m[HTTP][39m [37m-->[39m [37mPOST[39m [37m/wd/hub/session/5698f557-2010-4217-98e9-6c21ce37afbe/element/00000000-0000-018e-ffff-ffff00000483/click[39m
[35m[HTTP][39m [90m{"id":"00000000-0000-018e-ffff-ffff00000483"}[39m
[35m[HTTP][39m [37m<-- POST /wd/hub/session/5698f557-2010-4217-98e9-6c21ce37afbe/element/00000000-0000-018e-ffff-ffff00000483/click [39m[32m200[39m [90m79 ms - 14[39m
[35m[HTTP][39m [90m[39m
[35m[HTTP][39m [37m-->[39m [37mPOST[39m [37m/wd/hub/session/5698f557-2010-4217-98e9-6c21ce37afbe/timeouts[39m
[35m[HTTP][39m [90m{"implicit":50}[39m
[35m[HTTP][39m [37m<-- POST /wd/hub/session/5698f557-2010-4217-98e9-6c21ce37afbe/timeouts [39m[32m200[39m [90m1 ms - 14[39m
[35m[HTTP][39m [90m[39m
[35m[HTTP][39m [37m-->[39m [37mGET[39m [37m/wd/hub/session/5698f557-2010-4217-98e9-6c21ce37afbe/window/rect[39m
[35m[HTTP][39m [90m{}[39m
[35m[HTTP][39m [37m<-- GET /wd/hub/session/5698f557-2010-4217-98e9-6c21ce37afbe/window/rect [39m[32m200[39m [90m30 ms - 50[39m
[35m[HTTP][39m [90m[39m
[35m[HTTP][39m [37m-->[39m [37mPOST[39m [37m/wd/hub/session/5698f557-2010-4217-98e9-6c21ce37afbe/elements[39m
[35m[HTTP][39m [90m{"using":"xpath","value":"//hierarchy/android.widget.FrameLayout[1]/android.widget.LinearLayout[1]/android.widget.FrameLayout[1]/android.widget.LinearLayout[1]/android.widget.FrameLayout[1]/android.widget.FrameLayout[1]/android.view.ViewGroup[1]/android.view.ViewGroup[1]/android.view.ViewGroup[1]/android.view.ViewGroup[11]/android.view.ViewGroup[1]/android.view.ViewGroup[1]/android.view.ViewGroup[1]/android.view.ViewGroup[2]/android.widget.Switch[2]"}[39m
[35m[HTTP][39m [37m<-- POST /wd/hub/session/5698f557-2010-4217-98e9-6c21ce37afbe/elements [39m[32m200[39m [90m1019 ms - 139[39m
[35m[HTTP][39m [90m[39m
[35m[HTTP][39m [37m-->[39m [37mGET[39m [37m/wd/hub/session/5698f557-2010-4217-98e9-6c21ce37afbe/element/00000000-0000-018e-ffff-ffff00000486/location[39m
[35m[HTTP][39m [90m{}[39m
[35m[W3C (5698f557)][39m Driver proxy active, passing request on via HTTP proxy
[35m[WD Proxy][39m Replacing sessionId e214dc6b-3b37-4f7a-95fb-d57161ece4ed with 5698f557-2010-4217-98e9-6c21ce37afbe
[35m[HTTP][39m [37m<-- GET /wd/hub/session/5698f557-2010-4217-98e9-6c21ce37afbe/element/00000000-0000-018e-ffff-ffff00000486/location [39m[32m200[39m [90m876 ms - 80[39m
[35m[HTTP][39m [90m[39m
[35m[HTTP][39m [37m-->[39m [37mPOST[39m [37m/wd/hub/session/5698f557-2010-4217-98e9-6c21ce37afbe/timeouts[39m
[35m[HTTP][39m [90m{"implicit":30000}[39m
[35m[HTTP][39m [37m<-- POST /wd/hub/session/5698f557-2010-4217-98e9-6c21ce37afbe/timeouts [39m[32m200[39m [90m2 ms - 14[39m
[35m[HTTP][39m [90m[39m
[35m[HTTP][39m [37m-->[39m [37mPOST[39m [37m/wd/hub/session/5698f557-2010-4217-98e9-6c21ce37afbe/timeouts[39m
[35m[HTTP][39m [90m{"implicit":50}[39m
[35m[HTTP][39m [37m<-- POST /wd/hub/session/5698f557-2010-4217-98e9-6c21ce37afbe/timeouts [39m[32m200[39m [90m1 ms - 14[39m
[35m[HTTP][39m [90m[39m
[35m[HTTP][39m [37m-->[39m [37mGET[39m [37m/wd/hub/session/5698f557-2010-4217-98e9-6c21ce37afbe/window/rect[39m
[35m[HTTP][39m [90m{}[39m
[35m[HTTP][39m [37m<-- GET /wd/hub/session/5698f557-2010-4217-98e9-6c21ce37afbe/window/rect [39m[32m200[39m [90m23 ms - 50[39m
[35m[HTTP][39m [90m[39m
[35m[HTTP][39m [37m-->[39m [37mPOST[39m [37m/wd/hub/session/5698f557-2010-4217-98e9-6c21ce37afbe/elements[39m
[35m[HTTP][39m [90m{"using":"xpath","value":"//hierarchy/android.widget.FrameLayout[1]/android.widget.LinearLayout[1]/android.widget.FrameLayout[1]/android.widget.LinearLayout[1]/android.widget.FrameLayout[1]/android.widget.FrameLayout[1]/android.view.ViewGroup[1]/android.view.ViewGroup[1]/android.view.ViewGroup[1]/android.view.ViewGroup[11]/android.view.ViewGroup[1]/android.view.ViewGroup[1]/android.view.ViewGroup[1]/android.view.ViewGroup[2]/android.widget.Switch[2]"}[39m
[35m[HTTP][39m [37m<-- POST /wd/hub/session/5698f557-2010-4217-98e9-6c21ce37afbe/elements [39m[32m200[39m [90m204 ms - 139[39m
[35m[HTTP][39m [90m[39m
[35m[HTTP][39m [37m-->[39m [37mGET[39m [37m/wd/hub/session/5698f557-2010-4217-98e9-6c21ce37afbe/element/00000000-0000-018e-ffff-ffff00000486/location[39m
[35m[HTTP][39m [90m{}[39m
[35m[W3C (5698f557)][39m Driver proxy active, passing request on via HTTP proxy
[35m[WD Proxy][39m Replacing sessionId e214dc6b-3b37-4f7a-95fb-d57161ece4ed with 5698f557-2010-4217-98e9-6c21ce37afbe
[35m[HTTP][39m [37m<-- GET /wd/hub/session/5698f557-2010-4217-98e9-6c21ce37afbe/element/00000000-0000-018e-ffff-ffff00000486/location [39m[32m200[39m [90m439 ms - 80[39m
[35m[HTTP][39m [90m[39m
[35m[HTTP][39m [37m-->[39m [37mPOST[39m [37m/wd/hub/session/5698f557-2010-4217-98e9-6c21ce37afbe/timeouts[39m
[35m[HTTP][39m [90m{"implicit":30000}[39m
[35m[HTTP][39m [37m<-- POST /wd/hub/session/5698f557-2010-4217-98e9-6c21ce37afbe/timeouts [39m[32m200[39m [90m1 ms - 14[39m
[35m[HTTP][39m [90m[39m
[35m[HTTP][39m [37m-->[39m [37mPOST[39m [37m/wd/hub/session/5698f557-2010-4217-98e9-6c21ce37afbe/element/00000000-0000-018e-ffff-ffff00000486/click[39m
[35m[HTTP][39m [90m{"id":"00000000-0000-018e-ffff-ffff00000486"}[39m
[35m[HTTP][39m [37m<-- POST /wd/hub/session/5698f557-2010-4217-98e9-6c21ce37afbe/element/00000000-0000-018e-ffff-ffff00000486/click [39m[32m200[39m [90m66 ms - 14[39m
[35m[HTTP][39m [90m[39m
[35m[HTTP][39m [37m-->[39m [37mPOST[39m [37m/wd/hub/session/5698f557-2010-4217-98e9-6c21ce37afbe/element[39m
[35m[HTTP][39m [90m{"using":"xpath","value":"//*[contains(@text, \"Often\" )]"}[39m
[35m[HTTP][39m [37m<-- POST /wd/hub/session/5698f557-2010-4217-98e9-6c21ce37afbe/element [39m[32m200[39m [90m1102 ms - 137[39m
[35m[HTTP][39m [90m[39m
[35m[HTTP][39m [37m-->[39m [37mPOST[39m [37m/wd/hub/session/5698f557-2010-4217-98e9-6c21ce37afbe/element/00000000-0000-018e-ffff-ffff0000049c/click[39m
[35m[HTTP][39m [90m{"id":"00000000-0000-018e-ffff-ffff0000049c"}[39m
[35m[HTTP][39m [37m<-- POST /wd/hub/session/5698f557-2010-4217-98e9-6c21ce37afbe/element/00000000-0000-018e-ffff-ffff0000049c/click [39m[32m200[39m [90m73 ms - 14[39m
[35m[HTTP][39m [90m[39m
[35m[HTTP][39m [37m-->[39m [37mPOST[39m [37m/wd/hub/session/5698f557-2010-4217-98e9-6c21ce37afbe/element[39m
[35m[HTTP][39m [90m{"using":"xpath","value":"//*[contains(@text, \"Socially\" )]"}[39m
[35m[HTTP][39m [37m<-- POST /wd/hub/session/5698f557-2010-4217-98e9-6c21ce37afbe/element [39m[32m200[39m [90m1236 ms - 137[39m
[35m[HTTP][39m [90m[39m
[35m[HTTP][39m [37m-->[39m [37mPOST[39m [37m/wd/hub/session/5698f557-2010-4217-98e9-6c21ce37afbe/element/00000000-0000-018e-ffff-ffff0000049a/click[39m
[35m[HTTP][39m [90m{"id":"00000000-0000-018e-ffff-ffff0000049a"}[39m
[35m[HTTP][39m [37m<-- POST /wd/hub/session/5698f557-2010-4217-98e9-6c21ce37afbe/element/00000000-0000-018e-ffff-ffff0000049a/click [39m[32m200[39m [90m529 ms - 14[39m
[35m[HTTP][39m [90m[39m
[35m[HTTP][39m [37m-->[39m [37mPOST[39m [37m/wd/hub/session/5698f557-2010-4217-98e9-6c21ce37afbe/element[39m
[35m[HTTP][39m [90m{"using":"xpath","value":"//*[contains(@text, \"Often\" )]"}[39m
[35m[HTTP][39m [37m<-- POST /wd/hub/session/5698f557-2010-4217-98e9-6c21ce37afbe/element [39m[32m200[39m [90m183 ms - 137[39m
[35m[HTTP][39m [90m[39m
[35m[HTTP][39m [37m-->[39m [37mPOST[39m [37m/wd/hub/session/5698f557-2010-4217-98e9-6c21ce37afbe/element/00000000-0000-018e-ffff-ffff0000049c/click[39m
[35m[HTTP][39m [90m{"id":"00000000-0000-018e-ffff-ffff0000049c"}[39m
[35m[HTTP][39m [37m<-- POST /wd/hub/session/5698f557-2010-4217-98e9-6c21ce37afbe/element/00000000-0000-018e-ffff-ffff0000049c/click [39m[32m200[39m [90m812 ms - 14[39m
[35m[HTTP][39m [90m[39m
[35m[HTTP][39m [37m-->[39m [37mPOST[39m [37m/wd/hub/session/5698f557-2010-4217-98e9-6c21ce37afbe/element[39m
[35m[HTTP][39m [90m{"using":"xpath","value":"//*[contains(@text, \"Socially\" )]"}[39m
[35m[HTTP][39m [37m<-- POST /wd/hub/session/5698f557-2010-4217-98e9-6c21ce37afbe/element [39m[32m200[39m [90m1382 ms - 137[39m
[35m[HTTP][39m [90m[39m
[35m[HTTP][39m [37m-->[39m [37mPOST[39m [37m/wd/hub/session/5698f557-2010-4217-98e9-6c21ce37afbe/element/00000000-0000-018e-ffff-ffff0000049a/click[39m
[35m[HTTP][39m [90m{"id":"00000000-0000-018e-ffff-ffff0000049a"}[39m
[35m[HTTP][39m [37m<-- POST /wd/hub/session/5698f557-2010-4217-98e9-6c21ce37afbe/element/00000000-0000-018e-ffff-ffff0000049a/click [39m[32m200[39m [90m1630 ms - 14[39m
[35m[HTTP][39m [90m[39m
[35m[HTTP][39m [37m-->[39m [37mPOST[39m [37m/wd/hub/session/5698f557-2010-4217-98e9-6c21ce37afbe/element[39m
[35m[HTTP][39m [90m{"using":"xpath","value":"//*[contains(@text, \"Often\" )]"}[39m
[35m[HTTP][39m [37m<-- POST /wd/hub/session/5698f557-2010-4217-98e9-6c21ce37afbe/element [39m[32m200[39m [90m207 ms - 137[39m
[35m[HTTP][39m [90m[39m
[35m[HTTP][39m [37m-->[39m [37mPOST[39m [37m/wd/hub/session/5698f557-2010-4217-98e9-6c21ce37afbe/element/00000000-0000-018e-ffff-ffff0000049c/click[39m
[35m[HTTP][39m [90m{"id":"00000000-0000-018e-ffff-ffff0000049c"}[39m
[35m[HTTP][39m [37m<-- POST /wd/hub/session/5698f557-2010-4217-98e9-6c21ce37afbe/element/00000000-0000-018e-ffff-ffff0000049c/click [39m[32m200[39m [90m1734 ms - 14[39m
[35m[HTTP][39m [90m[39m
[35m[HTTP][39m [37m-->[39m [37mPOST[39m [37m/wd/hub/session/5698f557-2010-4217-98e9-6c21ce37afbe/element[39m
[35m[HTTP][39m [90m{"using":"xpath","value":"//*[contains(@text, \"Socially\" )]"}[39m
[35m[HTTP][39m [37m<-- POST /wd/hub/session/5698f557-2010-4217-98e9-6c21ce37afbe/element [39m[32m200[39m [90m230 ms - 137[39m
[35m[HTTP][39m [90m[39m
[35m[HTTP][39m [37m-->[39m [37mPOST[39m [37m/wd/hub/session/5698f557-2010-4217-98e9-6c21ce37afbe/element/00000000-0000-018e-ffff-ffff0000049a/click[39m
[35m[HTTP][39m [90m{"id":"00000000-0000-018e-ffff-ffff0000049a"}[39m
[35m[HTTP][39m [37m<-- POST /wd/hub/session/5698f557-2010-4217-98e9-6c21ce37afbe/element/00000000-0000-018e-ffff-ffff0000049a/click [39m[32m200[39m [90m58 ms - 14[39m
[35m[HTTP][39m [90m[39m
[35m[HTTP][39m [37m-->[39m [37mPOST[39m [37m/wd/hub/session/5698f557-2010-4217-98e9-6c21ce37afbe/element[39m
[35m[HTTP][39m [90m{"using":"xpath","value":"//*[contains(@text, \"Often\" )]"}[39m
[35m[HTTP][39m [37m<-- POST /wd/hub/session/5698f557-2010-4217-98e9-6c21ce37afbe/element [39m[32m200[39m [90m236 ms - 137[39m
[35m[HTTP][39m [90m[39m
[35m[HTTP][39m [37m-->[39m [37mPOST[39m [37m/wd/hub/session/5698f557-2010-4217-98e9-6c21ce37afbe/element/00000000-0000-018e-ffff-ffff0000049c/click[39m
[35m[HTTP][39m [90m{"id":"00000000-0000-018e-ffff-ffff0000049c"}[39m
[35m[HTTP][39m [37m<-- POST /wd/hub/session/5698f557-2010-4217-98e9-6c21ce37afbe/element/00000000-0000-018e-ffff-ffff0000049c/click [39m[32m200[39m [90m486 ms - 14[39m
[35m[HTTP][39m [90m[39m
[35m[HTTP][39m [37m-->[39m [37mPOST[39m [37m/wd/hub/session/5698f557-2010-4217-98e9-6c21ce37afbe/element[39m
[35m[HTTP][39m [90m{"using":"xpath","value":"//*[contains(@text, \"Socially\" )]"}[39m
[35m[HTTP][39m [37m<-- POST /wd/hub/session/5698f557-2010-4217-98e9-6c21ce37afbe/element [39m[32m200[39m [90m1438 ms - 137[39m
[35m[HTTP][39m [90m[39m
[35m[HTTP][39m [37m-->[39m [37mPOST[39m [37m/wd/hub/session/5698f557-2010-4217-98e9-6c21ce37afbe/element/00000000-0000-018e-ffff-ffff0000049a/click[39m
[35m[HTTP][39m [90m{"id":"00000000-0000-018e-ffff-ffff0000049a"}[39m
[35m[HTTP][39m [37m<-- POST /wd/hub/session/5698f557-2010-4217-98e9-6c21ce37afbe/element/00000000-0000-018e-ffff-ffff0000049a/click [39m[32m200[39m [90m557 ms - 14[39m
[35m[HTTP][39m [90m[39m
[35m[HTTP][39m [37m-->[39m [37mPOST[39m [37m/wd/hub/session/5698f557-2010-4217-98e9-6c21ce37afbe/element[39m
[35m[HTTP][39m [90m{"using":"xpath","value":"//*[contains(@text, \"Often\" )]"}[39m
[35m[HTTP][39m [37m<-- POST /wd/hub/session/5698f557-2010-4217-98e9-6c21ce37afbe/element [39m[32m200[39m [90m226 ms - 137[39m
[35m[HTTP][39m [90m[39m
[35m[HTTP][39m [37m-->[39m [37mPOST[39m [37m/wd/hub/session/5698f557-2010-4217-98e9-6c21ce37afbe/element/00000000-0000-018e-ffff-ffff0000049c/click[39m
[35m[HTTP][39m [90m{"id":"00000000-0000-018e-ffff-ffff0000049c"}[39m
[35m[HTTP][39m [37m<-- POST /wd/hub/session/5698f557-2010-4217-98e9-6c21ce37afbe/element/00000000-0000-018e-ffff-ffff0000049c/click [39m[32m200[39m [90m773 ms - 14[39m
[35m[HTTP][39m [90m[39m
[35m[HTTP][39m [37m-->[39m [37mPOST[39m [37m/wd/hub/session/5698f557-2010-4217-98e9-6c21ce37afbe/timeouts[39m
[35m[HTTP][39m [90m{"implicit":50}[39m
[35m[HTTP][39m [37m<-- POST /wd/hub/session/5698f557-2010-4217-98e9-6c21ce37afbe/timeouts [39m[32m200[39m [90m1 ms - 14[39m
[35m[HTTP][39m [90m[39m
[35m[HTTP][39m [37m-->[39m [37mGET[39m [37m/wd/hub/session/5698f557-2010-4217-98e9-6c21ce37afbe/window/rect[39m
[35m[HTTP][39m [90m{}[39m
[35m[HTTP][39m [37m<-- GET /wd/hub/session/5698f557-2010-4217-98e9-6c21ce37afbe/window/rect [39m[32m200[39m [90m19 ms - 50[39m
[35m[HTTP][39m [90m[39m
[35m[HTTP][39m [37m-->[39m [37mPOST[39m [37m/wd/hub/session/5698f557-2010-4217-98e9-6c21ce37afbe/elements[39m
[35m[HTTP][39m [90m{"using":"xpath","value":"//*[@class = 'android.widget.TextView' and (@text = 'Continue' or . = 'Continue')]"}[39m
[35m[HTTP][39m [37m<-- POST /wd/hub/session/5698f557-2010-4217-98e9-6c21ce37afbe/elements [39m[32m200[39m [90m1404 ms - 139[39m
[35m[HTTP][39m [90m[39m
[35m[HTTP][39m [37m-->[39m [37mGET[39m [37m/wd/hub/session/5698f557-2010-4217-98e9-6c21ce37afbe/element/00000000-0000-018e-ffff-ffff0000048b/location[39m
[35m[HTTP][39m [90m{}[39m
[35m[W3C (5698f557)][39m Driver proxy active, passing request on via HTTP proxy
[35m[WD Proxy][39m Replacing sessionId e214dc6b-3b37-4f7a-95fb-d57161ece4ed with 5698f557-2010-4217-98e9-6c21ce37afbe
[35m[HTTP][39m [37m<-- GET /wd/hub/session/5698f557-2010-4217-98e9-6c21ce37afbe/element/00000000-0000-018e-ffff-ffff0000048b/location [39m[32m200[39m [90m495 ms - 79[39m
[35m[HTTP][39m [90m[39m
[35m[HTTP][39m [37m-->[39m [37mPOST[39m [37m/wd/hub/session/5698f557-2010-4217-98e9-6c21ce37afbe/timeouts[39m
[35m[HTTP][39m [90m{"implicit":30000}[39m
[35m[HTTP][39m [37m<-- POST /wd/hub/session/5698f557-2010-4217-98e9-6c21ce37afbe/timeouts [39m[32m200[39m [90m1 ms - 14[39m
[35m[HTTP][39m [90m[39m
[35m[HTTP][39m [37m-->[39m [37mPOST[39m [37m/wd/hub/session/5698f557-2010-4217-98e9-6c21ce37afbe/timeouts[39m
[35m[HTTP][39m [90m{"implicit":50}[39m
[35m[HTTP][39m [37m<-- POST /wd/hub/session/5698f557-2010-4217-98e9-6c21ce37afbe/timeouts [39m[32m200[39m [90m1 ms - 14[39m
[35m[HTTP][39m [90m[39m
[35m[HTTP][39m [37m-->[39m [37mGET[39m [37m/wd/hub/session/5698f557-2010-4217-98e9-6c21ce37afbe/window/rect[39m
[35m[HTTP][39m [90m{}[39m
[35m[HTTP][39m [37m<-- GET /wd/hub/session/5698f557-2010-4217-98e9-6c21ce37afbe/window/rect [39m[32m200[39m [90m26 ms - 50[39m
[35m[HTTP][39m [90m[39m
[35m[HTTP][39m [37m-->[39m [37mPOST[39m [37m/wd/hub/session/5698f557-2010-4217-98e9-6c21ce37afbe/elements[39m
[35m[HTTP][39m [90m{"using":"xpath","value":"//*[@class = 'android.widget.TextView' and (@text = 'Continue' or . = 'Continue')]"}[39m
[35m[HTTP][39m [37m<-- POST /wd/hub/session/5698f557-2010-4217-98e9-6c21ce37afbe/elements [39m[32m200[39m [90m180 ms - 139[39m
[35m[HTTP][39m [90m[39m
[35m[HTTP][39m [37m-->[39m [37mGET[39m [37m/wd/hub/session/5698f557-2010-4217-98e9-6c21ce37afbe/element/00000000-0000-018e-ffff-ffff0000048b/location[39m
[35m[HTTP][39m [90m{}[39m
[35m[W3C (5698f557)][39m Driver proxy active, passing request on via HTTP proxy
[35m[WD Proxy][39m Replacing sessionId e214dc6b-3b37-4f7a-95fb-d57161ece4ed with 5698f557-2010-4217-98e9-6c21ce37afbe
[35m[HTTP][39m [37m<-- GET /wd/hub/session/5698f557-2010-4217-98e9-6c21ce37afbe/element/00000000-0000-018e-ffff-ffff0000048b/location [39m[32m200[39m [90m17 ms - 79[39m
[35m[HTTP][39m [90m[39m
[35m[HTTP][39m [37m-->[39m [37mPOST[39m [37m/wd/hub/session/5698f557-2010-4217-98e9-6c21ce37afbe/timeouts[39m
[35m[HTTP][39m [90m{"implicit":30000}[39m
[35m[HTTP][39m [37m<-- POST /wd/hub/session/5698f557-2010-4217-98e9-6c21ce37afbe/timeouts [39m[32m200[39m [90m1 ms - 14[39m
[35m[HTTP][39m [90m[39m
[35m[HTTP][39m [37m-->[39m [37mPOST[39m [37m/wd/hub/session/5698f557-2010-4217-98e9-6c21ce37afbe/element/00000000-0000-018e-ffff-ffff0000048b/click[39m
[35m[HTTP][39m [90m{"id":"00000000-0000-018e-ffff-ffff0000048b"}[39m
[35m[HTTP][39m [37m<-- POST /wd/hub/session/5698f557-2010-4217-98e9-6c21ce37afbe/element/00000000-0000-018e-ffff-ffff0000048b/click [39m[32m200[39m [90m68 ms - 14[39m
[35m[HTTP][39m [90m[39m
[35m[HTTP][39m [37m-->[39m [37mPOST[39m [37m/wd/hub/session/5698f557-2010-4217-98e9-6c21ce37afbe/timeouts[39m
[35m[HTTP][39m [90m{"implicit":50}[39m
[35m[HTTP][39m [37m<-- POST /wd/hub/session/5698f557-2010-4217-98e9-6c21ce37afbe/timeouts [39m[32m200[39m [90m1 ms - 14[39m
[35m[HTTP][39m [90m[39m
[35m[HTTP][39m [37m-->[39m [37mGET[39m [37m/wd/hub/session/5698f557-2010-4217-98e9-6c21ce37afbe/window/rect[39m
[35m[HTTP][39m [90m{}[39m
[35m[HTTP][39m [37m<-- GET /wd/hub/session/5698f557-2010-4217-98e9-6c21ce37afbe/window/rect [39m[32m200[39m [90m17 ms - 50[39m
[35m[HTTP][39m [90m[39m
[35m[HTTP][39m [37m-->[39m [37mPOST[39m [37m/wd/hub/session/5698f557-2010-4217-98e9-6c21ce37afbe/elements[39m
[35m[HTTP][39m [90m{"using":"xpath","value":"//*[@class = 'android.widget.ImageView' and (@text = '' or . = '')]"}[39m
[35m[HTTP][39m [37m<-- POST /wd/hub/session/5698f557-2010-4217-98e9-6c21ce37afbe/elements [39m[32m200[39m [90m135 ms - 139[39m
[35m[HTTP][39m [90m[39m
[35m[HTTP][39m [37m-->[39m [37mGET[39m [37m/wd/hub/session/5698f557-2010-4217-98e9-6c21ce37afbe/element/00000000-0000-018e-ffff-ffff00000480/location[39m
[35m[HTTP][39m [90m{}[39m
[35m[W3C (5698f557)][39m Driver proxy active, passing request on via HTTP proxy
[35m[WD Proxy][39m Replacing sessionId e214dc6b-3b37-4f7a-95fb-d57161ece4ed with 5698f557-2010-4217-98e9-6c21ce37afbe
[35m[HTTP][39m [37m<-- GET /wd/hub/session/5698f557-2010-4217-98e9-6c21ce37afbe/element/00000000-0000-018e-ffff-ffff00000480/location [39m[32m200[39m [90m1866 ms - 77[39m
[35m[HTTP][39m [90m[39m
[35m[HTTP][39m [37m-->[39m [37mPOST[39m [37m/wd/hub/session/5698f557-2010-4217-98e9-6c21ce37afbe/timeouts[39m
[35m[HTTP][39m [90m{"implicit":30000}[39m
[35m[HTTP][39m [37m<-- POST /wd/hub/session/5698f557-2010-4217-98e9-6c21ce37afbe/timeouts [39m[32m200[39m [90m1 ms - 14[39m
[35m[HTTP][39m [90m[39m
[35m[HTTP][39m [37m-->[39m [37mPOST[39m [37m/wd/hub/session/5698f557-2010-4217-98e9-6c21ce37afbe/timeouts[39m
[35m[HTTP][39m [90m{"implicit":50}[39m
[35m[HTTP][39m [37m<-- POST /wd/hub/session/5698f557-2010-4217-98e9-6c21ce37afbe/timeouts [39m[32m200[39m [90m1 ms - 14[39m
[35m[HTTP][39m [90m[39m
[35m[HTTP][39m [37m-->[39m [37mGET[39m [37m/wd/hub/session/5698f557-2010-4217-98e9-6c21ce37afbe/window/rect[39m
[35m[HTTP][39m [90m{}[39m
[35m[HTTP][39m [37m<-- GET /wd/hub/session/5698f557-2010-4217-98e9-6c21ce37afbe/window/rect [39m[32m200[39m [90m21 ms - 50[39m
[35m[HTTP][39m [90m[39m
[35m[HTTP][39m [37m-->[39m [37mPOST[39m [37m/wd/hub/session/5698f557-2010-4217-98e9-6c21ce37afbe/elements[39m
[35m[HTTP][39m [90m{"using":"xpath","value":"//*[@class = 'android.widget.TextView' and (@text = '' or . = '')]"}[39m
[35m[HTTP][39m [37m<-- POST /wd/hub/session/5698f557-2010-4217-98e9-6c21ce37afbe/elements [39m[32m200[39m [90m269 ms - 139[39m
[35m[HTTP][39m [90m[39m
[35m[HTTP][39m [37m-->[39m [37mGET[39m [37m/wd/hub/session/5698f557-2010-4217-98e9-6c21ce37afbe/element/00000000-0000-018e-ffff-ffff000004bb/location[39m
[35m[HTTP][39m [90m{}[39m
[35m[W3C (5698f557)][39m Driver proxy active, passing request on via HTTP proxy
[35m[WD Proxy][39m Replacing sessionId e214dc6b-3b37-4f7a-95fb-d57161ece4ed with 5698f557-2010-4217-98e9-6c21ce37afbe
[35m[HTTP][39m [37m<-- GET /wd/hub/session/5698f557-2010-4217-98e9-6c21ce37afbe/element/00000000-0000-018e-ffff-ffff000004bb/location [39m[32m200[39m [90m14 ms - 77[39m
[35m[HTTP][39m [90m[39m
[35m[HTTP][39m [37m-->[39m [37mPOST[39m [37m/wd/hub/session/5698f557-2010-4217-98e9-6c21ce37afbe/timeouts[39m
[35m[HTTP][39m [90m{"implicit":30000}[39m
[35m[HTTP][39m [37m<-- POST /wd/hub/session/5698f557-2010-4217-98e9-6c21ce37afbe/timeouts [39m[32m200[39m [90m1 ms - 14[39m
[35m[HTTP][39m [90m[39m
[35m[HTTP][39m [37m-->[39m [37mPOST[39m [37m/wd/hub/session/5698f557-2010-4217-98e9-6c21ce37afbe/timeouts[39m
[35m[HTTP][39m [90m{"implicit":50}[39m
[35m[HTTP][39m [37m<-- POST /wd/hub/session/5698f557-2010-4217-98e9-6c21ce37afbe/timeouts [39m[32m200[39m [90m1 ms - 14[39m
[35m[HTTP][39m [90m[39m
[35m[HTTP][39m [37m-->[39m [37mGET[39m [37m/wd/hub/session/5698f557-2010-4217-98e9-6c21ce37afbe/window/rect[39m
[35m[HTTP][39m [90m{}[39m
[35m[HTTP][39m [37m<-- GET /wd/hub/session/5698f557-2010-4217-98e9-6c21ce37afbe/window/rect [39m[32m200[39m [90m17 ms - 50[39m
[35m[HTTP][39m [90m[39m
[35m[HTTP][39m [37m-->[39m [37mPOST[39m [37m/wd/hub/session/5698f557-2010-4217-98e9-6c21ce37afbe/elements[39m
[35m[HTTP][39m [90m{"using":"xpath","value":"//*[@class = 'android.widget.TextView' and (@text = '' or . = '')]"}[39m
[35m[HTTP][39m [37m<-- POST /wd/hub/session/5698f557-2010-4217-98e9-6c21ce37afbe/elements [39m[32m200[39m [90m217 ms - 139[39m
[35m[HTTP][39m [90m[39m
[35m[HTTP][39m [37m-->[39m [37mGET[39m [37m/wd/hub/session/5698f557-2010-4217-98e9-6c21ce37afbe/element/00000000-0000-018e-ffff-ffff000004bb/location[39m
[35m[HTTP][39m [90m{}[39m
[35m[W3C (5698f557)][39m Driver proxy active, passing request on via HTTP proxy
[35m[WD Proxy][39m Replacing sessionId e214dc6b-3b37-4f7a-95fb-d57161ece4ed with 5698f557-2010-4217-98e9-6c21ce37afbe
[35m[HTTP][39m [37m<-- GET /wd/hub/session/5698f557-2010-4217-98e9-6c21ce37afbe/element/00000000-0000-018e-ffff-ffff000004bb/location [39m[32m200[39m [90m464 ms - 77[39m
[35m[HTTP][39m [90m[39m
[35m[HTTP][39m [37m-->[39m [37mPOST[39m [37m/wd/hub/session/5698f557-2010-4217-98e9-6c21ce37afbe/timeouts[39m
[35m[HTTP][39m [90m{"implicit":30000}[39m
[35m[HTTP][39m [37m<-- POST /wd/hub/session/5698f557-2010-4217-98e9-6c21ce37afbe/timeouts [39m[32m200[39m [90m2 ms - 14[39m
[35m[HTTP][39m [90m[39m
[35m[HTTP][39m [37m-->[39m [37mPOST[39m [37m/wd/hub/session/5698f557-2010-4217-98e9-6c21ce37afbe/element/00000000-0000-018e-ffff-ffff000004bb/click[39m
[35m[HTTP][39m [90m{"id":"00000000-0000-018e-ffff-ffff000004bb"}[39m
[35m[HTTP][39m [37m<-- POST /wd/hub/session/5698f557-2010-4217-98e9-6c21ce37afbe/element/00000000-0000-018e-ffff-ffff000004bb/click [39m[32m200[39m [90m77 ms - 14[39m
[35m[HTTP][39m [90m[39m
[35m[HTTP][39m [37m-->[39m [37mPOST[39m [37m/wd/hub/session/5698f557-2010-4217-98e9-6c21ce37afbe/timeouts[39m
[35m[HTTP][39m [90m{"implicit":50}[39m
[35m[HTTP][39m [37m<-- POST /wd/hub/session/5698f557-2010-4217-98e9-6c21ce37afbe/timeouts [39m[32m200[39m [90m1 ms - 14[39m
[35m[HTTP][39m [90m[39m
[35m[HTTP][39m [37m-->[39m [37mGET[39m [37m/wd/hub/session/5698f557-2010-4217-98e9-6c21ce37afbe/window/rect[39m
[35m[HTTP][39m [90m{}[39m
[35m[HTTP][39m [37m<-- GET /wd/hub/session/5698f557-2010-4217-98e9-6c21ce37afbe/window/rect [39m[32m200[39m [90m29 ms - 50[39m
[35m[HTTP][39m [90m[39m
[35m[HTTP][39m [37m-->[39m [37mPOST[39m [37m/wd/hub/session/5698f557-2010-4217-98e9-6c21ce37afbe/elements[39m
[35m[HTTP][39m [90m{"using":"xpath","value":"//*[@class = 'android.widget.ImageView' and (@text = '' or . = '')]"}[39m
[35m[HTTP][39m [37m<-- POST /wd/hub/session/5698f557-2010-4217-98e9-6c21ce37afbe/elements [39m[32m200[39m [90m411 ms - 139[39m
[35m[HTTP][39m [90m[39m
[35m[HTTP][39m [37m-->[39m [37mGET[39m [37m/wd/hub/session/5698f557-2010-4217-98e9-6c21ce37afbe/element/00000000-0000-018e-ffff-ffff00000480/location[39m
[35m[HTTP][39m [90m{}[39m
[35m[W3C (5698f557)][39m Driver proxy active, passing request on via HTTP proxy
[35m[WD Proxy][39m Replacing sessionId e214dc6b-3b37-4f7a-95fb-d57161ece4ed with 5698f557-2010-4217-98e9-6c21ce37afbe
[35m[HTTP][39m [37m<-- GET /wd/hub/session/5698f557-2010-4217-98e9-6c21ce37afbe/element/00000000-0000-018e-ffff-ffff00000480/location [39m[32m200[39m [90m426 ms - 77[39m
[35m[HTTP][39m [90m[39m
[35m[HTTP][39m [37m-->[39m [37mPOST[39m [37m/wd/hub/session/5698f557-2010-4217-98e9-6c21ce37afbe/timeouts[39m
[35m[HTTP][39m [90m{"implicit":30000}[39m
[35m[HTTP][39m [37m<-- POST /wd/hub/session/5698f557-2010-4217-98e9-6c21ce37afbe/timeouts [39m[32m200[39m [90m1 ms - 14[39m
[35m[HTTP][39m [90m[39m
[35m[HTTP][39m [37m-->[39m [37mPOST[39m [37m/wd/hub/session/5698f557-2010-4217-98e9-6c21ce37afbe/timeouts[39m
[35m[HTTP][39m [90m{"implicit":50}[39m
[35m[HTTP][39m [37m<-- POST /wd/hub/session/5698f557-2010-4217-98e9-6c21ce37afbe/timeouts [39m[32m200[39m [90m1 ms - 14[39m
[35m[HTTP][39m [90m[39m
[35m[HTTP][39m [37m-->[39m [37mGET[39m [37m/wd/hub/session/5698f557-2010-4217-98e9-6c21ce37afbe/window/rect[39m
[35m[HTTP][39m [90m{}[39m
[35m[HTTP][39m [37m<-- GET /wd/hub/session/5698f557-2010-4217-98e9-6c21ce37afbe/window/rect [39m[32m200[39m [90m9 ms - 50[39m
[35m[HTTP][39m [90m[39m
[35m[HTTP][39m [37m-->[39m [37mPOST[39m [37m/wd/hub/session/5698f557-2010-4217-98e9-6c21ce37afbe/elements[39m
[35m[HTTP][39m [90m{"using":"xpath","value":"//*[@class = 'android.widget.TextView' and (@text = 'Continue' or . = 'Continue')]"}[39m
[35m[HTTP][39m [37m<-- POST /wd/hub/session/5698f557-2010-4217-98e9-6c21ce37afbe/elements [39m[32m200[39m [90m146 ms - 139[39m
[35m[HTTP][39m [90m[39m
[35m[HTTP][39m [37m-->[39m [37mGET[39m [37m/wd/hub/session/5698f557-2010-4217-98e9-6c21ce37afbe/element/00000000-0000-018e-ffff-ffff0000048b/location[39m
[35m[HTTP][39m [90m{}[39m
[35m[W3C (5698f557)][39m Driver proxy active, passing request on via HTTP proxy
[35m[WD Proxy][39m Replacing sessionId e214dc6b-3b37-4f7a-95fb-d57161ece4ed with 5698f557-2010-4217-98e9-6c21ce37afbe
[35m[HTTP][39m [37m<-- GET /wd/hub/session/5698f557-2010-4217-98e9-6c21ce37afbe/element/00000000-0000-018e-ffff-ffff0000048b/location [39m[32m200[39m [90m14 ms - 79[39m
[35m[HTTP][39m [90m[39m
[35m[HTTP][39m [37m-->[39m [37mPOST[39m [37m/wd/hub/session/5698f557-2010-4217-98e9-6c21ce37afbe/timeouts[39m
[35m[HTTP][39m [90m{"implicit":30000}[39m
[35m[HTTP][39m [37m<-- POST /wd/hub/session/5698f557-2010-4217-98e9-6c21ce37afbe/timeouts [39m[32m200[39m [90m1 ms - 14[39m
[35m[HTTP][39m [90m[39m
[35m[HTTP][39m [37m-->[39m [37mPOST[39m [37m/wd/hub/session/5698f557-2010-4217-98e9-6c21ce37afbe/timeouts[39m
[35m[HTTP][39m [90m{"implicit":50}[39m
[35m[HTTP][39m [37m<-- POST /wd/hub/session/5698f557-2010-4217-98e9-6c21ce37afbe/timeouts [39m[32m200[39m [90m1 ms - 14[39m
[35m[HTTP][39m [90m[39m
[35m[HTTP][39m [37m-->[39m [37mGET[39m [37m/wd/hub/session/5698f557-2010-4217-98e9-6c21ce37afbe/window/rect[39m
[35m[HTTP][39m [90m{}[39m
[35m[HTTP][39m [37m<-- GET /wd/hub/session/5698f557-2010-4217-98e9-6c21ce37afbe/window/rect [39m[32m200[39m [90m13 ms - 50[39m
[35m[HTTP][39m [90m[39m
[35m[HTTP][39m [37m-->[39m [37mPOST[39m [37m/wd/hub/session/5698f557-2010-4217-98e9-6c21ce37afbe/elements[39m
[35m[HTTP][39m [90m{"using":"xpath","value":"//*[@class = 'android.widget.TextView' and (@text = 'Continue' or . = 'Continue')]"}[39m
[35m[HTTP][39m [37m<-- POST /wd/hub/session/5698f557-2010-4217-98e9-6c21ce37afbe/elements [39m[32m200[39m [90m135 ms - 139[39m
[35m[HTTP][39m [90m[39m
[35m[HTTP][39m [37m-->[39m [37mGET[39m [37m/wd/hub/session/5698f557-2010-4217-98e9-6c21ce37afbe/element/00000000-0000-018e-ffff-ffff0000048b/location[39m
[35m[HTTP][39m [90m{}[39m
[35m[W3C (5698f557)][39m Driver proxy active, passing request on via HTTP proxy
[35m[WD Proxy][39m Replacing sessionId e214dc6b-3b37-4f7a-95fb-d57161ece4ed with 5698f557-2010-4217-98e9-6c21ce37afbe
[35m[HTTP][39m [37m<-- GET /wd/hub/session/5698f557-2010-4217-98e9-6c21ce37afbe/element/00000000-0000-018e-ffff-ffff0000048b/location [39m[32m200[39m [90m13 ms - 79[39m
[35m[HTTP][39m [90m[39m
[35m[HTTP][39m [37m-->[39m [37mPOST[39m [37m/wd/hub/session/5698f557-2010-4217-98e9-6c21ce37afbe/timeouts[39m
[35m[HTTP][39m [90m{"implicit":30000}[39m
[35m[HTTP][39m [37m<-- POST /wd/hub/session/5698f557-2010-4217-98e9-6c21ce37afbe/timeouts [39m[32m200[39m [90m1 ms - 14[39m
[35m[HTTP][39m [90m[39m
[35m[HTTP][39m [37m-->[39m [37mPOST[39m [37m/wd/hub/session/5698f557-2010-4217-98e9-6c21ce37afbe/element/00000000-0000-018e-ffff-ffff0000048b/click[39m
[35m[HTTP][39m [90m{"id":"00000000-0000-018e-ffff-ffff0000048b"}[39m
[35m[HTTP][39m [37m<-- POST /wd/hub/session/5698f557-2010-4217-98e9-6c21ce37afbe/element/00000000-0000-018e-ffff-ffff0000048b/click [39m[32m200[39m [90m2719 ms - 14[39m
[35m[HTTP][39m [90m[39m
[35m[HTTP][39m [37m-->[39m [37mPOST[39m [37m/wd/hub/session/5698f557-2010-4217-98e9-6c21ce37afbe/timeouts[39m
[35m[HTTP][39m [90m{"implicit":50}[39m
[35m[HTTP][39m [37m<-- POST /wd/hub/session/5698f557-2010-4217-98e9-6c21ce37afbe/timeouts [39m[32m200[39m [90m1 ms - 14[39m
[35m[HTTP][39m [90m[39m
[35m[HTTP][39m [37m-->[39m [37mGET[39m [37m/wd/hub/session/5698f557-2010-4217-98e9-6c21ce37afbe/window/rect[39m
[35m[HTTP][39m [90m{}[39m
[35m[HTTP][39m [37m<-- GET /wd/hub/session/5698f557-2010-4217-98e9-6c21ce37afbe/window/rect [39m[32m200[39m [90m9 ms - 50[39m
[35m[HTTP][39m [90m[39m
[35m[HTTP][39m [37m-->[39m [37mPOST[39m [37m/wd/hub/session/5698f557-2010-4217-98e9-6c21ce37afbe/elements[39m
[35m[HTTP][39m [90m{"using":"xpath","value":"//*[@class = 'android.widget.ImageView' and (@text = '' or . = '')]"}[39m
[35m[HTTP][39m [37m<-- POST /wd/hub/session/5698f557-2010-4217-98e9-6c21ce37afbe/elements [39m[32m200[39m [90m98 ms - 139[39m
[35m[HTTP][39m [90m[39m
[35m[HTTP][39m [37m-->[39m [37mGET[39m [37m/wd/hub/session/5698f557-2010-4217-98e9-6c21ce37afbe/element/00000000-0000-018e-ffff-ffff00000480/location[39m
[35m[HTTP][39m [90m{}[39m
[35m[W3C (5698f557)][39m Driver proxy active, passing request on via HTTP proxy
[35m[WD Proxy][39m Replacing sessionId e214dc6b-3b37-4f7a-95fb-d57161ece4ed with 5698f557-2010-4217-98e9-6c21ce37afbe
[35m[HTTP][39m [37m<-- GET /wd/hub/session/5698f557-2010-4217-98e9-6c21ce37afbe/element/00000000-0000-018e-ffff-ffff00000480/location [39m[32m200[39m [90m12 ms - 77[39m
[35m[HTTP][39m [90m[39m
[35m[HTTP][39m [37m-->[39m [37mPOST[39m [37m/wd/hub/session/5698f557-2010-4217-98e9-6c21ce37afbe/timeouts[39m
[35m[HTTP][39m [90m{"implicit":30000}[39m
[35m[HTTP][39m [37m<-- POST /wd/hub/session/5698f557-2010-4217-98e9-6c21ce37afbe/timeouts [39m[32m200[39m [90m1 ms - 14[39m
[35m[HTTP][39m [90m[39m
[35m[HTTP][39m [37m-->[39m [37mPOST[39m [37m/wd/hub/session/5698f557-2010-4217-98e9-6c21ce37afbe/timeouts[39m
[35m[HTTP][39m [90m{"implicit":50}[39m
[35m[HTTP][39m [37m<-- POST /wd/hub/session/5698f557-2010-4217-98e9-6c21ce37afbe/timeouts [39m[32m200[39m [90m1 ms - 14[39m
[35m[HTTP][39m [90m[39m
[35m[HTTP][39m [37m-->[39m [37mGET[39m [37m/wd/hub/session/5698f557-2010-4217-98e9-6c21ce37afbe/window/rect[39m
[35m[HTTP][39m [90m{}[39m
[35m[HTTP][39m [37m<-- GET /wd/hub/session/5698f557-2010-4217-98e9-6c21ce37afbe/window/rect [39m[32m200[39m [90m11 ms - 50[39m
[35m[HTTP][39m [90m[39m
[35m[HTTP][39m [37m-->[39m [37mPOST[39m [37m/wd/hub/session/5698f557-2010-4217-98e9-6c21ce37afbe/elements[39m
[35m[HTTP][39m [90m{"using":"xpath","value":"//*[@class = 'android.widget.TextView' and (@text = 'What are your political views?' or . = 'What are your political views?')]"}[39m
[35m[HTTP][39m [37m<-- POST /wd/hub/session/5698f557-2010-4217-98e9-6c21ce37afbe/elements [39m[32m200[39m [90m176 ms - 12[39m
[35m[HTTP][39m [90m[39m
[35m[HTTP][39m [37m-->[39m [37mPOST[39m [37m/wd/hub/session/5698f557-2010-4217-98e9-6c21ce37afbe/elements[39m
[35m[HTTP][39m [90m{"using":"xpath","value":"//*[@class = 'android.widget.TextView' and (@text = 'What are your political views?' or . = 'What are your political views?')]"}[39m
[35m[HTTP][39m [37m<-- POST /wd/hub/session/5698f557-2010-4217-98e9-6c21ce37afbe/elements [39m[32m200[39m [90m2721 ms - 139[39m
[35m[HTTP][39m [90m[39m
[35m[HTTP][39m [37m-->[39m [37mGET[39m [37m/wd/hub/session/5698f557-2010-4217-98e9-6c21ce37afbe/element/00000000-0000-018e-ffff-ffff000004c3/location[39m
[35m[HTTP][39m [90m{}[39m
[35m[W3C (5698f557)][39m Driver proxy active, passing request on via HTTP proxy
[35m[WD Proxy][39m Replacing sessionId e214dc6b-3b37-4f7a-95fb-d57161ece4ed with 5698f557-2010-4217-98e9-6c21ce37afbe
[35m[HTTP][39m [37m<-- GET /wd/hub/session/5698f557-2010-4217-98e9-6c21ce37afbe/element/00000000-0000-018e-ffff-ffff000004c3/location [39m[32m200[39m [90m23 ms - 77[39m
[35m[HTTP][39m [90m[39m
[35m[HTTP][39m [37m-->[39m [37mPOST[39m [37m/wd/hub/session/5698f557-2010-4217-98e9-6c21ce37afbe/timeouts[39m
[35m[HTTP][39m [90m{"implicit":30000}[39m
[35m[HTTP][39m [37m<-- POST /wd/hub/session/5698f557-2010-4217-98e9-6c21ce37afbe/timeouts [39m[32m200[39m [90m1 ms - 14[39m
[35m[HTTP][39m [90m[39m
[35m[HTTP][39m [37m-->[39m [37mPOST[39m [37m/wd/hub/session/5698f557-2010-4217-98e9-6c21ce37afbe/element[39m
[35m[HTTP][39m [90m{"using":"xpath","value":"//*[contains(@text, \"Apolitical\" )]"}[39m
[35m[HTTP][39m [37m<-- POST /wd/hub/session/5698f557-2010-4217-98e9-6c21ce37afbe/element [39m[32m200[39m [90m154 ms - 137[39m
[35m[HTTP][39m [90m[39m
[35m[HTTP][39m [37m-->[39m [37mPOST[39m [37m/wd/hub/session/5698f557-2010-4217-98e9-6c21ce37afbe/element/00000000-0000-018e-ffff-ffff000004cb/click[39m
[35m[HTTP][39m [90m{"id":"00000000-0000-018e-ffff-ffff000004cb"}[39m
[35m[HTTP][39m [37m<-- POST /wd/hub/session/5698f557-2010-4217-98e9-6c21ce37afbe/element/00000000-0000-018e-ffff-ffff000004cb/click [39m[32m200[39m [90m663 ms - 14[39m
[35m[HTTP][39m [90m[39m
[35m[HTTP][39m [37m-->[39m [37mPOST[39m [37m/wd/hub/session/5698f557-2010-4217-98e9-6c21ce37afbe/element[39m
[35m[HTTP][39m [90m{"using":"xpath","value":"//*[contains(@text, \"Liberal\" )]"}[39m
[35m[HTTP][39m [37m<-- POST /wd/hub/session/5698f557-2010-4217-98e9-6c21ce37afbe/element [39m[32m200[39m [90m206 ms - 137[39m
[35m[HTTP][39m [90m[39m
[35m[HTTP][39m [37m-->[39m [37mPOST[39m [37m/wd/hub/session/5698f557-2010-4217-98e9-6c21ce37afbe/element/00000000-0000-018e-ffff-ffff000004c5/click[39m
[35m[HTTP][39m [90m{"id":"00000000-0000-018e-ffff-ffff000004c5"}[39m
[35m[HTTP][39m [37m<-- POST /wd/hub/session/5698f557-2010-4217-98e9-6c21ce37afbe/element/00000000-0000-018e-ffff-ffff000004c5/click [39m[32m200[39m [90m61 ms - 14[39m
[35m[HTTP][39m [90m[39m
[35m[HTTP][39m [37m-->[39m [37mPOST[39m [37m/wd/hub/session/5698f557-2010-4217-98e9-6c21ce37afbe/element[39m
[35m[HTTP][39m [90m{"using":"xpath","value":"//*[contains(@text, \"Conservative\" )]"}[39m
[35m[HTTP][39m [37m<-- POST /wd/hub/session/5698f557-2010-4217-98e9-6c21ce37afbe/element [39m[32m200[39m [90m189 ms - 137[39m
[35m[HTTP][39m [90m[39m
[35m[HTTP][39m [37m-->[39m [37mPOST[39m [37m/wd/hub/session/5698f557-2010-4217-98e9-6c21ce37afbe/element/00000000-0000-018e-ffff-ffff000004c9/click[39m
[35m[HTTP][39m [90m{"id":"00000000-0000-018e-ffff-ffff000004c9"}[39m
[35m[HTTP][39m [37m<-- POST /wd/hub/session/5698f557-2010-4217-98e9-6c21ce37afbe/element/00000000-0000-018e-ffff-ffff000004c9/click [39m[32m200[39m [90m2598 ms - 14[39m
[35m[HTTP][39m [90m[39m
[35m[HTTP][39m [37m-->[39m [37mPOST[39m [37m/wd/hub/session/5698f557-2010-4217-98e9-6c21ce37afbe/element[39m
[35m[HTTP][39m [90m{"using":"xpath","value":"//*[contains(@text, \"Moderate\" )]"}[39m
[35m[HTTP][39m [37m<-- POST /wd/hub/session/5698f557-2010-4217-98e9-6c21ce37afbe/element [39m[32m200[39m [90m228 ms - 137[39m
[35m[HTTP][39m [90m[39m
[35m[HTTP][39m [37m-->[39m [37mPOST[39m [37m/wd/hub/session/5698f557-2010-4217-98e9-6c21ce37afbe/element/00000000-0000-018e-ffff-ffff000004c7/click[39m
[35m[HTTP][39m [90m{"id":"00000000-0000-018e-ffff-ffff000004c7"}[39m
[35m[HTTP][39m [37m<-- POST /wd/hub/session/5698f557-2010-4217-98e9-6c21ce37afbe/element/00000000-0000-018e-ffff-ffff000004c7/click [39m[32m200[39m [90m1733 ms - 14[39m
[35m[HTTP][39m [90m[39m
[35m[HTTP][39m [37m-->[39m [37mPOST[39m [37m/wd/hub/session/5698f557-2010-4217-98e9-6c21ce37afbe/timeouts[39m
[35m[HTTP][39m [90m{"implicit":50}[39m
[35m[HTTP][39m [37m<-- POST /wd/hub/session/5698f557-2010-4217-98e9-6c21ce37afbe/timeouts [39m[32m200[39m [90m1 ms - 14[39m
[35m[HTTP][39m [90m[39m
[35m[HTTP][39m [37m-->[39m [37mGET[39m [37m/wd/hub/session/5698f557-2010-4217-98e9-6c21ce37afbe/window/rect[39m
[35m[HTTP][39m [90m{}[39m
[35m[HTTP][39m [37m<-- GET /wd/hub/session/5698f557-2010-4217-98e9-6c21ce37afbe/window/rect [39m[32m200[39m [90m17 ms - 50[39m
[35m[HTTP][39m [90m[39m
[35m[HTTP][39m [37m-->[39m [37mPOST[39m [37m/wd/hub/session/5698f557-2010-4217-98e9-6c21ce37afbe/elements[39m
[35m[HTTP][39m [90m{"using":"xpath","value":"//hierarchy/android.widget.FrameLayout[1]/android.widget.LinearLayout[1]/android.widget.FrameLayout[1]/android.widget.LinearLayout[1]/android.widget.FrameLayout[1]/android.widget.FrameLayout[1]/android.view.ViewGroup[1]/android.view.ViewGroup[1]/android.view.ViewGroup[1]/android.view.ViewGroup[12]/android.view.ViewGroup[1]/android.view.ViewGroup[1]/android.view.ViewGroup[1]/android.view.ViewGroup[2]/android.view.ViewGroup[5]"}[39m
[35m[HTTP][39m [37m<-- POST /wd/hub/session/5698f557-2010-4217-98e9-6c21ce37afbe/elements [39m[32m200[39m [90m1111 ms - 139[39m
[35m[HTTP][39m [90m[39m
[35m[HTTP][39m [37m-->[39m [37mGET[39m [37m/wd/hub/session/5698f557-2010-4217-98e9-6c21ce37afbe/element/00000000-0000-018e-ffff-ffff000004cc/location[39m
[35m[HTTP][39m [90m{}[39m
[35m[W3C (5698f557)][39m Driver proxy active, passing request on via HTTP proxy
[35m[WD Proxy][39m Replacing sessionId e214dc6b-3b37-4f7a-95fb-d57161ece4ed with 5698f557-2010-4217-98e9-6c21ce37afbe
[35m[HTTP][39m [37m<-- GET /wd/hub/session/5698f557-2010-4217-98e9-6c21ce37afbe/element/00000000-0000-018e-ffff-ffff000004cc/location [39m[32m200[39m [90m22 ms - 78[39m
[35m[HTTP][39m [90m[39m
[35m[HTTP][39m [37m-->[39m [37mPOST[39m [37m/wd/hub/session/5698f557-2010-4217-98e9-6c21ce37afbe/timeouts[39m
[35m[HTTP][39m [90m{"implicit":30000}[39m
[35m[HTTP][39m [37m<-- POST /wd/hub/session/5698f557-2010-4217-98e9-6c21ce37afbe/timeouts [39m[32m200[39m [90m1 ms - 14[39m
[35m[HTTP][39m [90m[39m
[35m[HTTP][39m [37m-->[39m [37mPOST[39m [37m/wd/hub/session/5698f557-2010-4217-98e9-6c21ce37afbe/timeouts[39m
[35m[HTTP][39m [90m{"implicit":50}[39m
[35m[HTTP][39m [37m<-- POST /wd/hub/session/5698f557-2010-4217-98e9-6c21ce37afbe/timeouts [39m[32m200[39m [90m1 ms - 14[39m
[35m[HTTP][39m [90m[39m
[35m[HTTP][39m [37m-->[39m [37mGET[39m [37m/wd/hub/session/5698f557-2010-4217-98e9-6c21ce37afbe/window/rect[39m
[35m[HTTP][39m [90m{}[39m
[35m[HTTP][39m [37m<-- GET /wd/hub/session/5698f557-2010-4217-98e9-6c21ce37afbe/window/rect [39m[32m200[39m [90m14 ms - 50[39m
[35m[HTTP][39m [90m[39m
[35m[HTTP][39m [37m-->[39m [37mPOST[39m [37m/wd/hub/session/5698f557-2010-4217-98e9-6c21ce37afbe/elements[39m
[35m[HTTP][39m [90m{"using":"xpath","value":"//hierarchy/android.widget.FrameLayout[1]/android.widget.LinearLayout[1]/android.widget.FrameLayout[1]/android.widget.LinearLayout[1]/android.widget.FrameLayout[1]/android.widget.FrameLayout[1]/android.view.ViewGroup[1]/android.view.ViewGroup[1]/android.view.ViewGroup[1]/android.view.ViewGroup[12]/android.view.ViewGroup[1]/android.view.ViewGroup[1]/android.view.ViewGroup[1]/android.view.ViewGroup[2]/android.view.ViewGroup[5]"}[39m
[35m[HTTP][39m [37m<-- POST /wd/hub/session/5698f557-2010-4217-98e9-6c21ce37afbe/elements [39m[32m200[39m [90m197 ms - 139[39m
[35m[HTTP][39m [90m[39m
[35m[HTTP][39m [37m-->[39m [37mGET[39m [37m/wd/hub/session/5698f557-2010-4217-98e9-6c21ce37afbe/element/00000000-0000-018e-ffff-ffff000004cc/location[39m
[35m[HTTP][39m [90m{}[39m
[35m[W3C (5698f557)][39m Driver proxy active, passing request on via HTTP proxy
[35m[WD Proxy][39m Replacing sessionId e214dc6b-3b37-4f7a-95fb-d57161ece4ed with 5698f557-2010-4217-98e9-6c21ce37afbe
[35m[HTTP][39m [37m<-- GET /wd/hub/session/5698f557-2010-4217-98e9-6c21ce37afbe/element/00000000-0000-018e-ffff-ffff000004cc/location [39m[32m200[39m [90m1554 ms - 78[39m
[35m[HTTP][39m [90m[39m
[35m[HTTP][39m [37m-->[39m [37mPOST[39m [37m/wd/hub/session/5698f557-2010-4217-98e9-6c21ce37afbe/timeouts[39m
[35m[HTTP][39m [90m{"implicit":30000}[39m
[35m[HTTP][39m [37m<-- POST /wd/hub/session/5698f557-2010-4217-98e9-6c21ce37afbe/timeouts [39m[32m200[39m [90m1 ms - 14[39m
[35m[HTTP][39m [90m[39m
[35m[HTTP][39m [37m-->[39m [37mPOST[39m [37m/wd/hub/session/5698f557-2010-4217-98e9-6c21ce37afbe/element/00000000-0000-018e-ffff-ffff000004cc/click[39m
[35m[HTTP][39m [90m{"id":"00000000-0000-018e-ffff-ffff000004cc"}[39m
[35m[HTTP][39m [37m<-- POST /wd/hub/session/5698f557-2010-4217-98e9-6c21ce37afbe/element/00000000-0000-018e-ffff-ffff000004cc/click [39m[32m200[39m [90m76 ms - 14[39m
[35m[HTTP][39m [90m[39m
[35m[HTTP][39m [37m-->[39m [37mPOST[39m [37m/wd/hub/session/5698f557-2010-4217-98e9-6c21ce37afbe/timeouts[39m
[35m[HTTP][39m [90m{"implicit":50}[39m
[35m[HTTP][39m [37m<-- POST /wd/hub/session/5698f557-2010-4217-98e9-6c21ce37afbe/timeouts [39m[32m200[39m [90m1 ms - 14[39m
[35m[HTTP][39m [90m[39m
[35m[HTTP][39m [37m-->[39m [37mGET[39m [37m/wd/hub/session/5698f557-2010-4217-98e9-6c21ce37afbe/window/rect[39m
[35m[HTTP][39m [90m{}[39m
[35m[HTTP][39m [37m<-- GET /wd/hub/session/5698f557-2010-4217-98e9-6c21ce37afbe/window/rect [39m[32m200[39m [90m14 ms - 50[39m
[35m[HTTP][39m [90m[39m
[35m[HTTP][39m [37m-->[39m [37mPOST[39m [37m/wd/hub/session/5698f557-2010-4217-98e9-6c21ce37afbe/elements[39m
[35m[HTTP][39m [90m{"using":"xpath","value":"//*[@class = 'android.widget.ImageView' and (@text = '' or . = '')]"}[39m
[35m[HTTP][39m [37m<-- POST /wd/hub/session/5698f557-2010-4217-98e9-6c21ce37afbe/elements [39m[32m200[39m [90m178 ms - 139[39m
[35m[HTTP][39m [90m[39m
[35m[HTTP][39m [37m-->[39m [37mGET[39m [37m/wd/hub/session/5698f557-2010-4217-98e9-6c21ce37afbe/element/00000000-0000-018e-ffff-ffff000004c2/location[39m
[35m[HTTP][39m [90m{}[39m
[35m[W3C (5698f557)][39m Driver proxy active, passing request on via HTTP proxy
[35m[WD Proxy][39m Replacing sessionId e214dc6b-3b37-4f7a-95fb-d57161ece4ed with 5698f557-2010-4217-98e9-6c21ce37afbe
[35m[HTTP][39m [37m<-- GET /wd/hub/session/5698f557-2010-4217-98e9-6c21ce37afbe/element/00000000-0000-018e-ffff-ffff000004c2/location [39m[32m200[39m [90m12 ms - 77[39m
[35m[HTTP][39m [90m[39m
[35m[HTTP][39m [37m-->[39m [37mPOST[39m [37m/wd/hub/session/5698f557-2010-4217-98e9-6c21ce37afbe/timeouts[39m
[35m[HTTP][39m [90m{"implicit":30000}[39m
[35m[HTTP][39m [37m<-- POST /wd/hub/session/5698f557-2010-4217-98e9-6c21ce37afbe/timeouts [39m[32m200[39m [90m1 ms - 14[39m
[35m[HTTP][39m [90m[39m
[35m[HTTP][39m [37m-->[39m [37mDELETE[39m [37m/wd/hub/session/5698f557-2010-4217-98e9-6c21ce37afbe[39m
[35m[HTTP][39m [90m{}[39m
[35m[Appium][39m Removing session 5698f557-2010-4217-98e9-6c21ce37afbe from our master session list
[35m[UiAutomator2][39m Restoring hidden api policy to the device default configuration
[35m[HTTP][39m [37m<-- DELETE /wd/hub/session/5698f557-2010-4217-98e9-6c21ce37afbe [39m[32m200[39m [90m315 ms - 14[39m
[35m[HTTP][39m [90m[39m
