[35m[Appium][39m Welcome to Appium v1.22.3
[35m[Appium][39m Non-default server args:
[35m[Appium][39m   port: 57802
[35m[Appium][39m   loglevel: info
[35m[Appium][39m   tmpDir: /var/folders/1v/3_56wbt90zbb48qtwvw1bry40000gn/T//Katalon/Appium/Temp1669485874313
[35m[Appium][39m   chromedriverPort: 57825
[35m[Appium][39m Deprecated server args:
[35m[Appium][39m   [31m--chromedriver-port[39m => --default-capabilities
[35m[Appium][39m Default capabilities, which will be added to each request unless overridden by desired capabilities:
[35m[Appium][39m   chromedriverPort: 57825
[35m[Appium][39m Appium REST http interface listener started on 0.0.0.0:57802
[35m[HTTP][39m [37m-->[39m [37mGET[39m [37m/wd/hub/status[39m
[35m[HTTP][39m [90m{}[39m
[35m[HTTP][39m [37m<-- GET /wd/hub/status [39m[32m200[39m [90m5 ms - 68[39m
[35m[HTTP][39m [90m[39m
[35m[HTTP][39m [37m-->[39m [37mPOST[39m [37m/wd/hub/session[39m
[35m[HTTP][39m [90m{"desiredCapabilities":{"appPackage":"com.android.settings","deviceId":"","deviceName":"OnePlus GM1910 (Android 11)","platform":"ANDROID","appActivity":".Settings","newCommandTimeout":1800,"platformVersion":"11","automationName":"uiautomator2","autoGrantPermissions":true,"platformName":"Android","udid":"d84a7321","systemPort":8207},"capabilities":{"firstMatch":[{"appium:appActivity":".Settings","appium:appPackage":"com.android.settings","appium:autoGrantPermissions":true,"appium:automationName":"uiautomator2","deviceId":"","appium:deviceName":"OnePlus GM1910 (Android 11)","appium:newCommandTimeout":1800,"platform":"ANDROID","platformName":"android","appium:platformVersion":"11","appium:systemPort":8207,"appium:udid":"d84a7321"}]}}[39m
[35m[BaseDriver][39m The following capabilities are not standard capabilities and should have an extension prefix:
[35m[BaseDriver][39m   deviceId
[35m[BaseDriver][39m   platform
[35m[BaseDriver][39m   chromedriverPort
[35m[Appium][39m Appium v1.22.3 creating new AndroidUiautomator2Driver (v1.70.1) session
[35m[BaseDriver][39m The following capabilities were provided, but are not recognized by Appium:
[35m[BaseDriver][39m   deviceId
[35m[BaseDriver][39m   platform
[35m[BaseDriver][39m Session created with session id: 0c0728f5-22f0-45fc-b0b7-3b39b110aa10
[35m[UiAutomator2][39m Starting 'com.android.settings' directly on the device
[35m[ADB][39m Found 1 'build-tools' folders under '/Users/pc/.katalon/tools/android_sdk' (newest first):
[35m[ADB][39m     /Users/pc/.katalon/tools/android_sdk/build-tools/29.0.3
[35m[ADB][39m Using 'adb' from '/Users/pc/.katalon/tools/android_sdk/platform-tools/adb'
[35m[AndroidDriver][39m Retrieving device list
[35m[AndroidDriver][39m Using device: d84a7321
[35m[ADB][39m Using 'adb' from '/Users/pc/.katalon/tools/android_sdk/platform-tools/adb'
[35m[ADB][39m Getting device platform version
[35m[UiAutomator2][39m Relaxing hidden api policy
[35m[AndroidDriver][39m No app sent in, not parsing package/activity
[35m[UiAutomator2][39m Server package at '/usr/local/lib/node_modules/appium/node_modules/appium-uiautomator2-server/apks/appium-uiautomator2-server-v4.27.0.apk' is not writeable. Will copy it into the temporary location at '/var/folders/1v/3_56wbt90zbb48qtwvw1bry40000gn/T/Katalon/Appium/Temp1669485874313/20221026-1395-fv6r4i.2oaw' as a workaround. Consider making this file writeable manually in order to improve the performance of session startup.
[35m[UiAutomator2][39m Server package at '/usr/local/lib/node_modules/appium/node_modules/appium-uiautomator2-server/apks/appium-uiautomator2-server-debug-androidTest.apk' is not writeable. Will copy it into the temporary location at '/var/folders/1v/3_56wbt90zbb48qtwvw1bry40000gn/T/Katalon/Appium/Temp1669485874313/20221026-1395-fv6r4i.2oaw' as a workaround. Consider making this file writeable manually in order to improve the performance of session startup.
[35m[ADB][39m Using 'apksigner.jar' from '/Users/pc/.katalon/tools/android_sdk/build-tools/29.0.3/lib/apksigner.jar'
[35m[ADB][39m '/var/folders/1v/3_56wbt90zbb48qtwvw1bry40000gn/T/Katalon/Appium/Temp1669485874313/20221026-1395-fv6r4i.2oaw/appium-uiautomator2-server-v4.27.0.apk' is signed with the default certificate
[35m[ADB][39m '/var/folders/1v/3_56wbt90zbb48qtwvw1bry40000gn/T/Katalon/Appium/Temp1669485874313/20221026-1395-fv6r4i.2oaw/appium-uiautomator2-server-debug-androidTest.apk' is signed with the default certificate
[35m[UiAutomator2][39m Server packages are not going to be (re)installed
[35m[ADB][39m Adding packages ["io.appium.settings","io.appium.uiautomator2.server","io.appium.uiautomator2.server.test"] to Doze whitelist
[35m[UiAutomator2][39m Starting UIAutomator2 server 4.27.0
[35m[UiAutomator2][39m Using UIAutomator2 server from '/usr/local/lib/node_modules/appium/node_modules/appium-uiautomator2-server/apks/appium-uiautomator2-server-v4.27.0.apk' and test from '/usr/local/lib/node_modules/appium/node_modules/appium-uiautomator2-server/apks/appium-uiautomator2-server-debug-androidTest.apk'
[35m[UiAutomator2][39m Waiting up to 30000ms for UiAutomator2 to be online...
[35m[WD Proxy][39m socket hang up
[35m[WD Proxy][39m socket hang up
[35m[WD Proxy][39m Determined the downstream protocol as 'W3C'
[35m[AndroidDriver][39m Screen already unlocked, doing nothing
[35m[UiAutomator2][39m Starting 'com.android.settings/.Settings and waiting for 'com.android.settings/.Settings'
[35m[Appium][39m New AndroidUiautomator2Driver session created successfully, session 0c0728f5-22f0-45fc-b0b7-3b39b110aa10 added to master session list
[35m[HTTP][39m [37m<-- POST /wd/hub/session [39m[32m200[39m [90m8790 ms - 1170[39m
[35m[HTTP][39m [90m[39m
[35m[HTTP][39m [37m-->[39m [37mGET[39m [37m/wd/hub/session/0c0728f5-22f0-45fc-b0b7-3b39b110aa10[39m
[35m[HTTP][39m [90m{}[39m
[35m[HTTP][39m [37m<-- GET /wd/hub/session/0c0728f5-22f0-45fc-b0b7-3b39b110aa10 [39m[32m200[39m [90m19 ms - 1124[39m
[35m[HTTP][39m [90m[39m
[35m[HTTP][39m [37m-->[39m [37mGET[39m [37m/wd/hub/session/0c0728f5-22f0-45fc-b0b7-3b39b110aa10[39m
[35m[HTTP][39m [90m{}[39m
[35m[HTTP][39m [37m<-- GET /wd/hub/session/0c0728f5-22f0-45fc-b0b7-3b39b110aa10 [39m[32m200[39m [90m8 ms - 1124[39m
[35m[HTTP][39m [90m[39m
[35m[HTTP][39m [37m-->[39m [37mGET[39m [37m/wd/hub/status[39m
[35m[HTTP][39m [90m{}[39m
[35m[HTTP][39m [37m<-- GET /wd/hub/status [39m[32m200[39m [90m1 ms - 68[39m
[35m[HTTP][39m [90m[39m
[35m[HTTP][39m [37m-->[39m [37mPOST[39m [37m/wd/hub/session/0c0728f5-22f0-45fc-b0b7-3b39b110aa10/timeouts[39m
[35m[HTTP][39m [90m{"implicit":30000}[39m
[35m[HTTP][39m [37m<-- POST /wd/hub/session/0c0728f5-22f0-45fc-b0b7-3b39b110aa10/timeouts [39m[32m200[39m [90m3 ms - 14[39m
[35m[HTTP][39m [90m[39m
[35m[HTTP][39m [37m-->[39m [37mGET[39m [37m/wd/hub/session/0c0728f5-22f0-45fc-b0b7-3b39b110aa10/screenshot[39m
[35m[HTTP][39m [90m{}[39m
[35m[HTTP][39m [37m<-- GET /wd/hub/session/0c0728f5-22f0-45fc-b0b7-3b39b110aa10/screenshot [39m[32m200[39m [90m498 ms - 359904[39m
[35m[HTTP][39m [90m[39m
[35m[HTTP][39m [37m-->[39m [37mGET[39m [37m/wd/hub/session/0c0728f5-22f0-45fc-b0b7-3b39b110aa10/window/rect[39m
[35m[HTTP][39m [90m{}[39m
[35m[HTTP][39m [37m<-- GET /wd/hub/session/0c0728f5-22f0-45fc-b0b7-3b39b110aa10/window/rect [39m[32m200[39m [90m19 ms - 50[39m
[35m[HTTP][39m [90m[39m
[35m[HTTP][39m [37m-->[39m [37mGET[39m [37m/wd/hub/session/0c0728f5-22f0-45fc-b0b7-3b39b110aa10/appium/device/system_bars[39m
[35m[HTTP][39m [90m{}[39m
[35m[HTTP][39m [37m<-- GET /wd/hub/session/0c0728f5-22f0-45fc-b0b7-3b39b110aa10/appium/device/system_bars [39m[31m500[39m [90m108 ms - 583[39m
[35m[HTTP][39m [90m[39m
[35m[HTTP][39m [37m-->[39m [37mPOST[39m [37m/wd/hub/session/0c0728f5-22f0-45fc-b0b7-3b39b110aa10/execute/sync[39m
[35m[HTTP][39m [90m{"script":"mobile:viewportRect","args":[]}[39m
[35m[AndroidDriver][39m Executing native command 'mobile:viewportRect'
[35m[HTTP][39m [37m<-- POST /wd/hub/session/0c0728f5-22f0-45fc-b0b7-3b39b110aa10/execute/sync [39m[32m200[39m [90m21 ms - 57[39m
[35m[HTTP][39m [90m[39m
[35m[HTTP][39m [37m-->[39m [37mPOST[39m [37m/wd/hub/session/0c0728f5-22f0-45fc-b0b7-3b39b110aa10/appium/device/activate_app[39m
[35m[HTTP][39m [90m{"bundleId":"com.spotlove.releaseproduction"}[39m
[35m[HTTP][39m [37m<-- POST /wd/hub/session/0c0728f5-22f0-45fc-b0b7-3b39b110aa10/appium/device/activate_app [39m[32m200[39m [90m353 ms - 14[39m
[35m[HTTP][39m [90m[39m
[35m[HTTP][39m [37m-->[39m [37mPOST[39m [37m/wd/hub/session/0c0728f5-22f0-45fc-b0b7-3b39b110aa10/timeouts[39m
[35m[HTTP][39m [90m{"implicit":50}[39m
[35m[HTTP][39m [37m<-- POST /wd/hub/session/0c0728f5-22f0-45fc-b0b7-3b39b110aa10/timeouts [39m[32m200[39m [90m2 ms - 14[39m
[35m[HTTP][39m [90m[39m
[35m[HTTP][39m [37m-->[39m [37mGET[39m [37m/wd/hub/session/0c0728f5-22f0-45fc-b0b7-3b39b110aa10/window/rect[39m
[35m[HTTP][39m [90m{}[39m
[35m[HTTP][39m [37m<-- GET /wd/hub/session/0c0728f5-22f0-45fc-b0b7-3b39b110aa10/window/rect [39m[32m200[39m [90m18 ms - 50[39m
[35m[HTTP][39m [90m[39m
[35m[HTTP][39m [37m-->[39m [37mPOST[39m [37m/wd/hub/session/0c0728f5-22f0-45fc-b0b7-3b39b110aa10/elements[39m
[35m[HTTP][39m [90m{"using":"xpath","value":"//hierarchy/android.widget.FrameLayout[1]/android.widget.LinearLayout[1]/android.widget.FrameLayout[1]/android.widget.LinearLayout[1]/android.widget.FrameLayout[1]/android.widget.FrameLayout[1]/android.view.ViewGroup[1]/android.view.ViewGroup[1]/android.view.ViewGroup[1]/android.view.ViewGroup[1]/android.view.ViewGroup[1]/android.view.ViewGroup[1]/android.view.ViewGroup[1]/android.view.ViewGroup[1]/android.view.ViewGroup[1]"}[39m
[35m[HTTP][39m [37m<-- POST /wd/hub/session/0c0728f5-22f0-45fc-b0b7-3b39b110aa10/elements [39m[32m200[39m [90m1155 ms - 12[39m
[35m[HTTP][39m [90m[39m
[35m[HTTP][39m [37m-->[39m [37mPOST[39m [37m/wd/hub/session/0c0728f5-22f0-45fc-b0b7-3b39b110aa10/elements[39m
[35m[HTTP][39m [90m{"using":"xpath","value":"//hierarchy/android.widget.FrameLayout[1]/android.widget.LinearLayout[1]/android.widget.FrameLayout[1]/android.widget.LinearLayout[1]/android.widget.FrameLayout[1]/android.widget.FrameLayout[1]/android.view.ViewGroup[1]/android.view.ViewGroup[1]/android.view.ViewGroup[1]/android.view.ViewGroup[1]/android.view.ViewGroup[1]/android.view.ViewGroup[1]/android.view.ViewGroup[1]/android.view.ViewGroup[1]/android.view.ViewGroup[1]"}[39m
[35m[HTTP][39m [37m<-- POST /wd/hub/session/0c0728f5-22f0-45fc-b0b7-3b39b110aa10/elements [39m[32m200[39m [90m829 ms - 139[39m
[35m[HTTP][39m [90m[39m
[35m[HTTP][39m [37m-->[39m [37mGET[39m [37m/wd/hub/session/0c0728f5-22f0-45fc-b0b7-3b39b110aa10/element/00000000-0000-018c-ffff-ffff00000016/location[39m
[35m[HTTP][39m [90m{}[39m
[35m[W3C (0c0728f5)][39m Driver proxy active, passing request on via HTTP proxy
[35m[WD Proxy][39m Replacing sessionId 1e5ca8bb-ad31-41df-a88f-e93ba6de4ae1 with 0c0728f5-22f0-45fc-b0b7-3b39b110aa10
[35m[HTTP][39m [37m<-- GET /wd/hub/session/0c0728f5-22f0-45fc-b0b7-3b39b110aa10/element/00000000-0000-018c-ffff-ffff00000016/location [39m[32m200[39m [90m34 ms - 76[39m
[35m[HTTP][39m [90m[39m
[35m[HTTP][39m [37m-->[39m [37mPOST[39m [37m/wd/hub/session/0c0728f5-22f0-45fc-b0b7-3b39b110aa10/timeouts[39m
[35m[HTTP][39m [90m{"implicit":30000}[39m
[35m[HTTP][39m [37m<-- POST /wd/hub/session/0c0728f5-22f0-45fc-b0b7-3b39b110aa10/timeouts [39m[32m200[39m [90m1 ms - 14[39m
[35m[HTTP][39m [90m[39m
[35m[HTTP][39m [37m-->[39m [37mPOST[39m [37m/wd/hub/session/0c0728f5-22f0-45fc-b0b7-3b39b110aa10/element/00000000-0000-018c-ffff-ffff00000016/click[39m
[35m[HTTP][39m [90m{"id":"00000000-0000-018c-ffff-ffff00000016"}[39m
[35m[HTTP][39m [37m<-- POST /wd/hub/session/0c0728f5-22f0-45fc-b0b7-3b39b110aa10/element/00000000-0000-018c-ffff-ffff00000016/click [39m[32m200[39m [90m46 ms - 14[39m
[35m[HTTP][39m [90m[39m
[35m[HTTP][39m [37m-->[39m [37mPOST[39m [37m/wd/hub/session/0c0728f5-22f0-45fc-b0b7-3b39b110aa10/timeouts[39m
[35m[HTTP][39m [90m{"implicit":50}[39m
[35m[HTTP][39m [37m<-- POST /wd/hub/session/0c0728f5-22f0-45fc-b0b7-3b39b110aa10/timeouts [39m[32m200[39m [90m1 ms - 14[39m
[35m[HTTP][39m [90m[39m
[35m[HTTP][39m [37m-->[39m [37mGET[39m [37m/wd/hub/session/0c0728f5-22f0-45fc-b0b7-3b39b110aa10/window/rect[39m
[35m[HTTP][39m [90m{}[39m
[35m[HTTP][39m [37m<-- GET /wd/hub/session/0c0728f5-22f0-45fc-b0b7-3b39b110aa10/window/rect [39m[32m200[39m [90m15 ms - 50[39m
[35m[HTTP][39m [90m[39m
[35m[HTTP][39m [37m-->[39m [37mPOST[39m [37m/wd/hub/session/0c0728f5-22f0-45fc-b0b7-3b39b110aa10/elements[39m
[35m[HTTP][39m [90m{"using":"xpath","value":"//hierarchy/android.widget.FrameLayout[1]/android.widget.LinearLayout[1]/android.widget.FrameLayout[1]/android.widget.LinearLayout[1]/android.widget.FrameLayout[1]/android.widget.FrameLayout[1]/android.view.ViewGroup[1]/android.view.ViewGroup[1]/android.view.ViewGroup[1]/android.view.ViewGroup[1]/android.view.ViewGroup[1]/android.view.ViewGroup[1]/android.view.ViewGroup[1]/android.view.ViewGroup[1]/android.view.ViewGroup[2]"}[39m
[35m[HTTP][39m [37m<-- POST /wd/hub/session/0c0728f5-22f0-45fc-b0b7-3b39b110aa10/elements [39m[32m200[39m [90m473 ms - 139[39m
[35m[HTTP][39m [90m[39m
[35m[HTTP][39m [37m-->[39m [37mGET[39m [37m/wd/hub/session/0c0728f5-22f0-45fc-b0b7-3b39b110aa10/element/00000000-0000-018c-ffff-ffff00000031/location[39m
[35m[HTTP][39m [90m{}[39m
[35m[W3C (0c0728f5)][39m Driver proxy active, passing request on via HTTP proxy
[35m[WD Proxy][39m Replacing sessionId 1e5ca8bb-ad31-41df-a88f-e93ba6de4ae1 with 0c0728f5-22f0-45fc-b0b7-3b39b110aa10
[35m[HTTP][39m [37m<-- GET /wd/hub/session/0c0728f5-22f0-45fc-b0b7-3b39b110aa10/element/00000000-0000-018c-ffff-ffff00000031/location [39m[32m200[39m [90m28 ms - 78[39m
[35m[HTTP][39m [90m[39m
[35m[HTTP][39m [37m-->[39m [37mPOST[39m [37m/wd/hub/session/0c0728f5-22f0-45fc-b0b7-3b39b110aa10/timeouts[39m
[35m[HTTP][39m [90m{"implicit":30000}[39m
[35m[HTTP][39m [37m<-- POST /wd/hub/session/0c0728f5-22f0-45fc-b0b7-3b39b110aa10/timeouts [39m[32m200[39m [90m1 ms - 14[39m
[35m[HTTP][39m [90m[39m
[35m[HTTP][39m [37m-->[39m [37mPOST[39m [37m/wd/hub/session/0c0728f5-22f0-45fc-b0b7-3b39b110aa10/element/00000000-0000-018c-ffff-ffff00000031/click[39m
[35m[HTTP][39m [90m{"id":"00000000-0000-018c-ffff-ffff00000031"}[39m
[35m[HTTP][39m [37m<-- POST /wd/hub/session/0c0728f5-22f0-45fc-b0b7-3b39b110aa10/element/00000000-0000-018c-ffff-ffff00000031/click [39m[32m200[39m [90m68 ms - 14[39m
[35m[HTTP][39m [90m[39m
[35m[HTTP][39m [37m-->[39m [37mPOST[39m [37m/wd/hub/session/0c0728f5-22f0-45fc-b0b7-3b39b110aa10/timeouts[39m
[35m[HTTP][39m [90m{"implicit":50}[39m
[35m[HTTP][39m [37m<-- POST /wd/hub/session/0c0728f5-22f0-45fc-b0b7-3b39b110aa10/timeouts [39m[32m200[39m [90m1 ms - 14[39m
[35m[HTTP][39m [90m[39m
[35m[HTTP][39m [37m-->[39m [37mGET[39m [37m/wd/hub/session/0c0728f5-22f0-45fc-b0b7-3b39b110aa10/window/rect[39m
[35m[HTTP][39m [90m{}[39m
[35m[HTTP][39m [37m<-- GET /wd/hub/session/0c0728f5-22f0-45fc-b0b7-3b39b110aa10/window/rect [39m[32m200[39m [90m9 ms - 50[39m
[35m[HTTP][39m [90m[39m
[35m[HTTP][39m [37m-->[39m [37mPOST[39m [37m/wd/hub/session/0c0728f5-22f0-45fc-b0b7-3b39b110aa10/elements[39m
[35m[HTTP][39m [90m{"using":"xpath","value":"//*[@class = 'android.widget.EditText' and (@text = 'Name' or . = 'Name')]"}[39m
[35m[HTTP][39m [37m<-- POST /wd/hub/session/0c0728f5-22f0-45fc-b0b7-3b39b110aa10/elements [39m[32m200[39m [90m751 ms - 12[39m
[35m[HTTP][39m [90m[39m
[35m[HTTP][39m [37m-->[39m [37mPOST[39m [37m/wd/hub/session/0c0728f5-22f0-45fc-b0b7-3b39b110aa10/elements[39m
[35m[HTTP][39m [90m{"using":"xpath","value":"//*[@class = 'android.widget.EditText' and (@text = 'Name' or . = 'Name')]"}[39m
[35m[HTTP][39m [37m<-- POST /wd/hub/session/0c0728f5-22f0-45fc-b0b7-3b39b110aa10/elements [39m[32m200[39m [90m111 ms - 12[39m
[35m[HTTP][39m [90m[39m
[35m[HTTP][39m [37m-->[39m [37mPOST[39m [37m/wd/hub/session/0c0728f5-22f0-45fc-b0b7-3b39b110aa10/elements[39m
[35m[HTTP][39m [90m{"using":"xpath","value":"//*[@class = 'android.widget.EditText' and (@text = 'Name' or . = 'Name')]"}[39m
[35m[HTTP][39m [37m<-- POST /wd/hub/session/0c0728f5-22f0-45fc-b0b7-3b39b110aa10/elements [39m[32m200[39m [90m58 ms - 12[39m
[35m[HTTP][39m [90m[39m
[35m[HTTP][39m [37m-->[39m [37mPOST[39m [37m/wd/hub/session/0c0728f5-22f0-45fc-b0b7-3b39b110aa10/elements[39m
[35m[HTTP][39m [90m{"using":"xpath","value":"//*[@class = 'android.widget.EditText' and (@text = 'Name' or . = 'Name')]"}[39m
[35m[HTTP][39m [37m<-- POST /wd/hub/session/0c0728f5-22f0-45fc-b0b7-3b39b110aa10/elements [39m[32m200[39m [90m63 ms - 12[39m
[35m[HTTP][39m [90m[39m
[35m[HTTP][39m [37m-->[39m [37mPOST[39m [37m/wd/hub/session/0c0728f5-22f0-45fc-b0b7-3b39b110aa10/elements[39m
[35m[HTTP][39m [90m{"using":"xpath","value":"//*[@class = 'android.widget.EditText' and (@text = 'Name' or . = 'Name')]"}[39m
[35m[HTTP][39m [37m<-- POST /wd/hub/session/0c0728f5-22f0-45fc-b0b7-3b39b110aa10/elements [39m[32m200[39m [90m99 ms - 12[39m
[35m[HTTP][39m [90m[39m
[35m[HTTP][39m [37m-->[39m [37mPOST[39m [37m/wd/hub/session/0c0728f5-22f0-45fc-b0b7-3b39b110aa10/elements[39m
[35m[HTTP][39m [90m{"using":"xpath","value":"//*[@class = 'android.widget.EditText' and (@text = 'Name' or . = 'Name')]"}[39m
[35m[HTTP][39m [37m<-- POST /wd/hub/session/0c0728f5-22f0-45fc-b0b7-3b39b110aa10/elements [39m[32m200[39m [90m423 ms - 12[39m
[35m[HTTP][39m [90m[39m
[35m[HTTP][39m [37m-->[39m [37mPOST[39m [37m/wd/hub/session/0c0728f5-22f0-45fc-b0b7-3b39b110aa10/elements[39m
[35m[HTTP][39m [90m{"using":"xpath","value":"//*[@class = 'android.widget.EditText' and (@text = 'Name' or . = 'Name')]"}[39m
[35m[HTTP][39m [37m<-- POST /wd/hub/session/0c0728f5-22f0-45fc-b0b7-3b39b110aa10/elements [39m[32m200[39m [90m1010 ms - 12[39m
[35m[HTTP][39m [90m[39m
[35m[HTTP][39m [37m-->[39m [37mPOST[39m [37m/wd/hub/session/0c0728f5-22f0-45fc-b0b7-3b39b110aa10/elements[39m
[35m[HTTP][39m [90m{"using":"xpath","value":"//*[@class = 'android.widget.EditText' and (@text = 'Name' or . = 'Name')]"}[39m
[35m[HTTP][39m [37m<-- POST /wd/hub/session/0c0728f5-22f0-45fc-b0b7-3b39b110aa10/elements [39m[32m200[39m [90m94 ms - 12[39m
[35m[HTTP][39m [90m[39m
[35m[HTTP][39m [37m-->[39m [37mPOST[39m [37m/wd/hub/session/0c0728f5-22f0-45fc-b0b7-3b39b110aa10/elements[39m
[35m[HTTP][39m [90m{"using":"xpath","value":"//*[@class = 'android.widget.EditText' and (@text = 'Name' or . = 'Name')]"}[39m
[35m[HTTP][39m [37m<-- POST /wd/hub/session/0c0728f5-22f0-45fc-b0b7-3b39b110aa10/elements [39m[32m200[39m [90m100 ms - 12[39m
[35m[HTTP][39m [90m[39m
[35m[HTTP][39m [37m-->[39m [37mPOST[39m [37m/wd/hub/session/0c0728f5-22f0-45fc-b0b7-3b39b110aa10/elements[39m
[35m[HTTP][39m [90m{"using":"xpath","value":"//*[@class = 'android.widget.EditText' and (@text = 'Name' or . = 'Name')]"}[39m
[35m[HTTP][39m [37m<-- POST /wd/hub/session/0c0728f5-22f0-45fc-b0b7-3b39b110aa10/elements [39m[32m200[39m [90m59 ms - 12[39m
[35m[HTTP][39m [90m[39m
[35m[HTTP][39m [37m-->[39m [37mPOST[39m [37m/wd/hub/session/0c0728f5-22f0-45fc-b0b7-3b39b110aa10/elements[39m
[35m[HTTP][39m [90m{"using":"xpath","value":"//*[@class = 'android.widget.EditText' and (@text = 'Name' or . = 'Name')]"}[39m
[35m[HTTP][39m [37m<-- POST /wd/hub/session/0c0728f5-22f0-45fc-b0b7-3b39b110aa10/elements [39m[32m200[39m [90m59 ms - 12[39m
[35m[HTTP][39m [90m[39m
[35m[HTTP][39m [37m-->[39m [37mPOST[39m [37m/wd/hub/session/0c0728f5-22f0-45fc-b0b7-3b39b110aa10/elements[39m
[35m[HTTP][39m [90m{"using":"xpath","value":"//*[@class = 'android.widget.EditText' and (@text = 'Name' or . = 'Name')]"}[39m
[35m[HTTP][39m [37m<-- POST /wd/hub/session/0c0728f5-22f0-45fc-b0b7-3b39b110aa10/elements [39m[32m200[39m [90m59 ms - 12[39m
[35m[HTTP][39m [90m[39m
[35m[HTTP][39m [37m-->[39m [37mPOST[39m [37m/wd/hub/session/0c0728f5-22f0-45fc-b0b7-3b39b110aa10/elements[39m
[35m[HTTP][39m [90m{"using":"xpath","value":"//*[@class = 'android.widget.EditText' and (@text = 'Name' or . = 'Name')]"}[39m
[35m[HTTP][39m [37m<-- POST /wd/hub/session/0c0728f5-22f0-45fc-b0b7-3b39b110aa10/elements [39m[32m200[39m [90m592 ms - 12[39m
[35m[HTTP][39m [90m[39m
[35m[HTTP][39m [37m-->[39m [37mPOST[39m [37m/wd/hub/session/0c0728f5-22f0-45fc-b0b7-3b39b110aa10/elements[39m
[35m[HTTP][39m [90m{"using":"xpath","value":"//*[@class = 'android.widget.EditText' and (@text = 'Name' or . = 'Name')]"}[39m
[35m[HTTP][39m [37m<-- POST /wd/hub/session/0c0728f5-22f0-45fc-b0b7-3b39b110aa10/elements [39m[32m200[39m [90m94 ms - 12[39m
[35m[HTTP][39m [90m[39m
[35m[HTTP][39m [37m-->[39m [37mPOST[39m [37m/wd/hub/session/0c0728f5-22f0-45fc-b0b7-3b39b110aa10/elements[39m
[35m[HTTP][39m [90m{"using":"xpath","value":"//*[@class = 'android.widget.EditText' and (@text = 'Name' or . = 'Name')]"}[39m
[35m[HTTP][39m [37m<-- POST /wd/hub/session/0c0728f5-22f0-45fc-b0b7-3b39b110aa10/elements [39m[32m200[39m [90m54 ms - 12[39m
[35m[HTTP][39m [90m[39m
[35m[HTTP][39m [37m-->[39m [37mPOST[39m [37m/wd/hub/session/0c0728f5-22f0-45fc-b0b7-3b39b110aa10/elements[39m
[35m[HTTP][39m [90m{"using":"xpath","value":"//*[@class = 'android.widget.EditText' and (@text = 'Name' or . = 'Name')]"}[39m
[35m[HTTP][39m [37m<-- POST /wd/hub/session/0c0728f5-22f0-45fc-b0b7-3b39b110aa10/elements [39m[32m200[39m [90m66 ms - 12[39m
[35m[HTTP][39m [90m[39m
[35m[HTTP][39m [37m-->[39m [37mPOST[39m [37m/wd/hub/session/0c0728f5-22f0-45fc-b0b7-3b39b110aa10/elements[39m
[35m[HTTP][39m [90m{"using":"xpath","value":"//*[@class = 'android.widget.EditText' and (@text = 'Name' or . = 'Name')]"}[39m
[35m[HTTP][39m [37m<-- POST /wd/hub/session/0c0728f5-22f0-45fc-b0b7-3b39b110aa10/elements [39m[32m200[39m [90m68 ms - 12[39m
[35m[HTTP][39m [90m[39m
[35m[HTTP][39m [37m-->[39m [37mPOST[39m [37m/wd/hub/session/0c0728f5-22f0-45fc-b0b7-3b39b110aa10/elements[39m
[35m[HTTP][39m [90m{"using":"xpath","value":"//*[@class = 'android.widget.EditText' and (@text = 'Name' or . = 'Name')]"}[39m
[35m[HTTP][39m [37m<-- POST /wd/hub/session/0c0728f5-22f0-45fc-b0b7-3b39b110aa10/elements [39m[32m200[39m [90m60 ms - 12[39m
[35m[HTTP][39m [90m[39m
[35m[HTTP][39m [37m-->[39m [37mPOST[39m [37m/wd/hub/session/0c0728f5-22f0-45fc-b0b7-3b39b110aa10/elements[39m
[35m[HTTP][39m [90m{"using":"xpath","value":"//*[@class = 'android.widget.EditText' and (@text = 'Name' or . = 'Name')]"}[39m
[35m[HTTP][39m [37m<-- POST /wd/hub/session/0c0728f5-22f0-45fc-b0b7-3b39b110aa10/elements [39m[32m200[39m [90m646 ms - 12[39m
[35m[HTTP][39m [90m[39m
[35m[HTTP][39m [37m-->[39m [37mPOST[39m [37m/wd/hub/session/0c0728f5-22f0-45fc-b0b7-3b39b110aa10/elements[39m
[35m[HTTP][39m [90m{"using":"xpath","value":"//*[@class = 'android.widget.EditText' and (@text = 'Name' or . = 'Name')]"}[39m
[35m[HTTP][39m [37m<-- POST /wd/hub/session/0c0728f5-22f0-45fc-b0b7-3b39b110aa10/elements [39m[32m200[39m [90m59 ms - 12[39m
[35m[HTTP][39m [90m[39m
[35m[HTTP][39m [37m-->[39m [37mPOST[39m [37m/wd/hub/session/0c0728f5-22f0-45fc-b0b7-3b39b110aa10/elements[39m
[35m[HTTP][39m [90m{"using":"xpath","value":"//*[@class = 'android.widget.EditText' and (@text = 'Name' or . = 'Name')]"}[39m
[35m[HTTP][39m [37m<-- POST /wd/hub/session/0c0728f5-22f0-45fc-b0b7-3b39b110aa10/elements [39m[32m200[39m [90m51 ms - 12[39m
[35m[HTTP][39m [90m[39m
[35m[HTTP][39m [37m-->[39m [37mPOST[39m [37m/wd/hub/session/0c0728f5-22f0-45fc-b0b7-3b39b110aa10/elements[39m
[35m[HTTP][39m [90m{"using":"xpath","value":"//*[@class = 'android.widget.EditText' and (@text = 'Name' or . = 'Name')]"}[39m
[35m[HTTP][39m [37m<-- POST /wd/hub/session/0c0728f5-22f0-45fc-b0b7-3b39b110aa10/elements [39m[32m200[39m [90m57 ms - 12[39m
[35m[HTTP][39m [90m[39m
[35m[HTTP][39m [37m-->[39m [37mPOST[39m [37m/wd/hub/session/0c0728f5-22f0-45fc-b0b7-3b39b110aa10/elements[39m
[35m[HTTP][39m [90m{"using":"xpath","value":"//*[@class = 'android.widget.EditText' and (@text = 'Name' or . = 'Name')]"}[39m
[35m[HTTP][39m [37m<-- POST /wd/hub/session/0c0728f5-22f0-45fc-b0b7-3b39b110aa10/elements [39m[32m200[39m [90m119 ms - 12[39m
[35m[HTTP][39m [90m[39m
[35m[HTTP][39m [37m-->[39m [37mPOST[39m [37m/wd/hub/session/0c0728f5-22f0-45fc-b0b7-3b39b110aa10/elements[39m
[35m[HTTP][39m [90m{"using":"xpath","value":"//*[@class = 'android.widget.EditText' and (@text = 'Name' or . = 'Name')]"}[39m
[35m[HTTP][39m [37m<-- POST /wd/hub/session/0c0728f5-22f0-45fc-b0b7-3b39b110aa10/elements [39m[32m200[39m [90m694 ms - 12[39m
[35m[HTTP][39m [90m[39m
[35m[HTTP][39m [37m-->[39m [37mPOST[39m [37m/wd/hub/session/0c0728f5-22f0-45fc-b0b7-3b39b110aa10/elements[39m
[35m[HTTP][39m [90m{"using":"xpath","value":"//*[@class = 'android.widget.EditText' and (@text = 'Name' or . = 'Name')]"}[39m
[35m[HTTP][39m [37m<-- POST /wd/hub/session/0c0728f5-22f0-45fc-b0b7-3b39b110aa10/elements [39m[32m200[39m [90m60 ms - 12[39m
[35m[HTTP][39m [90m[39m
[35m[HTTP][39m [37m-->[39m [37mPOST[39m [37m/wd/hub/session/0c0728f5-22f0-45fc-b0b7-3b39b110aa10/elements[39m
[35m[HTTP][39m [90m{"using":"xpath","value":"//*[@class = 'android.widget.EditText' and (@text = 'Name' or . = 'Name')]"}[39m
[35m[HTTP][39m [37m<-- POST /wd/hub/session/0c0728f5-22f0-45fc-b0b7-3b39b110aa10/elements [39m[32m200[39m [90m88 ms - 12[39m
[35m[HTTP][39m [90m[39m
[35m[HTTP][39m [37m-->[39m [37mPOST[39m [37m/wd/hub/session/0c0728f5-22f0-45fc-b0b7-3b39b110aa10/elements[39m
[35m[HTTP][39m [90m{"using":"xpath","value":"//*[@class = 'android.widget.EditText' and (@text = 'Name' or . = 'Name')]"}[39m
[35m[HTTP][39m [37m<-- POST /wd/hub/session/0c0728f5-22f0-45fc-b0b7-3b39b110aa10/elements [39m[32m200[39m [90m51 ms - 12[39m
[35m[HTTP][39m [90m[39m
[35m[HTTP][39m [37m-->[39m [37mPOST[39m [37m/wd/hub/session/0c0728f5-22f0-45fc-b0b7-3b39b110aa10/elements[39m
[35m[HTTP][39m [90m{"using":"xpath","value":"//*[@class = 'android.widget.EditText' and (@text = 'Name' or . = 'Name')]"}[39m
[35m[HTTP][39m [37m<-- POST /wd/hub/session/0c0728f5-22f0-45fc-b0b7-3b39b110aa10/elements [39m[32m200[39m [90m103 ms - 12[39m
[35m[HTTP][39m [90m[39m
[35m[HTTP][39m [37m-->[39m [37mPOST[39m [37m/wd/hub/session/0c0728f5-22f0-45fc-b0b7-3b39b110aa10/elements[39m
[35m[HTTP][39m [90m{"using":"xpath","value":"//*[@class = 'android.widget.EditText' and (@text = 'Name' or . = 'Name')]"}[39m
[35m[HTTP][39m [37m<-- POST /wd/hub/session/0c0728f5-22f0-45fc-b0b7-3b39b110aa10/elements [39m[32m200[39m [90m652 ms - 12[39m
[35m[HTTP][39m [90m[39m
[35m[HTTP][39m [37m-->[39m [37mPOST[39m [37m/wd/hub/session/0c0728f5-22f0-45fc-b0b7-3b39b110aa10/elements[39m
[35m[HTTP][39m [90m{"using":"xpath","value":"//*[@class = 'android.widget.EditText' and (@text = 'Name' or . = 'Name')]"}[39m
[35m[HTTP][39m [37m<-- POST /wd/hub/session/0c0728f5-22f0-45fc-b0b7-3b39b110aa10/elements [39m[32m200[39m [90m103 ms - 12[39m
[35m[HTTP][39m [90m[39m
[35m[HTTP][39m [37m-->[39m [37mPOST[39m [37m/wd/hub/session/0c0728f5-22f0-45fc-b0b7-3b39b110aa10/elements[39m
[35m[HTTP][39m [90m{"using":"xpath","value":"//*[@class = 'android.widget.EditText' and (@text = 'Name' or . = 'Name')]"}[39m
[35m[HTTP][39m [37m<-- POST /wd/hub/session/0c0728f5-22f0-45fc-b0b7-3b39b110aa10/elements [39m[32m200[39m [90m58 ms - 12[39m
[35m[HTTP][39m [90m[39m
[35m[HTTP][39m [37m-->[39m [37mPOST[39m [37m/wd/hub/session/0c0728f5-22f0-45fc-b0b7-3b39b110aa10/elements[39m
[35m[HTTP][39m [90m{"using":"xpath","value":"//*[@class = 'android.widget.EditText' and (@text = 'Name' or . = 'Name')]"}[39m
[35m[HTTP][39m [37m<-- POST /wd/hub/session/0c0728f5-22f0-45fc-b0b7-3b39b110aa10/elements [39m[32m200[39m [90m94 ms - 12[39m
[35m[HTTP][39m [90m[39m
[35m[HTTP][39m [37m-->[39m [37mPOST[39m [37m/wd/hub/session/0c0728f5-22f0-45fc-b0b7-3b39b110aa10/elements[39m
[35m[HTTP][39m [90m{"using":"xpath","value":"//*[@class = 'android.widget.EditText' and (@text = 'Name' or . = 'Name')]"}[39m
[35m[HTTP][39m [37m<-- POST /wd/hub/session/0c0728f5-22f0-45fc-b0b7-3b39b110aa10/elements [39m[32m200[39m [90m106 ms - 12[39m
[35m[HTTP][39m [90m[39m
[35m[HTTP][39m [37m-->[39m [37mPOST[39m [37m/wd/hub/session/0c0728f5-22f0-45fc-b0b7-3b39b110aa10/elements[39m
[35m[HTTP][39m [90m{"using":"xpath","value":"//*[@class = 'android.widget.EditText' and (@text = 'Name' or . = 'Name')]"}[39m
[35m[HTTP][39m [37m<-- POST /wd/hub/session/0c0728f5-22f0-45fc-b0b7-3b39b110aa10/elements [39m[32m200[39m [90m642 ms - 12[39m
[35m[HTTP][39m [90m[39m
[35m[HTTP][39m [37m-->[39m [37mPOST[39m [37m/wd/hub/session/0c0728f5-22f0-45fc-b0b7-3b39b110aa10/elements[39m
[35m[HTTP][39m [90m{"using":"xpath","value":"//*[@class = 'android.widget.EditText' and (@text = 'Name' or . = 'Name')]"}[39m
[35m[HTTP][39m [37m<-- POST /wd/hub/session/0c0728f5-22f0-45fc-b0b7-3b39b110aa10/elements [39m[32m200[39m [90m51 ms - 12[39m
[35m[HTTP][39m [90m[39m
[35m[HTTP][39m [37m-->[39m [37mPOST[39m [37m/wd/hub/session/0c0728f5-22f0-45fc-b0b7-3b39b110aa10/elements[39m
[35m[HTTP][39m [90m{"using":"xpath","value":"//*[@class = 'android.widget.EditText' and (@text = 'Name' or . = 'Name')]"}[39m
[35m[HTTP][39m [37m<-- POST /wd/hub/session/0c0728f5-22f0-45fc-b0b7-3b39b110aa10/elements [39m[32m200[39m [90m92 ms - 12[39m
[35m[HTTP][39m [90m[39m
[35m[HTTP][39m [37m-->[39m [37mPOST[39m [37m/wd/hub/session/0c0728f5-22f0-45fc-b0b7-3b39b110aa10/elements[39m
[35m[HTTP][39m [90m{"using":"xpath","value":"//*[@class = 'android.widget.EditText' and (@text = 'Name' or . = 'Name')]"}[39m
[35m[HTTP][39m [37m<-- POST /wd/hub/session/0c0728f5-22f0-45fc-b0b7-3b39b110aa10/elements [39m[32m200[39m [90m53 ms - 12[39m
[35m[HTTP][39m [90m[39m
[35m[HTTP][39m [37m-->[39m [37mPOST[39m [37m/wd/hub/session/0c0728f5-22f0-45fc-b0b7-3b39b110aa10/elements[39m
[35m[HTTP][39m [90m{"using":"xpath","value":"//*[@class = 'android.widget.EditText' and (@text = 'Name' or . = 'Name')]"}[39m
[35m[HTTP][39m [37m<-- POST /wd/hub/session/0c0728f5-22f0-45fc-b0b7-3b39b110aa10/elements [39m[32m200[39m [90m57 ms - 12[39m
[35m[HTTP][39m [90m[39m
[35m[HTTP][39m [37m-->[39m [37mPOST[39m [37m/wd/hub/session/0c0728f5-22f0-45fc-b0b7-3b39b110aa10/elements[39m
[35m[HTTP][39m [90m{"using":"xpath","value":"//*[@class = 'android.widget.EditText' and (@text = 'Name' or . = 'Name')]"}[39m
[35m[HTTP][39m [37m<-- POST /wd/hub/session/0c0728f5-22f0-45fc-b0b7-3b39b110aa10/elements [39m[32m200[39m [90m707 ms - 12[39m
[35m[HTTP][39m [90m[39m
[35m[HTTP][39m [37m-->[39m [37mPOST[39m [37m/wd/hub/session/0c0728f5-22f0-45fc-b0b7-3b39b110aa10/elements[39m
[35m[HTTP][39m [90m{"using":"xpath","value":"//*[@class = 'android.widget.EditText' and (@text = 'Name' or . = 'Name')]"}[39m
[35m[HTTP][39m [37m<-- POST /wd/hub/session/0c0728f5-22f0-45fc-b0b7-3b39b110aa10/elements [39m[32m200[39m [90m113 ms - 12[39m
[35m[HTTP][39m [90m[39m
[35m[HTTP][39m [37m-->[39m [37mPOST[39m [37m/wd/hub/session/0c0728f5-22f0-45fc-b0b7-3b39b110aa10/elements[39m
[35m[HTTP][39m [90m{"using":"xpath","value":"//*[@class = 'android.widget.EditText' and (@text = 'Name' or . = 'Name')]"}[39m
[35m[HTTP][39m [37m<-- POST /wd/hub/session/0c0728f5-22f0-45fc-b0b7-3b39b110aa10/elements [39m[32m200[39m [90m53 ms - 12[39m
[35m[HTTP][39m [90m[39m
[35m[HTTP][39m [37m-->[39m [37mPOST[39m [37m/wd/hub/session/0c0728f5-22f0-45fc-b0b7-3b39b110aa10/elements[39m
[35m[HTTP][39m [90m{"using":"xpath","value":"//*[@class = 'android.widget.EditText' and (@text = 'Name' or . = 'Name')]"}[39m
[35m[HTTP][39m [37m<-- POST /wd/hub/session/0c0728f5-22f0-45fc-b0b7-3b39b110aa10/elements [39m[32m200[39m [90m109 ms - 12[39m
[35m[HTTP][39m [90m[39m
[35m[HTTP][39m [37m-->[39m [37mPOST[39m [37m/wd/hub/session/0c0728f5-22f0-45fc-b0b7-3b39b110aa10/elements[39m
[35m[HTTP][39m [90m{"using":"xpath","value":"//*[@class = 'android.widget.EditText' and (@text = 'Name' or . = 'Name')]"}[39m
[35m[HTTP][39m [37m<-- POST /wd/hub/session/0c0728f5-22f0-45fc-b0b7-3b39b110aa10/elements [39m[32m200[39m [90m67 ms - 12[39m
[35m[HTTP][39m [90m[39m
[35m[HTTP][39m [37m-->[39m [37mPOST[39m [37m/wd/hub/session/0c0728f5-22f0-45fc-b0b7-3b39b110aa10/elements[39m
[35m[HTTP][39m [90m{"using":"xpath","value":"//*[@class = 'android.widget.EditText' and (@text = 'Name' or . = 'Name')]"}[39m
[35m[HTTP][39m [37m<-- POST /wd/hub/session/0c0728f5-22f0-45fc-b0b7-3b39b110aa10/elements [39m[32m200[39m [90m658 ms - 12[39m
[35m[HTTP][39m [90m[39m
[35m[HTTP][39m [37m-->[39m [37mPOST[39m [37m/wd/hub/session/0c0728f5-22f0-45fc-b0b7-3b39b110aa10/elements[39m
[35m[HTTP][39m [90m{"using":"xpath","value":"//*[@class = 'android.widget.EditText' and (@text = 'Name' or . = 'Name')]"}[39m
[35m[HTTP][39m [37m<-- POST /wd/hub/session/0c0728f5-22f0-45fc-b0b7-3b39b110aa10/elements [39m[32m200[39m [90m78 ms - 12[39m
[35m[HTTP][39m [90m[39m
[35m[HTTP][39m [37m-->[39m [37mPOST[39m [37m/wd/hub/session/0c0728f5-22f0-45fc-b0b7-3b39b110aa10/elements[39m
[35m[HTTP][39m [90m{"using":"xpath","value":"//*[@class = 'android.widget.EditText' and (@text = 'Name' or . = 'Name')]"}[39m
[35m[HTTP][39m [37m<-- POST /wd/hub/session/0c0728f5-22f0-45fc-b0b7-3b39b110aa10/elements [39m[32m200[39m [90m105 ms - 12[39m
[35m[HTTP][39m [90m[39m
[35m[HTTP][39m [37m-->[39m [37mPOST[39m [37m/wd/hub/session/0c0728f5-22f0-45fc-b0b7-3b39b110aa10/elements[39m
[35m[HTTP][39m [90m{"using":"xpath","value":"//*[@class = 'android.widget.EditText' and (@text = 'Name' or . = 'Name')]"}[39m
[35m[HTTP][39m [37m<-- POST /wd/hub/session/0c0728f5-22f0-45fc-b0b7-3b39b110aa10/elements [39m[32m200[39m [90m109 ms - 12[39m
[35m[HTTP][39m [90m[39m
[35m[HTTP][39m [37m-->[39m [37mPOST[39m [37m/wd/hub/session/0c0728f5-22f0-45fc-b0b7-3b39b110aa10/elements[39m
[35m[HTTP][39m [90m{"using":"xpath","value":"//*[@class = 'android.widget.EditText' and (@text = 'Name' or . = 'Name')]"}[39m
[35m[HTTP][39m [37m<-- POST /wd/hub/session/0c0728f5-22f0-45fc-b0b7-3b39b110aa10/elements [39m[32m200[39m [90m704 ms - 12[39m
[35m[HTTP][39m [90m[39m
[35m[HTTP][39m [37m-->[39m [37mPOST[39m [37m/wd/hub/session/0c0728f5-22f0-45fc-b0b7-3b39b110aa10/elements[39m
[35m[HTTP][39m [90m{"using":"xpath","value":"//*[@class = 'android.widget.EditText' and (@text = 'Name' or . = 'Name')]"}[39m
[35m[HTTP][39m [37m<-- POST /wd/hub/session/0c0728f5-22f0-45fc-b0b7-3b39b110aa10/elements [39m[32m200[39m [90m77 ms - 12[39m
[35m[HTTP][39m [90m[39m
[35m[HTTP][39m [37m-->[39m [37mPOST[39m [37m/wd/hub/session/0c0728f5-22f0-45fc-b0b7-3b39b110aa10/elements[39m
[35m[HTTP][39m [90m{"using":"xpath","value":"//*[@class = 'android.widget.EditText' and (@text = 'Name' or . = 'Name')]"}[39m
[35m[HTTP][39m [37m<-- POST /wd/hub/session/0c0728f5-22f0-45fc-b0b7-3b39b110aa10/elements [39m[32m200[39m [90m109 ms - 12[39m
[35m[HTTP][39m [90m[39m
[35m[HTTP][39m [37m-->[39m [37mPOST[39m [37m/wd/hub/session/0c0728f5-22f0-45fc-b0b7-3b39b110aa10/elements[39m
[35m[HTTP][39m [90m{"using":"xpath","value":"//*[@class = 'android.widget.EditText' and (@text = 'Name' or . = 'Name')]"}[39m
[35m[HTTP][39m [37m<-- POST /wd/hub/session/0c0728f5-22f0-45fc-b0b7-3b39b110aa10/elements [39m[32m200[39m [90m104 ms - 12[39m
[35m[HTTP][39m [90m[39m
[35m[HTTP][39m [37m-->[39m [37mPOST[39m [37m/wd/hub/session/0c0728f5-22f0-45fc-b0b7-3b39b110aa10/elements[39m
[35m[HTTP][39m [90m{"using":"xpath","value":"//*[@class = 'android.widget.EditText' and (@text = 'Name' or . = 'Name')]"}[39m
[35m[HTTP][39m [37m<-- POST /wd/hub/session/0c0728f5-22f0-45fc-b0b7-3b39b110aa10/elements [39m[32m200[39m [90m678 ms - 12[39m
[35m[HTTP][39m [90m[39m
[35m[HTTP][39m [37m-->[39m [37mPOST[39m [37m/wd/hub/session/0c0728f5-22f0-45fc-b0b7-3b39b110aa10/elements[39m
[35m[HTTP][39m [90m{"using":"xpath","value":"//*[@class = 'android.widget.EditText' and (@text = 'Name' or . = 'Name')]"}[39m
[35m[HTTP][39m [37m<-- POST /wd/hub/session/0c0728f5-22f0-45fc-b0b7-3b39b110aa10/elements [39m[32m200[39m [90m60 ms - 12[39m
[35m[HTTP][39m [90m[39m
[35m[HTTP][39m [37m-->[39m [37mPOST[39m [37m/wd/hub/session/0c0728f5-22f0-45fc-b0b7-3b39b110aa10/elements[39m
[35m[HTTP][39m [90m{"using":"xpath","value":"//*[@class = 'android.widget.EditText' and (@text = 'Name' or . = 'Name')]"}[39m
[35m[HTTP][39m [37m<-- POST /wd/hub/session/0c0728f5-22f0-45fc-b0b7-3b39b110aa10/elements [39m[32m200[39m [90m115 ms - 12[39m
[35m[HTTP][39m [90m[39m
[35m[HTTP][39m [37m-->[39m [37mPOST[39m [37m/wd/hub/session/0c0728f5-22f0-45fc-b0b7-3b39b110aa10/elements[39m
[35m[HTTP][39m [90m{"using":"xpath","value":"//*[@class = 'android.widget.EditText' and (@text = 'Name' or . = 'Name')]"}[39m
[35m[HTTP][39m [37m<-- POST /wd/hub/session/0c0728f5-22f0-45fc-b0b7-3b39b110aa10/elements [39m[32m200[39m [90m94 ms - 12[39m
[35m[HTTP][39m [90m[39m
[35m[HTTP][39m [37m-->[39m [37mPOST[39m [37m/wd/hub/session/0c0728f5-22f0-45fc-b0b7-3b39b110aa10/elements[39m
[35m[HTTP][39m [90m{"using":"xpath","value":"//*[@class = 'android.widget.EditText' and (@text = 'Name' or . = 'Name')]"}[39m
[35m[HTTP][39m [37m<-- POST /wd/hub/session/0c0728f5-22f0-45fc-b0b7-3b39b110aa10/elements [39m[32m200[39m [90m1730 ms - 12[39m
[35m[HTTP][39m [90m[39m
[35m[HTTP][39m [37m-->[39m [37mPOST[39m [37m/wd/hub/session/0c0728f5-22f0-45fc-b0b7-3b39b110aa10/elements[39m
[35m[HTTP][39m [90m{"using":"xpath","value":"//*[@class = 'android.widget.EditText' and (@text = 'Name' or . = 'Name')]"}[39m
[35m[HTTP][39m [37m<-- POST /wd/hub/session/0c0728f5-22f0-45fc-b0b7-3b39b110aa10/elements [39m[32m200[39m [90m90 ms - 12[39m
[35m[HTTP][39m [90m[39m
[35m[HTTP][39m [37m-->[39m [37mPOST[39m [37m/wd/hub/session/0c0728f5-22f0-45fc-b0b7-3b39b110aa10/elements[39m
[35m[HTTP][39m [90m{"using":"xpath","value":"//*[@class = 'android.widget.EditText' and (@text = 'Name' or . = 'Name')]"}[39m
[35m[HTTP][39m [37m<-- POST /wd/hub/session/0c0728f5-22f0-45fc-b0b7-3b39b110aa10/elements [39m[32m200[39m [90m99 ms - 12[39m
[35m[HTTP][39m [90m[39m
[35m[HTTP][39m [37m-->[39m [37mPOST[39m [37m/wd/hub/session/0c0728f5-22f0-45fc-b0b7-3b39b110aa10/elements[39m
[35m[HTTP][39m [90m{"using":"xpath","value":"//*[@class = 'android.widget.EditText' and (@text = 'Name' or . = 'Name')]"}[39m
[35m[HTTP][39m [37m<-- POST /wd/hub/session/0c0728f5-22f0-45fc-b0b7-3b39b110aa10/elements [39m[32m200[39m [90m95 ms - 12[39m
[35m[HTTP][39m [90m[39m
[35m[HTTP][39m [37m-->[39m [37mPOST[39m [37m/wd/hub/session/0c0728f5-22f0-45fc-b0b7-3b39b110aa10/elements[39m
[35m[HTTP][39m [90m{"using":"xpath","value":"//*[@class = 'android.widget.EditText' and (@text = 'Name' or . = 'Name')]"}[39m
[35m[HTTP][39m [37m<-- POST /wd/hub/session/0c0728f5-22f0-45fc-b0b7-3b39b110aa10/elements [39m[32m200[39m [90m1674 ms - 12[39m
[35m[HTTP][39m [90m[39m
[35m[HTTP][39m [37m-->[39m [37mPOST[39m [37m/wd/hub/session/0c0728f5-22f0-45fc-b0b7-3b39b110aa10/elements[39m
[35m[HTTP][39m [90m{"using":"xpath","value":"//*[@class = 'android.widget.EditText' and (@text = 'Name' or . = 'Name')]"}[39m
[35m[HTTP][39m [37m<-- POST /wd/hub/session/0c0728f5-22f0-45fc-b0b7-3b39b110aa10/elements [39m[32m200[39m [90m55 ms - 12[39m
[35m[HTTP][39m [90m[39m
[35m[HTTP][39m [37m-->[39m [37mPOST[39m [37m/wd/hub/session/0c0728f5-22f0-45fc-b0b7-3b39b110aa10/elements[39m
[35m[HTTP][39m [90m{"using":"xpath","value":"//*[@class = 'android.widget.EditText' and (@text = 'Name' or . = 'Name')]"}[39m
[35m[HTTP][39m [37m<-- POST /wd/hub/session/0c0728f5-22f0-45fc-b0b7-3b39b110aa10/elements [39m[32m200[39m [90m1040 ms - 12[39m
[35m[HTTP][39m [90m[39m
[35m[HTTP][39m [37m-->[39m [37mPOST[39m [37m/wd/hub/session/0c0728f5-22f0-45fc-b0b7-3b39b110aa10/elements[39m
[35m[HTTP][39m [90m{"using":"xpath","value":"//*[@class = 'android.widget.EditText' and (@text = 'Name' or . = 'Name')]"}[39m
[35m[HTTP][39m [37m<-- POST /wd/hub/session/0c0728f5-22f0-45fc-b0b7-3b39b110aa10/elements [39m[32m200[39m [90m68 ms - 12[39m
[35m[HTTP][39m [90m[39m
[35m[HTTP][39m [37m-->[39m [37mPOST[39m [37m/wd/hub/session/0c0728f5-22f0-45fc-b0b7-3b39b110aa10/elements[39m
[35m[HTTP][39m [90m{"using":"xpath","value":"//*[@class = 'android.widget.EditText' and (@text = 'Name' or . = 'Name')]"}[39m
[35m[HTTP][39m [37m<-- POST /wd/hub/session/0c0728f5-22f0-45fc-b0b7-3b39b110aa10/elements [39m[32m200[39m [90m75 ms - 12[39m
[35m[HTTP][39m [90m[39m
[35m[HTTP][39m [37m-->[39m [37mPOST[39m [37m/wd/hub/session/0c0728f5-22f0-45fc-b0b7-3b39b110aa10/elements[39m
[35m[HTTP][39m [90m{"using":"xpath","value":"//*[@class = 'android.widget.EditText' and (@text = 'Name' or . = 'Name')]"}[39m
[35m[HTTP][39m [37m<-- POST /wd/hub/session/0c0728f5-22f0-45fc-b0b7-3b39b110aa10/elements [39m[32m200[39m [90m67 ms - 12[39m
[35m[HTTP][39m [90m[39m
[35m[HTTP][39m [37m-->[39m [37mPOST[39m [37m/wd/hub/session/0c0728f5-22f0-45fc-b0b7-3b39b110aa10/elements[39m
[35m[HTTP][39m [90m{"using":"xpath","value":"//*[@class = 'android.widget.EditText' and (@text = 'Name' or . = 'Name')]"}[39m
[35m[HTTP][39m [37m<-- POST /wd/hub/session/0c0728f5-22f0-45fc-b0b7-3b39b110aa10/elements [39m[32m200[39m [90m699 ms - 12[39m
[35m[HTTP][39m [90m[39m
[35m[HTTP][39m [37m-->[39m [37mPOST[39m [37m/wd/hub/session/0c0728f5-22f0-45fc-b0b7-3b39b110aa10/elements[39m
[35m[HTTP][39m [90m{"using":"xpath","value":"//*[@class = 'android.widget.EditText' and (@text = 'Name' or . = 'Name')]"}[39m
[35m[HTTP][39m [37m<-- POST /wd/hub/session/0c0728f5-22f0-45fc-b0b7-3b39b110aa10/elements [39m[32m200[39m [90m114 ms - 12[39m
[35m[HTTP][39m [90m[39m
[35m[HTTP][39m [37m-->[39m [37mPOST[39m [37m/wd/hub/session/0c0728f5-22f0-45fc-b0b7-3b39b110aa10/elements[39m
[35m[HTTP][39m [90m{"using":"xpath","value":"//*[@class = 'android.widget.EditText' and (@text = 'Name' or . = 'Name')]"}[39m
[35m[HTTP][39m [37m<-- POST /wd/hub/session/0c0728f5-22f0-45fc-b0b7-3b39b110aa10/elements [39m[32m200[39m [90m72 ms - 12[39m
[35m[HTTP][39m [90m[39m
[35m[HTTP][39m [37m-->[39m [37mPOST[39m [37m/wd/hub/session/0c0728f5-22f0-45fc-b0b7-3b39b110aa10/elements[39m
[35m[HTTP][39m [90m{"using":"xpath","value":"//*[@class = 'android.widget.EditText' and (@text = 'Name' or . = 'Name')]"}[39m
[35m[HTTP][39m [37m<-- POST /wd/hub/session/0c0728f5-22f0-45fc-b0b7-3b39b110aa10/elements [39m[32m200[39m [90m66 ms - 12[39m
[35m[HTTP][39m [90m[39m
[35m[HTTP][39m [37m-->[39m [37mPOST[39m [37m/wd/hub/session/0c0728f5-22f0-45fc-b0b7-3b39b110aa10/elements[39m
[35m[HTTP][39m [90m{"using":"xpath","value":"//*[@class = 'android.widget.EditText' and (@text = 'Name' or . = 'Name')]"}[39m
[35m[HTTP][39m [37m<-- POST /wd/hub/session/0c0728f5-22f0-45fc-b0b7-3b39b110aa10/elements [39m[32m200[39m [90m68 ms - 12[39m
[35m[HTTP][39m [90m[39m
[35m[HTTP][39m [37m-->[39m [37mPOST[39m [37m/wd/hub/session/0c0728f5-22f0-45fc-b0b7-3b39b110aa10/elements[39m
[35m[HTTP][39m [90m{"using":"xpath","value":"//*[@class = 'android.widget.EditText' and (@text = 'Name' or . = 'Name')]"}[39m
[35m[HTTP][39m [37m<-- POST /wd/hub/session/0c0728f5-22f0-45fc-b0b7-3b39b110aa10/elements [39m[32m200[39m [90m657 ms - 12[39m
[35m[HTTP][39m [90m[39m
[35m[HTTP][39m [37m-->[39m [37mPOST[39m [37m/wd/hub/session/0c0728f5-22f0-45fc-b0b7-3b39b110aa10/elements[39m
[35m[HTTP][39m [90m{"using":"xpath","value":"//*[@class = 'android.widget.EditText' and (@text = 'Name' or . = 'Name')]"}[39m
[35m[HTTP][39m [37m<-- POST /wd/hub/session/0c0728f5-22f0-45fc-b0b7-3b39b110aa10/elements [39m[32m200[39m [90m65 ms - 12[39m
[35m[HTTP][39m [90m[39m
[35m[HTTP][39m [37m-->[39m [37mPOST[39m [37m/wd/hub/session/0c0728f5-22f0-45fc-b0b7-3b39b110aa10/elements[39m
[35m[HTTP][39m [90m{"using":"xpath","value":"//*[@class = 'android.widget.EditText' and (@text = 'Name' or . = 'Name')]"}[39m
[35m[HTTP][39m [37m<-- POST /wd/hub/session/0c0728f5-22f0-45fc-b0b7-3b39b110aa10/elements [39m[32m200[39m [90m68 ms - 12[39m
[35m[HTTP][39m [90m[39m
[35m[HTTP][39m [37m-->[39m [37mPOST[39m [37m/wd/hub/session/0c0728f5-22f0-45fc-b0b7-3b39b110aa10/elements[39m
[35m[HTTP][39m [90m{"using":"xpath","value":"//*[@class = 'android.widget.EditText' and (@text = 'Name' or . = 'Name')]"}[39m
[35m[HTTP][39m [37m<-- POST /wd/hub/session/0c0728f5-22f0-45fc-b0b7-3b39b110aa10/elements [39m[32m200[39m [90m75 ms - 12[39m
[35m[HTTP][39m [90m[39m
[35m[HTTP][39m [37m-->[39m [37mPOST[39m [37m/wd/hub/session/0c0728f5-22f0-45fc-b0b7-3b39b110aa10/elements[39m
[35m[HTTP][39m [90m{"using":"xpath","value":"//*[@class = 'android.widget.EditText' and (@text = 'Name' or . = 'Name')]"}[39m
[35m[HTTP][39m [37m<-- POST /wd/hub/session/0c0728f5-22f0-45fc-b0b7-3b39b110aa10/elements [39m[32m200[39m [90m74 ms - 12[39m
[35m[HTTP][39m [90m[39m
[35m[HTTP][39m [37m-->[39m [37mPOST[39m [37m/wd/hub/session/0c0728f5-22f0-45fc-b0b7-3b39b110aa10/elements[39m
[35m[HTTP][39m [90m{"using":"xpath","value":"//*[@class = 'android.widget.EditText' and (@text = 'Name' or . = 'Name')]"}[39m
[35m[HTTP][39m [37m<-- POST /wd/hub/session/0c0728f5-22f0-45fc-b0b7-3b39b110aa10/elements [39m[32m200[39m [90m797 ms - 12[39m
[35m[HTTP][39m [90m[39m
[35m[HTTP][39m [37m-->[39m [37mPOST[39m [37m/wd/hub/session/0c0728f5-22f0-45fc-b0b7-3b39b110aa10/elements[39m
[35m[HTTP][39m [90m{"using":"xpath","value":"//*[@class = 'android.widget.EditText' and (@text = 'Name' or . = 'Name')]"}[39m
[35m[HTTP][39m [37m<-- POST /wd/hub/session/0c0728f5-22f0-45fc-b0b7-3b39b110aa10/elements [39m[32m200[39m [90m66 ms - 12[39m
[35m[HTTP][39m [90m[39m
[35m[HTTP][39m [37m-->[39m [37mPOST[39m [37m/wd/hub/session/0c0728f5-22f0-45fc-b0b7-3b39b110aa10/elements[39m
[35m[HTTP][39m [90m{"using":"xpath","value":"//*[@class = 'android.widget.EditText' and (@text = 'Name' or . = 'Name')]"}[39m
[35m[HTTP][39m [37m<-- POST /wd/hub/session/0c0728f5-22f0-45fc-b0b7-3b39b110aa10/elements [39m[32m200[39m [90m64 ms - 12[39m
[35m[HTTP][39m [90m[39m
[35m[HTTP][39m [37m-->[39m [37mPOST[39m [37m/wd/hub/session/0c0728f5-22f0-45fc-b0b7-3b39b110aa10/elements[39m
[35m[HTTP][39m [90m{"using":"xpath","value":"//*[@class = 'android.widget.EditText' and (@text = 'Name' or . = 'Name')]"}[39m
[35m[HTTP][39m [37m<-- POST /wd/hub/session/0c0728f5-22f0-45fc-b0b7-3b39b110aa10/elements [39m[32m200[39m [90m56 ms - 12[39m
[35m[HTTP][39m [90m[39m
[35m[HTTP][39m [37m-->[39m [37mPOST[39m [37m/wd/hub/session/0c0728f5-22f0-45fc-b0b7-3b39b110aa10/elements[39m
[35m[HTTP][39m [90m{"using":"xpath","value":"//*[@class = 'android.widget.EditText' and (@text = 'Name' or . = 'Name')]"}[39m
[35m[HTTP][39m [37m<-- POST /wd/hub/session/0c0728f5-22f0-45fc-b0b7-3b39b110aa10/elements [39m[32m200[39m [90m695 ms - 12[39m
[35m[HTTP][39m [90m[39m
[35m[HTTP][39m [37m-->[39m [37mPOST[39m [37m/wd/hub/session/0c0728f5-22f0-45fc-b0b7-3b39b110aa10/elements[39m
[35m[HTTP][39m [90m{"using":"xpath","value":"//*[@class = 'android.widget.EditText' and (@text = 'Name' or . = 'Name')]"}[39m
[35m[HTTP][39m [37m<-- POST /wd/hub/session/0c0728f5-22f0-45fc-b0b7-3b39b110aa10/elements [39m[32m200[39m [90m67 ms - 12[39m
[35m[HTTP][39m [90m[39m
[35m[HTTP][39m [37m-->[39m [37mPOST[39m [37m/wd/hub/session/0c0728f5-22f0-45fc-b0b7-3b39b110aa10/elements[39m
[35m[HTTP][39m [90m{"using":"xpath","value":"//*[@class = 'android.widget.EditText' and (@text = 'Name' or . = 'Name')]"}[39m
[35m[HTTP][39m [37m<-- POST /wd/hub/session/0c0728f5-22f0-45fc-b0b7-3b39b110aa10/elements [39m[32m200[39m [90m70 ms - 12[39m
[35m[HTTP][39m [90m[39m
[35m[HTTP][39m [37m-->[39m [37mPOST[39m [37m/wd/hub/session/0c0728f5-22f0-45fc-b0b7-3b39b110aa10/elements[39m
[35m[HTTP][39m [90m{"using":"xpath","value":"//*[@class = 'android.widget.EditText' and (@text = 'Name' or . = 'Name')]"}[39m
[35m[HTTP][39m [37m<-- POST /wd/hub/session/0c0728f5-22f0-45fc-b0b7-3b39b110aa10/elements [39m[32m200[39m [90m62 ms - 12[39m
[35m[HTTP][39m [90m[39m
[35m[HTTP][39m [37m-->[39m [37mPOST[39m [37m/wd/hub/session/0c0728f5-22f0-45fc-b0b7-3b39b110aa10/elements[39m
[35m[HTTP][39m [90m{"using":"xpath","value":"//*[@class = 'android.widget.EditText' and (@text = 'Name' or . = 'Name')]"}[39m
[35m[HTTP][39m [37m<-- POST /wd/hub/session/0c0728f5-22f0-45fc-b0b7-3b39b110aa10/elements [39m[32m200[39m [90m67 ms - 12[39m
[35m[HTTP][39m [90m[39m
[35m[HTTP][39m [37m-->[39m [37mPOST[39m [37m/wd/hub/session/0c0728f5-22f0-45fc-b0b7-3b39b110aa10/elements[39m
[35m[HTTP][39m [90m{"using":"xpath","value":"//*[@class = 'android.widget.EditText' and (@text = 'Name' or . = 'Name')]"}[39m
[35m[HTTP][39m [37m<-- POST /wd/hub/session/0c0728f5-22f0-45fc-b0b7-3b39b110aa10/elements [39m[32m200[39m [90m55 ms - 12[39m
[35m[HTTP][39m [90m[39m
[35m[HTTP][39m [37m-->[39m [37mPOST[39m [37m/wd/hub/session/0c0728f5-22f0-45fc-b0b7-3b39b110aa10/elements[39m
[35m[HTTP][39m [90m{"using":"xpath","value":"//*[@class = 'android.widget.EditText' and (@text = 'Name' or . = 'Name')]"}[39m
[35m[HTTP][39m [37m<-- POST /wd/hub/session/0c0728f5-22f0-45fc-b0b7-3b39b110aa10/elements [39m[32m200[39m [90m1036 ms - 12[39m
[35m[HTTP][39m [90m[39m
[35m[HTTP][39m [37m-->[39m [37mPOST[39m [37m/wd/hub/session/0c0728f5-22f0-45fc-b0b7-3b39b110aa10/elements[39m
[35m[HTTP][39m [90m{"using":"xpath","value":"//*[@class = 'android.widget.EditText' and (@text = 'Name' or . = 'Name')]"}[39m
[35m[HTTP][39m [37m<-- POST /wd/hub/session/0c0728f5-22f0-45fc-b0b7-3b39b110aa10/elements [39m[32m200[39m [90m714 ms - 12[39m
[35m[HTTP][39m [90m[39m
[35m[HTTP][39m [37m-->[39m [37mPOST[39m [37m/wd/hub/session/0c0728f5-22f0-45fc-b0b7-3b39b110aa10/elements[39m
[35m[HTTP][39m [90m{"using":"xpath","value":"//*[@class = 'android.widget.EditText' and (@text = 'Name' or . = 'Name')]"}[39m
[35m[HTTP][39m [37m<-- POST /wd/hub/session/0c0728f5-22f0-45fc-b0b7-3b39b110aa10/elements [39m[32m200[39m [90m70 ms - 12[39m
[35m[HTTP][39m [90m[39m
[35m[HTTP][39m [37m-->[39m [37mPOST[39m [37m/wd/hub/session/0c0728f5-22f0-45fc-b0b7-3b39b110aa10/elements[39m
[35m[HTTP][39m [90m{"using":"xpath","value":"//*[@class = 'android.widget.EditText' and (@text = 'Name' or . = 'Name')]"}[39m
[35m[HTTP][39m [37m<-- POST /wd/hub/session/0c0728f5-22f0-45fc-b0b7-3b39b110aa10/elements [39m[32m200[39m [90m68 ms - 12[39m
[35m[HTTP][39m [90m[39m
[35m[HTTP][39m [37m-->[39m [37mPOST[39m [37m/wd/hub/session/0c0728f5-22f0-45fc-b0b7-3b39b110aa10/elements[39m
[35m[HTTP][39m [90m{"using":"xpath","value":"//*[@class = 'android.widget.EditText' and (@text = 'Name' or . = 'Name')]"}[39m
[35m[HTTP][39m [37m<-- POST /wd/hub/session/0c0728f5-22f0-45fc-b0b7-3b39b110aa10/elements [39m[32m200[39m [90m55 ms - 12[39m
[35m[HTTP][39m [90m[39m
[35m[HTTP][39m [37m-->[39m [37mPOST[39m [37m/wd/hub/session/0c0728f5-22f0-45fc-b0b7-3b39b110aa10/elements[39m
[35m[HTTP][39m [90m{"using":"xpath","value":"//*[@class = 'android.widget.EditText' and (@text = 'Name' or . = 'Name')]"}[39m
[35m[HTTP][39m [37m<-- POST /wd/hub/session/0c0728f5-22f0-45fc-b0b7-3b39b110aa10/elements [39m[32m200[39m [90m696 ms - 12[39m
[35m[HTTP][39m [90m[39m
[35m[HTTP][39m [37m-->[39m [37mPOST[39m [37m/wd/hub/session/0c0728f5-22f0-45fc-b0b7-3b39b110aa10/elements[39m
[35m[HTTP][39m [90m{"using":"xpath","value":"//*[@class = 'android.widget.EditText' and (@text = 'Name' or . = 'Name')]"}[39m
[35m[HTTP][39m [37m<-- POST /wd/hub/session/0c0728f5-22f0-45fc-b0b7-3b39b110aa10/elements [39m[32m200[39m [90m63 ms - 12[39m
[35m[HTTP][39m [90m[39m
[35m[HTTP][39m [37m-->[39m [37mPOST[39m [37m/wd/hub/session/0c0728f5-22f0-45fc-b0b7-3b39b110aa10/elements[39m
[35m[HTTP][39m [90m{"using":"xpath","value":"//*[@class = 'android.widget.EditText' and (@text = 'Name' or . = 'Name')]"}[39m
[35m[HTTP][39m [37m<-- POST /wd/hub/session/0c0728f5-22f0-45fc-b0b7-3b39b110aa10/elements [39m[32m200[39m [90m65 ms - 12[39m
[35m[HTTP][39m [90m[39m
[35m[HTTP][39m [37m-->[39m [37mPOST[39m [37m/wd/hub/session/0c0728f5-22f0-45fc-b0b7-3b39b110aa10/elements[39m
[35m[HTTP][39m [90m{"using":"xpath","value":"//*[@class = 'android.widget.EditText' and (@text = 'Name' or . = 'Name')]"}[39m
[35m[HTTP][39m [37m<-- POST /wd/hub/session/0c0728f5-22f0-45fc-b0b7-3b39b110aa10/elements [39m[32m200[39m [90m74 ms - 12[39m
[35m[HTTP][39m [90m[39m
[35m[HTTP][39m [37m-->[39m [37mPOST[39m [37m/wd/hub/session/0c0728f5-22f0-45fc-b0b7-3b39b110aa10/elements[39m
[35m[HTTP][39m [90m{"using":"xpath","value":"//*[@class = 'android.widget.EditText' and (@text = 'Name' or . = 'Name')]"}[39m
[35m[HTTP][39m [37m<-- POST /wd/hub/session/0c0728f5-22f0-45fc-b0b7-3b39b110aa10/elements [39m[32m200[39m [90m66 ms - 12[39m
[35m[HTTP][39m [90m[39m
[35m[HTTP][39m [37m-->[39m [37mPOST[39m [37m/wd/hub/session/0c0728f5-22f0-45fc-b0b7-3b39b110aa10/elements[39m
[35m[HTTP][39m [90m{"using":"xpath","value":"//*[@class = 'android.widget.EditText' and (@text = 'Name' or . = 'Name')]"}[39m
[35m[HTTP][39m [37m<-- POST /wd/hub/session/0c0728f5-22f0-45fc-b0b7-3b39b110aa10/elements [39m[32m200[39m [90m67 ms - 12[39m
[35m[HTTP][39m [90m[39m
[35m[HTTP][39m [37m-->[39m [37mPOST[39m [37m/wd/hub/session/0c0728f5-22f0-45fc-b0b7-3b39b110aa10/elements[39m
[35m[HTTP][39m [90m{"using":"xpath","value":"//*[@class = 'android.widget.EditText' and (@text = 'Name' or . = 'Name')]"}[39m
[35m[HTTP][39m [37m<-- POST /wd/hub/session/0c0728f5-22f0-45fc-b0b7-3b39b110aa10/elements [39m[32m200[39m [90m626 ms - 12[39m
[35m[HTTP][39m [90m[39m
[35m[HTTP][39m [37m-->[39m [37mPOST[39m [37m/wd/hub/session/0c0728f5-22f0-45fc-b0b7-3b39b110aa10/elements[39m
[35m[HTTP][39m [90m{"using":"xpath","value":"//*[@class = 'android.widget.EditText' and (@text = 'Name' or . = 'Name')]"}[39m
[35m[HTTP][39m [37m<-- POST /wd/hub/session/0c0728f5-22f0-45fc-b0b7-3b39b110aa10/elements [39m[32m200[39m [90m65 ms - 12[39m
[35m[HTTP][39m [90m[39m
[35m[HTTP][39m [37m-->[39m [37mPOST[39m [37m/wd/hub/session/0c0728f5-22f0-45fc-b0b7-3b39b110aa10/elements[39m
[35m[HTTP][39m [90m{"using":"xpath","value":"//*[@class = 'android.widget.EditText' and (@text = 'Name' or . = 'Name')]"}[39m
[35m[HTTP][39m [37m<-- POST /wd/hub/session/0c0728f5-22f0-45fc-b0b7-3b39b110aa10/elements [39m[32m200[39m [90m72 ms - 12[39m
[35m[HTTP][39m [90m[39m
[35m[HTTP][39m [37m-->[39m [37mPOST[39m [37m/wd/hub/session/0c0728f5-22f0-45fc-b0b7-3b39b110aa10/elements[39m
[35m[HTTP][39m [90m{"using":"xpath","value":"//*[@class = 'android.widget.EditText' and (@text = 'Name' or . = 'Name')]"}[39m
[35m[HTTP][39m [37m<-- POST /wd/hub/session/0c0728f5-22f0-45fc-b0b7-3b39b110aa10/elements [39m[32m200[39m [90m63 ms - 12[39m
[35m[HTTP][39m [90m[39m
[35m[HTTP][39m [37m-->[39m [37mPOST[39m [37m/wd/hub/session/0c0728f5-22f0-45fc-b0b7-3b39b110aa10/elements[39m
[35m[HTTP][39m [90m{"using":"xpath","value":"//*[@class = 'android.widget.EditText' and (@text = 'Name' or . = 'Name')]"}[39m
[35m[HTTP][39m [37m<-- POST /wd/hub/session/0c0728f5-22f0-45fc-b0b7-3b39b110aa10/elements [39m[32m200[39m [90m57 ms - 12[39m
[35m[HTTP][39m [90m[39m
[35m[HTTP][39m [37m-->[39m [37mPOST[39m [37m/wd/hub/session/0c0728f5-22f0-45fc-b0b7-3b39b110aa10/elements[39m
[35m[HTTP][39m [90m{"using":"xpath","value":"//*[@class = 'android.widget.EditText' and (@text = 'Name' or . = 'Name')]"}[39m
[35m[HTTP][39m [37m<-- POST /wd/hub/session/0c0728f5-22f0-45fc-b0b7-3b39b110aa10/elements [39m[32m200[39m [90m74 ms - 12[39m
[35m[HTTP][39m [90m[39m
[35m[HTTP][39m [37m-->[39m [37mPOST[39m [37m/wd/hub/session/0c0728f5-22f0-45fc-b0b7-3b39b110aa10/elements[39m
[35m[HTTP][39m [90m{"using":"xpath","value":"//*[@class = 'android.widget.EditText' and (@text = 'Name' or . = 'Name')]"}[39m
[35m[HTTP][39m [37m<-- POST /wd/hub/session/0c0728f5-22f0-45fc-b0b7-3b39b110aa10/elements [39m[32m200[39m [90m755 ms - 12[39m
[35m[HTTP][39m [90m[39m
[35m[HTTP][39m [37m-->[39m [37mPOST[39m [37m/wd/hub/session/0c0728f5-22f0-45fc-b0b7-3b39b110aa10/elements[39m
[35m[HTTP][39m [90m{"using":"xpath","value":"//*[@class = 'android.widget.EditText' and (@text = 'Name' or . = 'Name')]"}[39m
[35m[HTTP][39m [37m<-- POST /wd/hub/session/0c0728f5-22f0-45fc-b0b7-3b39b110aa10/elements [39m[32m200[39m [90m63 ms - 12[39m
[35m[HTTP][39m [90m[39m
[35m[HTTP][39m [37m-->[39m [37mPOST[39m [37m/wd/hub/session/0c0728f5-22f0-45fc-b0b7-3b39b110aa10/elements[39m
[35m[HTTP][39m [90m{"using":"xpath","value":"//*[@class = 'android.widget.EditText' and (@text = 'Name' or . = 'Name')]"}[39m
[35m[HTTP][39m [37m<-- POST /wd/hub/session/0c0728f5-22f0-45fc-b0b7-3b39b110aa10/elements [39m[32m200[39m [90m69 ms - 12[39m
[35m[HTTP][39m [90m[39m
[35m[HTTP][39m [37m-->[39m [37mPOST[39m [37m/wd/hub/session/0c0728f5-22f0-45fc-b0b7-3b39b110aa10/elements[39m
[35m[HTTP][39m [90m{"using":"xpath","value":"//*[@class = 'android.widget.EditText' and (@text = 'Name' or . = 'Name')]"}[39m
[35m[HTTP][39m [37m<-- POST /wd/hub/session/0c0728f5-22f0-45fc-b0b7-3b39b110aa10/elements [39m[32m200[39m [90m56 ms - 12[39m
[35m[HTTP][39m [90m[39m
[35m[HTTP][39m [37m-->[39m [37mPOST[39m [37m/wd/hub/session/0c0728f5-22f0-45fc-b0b7-3b39b110aa10/elements[39m
[35m[HTTP][39m [90m{"using":"xpath","value":"//*[@class = 'android.widget.EditText' and (@text = 'Name' or . = 'Name')]"}[39m
[35m[HTTP][39m [37m<-- POST /wd/hub/session/0c0728f5-22f0-45fc-b0b7-3b39b110aa10/elements [39m[32m200[39m [90m695 ms - 12[39m
[35m[HTTP][39m [90m[39m
[35m[HTTP][39m [37m-->[39m [37mPOST[39m [37m/wd/hub/session/0c0728f5-22f0-45fc-b0b7-3b39b110aa10/elements[39m
[35m[HTTP][39m [90m{"using":"xpath","value":"//*[@class = 'android.widget.EditText' and (@text = 'Name' or . = 'Name')]"}[39m
[35m[HTTP][39m [37m<-- POST /wd/hub/session/0c0728f5-22f0-45fc-b0b7-3b39b110aa10/elements [39m[32m200[39m [90m61 ms - 12[39m
[35m[HTTP][39m [90m[39m
[35m[HTTP][39m [37m-->[39m [37mPOST[39m [37m/wd/hub/session/0c0728f5-22f0-45fc-b0b7-3b39b110aa10/elements[39m
[35m[HTTP][39m [90m{"using":"xpath","value":"//*[@class = 'android.widget.EditText' and (@text = 'Name' or . = 'Name')]"}[39m
[35m[HTTP][39m [37m<-- POST /wd/hub/session/0c0728f5-22f0-45fc-b0b7-3b39b110aa10/elements [39m[32m200[39m [90m62 ms - 12[39m
[35m[HTTP][39m [90m[39m
[35m[HTTP][39m [37m-->[39m [37mPOST[39m [37m/wd/hub/session/0c0728f5-22f0-45fc-b0b7-3b39b110aa10/elements[39m
[35m[HTTP][39m [90m{"using":"xpath","value":"//*[@class = 'android.widget.EditText' and (@text = 'Name' or . = 'Name')]"}[39m
[35m[HTTP][39m [37m<-- POST /wd/hub/session/0c0728f5-22f0-45fc-b0b7-3b39b110aa10/elements [39m[32m200[39m [90m54 ms - 12[39m
[35m[HTTP][39m [90m[39m
[35m[HTTP][39m [37m-->[39m [37mPOST[39m [37m/wd/hub/session/0c0728f5-22f0-45fc-b0b7-3b39b110aa10/elements[39m
[35m[HTTP][39m [90m{"using":"xpath","value":"//*[@class = 'android.widget.EditText' and (@text = 'Name' or . = 'Name')]"}[39m
[35m[HTTP][39m [37m<-- POST /wd/hub/session/0c0728f5-22f0-45fc-b0b7-3b39b110aa10/elements [39m[32m200[39m [90m58 ms - 12[39m
[35m[HTTP][39m [90m[39m
[35m[HTTP][39m [37m-->[39m [37mPOST[39m [37m/wd/hub/session/0c0728f5-22f0-45fc-b0b7-3b39b110aa10/elements[39m
[35m[HTTP][39m [90m{"using":"xpath","value":"//*[@class = 'android.widget.EditText' and (@text = 'Name' or . = 'Name')]"}[39m
[35m[HTTP][39m [37m<-- POST /wd/hub/session/0c0728f5-22f0-45fc-b0b7-3b39b110aa10/elements [39m[32m200[39m [90m60 ms - 12[39m
[35m[HTTP][39m [90m[39m
[35m[HTTP][39m [37m-->[39m [37mPOST[39m [37m/wd/hub/session/0c0728f5-22f0-45fc-b0b7-3b39b110aa10/elements[39m
[35m[HTTP][39m [90m{"using":"xpath","value":"//*[@class = 'android.widget.EditText' and (@text = 'Name' or . = 'Name')]"}[39m
[35m[HTTP][39m [37m<-- POST /wd/hub/session/0c0728f5-22f0-45fc-b0b7-3b39b110aa10/elements [39m[32m200[39m [90m676 ms - 12[39m
[35m[HTTP][39m [90m[39m
[35m[HTTP][39m [37m-->[39m [37mPOST[39m [37m/wd/hub/session/0c0728f5-22f0-45fc-b0b7-3b39b110aa10/elements[39m
[35m[HTTP][39m [90m{"using":"xpath","value":"//*[@class = 'android.widget.EditText' and (@text = 'Name' or . = 'Name')]"}[39m
[35m[HTTP][39m [37m<-- POST /wd/hub/session/0c0728f5-22f0-45fc-b0b7-3b39b110aa10/elements [39m[32m200[39m [90m63 ms - 12[39m
[35m[HTTP][39m [90m[39m
[35m[HTTP][39m [37m-->[39m [37mPOST[39m [37m/wd/hub/session/0c0728f5-22f0-45fc-b0b7-3b39b110aa10/elements[39m
[35m[HTTP][39m [90m{"using":"xpath","value":"//*[@class = 'android.widget.EditText' and (@text = 'Name' or . = 'Name')]"}[39m
[35m[HTTP][39m [37m<-- POST /wd/hub/session/0c0728f5-22f0-45fc-b0b7-3b39b110aa10/elements [39m[32m200[39m [90m63 ms - 12[39m
[35m[HTTP][39m [90m[39m
[35m[HTTP][39m [37m-->[39m [37mPOST[39m [37m/wd/hub/session/0c0728f5-22f0-45fc-b0b7-3b39b110aa10/elements[39m
[35m[HTTP][39m [90m{"using":"xpath","value":"//*[@class = 'android.widget.EditText' and (@text = 'Name' or . = 'Name')]"}[39m
[35m[HTTP][39m [37m<-- POST /wd/hub/session/0c0728f5-22f0-45fc-b0b7-3b39b110aa10/elements [39m[32m200[39m [90m59 ms - 12[39m
[35m[HTTP][39m [90m[39m
[35m[HTTP][39m [37m-->[39m [37mPOST[39m [37m/wd/hub/session/0c0728f5-22f0-45fc-b0b7-3b39b110aa10/elements[39m
[35m[HTTP][39m [90m{"using":"xpath","value":"//*[@class = 'android.widget.EditText' and (@text = 'Name' or . = 'Name')]"}[39m
[35m[HTTP][39m [37m<-- POST /wd/hub/session/0c0728f5-22f0-45fc-b0b7-3b39b110aa10/elements [39m[32m200[39m [90m66 ms - 12[39m
[35m[HTTP][39m [90m[39m
[35m[HTTP][39m [37m-->[39m [37mPOST[39m [37m/wd/hub/session/0c0728f5-22f0-45fc-b0b7-3b39b110aa10/elements[39m
[35m[HTTP][39m [90m{"using":"xpath","value":"//*[@class = 'android.widget.EditText' and (@text = 'Name' or . = 'Name')]"}[39m
[35m[HTTP][39m [37m<-- POST /wd/hub/session/0c0728f5-22f0-45fc-b0b7-3b39b110aa10/elements [39m[32m200[39m [90m85 ms - 12[39m
[35m[HTTP][39m [90m[39m
[35m[HTTP][39m [37m-->[39m [37mPOST[39m [37m/wd/hub/session/0c0728f5-22f0-45fc-b0b7-3b39b110aa10/elements[39m
[35m[HTTP][39m [90m{"using":"xpath","value":"//*[@class = 'android.widget.EditText' and (@text = 'Name' or . = 'Name')]"}[39m
[35m[HTTP][39m [37m<-- POST /wd/hub/session/0c0728f5-22f0-45fc-b0b7-3b39b110aa10/elements [39m[32m200[39m [90m1033 ms - 12[39m
[35m[HTTP][39m [90m[39m
[35m[HTTP][39m [37m-->[39m [37mPOST[39m [37m/wd/hub/session/0c0728f5-22f0-45fc-b0b7-3b39b110aa10/elements[39m
[35m[HTTP][39m [90m{"using":"xpath","value":"//*[@class = 'android.widget.EditText' and (@text = 'Name' or . = 'Name')]"}[39m
[35m[HTTP][39m [37m<-- POST /wd/hub/session/0c0728f5-22f0-45fc-b0b7-3b39b110aa10/elements [39m[32m200[39m [90m586 ms - 12[39m
[35m[HTTP][39m [90m[39m
[35m[HTTP][39m [37m-->[39m [37mPOST[39m [37m/wd/hub/session/0c0728f5-22f0-45fc-b0b7-3b39b110aa10/elements[39m
[35m[HTTP][39m [90m{"using":"xpath","value":"//*[@class = 'android.widget.EditText' and (@text = 'Name' or . = 'Name')]"}[39m
[35m[HTTP][39m [37m<-- POST /wd/hub/session/0c0728f5-22f0-45fc-b0b7-3b39b110aa10/elements [39m[32m200[39m [90m92 ms - 12[39m
[35m[HTTP][39m [90m[39m
[35m[HTTP][39m [37m-->[39m [37mPOST[39m [37m/wd/hub/session/0c0728f5-22f0-45fc-b0b7-3b39b110aa10/elements[39m
[35m[HTTP][39m [90m{"using":"xpath","value":"//*[@class = 'android.widget.EditText' and (@text = 'Name' or . = 'Name')]"}[39m
[35m[HTTP][39m [37m<-- POST /wd/hub/session/0c0728f5-22f0-45fc-b0b7-3b39b110aa10/elements [39m[32m200[39m [90m913 ms - 12[39m
[35m[HTTP][39m [90m[39m
[35m[HTTP][39m [37m-->[39m [37mPOST[39m [37m/wd/hub/session/0c0728f5-22f0-45fc-b0b7-3b39b110aa10/timeouts[39m
[35m[HTTP][39m [90m{"implicit":30000}[39m
[35m[HTTP][39m [37m<-- POST /wd/hub/session/0c0728f5-22f0-45fc-b0b7-3b39b110aa10/timeouts [39m[32m200[39m [90m1 ms - 14[39m
[35m[HTTP][39m [90m[39m
[35m[HTTP][39m [37m-->[39m [37mGET[39m [37m/wd/hub/session/0c0728f5-22f0-45fc-b0b7-3b39b110aa10/context[39m
[35m[HTTP][39m [90m{}[39m
[35m[HTTP][39m [37m<-- GET /wd/hub/session/0c0728f5-22f0-45fc-b0b7-3b39b110aa10/context [39m[32m200[39m [90m1 ms - 22[39m
[35m[HTTP][39m [90m[39m
[35m[HTTP][39m [37m-->[39m [37mGET[39m [37m/wd/hub/session/0c0728f5-22f0-45fc-b0b7-3b39b110aa10/contexts[39m
[35m[HTTP][39m [90m{}[39m
[35m[AndroidDriver][39m Skipping the webview 'WEBVIEW_chrome' at '@chrome_devtools_remote' since it has reported having zero pages
[35m[HTTP][39m [37m<-- GET /wd/hub/session/0c0728f5-22f0-45fc-b0b7-3b39b110aa10/contexts [39m[32m200[39m [90m174 ms - 24[39m
[35m[HTTP][39m [90m[39m
[35m[HTTP][39m [37m-->[39m [37mPOST[39m [37m/wd/hub/session/0c0728f5-22f0-45fc-b0b7-3b39b110aa10/context[39m
[35m[HTTP][39m [90m{"name":"NATIVE_APP"}[39m
[35m[HTTP][39m [37m<-- POST /wd/hub/session/0c0728f5-22f0-45fc-b0b7-3b39b110aa10/context [39m[32m200[39m [90m1 ms - 14[39m
[35m[HTTP][39m [90m[39m
[35m[HTTP][39m [37m-->[39m [37mGET[39m [37m/wd/hub/session/0c0728f5-22f0-45fc-b0b7-3b39b110aa10/screenshot[39m
[35m[HTTP][39m [90m{}[39m
[35m[HTTP][39m [37m<-- GET /wd/hub/session/0c0728f5-22f0-45fc-b0b7-3b39b110aa10/screenshot [39m[32m200[39m [90m570 ms - 143602[39m
[35m[HTTP][39m [90m[39m
[35m[HTTP][39m [37m-->[39m [37mPOST[39m [37m/wd/hub/session/0c0728f5-22f0-45fc-b0b7-3b39b110aa10/context[39m
[35m[HTTP][39m [90m{"name":"NATIVE_APP"}[39m
[35m[HTTP][39m [37m<-- POST /wd/hub/session/0c0728f5-22f0-45fc-b0b7-3b39b110aa10/context [39m[32m200[39m [90m1 ms - 14[39m
[35m[HTTP][39m [90m[39m
[35m[HTTP][39m [37m-->[39m [37mGET[39m [37m/wd/hub/status[39m
[35m[HTTP][39m [90m{}[39m
[35m[HTTP][39m [37m<-- GET /wd/hub/status [39m[32m200[39m [90m1 ms - 68[39m
[35m[HTTP][39m [90m[39m
[35m[HTTP][39m [37m-->[39m [37mPOST[39m [37m/wd/hub/session[39m
[35m[HTTP][39m [90m{"desiredCapabilities":{"appPackage":"com.android.settings","deviceId":"","deviceName":"OnePlus GM1910 (Android 11)","platform":"ANDROID","appActivity":".Settings","newCommandTimeout":1800,"platformVersion":"11","automationName":"uiautomator2","autoGrantPermissions":true,"platformName":"Android","udid":"d84a7321","systemPort":8264},"capabilities":{"firstMatch":[{"appium:appActivity":".Settings","appium:appPackage":"com.android.settings","appium:autoGrantPermissions":true,"appium:automationName":"uiautomator2","deviceId":"","appium:deviceName":"OnePlus GM1910 (Android 11)","appium:newCommandTimeout":1800,"platform":"ANDROID","platformName":"android","appium:platformVersion":"11","appium:systemPort":8264,"appium:udid":"d84a7321"}]}}[39m
[35m[BaseDriver][39m The following capabilities are not standard capabilities and should have an extension prefix:
[35m[BaseDriver][39m   deviceId
[35m[BaseDriver][39m   platform
[35m[BaseDriver][39m   chromedriverPort
[35m[Appium][39m Appium v1.22.3 creating new AndroidUiautomator2Driver (v1.70.1) session
[35m[BaseDriver][39m The following capabilities were provided, but are not recognized by Appium:
[35m[BaseDriver][39m   deviceId
[35m[BaseDriver][39m   platform
[35m[BaseDriver][39m Session created with session id: 6f30670b-e988-4f8d-9919-70ef11373fb2
[35m[UiAutomator2][39m Starting 'com.android.settings' directly on the device
[35m[ADB][39m Using 'adb' from '/Users/pc/.katalon/tools/android_sdk/platform-tools/adb'
[35m[AndroidDriver][39m Retrieving device list
[35m[AndroidDriver][39m Using device: d84a7321
[35m[ADB][39m Using 'adb' from '/Users/pc/.katalon/tools/android_sdk/platform-tools/adb'
[35m[ADB][39m Getting device platform version
[35m[UiAutomator2][39m Relaxing hidden api policy
[35m[AndroidDriver][39m No app sent in, not parsing package/activity
[35m[UiAutomator2][39m Server package at '/usr/local/lib/node_modules/appium/node_modules/appium-uiautomator2-server/apks/appium-uiautomator2-server-v4.27.0.apk' is not writeable. Will copy it into the temporary location at '/var/folders/1v/3_56wbt90zbb48qtwvw1bry40000gn/T/Katalon/Appium/Temp1669485874313/20221026-1395-yk7sb8.bzxml' as a workaround. Consider making this file writeable manually in order to improve the performance of session startup.
[35m[UiAutomator2][39m Server package at '/usr/local/lib/node_modules/appium/node_modules/appium-uiautomator2-server/apks/appium-uiautomator2-server-debug-androidTest.apk' is not writeable. Will copy it into the temporary location at '/var/folders/1v/3_56wbt90zbb48qtwvw1bry40000gn/T/Katalon/Appium/Temp1669485874313/20221026-1395-yk7sb8.bzxml' as a workaround. Consider making this file writeable manually in order to improve the performance of session startup.
[35m[UiAutomator2][39m Server packages are not going to be (re)installed
[35m[ADB][39m Adding packages ["io.appium.settings","io.appium.uiautomator2.server","io.appium.uiautomator2.server.test"] to Doze whitelist
[35m[UiAutomator2][39m Starting UIAutomator2 server 4.27.0
[35m[UiAutomator2][39m Using UIAutomator2 server from '/usr/local/lib/node_modules/appium/node_modules/appium-uiautomator2-server/apks/appium-uiautomator2-server-v4.27.0.apk' and test from '/usr/local/lib/node_modules/appium/node_modules/appium-uiautomator2-server/apks/appium-uiautomator2-server-debug-androidTest.apk'
[35m[UiAutomator2][39m Waiting up to 30000ms for UiAutomator2 to be online...
[35m[WD Proxy][39m socket hang up
[35m[WD Proxy][39m socket hang up
[35m[WD Proxy][39m socket hang up
[35m[WD Proxy][39m Determined the downstream protocol as 'W3C'
[35m[AndroidDriver][39m Screen already unlocked, doing nothing
[35m[UiAutomator2][39m Starting 'com.android.settings/.Settings and waiting for 'com.android.settings/.Settings'
[35m[Appium][39m New AndroidUiautomator2Driver session created successfully, session 6f30670b-e988-4f8d-9919-70ef11373fb2 added to master session list
[35m[HTTP][39m [37m<-- POST /wd/hub/session [39m[32m200[39m [90m8423 ms - 1170[39m
[35m[HTTP][39m [90m[39m
[35m[HTTP][39m [37m-->[39m [37mGET[39m [37m/wd/hub/session/6f30670b-e988-4f8d-9919-70ef11373fb2[39m
[35m[HTTP][39m [90m{}[39m
[35m[HTTP][39m [37m<-- GET /wd/hub/session/6f30670b-e988-4f8d-9919-70ef11373fb2 [39m[32m200[39m [90m10 ms - 1124[39m
[35m[HTTP][39m [90m[39m
[35m[HTTP][39m [37m-->[39m [37mGET[39m [37m/wd/hub/session/6f30670b-e988-4f8d-9919-70ef11373fb2[39m
[35m[HTTP][39m [90m{}[39m
[35m[HTTP][39m [37m<-- GET /wd/hub/session/6f30670b-e988-4f8d-9919-70ef11373fb2 [39m[32m200[39m [90m15 ms - 1124[39m
[35m[HTTP][39m [90m[39m
[35m[HTTP][39m [37m-->[39m [37mGET[39m [37m/wd/hub/status[39m
[35m[HTTP][39m [90m{}[39m
[35m[HTTP][39m [37m<-- GET /wd/hub/status [39m[32m200[39m [90m1 ms - 68[39m
[35m[HTTP][39m [90m[39m
[35m[HTTP][39m [37m-->[39m [37mPOST[39m [37m/wd/hub/session/6f30670b-e988-4f8d-9919-70ef11373fb2/timeouts[39m
[35m[HTTP][39m [90m{"implicit":30000}[39m
[35m[HTTP][39m [37m<-- POST /wd/hub/session/6f30670b-e988-4f8d-9919-70ef11373fb2/timeouts [39m[32m200[39m [90m2 ms - 14[39m
[35m[HTTP][39m [90m[39m
[35m[HTTP][39m [37m-->[39m [37mGET[39m [37m/wd/hub/session/6f30670b-e988-4f8d-9919-70ef11373fb2/screenshot[39m
[35m[HTTP][39m [90m{}[39m
[35m[HTTP][39m [37m<-- GET /wd/hub/session/6f30670b-e988-4f8d-9919-70ef11373fb2/screenshot [39m[32m200[39m [90m623 ms - 372832[39m
[35m[HTTP][39m [90m[39m
[35m[HTTP][39m [37m-->[39m [37mGET[39m [37m/wd/hub/session/6f30670b-e988-4f8d-9919-70ef11373fb2/window/rect[39m
[35m[HTTP][39m [90m{}[39m
[35m[HTTP][39m [37m<-- GET /wd/hub/session/6f30670b-e988-4f8d-9919-70ef11373fb2/window/rect [39m[32m200[39m [90m10 ms - 50[39m
[35m[HTTP][39m [90m[39m
[35m[HTTP][39m [37m-->[39m [37mGET[39m [37m/wd/hub/session/6f30670b-e988-4f8d-9919-70ef11373fb2/appium/device/system_bars[39m
[35m[HTTP][39m [90m{}[39m
[35m[HTTP][39m [37m<-- GET /wd/hub/session/6f30670b-e988-4f8d-9919-70ef11373fb2/appium/device/system_bars [39m[31m500[39m [90m90 ms - 583[39m
[35m[HTTP][39m [90m[39m
[35m[HTTP][39m [37m-->[39m [37mPOST[39m [37m/wd/hub/session/6f30670b-e988-4f8d-9919-70ef11373fb2/execute/sync[39m
[35m[HTTP][39m [90m{"script":"mobile:viewportRect","args":[]}[39m
[35m[AndroidDriver][39m Executing native command 'mobile:viewportRect'
[35m[HTTP][39m [37m<-- POST /wd/hub/session/6f30670b-e988-4f8d-9919-70ef11373fb2/execute/sync [39m[32m200[39m [90m16 ms - 57[39m
[35m[HTTP][39m [90m[39m
[35m[HTTP][39m [37m-->[39m [37mPOST[39m [37m/wd/hub/session/6f30670b-e988-4f8d-9919-70ef11373fb2/appium/device/activate_app[39m
[35m[HTTP][39m [90m{"bundleId":"com.spotlove.releaseproduction"}[39m
[35m[HTTP][39m [37m<-- POST /wd/hub/session/6f30670b-e988-4f8d-9919-70ef11373fb2/appium/device/activate_app [39m[32m200[39m [90m411 ms - 14[39m
[35m[HTTP][39m [90m[39m
[35m[HTTP][39m [37m-->[39m [37mPOST[39m [37m/wd/hub/session/6f30670b-e988-4f8d-9919-70ef11373fb2/timeouts[39m
[35m[HTTP][39m [90m{"implicit":50}[39m
[35m[HTTP][39m [37m<-- POST /wd/hub/session/6f30670b-e988-4f8d-9919-70ef11373fb2/timeouts [39m[32m200[39m [90m1 ms - 14[39m
[35m[HTTP][39m [90m[39m
[35m[HTTP][39m [37m-->[39m [37mGET[39m [37m/wd/hub/session/6f30670b-e988-4f8d-9919-70ef11373fb2/window/rect[39m
[35m[HTTP][39m [90m{}[39m
[35m[HTTP][39m [37m<-- GET /wd/hub/session/6f30670b-e988-4f8d-9919-70ef11373fb2/window/rect [39m[32m200[39m [90m18 ms - 50[39m
[35m[HTTP][39m [90m[39m
[35m[HTTP][39m [37m-->[39m [37mPOST[39m [37m/wd/hub/session/6f30670b-e988-4f8d-9919-70ef11373fb2/elements[39m
[35m[HTTP][39m [90m{"using":"xpath","value":"//hierarchy/android.widget.FrameLayout[1]/android.widget.LinearLayout[1]/android.widget.FrameLayout[1]/android.widget.LinearLayout[1]/android.widget.FrameLayout[1]/android.widget.FrameLayout[1]/android.view.ViewGroup[1]/android.view.ViewGroup[1]/android.view.ViewGroup[1]/android.view.ViewGroup[1]/android.view.ViewGroup[1]/android.view.ViewGroup[1]/android.view.ViewGroup[1]/android.view.ViewGroup[1]/android.view.ViewGroup[1]"}[39m
[35m[HTTP][39m [37m<-- POST /wd/hub/session/6f30670b-e988-4f8d-9919-70ef11373fb2/elements [39m[32m200[39m [90m1136 ms - 139[39m
[35m[HTTP][39m [90m[39m
[35m[HTTP][39m [37m-->[39m [37mGET[39m [37m/wd/hub/session/6f30670b-e988-4f8d-9919-70ef11373fb2/element/00000000-0000-0191-ffff-ffff0000003b/location[39m
[35m[HTTP][39m [90m{}[39m
[35m[W3C (6f30670b)][39m Driver proxy active, passing request on via HTTP proxy
[35m[WD Proxy][39m Replacing sessionId c0f5058c-8ef0-4a78-876b-24b3692c4d50 with 6f30670b-e988-4f8d-9919-70ef11373fb2
[35m[HTTP][39m [37m<-- GET /wd/hub/session/6f30670b-e988-4f8d-9919-70ef11373fb2/element/00000000-0000-0191-ffff-ffff0000003b/location [39m[32m200[39m [90m925 ms - 77[39m
[35m[HTTP][39m [90m[39m
[35m[HTTP][39m [37m-->[39m [37mPOST[39m [37m/wd/hub/session/6f30670b-e988-4f8d-9919-70ef11373fb2/timeouts[39m
[35m[HTTP][39m [90m{"implicit":30000}[39m
[35m[HTTP][39m [37m<-- POST /wd/hub/session/6f30670b-e988-4f8d-9919-70ef11373fb2/timeouts [39m[32m200[39m [90m1 ms - 14[39m
[35m[HTTP][39m [90m[39m
[35m[HTTP][39m [37m-->[39m [37mPOST[39m [37m/wd/hub/session/6f30670b-e988-4f8d-9919-70ef11373fb2/element/00000000-0000-0191-ffff-ffff0000003b/click[39m
[35m[HTTP][39m [90m{"id":"00000000-0000-0191-ffff-ffff0000003b"}[39m
[35m[HTTP][39m [37m<-- POST /wd/hub/session/6f30670b-e988-4f8d-9919-70ef11373fb2/element/00000000-0000-0191-ffff-ffff0000003b/click [39m[32m200[39m [90m100 ms - 14[39m
[35m[HTTP][39m [90m[39m
[35m[HTTP][39m [37m-->[39m [37mPOST[39m [37m/wd/hub/session/6f30670b-e988-4f8d-9919-70ef11373fb2/timeouts[39m
[35m[HTTP][39m [90m{"implicit":50}[39m
[35m[HTTP][39m [37m<-- POST /wd/hub/session/6f30670b-e988-4f8d-9919-70ef11373fb2/timeouts [39m[32m200[39m [90m1 ms - 14[39m
[35m[HTTP][39m [90m[39m
[35m[HTTP][39m [37m-->[39m [37mGET[39m [37m/wd/hub/session/6f30670b-e988-4f8d-9919-70ef11373fb2/window/rect[39m
[35m[HTTP][39m [90m{}[39m
[35m[HTTP][39m [37m<-- GET /wd/hub/session/6f30670b-e988-4f8d-9919-70ef11373fb2/window/rect [39m[32m200[39m [90m22 ms - 50[39m
[35m[HTTP][39m [90m[39m
[35m[HTTP][39m [37m-->[39m [37mPOST[39m [37m/wd/hub/session/6f30670b-e988-4f8d-9919-70ef11373fb2/elements[39m
[35m[HTTP][39m [90m{"using":"xpath","value":"//hierarchy/android.widget.FrameLayout[1]/android.widget.LinearLayout[1]/android.widget.FrameLayout[1]/android.widget.LinearLayout[1]/android.widget.FrameLayout[1]/android.widget.FrameLayout[1]/android.view.ViewGroup[1]/android.view.ViewGroup[1]/android.view.ViewGroup[1]/android.view.ViewGroup[1]/android.view.ViewGroup[1]/android.view.ViewGroup[1]/android.view.ViewGroup[1]/android.view.ViewGroup[1]/android.view.ViewGroup[2]"}[39m
[35m[HTTP][39m [37m<-- POST /wd/hub/session/6f30670b-e988-4f8d-9919-70ef11373fb2/elements [39m[32m200[39m [90m785 ms - 139[39m
[35m[HTTP][39m [90m[39m
[35m[HTTP][39m [37m-->[39m [37mGET[39m [37m/wd/hub/session/6f30670b-e988-4f8d-9919-70ef11373fb2/element/00000000-0000-0191-ffff-ffff00000044/location[39m
[35m[HTTP][39m [90m{}[39m
[35m[W3C (6f30670b)][39m Driver proxy active, passing request on via HTTP proxy
[35m[WD Proxy][39m Replacing sessionId c0f5058c-8ef0-4a78-876b-24b3692c4d50 with 6f30670b-e988-4f8d-9919-70ef11373fb2
[35m[HTTP][39m [37m<-- GET /wd/hub/session/6f30670b-e988-4f8d-9919-70ef11373fb2/element/00000000-0000-0191-ffff-ffff00000044/location [39m[32m200[39m [90m17 ms - 78[39m
[35m[HTTP][39m [90m[39m
[35m[HTTP][39m [37m-->[39m [37mPOST[39m [37m/wd/hub/session/6f30670b-e988-4f8d-9919-70ef11373fb2/timeouts[39m
[35m[HTTP][39m [90m{"implicit":30000}[39m
[35m[HTTP][39m [37m<-- POST /wd/hub/session/6f30670b-e988-4f8d-9919-70ef11373fb2/timeouts [39m[32m200[39m [90m1 ms - 14[39m
[35m[HTTP][39m [90m[39m
[35m[HTTP][39m [37m-->[39m [37mPOST[39m [37m/wd/hub/session/6f30670b-e988-4f8d-9919-70ef11373fb2/element/00000000-0000-0191-ffff-ffff00000044/click[39m
[35m[HTTP][39m [90m{"id":"00000000-0000-0191-ffff-ffff00000044"}[39m
[35m[HTTP][39m [37m<-- POST /wd/hub/session/6f30670b-e988-4f8d-9919-70ef11373fb2/element/00000000-0000-0191-ffff-ffff00000044/click [39m[32m200[39m [90m76 ms - 14[39m
[35m[HTTP][39m [90m[39m
[35m[HTTP][39m [37m-->[39m [37mPOST[39m [37m/wd/hub/session/6f30670b-e988-4f8d-9919-70ef11373fb2/timeouts[39m
[35m[HTTP][39m [90m{"implicit":50}[39m
[35m[HTTP][39m [37m<-- POST /wd/hub/session/6f30670b-e988-4f8d-9919-70ef11373fb2/timeouts [39m[32m200[39m [90m1 ms - 14[39m
[35m[HTTP][39m [90m[39m
[35m[HTTP][39m [37m-->[39m [37mGET[39m [37m/wd/hub/session/6f30670b-e988-4f8d-9919-70ef11373fb2/window/rect[39m
[35m[HTTP][39m [90m{}[39m
[35m[HTTP][39m [37m<-- GET /wd/hub/session/6f30670b-e988-4f8d-9919-70ef11373fb2/window/rect [39m[32m200[39m [90m21 ms - 50[39m
[35m[HTTP][39m [90m[39m
[35m[HTTP][39m [37m-->[39m [37mPOST[39m [37m/wd/hub/session/6f30670b-e988-4f8d-9919-70ef11373fb2/elements[39m
[35m[HTTP][39m [90m{"using":"xpath","value":"//*[@class = 'android.widget.EditText' and (@text = 'Name' or . = 'Name')]"}[39m
[35m[HTTP][39m [37m<-- POST /wd/hub/session/6f30670b-e988-4f8d-9919-70ef11373fb2/elements [39m[32m200[39m [90m692 ms - 12[39m
[35m[HTTP][39m [90m[39m
[35m[HTTP][39m [37m-->[39m [37mPOST[39m [37m/wd/hub/session/6f30670b-e988-4f8d-9919-70ef11373fb2/elements[39m
[35m[HTTP][39m [90m{"using":"xpath","value":"//*[@class = 'android.widget.EditText' and (@text = 'Name' or . = 'Name')]"}[39m
[35m[HTTP][39m [37m<-- POST /wd/hub/session/6f30670b-e988-4f8d-9919-70ef11373fb2/elements [39m[32m200[39m [90m1989 ms - 12[39m
[35m[HTTP][39m [90m[39m
[35m[HTTP][39m [37m-->[39m [37mPOST[39m [37m/wd/hub/session/6f30670b-e988-4f8d-9919-70ef11373fb2/elements[39m
[35m[HTTP][39m [90m{"using":"xpath","value":"//*[@class = 'android.widget.EditText' and (@text = 'Name' or . = 'Name')]"}[39m
[35m[HTTP][39m [37m<-- POST /wd/hub/session/6f30670b-e988-4f8d-9919-70ef11373fb2/elements [39m[32m200[39m [90m992 ms - 12[39m
[35m[HTTP][39m [90m[39m
[35m[HTTP][39m [37m-->[39m [37mPOST[39m [37m/wd/hub/session/6f30670b-e988-4f8d-9919-70ef11373fb2/elements[39m
[35m[HTTP][39m [90m{"using":"xpath","value":"//*[@class = 'android.widget.EditText' and (@text = 'Name' or . = 'Name')]"}[39m
[35m[HTTP][39m [37m<-- POST /wd/hub/session/6f30670b-e988-4f8d-9919-70ef11373fb2/elements [39m[32m200[39m [90m92 ms - 12[39m
[35m[HTTP][39m [90m[39m
[35m[HTTP][39m [37m-->[39m [37mPOST[39m [37m/wd/hub/session/6f30670b-e988-4f8d-9919-70ef11373fb2/elements[39m
[35m[HTTP][39m [90m{"using":"xpath","value":"//*[@class = 'android.widget.EditText' and (@text = 'Name' or . = 'Name')]"}[39m
[35m[HTTP][39m [37m<-- POST /wd/hub/session/6f30670b-e988-4f8d-9919-70ef11373fb2/elements [39m[32m200[39m [90m91 ms - 12[39m
[35m[HTTP][39m [90m[39m
[35m[HTTP][39m [37m-->[39m [37mPOST[39m [37m/wd/hub/session/6f30670b-e988-4f8d-9919-70ef11373fb2/elements[39m
[35m[HTTP][39m [90m{"using":"xpath","value":"//*[@class = 'android.widget.EditText' and (@text = 'Name' or . = 'Name')]"}[39m
[35m[HTTP][39m [37m<-- POST /wd/hub/session/6f30670b-e988-4f8d-9919-70ef11373fb2/elements [39m[32m200[39m [90m96 ms - 12[39m
[35m[HTTP][39m [90m[39m
[35m[HTTP][39m [37m-->[39m [37mPOST[39m [37m/wd/hub/session/6f30670b-e988-4f8d-9919-70ef11373fb2/elements[39m
[35m[HTTP][39m [90m{"using":"xpath","value":"//*[@class = 'android.widget.EditText' and (@text = 'Name' or . = 'Name')]"}[39m
[35m[HTTP][39m [37m<-- POST /wd/hub/session/6f30670b-e988-4f8d-9919-70ef11373fb2/elements [39m[32m200[39m [90m84 ms - 12[39m
[35m[HTTP][39m [90m[39m
[35m[HTTP][39m [37m-->[39m [37mPOST[39m [37m/wd/hub/session/6f30670b-e988-4f8d-9919-70ef11373fb2/elements[39m
[35m[HTTP][39m [90m{"using":"xpath","value":"//*[@class = 'android.widget.EditText' and (@text = 'Name' or . = 'Name')]"}[39m
[35m[HTTP][39m [37m<-- POST /wd/hub/session/6f30670b-e988-4f8d-9919-70ef11373fb2/elements [39m[32m200[39m [90m1600 ms - 12[39m
[35m[HTTP][39m [90m[39m
[35m[HTTP][39m [37m-->[39m [37mPOST[39m [37m/wd/hub/session/6f30670b-e988-4f8d-9919-70ef11373fb2/elements[39m
[35m[HTTP][39m [90m{"using":"xpath","value":"//*[@class = 'android.widget.EditText' and (@text = 'Name' or . = 'Name')]"}[39m
[35m[HTTP][39m [37m<-- POST /wd/hub/session/6f30670b-e988-4f8d-9919-70ef11373fb2/elements [39m[32m200[39m [90m75 ms - 12[39m
[35m[HTTP][39m [90m[39m
[35m[HTTP][39m [37m-->[39m [37mPOST[39m [37m/wd/hub/session/6f30670b-e988-4f8d-9919-70ef11373fb2/elements[39m
[35m[HTTP][39m [90m{"using":"xpath","value":"//*[@class = 'android.widget.EditText' and (@text = 'Name' or . = 'Name')]"}[39m
[35m[HTTP][39m [37m<-- POST /wd/hub/session/6f30670b-e988-4f8d-9919-70ef11373fb2/elements [39m[32m200[39m [90m93 ms - 12[39m
[35m[HTTP][39m [90m[39m
[35m[HTTP][39m [37m-->[39m [37mPOST[39m [37m/wd/hub/session/6f30670b-e988-4f8d-9919-70ef11373fb2/elements[39m
[35m[HTTP][39m [90m{"using":"xpath","value":"//*[@class = 'android.widget.EditText' and (@text = 'Name' or . = 'Name')]"}[39m
[35m[HTTP][39m [37m<-- POST /wd/hub/session/6f30670b-e988-4f8d-9919-70ef11373fb2/elements [39m[32m200[39m [90m78 ms - 12[39m
[35m[HTTP][39m [90m[39m
[35m[HTTP][39m [37m-->[39m [37mPOST[39m [37m/wd/hub/session/6f30670b-e988-4f8d-9919-70ef11373fb2/elements[39m
[35m[HTTP][39m [90m{"using":"xpath","value":"//*[@class = 'android.widget.EditText' and (@text = 'Name' or . = 'Name')]"}[39m
[35m[HTTP][39m [37m<-- POST /wd/hub/session/6f30670b-e988-4f8d-9919-70ef11373fb2/elements [39m[32m200[39m [90m84 ms - 12[39m
[35m[HTTP][39m [90m[39m
[35m[HTTP][39m [37m-->[39m [37mPOST[39m [37m/wd/hub/session/6f30670b-e988-4f8d-9919-70ef11373fb2/elements[39m
[35m[HTTP][39m [90m{"using":"xpath","value":"//*[@class = 'android.widget.EditText' and (@text = 'Name' or . = 'Name')]"}[39m
[35m[HTTP][39m [37m<-- POST /wd/hub/session/6f30670b-e988-4f8d-9919-70ef11373fb2/elements [39m[32m200[39m [90m561 ms - 12[39m
[35m[HTTP][39m [90m[39m
[35m[HTTP][39m [37m-->[39m [37mPOST[39m [37m/wd/hub/session/6f30670b-e988-4f8d-9919-70ef11373fb2/elements[39m
[35m[HTTP][39m [90m{"using":"xpath","value":"//*[@class = 'android.widget.EditText' and (@text = 'Name' or . = 'Name')]"}[39m
[35m[HTTP][39m [37m<-- POST /wd/hub/session/6f30670b-e988-4f8d-9919-70ef11373fb2/elements [39m[32m-[39m [90m- ms - -[39m
[35m[HTTP][39m [90m[39m
